Experimental Variograms (VarCalc Version 1.400)
10
Variogram Index
Lag Distance
Number of Pairs
Variogram Value
Variogram Number
Calculation Azimuth
Calculation Dip
Variogram Type
Variogram Tail Index
Variogram Head Index
     1     62.961659       249      1.265181     1    100.000000    -10.000000     1     1     1
     1    127.944908     13316      0.607400     1    100.000000    -10.000000     1     1     1
     1    213.077399     34938      0.914460     1    100.000000    -10.000000     1     1     1
     1    302.083902     46829      0.949106     1    100.000000    -10.000000     1     1     1
     1    397.839834     61137      1.002037     1    100.000000    -10.000000     1     1     1
     1    498.548415     66119      1.158633     1    100.000000    -10.000000     1     1     1
     1    617.329438     78792      1.018621     1    100.000000    -10.000000     1     1     1
     1    701.372188     92058      0.844472     1    100.000000    -10.000000     1     1     1
     2     67.206377       337      1.631274     1    190.000000    -10.000000     1     1     1
     2    128.206426     12351      0.907387     1    190.000000    -10.000000     1     1     1
     2    211.621480     27820      1.116719     1    190.000000    -10.000000     1     1     1
     2    292.836407     31277      1.260693     1    190.000000    -10.000000     1     1     1
     2    399.466312     35310      1.504851     1    190.000000    -10.000000     1     1     1
     2    502.479745     31274      1.447134     1    190.000000    -10.000000     1     1     1
     2    591.273133     21996      0.974273     1    190.000000    -10.000000     1     1     1
     2    694.593799     17205      0.677366     1    190.000000    -10.000000     1     1     1
     3      0.000000         0   -999.000000     1      0.000000    -90.000000     1     1     1
     3     10.000000      2389      0.229761     1      0.000000    -90.000000     1     1     1
     3     20.000000      2287      0.319467     1      0.000000    -90.000000     1     1     1
     3     30.000001      2185      0.391257     1      0.000000    -90.000000     1     1     1
     3     40.000002      2083      0.391558     1      0.000000    -90.000000     1     1     1
     3     50.000003      1981      0.440322     1      0.000000    -90.000000     1     1     1
     3     60.000005      1881      0.459447     1      0.000000    -90.000000     1     1     1
     3     70.000007      1783      0.498037     1      0.000000    -90.000000     1     1     1
     3     80.000009      1686      0.543169     1      0.000000    -90.000000     1     1     1
     3     90.000011      1591      0.593365     1      0.000000    -90.000000     1     1     1
     3    100.000013      1498      0.632977     1      0.000000    -90.000000     1     1     1
     3    110.000015      1409      0.617250     1      0.000000    -90.000000     1     1     1
     3    120.000015      1323      0.609651     1      0.000000    -90.000000     1     1     1
     3    130.000015      1241      0.610770     1      0.000000    -90.000000     1     1     1
     3    140.000015      1159      0.634906     1      0.000000    -90.000000     1     1     1
     3    150.000015      1081      0.665084     1      0.000000    -90.000000     1     1     1
     3    160.000016      1005      0.674279     1      0.000000    -90.000000     1     1     1
     3    170.000019       929      0.673307     1      0.000000    -90.000000     1     1     1
     3    180.000020       857      0.663345     1      0.000000    -90.000000     1     1     1
     3    190.000021       789      0.668645     1      0.000000    -90.000000     1     1     1
     3    200.000022       725      0.643350     1      0.000000    -90.000000     1     1     1
