Experimental Variograms (VarCalc Version 1.400)
10
Variogram Index
Lag Distance
Number of Pairs
Variogram Value
Variogram Number
Calculation Azimuth
Calculation Dip
Variogram Type
Variogram Tail Index
Variogram Head Index
     1      3.400000         6      0.034294     1      0.000000    -90.000000     1     1     1
     1      9.998590      2411      0.230213     1      0.000000    -90.000000     1     1     1
     1     19.997067      2318      0.320930     1      0.000000    -90.000000     1     1     1
     1     29.995416      2225      0.390522     1      0.000000    -90.000000     1     1     1
     1     39.993622      2132      0.391506     1      0.000000    -90.000000     1     1     1
     1     49.991665      2039      0.439848     1      0.000000    -90.000000     1     1     1
     1     59.989525      1947      0.458108     1      0.000000    -90.000000     1     1     1
     1     69.989019      1857      0.505064     1      0.000000    -90.000000     1     1     1
     1     79.988467      1768      0.545965     1      0.000000    -90.000000     1     1     1
     1     89.987863      1680      0.586139     1      0.000000    -90.000000     1     1     1
     1     99.987194      1592      0.634818     1      0.000000    -90.000000     1     1     1
     1    109.986455      1505      0.618675     1      0.000000    -90.000000     1     1     1
     1    119.985625      1418      0.616135     1      0.000000    -90.000000     1     1     1
     1    129.984684      1331      0.615110     1      0.000000    -90.000000     1     1     1
     1    139.983637      1246      0.644097     1      0.000000    -90.000000     1     1     1
     1    149.982469      1163      0.687187     1      0.000000    -90.000000     1     1     1
     1    160.117921      1152      0.734517     1      0.000000    -90.000000     1     1     1
     1    170.071793      1069      0.739639     1      0.000000    -90.000000     1     1     1
     1    180.074466      1023      0.812512     1      0.000000    -90.000000     1     1     1
     1    190.123163       984      0.932143     1      0.000000    -90.000000     1     1     1
     1    200.060873       936      0.988551     1      0.000000    -90.000000     1     1     1
     1    209.806626       953      1.030383     1      0.000000    -90.000000     1     1     1
     1    219.970119       926      1.056018     1      0.000000    -90.000000     1     1     1
     1    229.968835       994      1.206490     1      0.000000    -90.000000     1     1     1
     1    240.161930      1065      1.301422     1      0.000000    -90.000000     1     1     1
     1    250.049563       984      1.320214     1      0.000000    -90.000000     1     1     1
     1    260.059942       903      1.490110     1      0.000000    -90.000000     1     1     1
     1    270.033580       862      1.352342     1      0.000000    -90.000000     1     1     1
     1    280.123904       835      1.308510     1      0.000000    -90.000000     1     1     1
     1    290.050879       745      1.252528     1      0.000000    -90.000000     1     1     1
     1    300.020704       683      1.287881     1      0.000000    -90.000000     1     1     1
     1    310.029157       686      1.205609     1      0.000000    -90.000000     1     1     1
     1    319.886017       708      1.222225     1      0.000000    -90.000000     1     1     1
     1    329.763622       637      1.236953     1      0.000000    -90.000000     1     1     1
     1    339.508947       543      1.224073     1      0.000000    -90.000000     1     1     1
     1    349.747361       492      1.107073     1      0.000000    -90.000000     1     1     1
     1    359.960845       363      1.259242     1      0.000000    -90.000000     1     1     1
     1    369.861151       276      1.224820     1      0.000000    -90.000000     1     1     1
     1    379.491874       205      1.197832     1      0.000000    -90.000000     1     1     1
     1    389.273031       157      1.209347     1      0.000000    -90.000000     1     1     1
     1    399.215965       104      1.302869     1      0.000000    -90.000000     1     1     1
     2     66.653566       194      1.198034     1    170.000000    -10.000000     1     1     1
     2    128.256026     10426      0.892775     1    170.000000    -10.000000     1     1     1
     2    204.028774     25082      1.086780     1    170.000000    -10.000000     1     1     1
     2    297.567582     24736      1.239398     1    170.000000    -10.000000     1     1     1
     2    395.969574     22269      1.407569     1    170.000000    -10.000000     1     1     1
     2    492.198149     16578      1.464257     1    170.000000    -10.000000     1     1     1
     2    621.181252     11808      0.920072     1    170.000000    -10.000000     1     1     1
     3     63.045807        51      2.481213     1     80.000000    -10.000000     1     1     1
     3    126.955047      9332      0.639335     1     80.000000    -10.000000     1     1     1
     3    206.028071     23426      0.916387     1     80.000000    -10.000000     1     1     1
     3    295.534613     23272      0.957989     1     80.000000    -10.000000     1     1     1
     3    387.467575     16626      1.229886     1     80.000000    -10.000000     1     1     1
     3    494.311868     11481      1.376550     1     80.000000    -10.000000     1     1     1
     3    607.194585      6118      1.150771     1     80.000000    -10.000000     1     1     1
