Experimental Variograms (VarCalc Version 1.400)
10
Variogram Index
Lag Distance
Number of Pairs
Variogram Value
Variogram Number
Calculation Azimuth
Calculation Dip
Variogram Type
Variogram Tail Index
Variogram Head Index
     1     62.961659       249      1.496589     1    100.000000    -10.000000     1     1     1
     1    127.495994     13536      0.573926     1    100.000000    -10.000000     1     1     1
     1    212.104823     30330      0.754071     1    100.000000    -10.000000     1     1     1
     1    298.558163     39762      0.875598     1    100.000000    -10.000000     1     1     1
     1    398.925652     52862      1.041542     1    100.000000    -10.000000     1     1     1
     1    499.839426     60045      1.350286     1    100.000000    -10.000000     1     1     1
     1    618.109292     68756      1.105166     1    100.000000    -10.000000     1     1     1
     1    701.360535     81511      0.871727     1    100.000000    -10.000000     1     1     1
     2     67.206377       337      1.929642     1    190.000000    -10.000000     1     1     1
     2    127.615833     12271      0.725941     1    190.000000    -10.000000     1     1     1
     2    209.809123     25407      0.940711     1    190.000000    -10.000000     1     1     1
     2    297.290855     33986      1.169870     1    190.000000    -10.000000     1     1     1
     2    400.342665     38859      1.484387     1    190.000000    -10.000000     1     1     1
     2    499.264493     36203      1.490511     1    190.000000    -10.000000     1     1     1
     2    602.686559     30838      0.973867     1    190.000000    -10.000000     1     1     1
     2    692.055288     26852      0.703988     1    190.000000    -10.000000     1     1     1
     3      0.000000         0   -999.000000     1      0.000000    -90.000000     1     1     1
     3      9.999999      2389      0.242658     1      0.000000    -90.000000     1     1     1
     3     19.999997      2287      0.347422     1      0.000000    -90.000000     1     1     1
     3     29.999995      2185      0.421836     1      0.000000    -90.000000     1     1     1
     3     39.999995      2083      0.434182     1      0.000000    -90.000000     1     1     1
     3     49.999994      1981      0.485528     1      0.000000    -90.000000     1     1     1
     3     59.999993      1880      0.502682     1      0.000000    -90.000000     1     1     1
     3     69.999993      1780      0.534820     1      0.000000    -90.000000     1     1     1
     3     79.999992      1681      0.581681     1      0.000000    -90.000000     1     1     1
     3     89.999992      1584      0.637793     1      0.000000    -90.000000     1     1     1
     3     99.999993      1488      0.679955     1      0.000000    -90.000000     1     1     1
     3    109.999994      1396      0.650484     1      0.000000    -90.000000     1     1     1
     3    119.999993      1307      0.646552     1      0.000000    -90.000000     1     1     1
     3    129.999990      1222      0.637889     1      0.000000    -90.000000     1     1     1
     3    139.999988      1139      0.667729     1      0.000000    -90.000000     1     1     1
     3    149.999987      1060      0.713384     1      0.000000    -90.000000     1     1     1
     3    159.999986       983      0.722731     1      0.000000    -90.000000     1     1     1
     3    169.999988       907      0.701528     1      0.000000    -90.000000     1     1     1
     3    179.999988       834      0.696084     1      0.000000    -90.000000     1     1     1
     3    189.999987       762      0.678689     1      0.000000    -90.000000     1     1     1
     3    199.999986       696      0.669831     1      0.000000    -90.000000     1     1     1
