Experimental Variograms (VarCalc Version 1.400)
10
Variogram Index
Lag Distance
Number of Pairs
Variogram Value
Variogram Number
Calculation Azimuth
Calculation Dip
Variogram Type
Variogram Tail Index
Variogram Head Index
     1      0.000000         0   -999.000000     1    100.000000    -10.000000     1     1     1
     1    127.493352     16112      0.741005     1    100.000000    -10.000000     1     1     1
     1    217.600718     31996      0.864653     1    100.000000    -10.000000     1     1     1
     1    297.452798     43981      0.927472     1    100.000000    -10.000000     1     1     1
     1    387.021193     54310      0.929711     1    100.000000    -10.000000     1     1     1
     1    500.924471     50337      1.057630     1    100.000000    -10.000000     1     1     1
     1    630.271081     71828      0.980664     1    100.000000    -10.000000     1     1     1
     1    703.250782     96512      1.008252     1    100.000000    -10.000000     1     1     1
     2      0.000000         0   -999.000000     1    190.000000    -10.000000     1     1     1
     2    128.116720     15690      0.751844     1    190.000000    -10.000000     1     1     1
     2    215.755461     30574      1.047063     1    190.000000    -10.000000     1     1     1
     2    289.942117     37884      1.360500     1    190.000000    -10.000000     1     1     1
     2    395.249070     43084      1.594410     1    190.000000    -10.000000     1     1     1
     2    508.516585     39032      1.217311     1    190.000000    -10.000000     1     1     1
     2    600.535068     35419      0.883081     1    190.000000    -10.000000     1     1     1
     2    690.515933     30993      0.654815     1    190.000000    -10.000000     1     1     1
     3      3.400000         6      0.056626     1      0.000000    -90.000000     1     1     1
     3      9.998584      2401      0.287616     1      0.000000    -90.000000     1     1     1
     3     19.997041      2299      0.379980     1      0.000000    -90.000000     1     1     1
     3     29.995355      2197      0.424451     1      0.000000    -90.000000     1     1     1
     3     39.993507      2095      0.415612     1      0.000000    -90.000000     1     1     1
     3     49.991473      1994      0.461236     1      0.000000    -90.000000     1     1     1
     3     59.989223      1893      0.508875     1      0.000000    -90.000000     1     1     1
     3     69.988635      1795      0.540331     1      0.000000    -90.000000     1     1     1
     3     79.987979      1697      0.557058     1      0.000000    -90.000000     1     1     1
     3     89.987252      1600      0.595612     1      0.000000    -90.000000     1     1     1
     3     99.986439      1504      0.645390     1      0.000000    -90.000000     1     1     1
     3    109.985547      1411      0.652297     1      0.000000    -90.000000     1     1     1
     3    119.984562      1321      0.666333     1      0.000000    -90.000000     1     1     1
     3    129.983486      1235      0.699064     1      0.000000    -90.000000     1     1     1
     3    139.982279      1151      0.735997     1      0.000000    -90.000000     1     1     1
     3    149.980920      1069      0.735071     1      0.000000    -90.000000     1     1     1
     3    159.979377       989      0.696883     1      0.000000    -90.000000     1     1     1
     3    169.977590       910      0.707966     1      0.000000    -90.000000     1     1     1
     3    179.975550       834      0.718072     1      0.000000    -90.000000     1     1     1
     3    189.977674       761      0.727561     1      0.000000    -90.000000     1     1     1
     3    199.980418       694      0.726358     1      0.000000    -90.000000     1     1     1
