Experimental Variograms (VarCalc Version 1.400)
10
Variogram Index
Lag Distance
Number of Pairs
Variogram Value
Variogram Number
Calculation Azimuth
Calculation Dip
Variogram Type
Variogram Tail Index
Variogram Head Index
     1     62.961659       249      1.271549     1    100.000000    -10.000000     1     1     1
     1    128.007179     14109      0.652954     1    100.000000    -10.000000     1     1     1
     1    214.491784     37792      0.916038     1    100.000000    -10.000000     1     1     1
     1    302.046816     51690      0.959067     1    100.000000    -10.000000     1     1     1
     1    397.321430     69090      1.031308     1    100.000000    -10.000000     1     1     1
     1    499.179026     75090      1.072045     1    100.000000    -10.000000     1     1     1
     1    619.206128     90292      0.815920     1    100.000000    -10.000000     1     1     1
     1    700.728335    108862      0.794897     1    100.000000    -10.000000     1     1     1
     2     67.206377       337      1.639484     1    190.000000    -10.000000     1     1     1
     2    127.804735     14115      0.882925     1    190.000000    -10.000000     1     1     1
     2    212.489912     32753      1.183087     1    190.000000    -10.000000     1     1     1
     2    294.460569     38247      1.268564     1    190.000000    -10.000000     1     1     1
     2    396.810314     39152      1.133975     1    190.000000    -10.000000     1     1     1
     2    500.910744     33340      0.861505     1    190.000000    -10.000000     1     1     1
     2    595.937617     24688      0.616070     1    190.000000    -10.000000     1     1     1
     2    687.207509     18966      0.573914     1    190.000000    -10.000000     1     1     1
     3      3.400000         6      0.034725     1      0.000000    -90.000000     1     1     1
     3      9.998581      2395      0.239222     1      0.000000    -90.000000     1     1     1
     3     19.997027      2287      0.324754     1      0.000000    -90.000000     1     1     1
     3     29.995319      2179      0.395919     1      0.000000    -90.000000     1     1     1
     3     39.993434      2071      0.397490     1      0.000000    -90.000000     1     1     1
     3     49.991343      1963      0.457069     1      0.000000    -90.000000     1     1     1
     3     59.989013      1856      0.489802     1      0.000000    -90.000000     1     1     1
     3     69.988362      1752      0.529647     1      0.000000    -90.000000     1     1     1
     3     79.987635      1649      0.571559     1      0.000000    -90.000000     1     1     1
     3     89.986830      1548      0.624381     1      0.000000    -90.000000     1     1     1
     3     99.985923      1448      0.679841     1      0.000000    -90.000000     1     1     1
     3    109.984937      1353      0.665982     1      0.000000    -90.000000     1     1     1
     3    119.983838      1261      0.663017     1      0.000000    -90.000000     1     1     1
     3    129.982625      1173      0.674335     1      0.000000    -90.000000     1     1     1
     3    139.981267      1088      0.706851     1      0.000000    -90.000000     1     1     1
     3    149.979760      1007      0.746562     1      0.000000    -90.000000     1     1     1
     3    159.978013       927      0.750780     1      0.000000    -90.000000     1     1     1
     3    169.975965       848      0.756079     1      0.000000    -90.000000     1     1     1
     3    179.973632       773      0.768089     1      0.000000    -90.000000     1     1     1
     3    189.975774       701      0.791043     1      0.000000    -90.000000     1     1     1
     3    199.978609       635      0.777621     1      0.000000    -90.000000     1     1     1
