Modeled Variograms (VarModel Version 1.1.1)
7
Variogram Index
Lag Distance
Number of Pairs
Variogram Value
Variogram Number
Calculation Azimuth
Calculation Dip
     1          1.000000         1          0.030554     1          0.000000        -90.000000
     1          2.000000         1          0.051063     1          0.000000        -90.000000
     1          3.000000         1          0.071482     1          0.000000        -90.000000
     1          4.000000         1          0.091763     1          0.000000        -90.000000
     1          5.000000         1          0.111863     1          0.000000        -90.000000
     1          6.000000         1          0.131736     1          0.000000        -90.000000
     1          7.000000         1          0.151335     1          0.000000        -90.000000
     1          8.000000         1          0.170617     1          0.000000        -90.000000
     1          9.000000         1          0.189535     1          0.000000        -90.000000
     1         10.000000         1          0.208043     1          0.000000        -90.000000
     1         11.000000         1          0.226097     1          0.000000        -90.000000
     1         12.000000         1          0.243651     1          0.000000        -90.000000
     1         13.000000         1          0.260659     1          0.000000        -90.000000
     1         14.000000         1          0.277076     1          0.000000        -90.000000
     1         15.000000         1          0.292857     1          0.000000        -90.000000
     1         16.000000         1          0.307956     1          0.000000        -90.000000
     1         17.000000         1          0.322327     1          0.000000        -90.000000
     1         18.000000         1          0.335926     1          0.000000        -90.000000
     1         19.000000         1          0.348706     1          0.000000        -90.000000
     1         20.000000         1          0.360622     1          0.000000        -90.000000
     1         21.000000         1          0.371629     1          0.000000        -90.000000
     1         22.000000         1          0.381682     1          0.000000        -90.000000
     1         23.000000         1          0.390734     1          0.000000        -90.000000
     1         24.000000         1          0.398740     1          0.000000        -90.000000
     1         25.000000         1          0.405655     1          0.000000        -90.000000
     1         26.000000         1          0.411434     1          0.000000        -90.000000
     1         27.000000         1          0.416030     1          0.000000        -90.000000
     1         28.000000         1          0.419443     1          0.000000        -90.000000
     1         29.000000         1          0.422514     1          0.000000        -90.000000
     1         30.000000         1          0.425583     1          0.000000        -90.000000
     1         31.000000         1          0.428650     1          0.000000        -90.000000
     1         32.000000         1          0.431716     1          0.000000        -90.000000
     1         33.000000         1          0.434780     1          0.000000        -90.000000
     1         34.000000         1          0.437841     1          0.000000        -90.000000
     1         35.000000         1          0.440901     1          0.000000        -90.000000
     1         36.000000         1          0.443959     1          0.000000        -90.000000
     1         37.000000         1          0.447014     1          0.000000        -90.000000
     1         38.000000         1          0.450068     1          0.000000        -90.000000
     1         39.000000         1          0.453119     1          0.000000        -90.000000
     1         40.000000         1          0.456168     1          0.000000        -90.000000
     1         41.000000         1          0.459214     1          0.000000        -90.000000
     1         42.000000         1          0.462258     1          0.000000        -90.000000
     1         43.000000         1          0.465299     1          0.000000        -90.000000
     1         44.000000         1          0.468338     1          0.000000        -90.000000
     1         45.000000         1          0.471375     1          0.000000        -90.000000
     1         46.000000         1          0.474408     1          0.000000        -90.000000
     1         47.000000         1          0.477439     1          0.000000        -90.000000
     1         48.000000         1          0.480468     1          0.000000        -90.000000
     1         49.000000         1          0.483493     1          0.000000        -90.000000
     1         50.000000         1          0.486515     1          0.000000        -90.000000
     1         51.000000         1          0.489535     1          0.000000        -90.000000
     1         52.000000         1          0.492551     1          0.000000        -90.000000
     1         53.000000         1          0.495565     1          0.000000        -90.000000
     1         54.000000         1          0.498575     1          0.000000        -90.000000
     1         55.000000         1          0.501582     1          0.000000        -90.000000
     1         56.000000         1          0.504586     1          0.000000        -90.000000
     1         57.000000         1          0.507586     1          0.000000        -90.000000
     1         58.000000         1          0.510583     1          0.000000        -90.000000
     1         59.000000         1          0.513577     1          0.000000        -90.000000
     1         60.000000         1          0.516567     1          0.000000        -90.000000
     1         61.000000         1          0.519553     1          0.000000        -90.000000
     1         62.000000         1          0.522536     1          0.000000        -90.000000
     1         63.000000         1          0.525516     1          0.000000        -90.000000
     1         64.000000         1          0.528491     1          0.000000        -90.000000
     1         65.000000         1          0.531463     1          0.000000        -90.000000
     1         66.000000         1          0.534431     1          0.000000        -90.000000
     1         67.000000         1          0.537395     1          0.000000        -90.000000
     1         68.000000         1          0.540355     1          0.000000        -90.000000
     1         69.000000         1          0.543311     1          0.000000        -90.000000
     1         70.000000         1          0.546263     1          0.000000        -90.000000
     1         71.000000         1          0.549211     1          0.000000        -90.000000
     1         72.000000         1          0.552154     1          0.000000        -90.000000
     1         73.000000         1          0.555093     1          0.000000        -90.000000
     1         74.000000         1          0.558028     1          0.000000        -90.000000
     1         75.000000         1          0.560959     1          0.000000        -90.000000
     1         76.000000         1          0.563885     1          0.000000        -90.000000
     1         77.000000         1          0.566807     1          0.000000        -90.000000
     1         78.000000         1          0.569724     1          0.000000        -90.000000
     1         79.000000         1          0.572636     1          0.000000        -90.000000
     1         80.000000         1          0.575544     1          0.000000        -90.000000
     1         81.000000         1          0.578447     1          0.000000        -90.000000
     1         82.000000         1          0.581346     1          0.000000        -90.000000
     1         83.000000         1          0.584239     1          0.000000        -90.000000
     1         84.000000         1          0.587127     1          0.000000        -90.000000
     1         85.000000         1          0.590011     1          0.000000        -90.000000
     1         86.000000         1          0.592889     1          0.000000        -90.000000
     1         87.000000         1          0.595763     1          0.000000        -90.000000
     1         88.000000         1          0.598631     1          0.000000        -90.000000
     1         89.000000         1          0.601494     1          0.000000        -90.000000
     1         90.000000         1          0.604352     1          0.000000        -90.000000
     1         91.000000         1          0.607204     1          0.000000        -90.000000
     1         92.000000         1          0.610051     1          0.000000        -90.000000
     1         93.000000         1          0.612893     1          0.000000        -90.000000
     1         94.000000         1          0.615729     1          0.000000        -90.000000
     1         95.000000         1          0.618559     1          0.000000        -90.000000
     1         96.000000         1          0.621384     1          0.000000        -90.000000
     1         97.000000         1          0.624203     1          0.000000        -90.000000
     1         98.000000         1          0.627017     1          0.000000        -90.000000
     1         99.000000         1          0.629825     1          0.000000        -90.000000
     1        100.000000         1          0.632626     1          0.000000        -90.000000
     1        101.000000         1          0.635422     1          0.000000        -90.000000
     1        102.000000         1          0.638212     1          0.000000        -90.000000
     1        103.000000         1          0.640996     1          0.000000        -90.000000
     1        104.000000         1          0.643774     1          0.000000        -90.000000
     1        105.000000         1          0.646545     1          0.000000        -90.000000
     1        106.000000         1          0.649310     1          0.000000        -90.000000
     1        107.000000         1          0.652069     1          0.000000        -90.000000
     1        108.000000         1          0.654822     1          0.000000        -90.000000
     1        109.000000         1          0.657569     1          0.000000        -90.000000
     1        110.000000         1          0.660308     1          0.000000        -90.000000
     1        111.000000         1          0.663042     1          0.000000        -90.000000
     1        112.000000         1          0.665769     1          0.000000        -90.000000
     1        113.000000         1          0.668489     1          0.000000        -90.000000
     1        114.000000         1          0.671202     1          0.000000        -90.000000
     1        115.000000         1          0.673909     1          0.000000        -90.000000
     1        116.000000         1          0.676609     1          0.000000        -90.000000
     1        117.000000         1          0.679302     1          0.000000        -90.000000
     1        118.000000         1          0.681988     1          0.000000        -90.000000
     1        119.000000         1          0.684667     1          0.000000        -90.000000
     1        120.000000         1          0.687339     1          0.000000        -90.000000
     1        121.000000         1          0.690004     1          0.000000        -90.000000
     1        122.000000         1          0.692662     1          0.000000        -90.000000
     1        123.000000         1          0.695312     1          0.000000        -90.000000
     1        124.000000         1          0.697955     1          0.000000        -90.000000
     1        125.000000         1          0.700591     1          0.000000        -90.000000
     1        126.000000         1          0.703220     1          0.000000        -90.000000
     1        127.000000         1          0.705841     1          0.000000        -90.000000
     1        128.000000         1          0.708454     1          0.000000        -90.000000
     1        129.000000         1          0.711060     1          0.000000        -90.000000
     1        130.000000         1          0.713659     1          0.000000        -90.000000
     1        131.000000         1          0.716249     1          0.000000        -90.000000
     1        132.000000         1          0.718832     1          0.000000        -90.000000
     1        133.000000         1          0.721407     1          0.000000        -90.000000
     1        134.000000         1          0.723974     1          0.000000        -90.000000
     1        135.000000         1          0.726533     1          0.000000        -90.000000
     1        136.000000         1          0.729085     1          0.000000        -90.000000
     1        137.000000         1          0.731628     1          0.000000        -90.000000
     1        138.000000         1          0.734163     1          0.000000        -90.000000
     1        139.000000         1          0.736690     1          0.000000        -90.000000
     1        140.000000         1          0.739208     1          0.000000        -90.000000
     1        141.000000         1          0.741719     1          0.000000        -90.000000
     1        142.000000         1          0.744221     1          0.000000        -90.000000
     1        143.000000         1          0.746714     1          0.000000        -90.000000
     1        144.000000         1          0.749199     1          0.000000        -90.000000
     1        145.000000         1          0.751676     1          0.000000        -90.000000
     1        146.000000         1          0.754144     1          0.000000        -90.000000
     1        147.000000         1          0.756603     1          0.000000        -90.000000
     1        148.000000         1          0.759054     1          0.000000        -90.000000
     1        149.000000         1          0.761496     1          0.000000        -90.000000
     1        150.000000         1          0.763929     1          0.000000        -90.000000
     1        151.000000         1          0.766353     1          0.000000        -90.000000
     1        152.000000         1          0.768768     1          0.000000        -90.000000
     1        153.000000         1          0.771174     1          0.000000        -90.000000
     1        154.000000         1          0.773571     1          0.000000        -90.000000
     1        155.000000         1          0.775959     1          0.000000        -90.000000
     1        156.000000         1          0.778338     1          0.000000        -90.000000
     1        157.000000         1          0.780708     1          0.000000        -90.000000
     1        158.000000         1          0.783068     1          0.000000        -90.000000
     1        159.000000         1          0.785419     1          0.000000        -90.000000
     1        160.000000         1          0.787761     1          0.000000        -90.000000
     1        161.000000         1          0.790093     1          0.000000        -90.000000
     1        162.000000         1          0.792415     1          0.000000        -90.000000
     1        163.000000         1          0.794728     1          0.000000        -90.000000
     1        164.000000         1          0.797031     1          0.000000        -90.000000
     1        165.000000         1          0.799325     1          0.000000        -90.000000
     1        166.000000         1          0.801609     1          0.000000        -90.000000
     1        167.000000         1          0.803883     1          0.000000        -90.000000
     1        168.000000         1          0.806147     1          0.000000        -90.000000
     1        169.000000         1          0.808401     1          0.000000        -90.000000
     1        170.000000         1          0.810645     1          0.000000        -90.000000
     1        171.000000         1          0.812879     1          0.000000        -90.000000
     1        172.000000         1          0.815103     1          0.000000        -90.000000
     1        173.000000         1          0.817316     1          0.000000        -90.000000
     1        174.000000         1          0.819520     1          0.000000        -90.000000
     1        175.000000         1          0.821713     1          0.000000        -90.000000
     1        176.000000         1          0.823896     1          0.000000        -90.000000
     1        177.000000         1          0.826068     1          0.000000        -90.000000
     1        178.000000         1          0.828230     1          0.000000        -90.000000
     1        179.000000         1          0.830381     1          0.000000        -90.000000
     1        180.000000         1          0.832522     1          0.000000        -90.000000
     1        181.000000         1          0.834652     1          0.000000        -90.000000
     1        182.000000         1          0.836771     1          0.000000        -90.000000
     1        183.000000         1          0.838880     1          0.000000        -90.000000
     1        184.000000         1          0.840978     1          0.000000        -90.000000
     1        185.000000         1          0.843064     1          0.000000        -90.000000
     1        186.000000         1          0.845140     1          0.000000        -90.000000
     1        187.000000         1          0.847205     1          0.000000        -90.000000
     1        188.000000         1          0.849259     1          0.000000        -90.000000
     1        189.000000         1          0.851301     1          0.000000        -90.000000
     1        190.000000         1          0.853333     1          0.000000        -90.000000
     1        191.000000         1          0.855353     1          0.000000        -90.000000
     1        192.000000         1          0.857362     1          0.000000        -90.000000
     1        193.000000         1          0.859359     1          0.000000        -90.000000
     1        194.000000         1          0.861346     1          0.000000        -90.000000
     1        195.000000         1          0.863320     1          0.000000        -90.000000
     1        196.000000         1          0.865283     1          0.000000        -90.000000
     1        197.000000         1          0.867234     1          0.000000        -90.000000
     1        198.000000         1          0.869174     1          0.000000        -90.000000
     1        199.000000         1          0.871102     1          0.000000        -90.000000
     1        200.000000         1          0.873018     1          0.000000        -90.000000
     1        201.000000         1          0.874923     1          0.000000        -90.000000
     1        202.000000         1          0.876815     1          0.000000        -90.000000
     1        203.000000         1          0.878696     1          0.000000        -90.000000
     1        204.000000         1          0.880564     1          0.000000        -90.000000
     1        205.000000         1          0.882421     1          0.000000        -90.000000
     1        206.000000         1          0.884265     1          0.000000        -90.000000
     1        207.000000         1          0.886097     1          0.000000        -90.000000
     1        208.000000         1          0.887917     1          0.000000        -90.000000
     1        209.000000         1          0.889724     1          0.000000        -90.000000
     1        210.000000         1          0.891519     1          0.000000        -90.000000
     1        211.000000         1          0.893302     1          0.000000        -90.000000
     1        212.000000         1          0.895072     1          0.000000        -90.000000
     1        213.000000         1          0.896830     1          0.000000        -90.000000
     1        214.000000         1          0.898575     1          0.000000        -90.000000
     1        215.000000         1          0.900307     1          0.000000        -90.000000
     1        216.000000         1          0.902026     1          0.000000        -90.000000
     1        217.000000         1          0.903733     1          0.000000        -90.000000
     1        218.000000         1          0.905427     1          0.000000        -90.000000
     1        219.000000         1          0.907108     1          0.000000        -90.000000
     1        220.000000         1          0.908776     1          0.000000        -90.000000
     1        221.000000         1          0.910431     1          0.000000        -90.000000
     1        222.000000         1          0.912073     1          0.000000        -90.000000
     1        223.000000         1          0.913702     1          0.000000        -90.000000
     1        224.000000         1          0.915317     1          0.000000        -90.000000
     1        225.000000         1          0.916920     1          0.000000        -90.000000
     1        226.000000         1          0.918509     1          0.000000        -90.000000
     1        227.000000         1          0.920084     1          0.000000        -90.000000
     1        228.000000         1          0.921646     1          0.000000        -90.000000
     1        229.000000         1          0.923195     1          0.000000        -90.000000
     1        230.000000         1          0.924730     1          0.000000        -90.000000
     1        231.000000         1          0.926251     1          0.000000        -90.000000
     1        232.000000         1          0.927759     1          0.000000        -90.000000
     1        233.000000         1          0.929253     1          0.000000        -90.000000
     1        234.000000         1          0.930733     1          0.000000        -90.000000
     1        235.000000         1          0.932200     1          0.000000        -90.000000
     1        236.000000         1          0.933652     1          0.000000        -90.000000
     1        237.000000         1          0.935090     1          0.000000        -90.000000
     1        238.000000         1          0.936515     1          0.000000        -90.000000
     1        239.000000         1          0.937925     1          0.000000        -90.000000
     1        240.000000         1          0.939321     1          0.000000        -90.000000
     1        241.000000         1          0.940703     1          0.000000        -90.000000
     1        242.000000         1          0.942071     1          0.000000        -90.000000
     1        243.000000         1          0.943424     1          0.000000        -90.000000
     1        244.000000         1          0.944763     1          0.000000        -90.000000
     1        245.000000         1          0.946088     1          0.000000        -90.000000
     1        246.000000         1          0.947398     1          0.000000        -90.000000
     1        247.000000         1          0.948693     1          0.000000        -90.000000
     1        248.000000         1          0.949974     1          0.000000        -90.000000
     1        249.000000         1          0.951240     1          0.000000        -90.000000
     1        250.000000         1          0.952491     1          0.000000        -90.000000
     1        251.000000         1          0.953728     1          0.000000        -90.000000
     1        252.000000         1          0.954949     1          0.000000        -90.000000
     1        253.000000         1          0.956156     1          0.000000        -90.000000
     1        254.000000         1          0.957348     1          0.000000        -90.000000
     1        255.000000         1          0.958524     1          0.000000        -90.000000
     1        256.000000         1          0.959686     1          0.000000        -90.000000
     1        257.000000         1          0.960832     1          0.000000        -90.000000
     1        258.000000         1          0.961963     1          0.000000        -90.000000
     1        259.000000         1          0.963079     1          0.000000        -90.000000
     1        260.000000         1          0.964180     1          0.000000        -90.000000
     1        261.000000         1          0.965265     1          0.000000        -90.000000
     1        262.000000         1          0.966335     1          0.000000        -90.000000
     1        263.000000         1          0.967389     1          0.000000        -90.000000
     1        264.000000         1          0.968428     1          0.000000        -90.000000
     1        265.000000         1          0.969451     1          0.000000        -90.000000
     1        266.000000         1          0.970458     1          0.000000        -90.000000
     1        267.000000         1          0.971449     1          0.000000        -90.000000
     1        268.000000         1          0.972425     1          0.000000        -90.000000
     1        269.000000         1          0.973385     1          0.000000        -90.000000
     1        270.000000         1          0.974329     1          0.000000        -90.000000
     1        271.000000         1          0.975257     1          0.000000        -90.000000
     1        272.000000         1          0.976169     1          0.000000        -90.000000
     1        273.000000         1          0.977064     1          0.000000        -90.000000
     1        274.000000         1          0.977944     1          0.000000        -90.000000
     1        275.000000         1          0.978807     1          0.000000        -90.000000
     1        276.000000         1          0.979654     1          0.000000        -90.000000
     1        277.000000         1          0.980485     1          0.000000        -90.000000
     1        278.000000         1          0.981299     1          0.000000        -90.000000
     1        279.000000         1          0.982097     1          0.000000        -90.000000
     1        280.000000         1          0.982878     1          0.000000        -90.000000
     1        281.000000         1          0.983643     1          0.000000        -90.000000
     1        282.000000         1          0.984391     1          0.000000        -90.000000
     1        283.000000         1          0.985122     1          0.000000        -90.000000
     1        284.000000         1          0.985837     1          0.000000        -90.000000
     1        285.000000         1          0.986535     1          0.000000        -90.000000
     1        286.000000         1          0.987216     1          0.000000        -90.000000
     1        287.000000         1          0.987880     1          0.000000        -90.000000
     1        288.000000         1          0.988526     1          0.000000        -90.000000
     1        289.000000         1          0.989156     1          0.000000        -90.000000
     1        290.000000         1          0.989769     1          0.000000        -90.000000
     1        291.000000         1          0.990365     1          0.000000        -90.000000
     1        292.000000         1          0.990943     1          0.000000        -90.000000
     1        293.000000         1          0.991504     1          0.000000        -90.000000
     1        294.000000         1          0.992048     1          0.000000        -90.000000
     1        295.000000         1          0.992574     1          0.000000        -90.000000
     1        296.000000         1          0.993083     1          0.000000        -90.000000
     1        297.000000         1          0.993574     1          0.000000        -90.000000
     1        298.000000         1          0.994048     1          0.000000        -90.000000
     1        299.000000         1          0.994504     1          0.000000        -90.000000
     1        300.000000         1          0.994942     1          0.000000        -90.000000
     1        301.000000         1          0.995363     1          0.000000        -90.000000
     1        302.000000         1          0.995766     1          0.000000        -90.000000
     1        303.000000         1          0.996150     1          0.000000        -90.000000
     1        304.000000         1          0.996517     1          0.000000        -90.000000
     1        305.000000         1          0.996866     1          0.000000        -90.000000
     1        306.000000         1          0.997197     1          0.000000        -90.000000
     1        307.000000         1          0.997510     1          0.000000        -90.000000
     1        308.000000         1          0.997804     1          0.000000        -90.000000
     1        309.000000         1          0.998080     1          0.000000        -90.000000
     1        310.000000         1          0.998338     1          0.000000        -90.000000
     1        311.000000         1          0.998578     1          0.000000        -90.000000
     1        312.000000         1          0.998799     1          0.000000        -90.000000
     1        313.000000         1          0.999002     1          0.000000        -90.000000
     1        314.000000         1          0.999186     1          0.000000        -90.000000
     1        315.000000         1          0.999352     1          0.000000        -90.000000
     1        316.000000         1          0.999498     1          0.000000        -90.000000
     1        317.000000         1          0.999627     1          0.000000        -90.000000
     1        318.000000         1          0.999736     1          0.000000        -90.000000
     1        319.000000         1          0.999827     1          0.000000        -90.000000
     1        320.000000         1          0.999898     1          0.000000        -90.000000
     1        321.000000         1          0.999951     1          0.000000        -90.000000
     1        322.000000         1          0.999985     1          0.000000        -90.000000
     1        323.000000         1          0.999999     1          0.000000        -90.000000
     1        324.000000         1          1.000000     1          0.000000        -90.000000
     1        325.000000         1          1.000000     1          0.000000        -90.000000
     1        326.000000         1          1.000000     1          0.000000        -90.000000
     1        327.000000         1          1.000000     1          0.000000        -90.000000
     1        328.000000         1          1.000000     1          0.000000        -90.000000
     1        329.000000         1          1.000000     1          0.000000        -90.000000
     1        330.000000         1          1.000000     1          0.000000        -90.000000
     1        331.000000         1          1.000000     1          0.000000        -90.000000
     1        332.000000         1          1.000000     1          0.000000        -90.000000
     1        333.000000         1          1.000000     1          0.000000        -90.000000
     1        334.000000         1          1.000000     1          0.000000        -90.000000
     1        335.000000         1          1.000000     1          0.000000        -90.000000
     1        336.000000         1          1.000000     1          0.000000        -90.000000
     1        337.000000         1          1.000000     1          0.000000        -90.000000
     1        338.000000         1          1.000000     1          0.000000        -90.000000
     1        339.000000         1          1.000000     1          0.000000        -90.000000
     1        340.000000         1          1.000000     1          0.000000        -90.000000
     1        341.000000         1          1.000000     1          0.000000        -90.000000
     1        342.000000         1          1.000000     1          0.000000        -90.000000
     1        343.000000         1          1.000000     1          0.000000        -90.000000
     1        344.000000         1          1.000000     1          0.000000        -90.000000
     1        345.000000         1          1.000000     1          0.000000        -90.000000
     1        346.000000         1          1.000000     1          0.000000        -90.000000
     1        347.000000         1          1.000000     1          0.000000        -90.000000
     1        348.000000         1          1.000000     1          0.000000        -90.000000
     1        349.000000         1          1.000000     1          0.000000        -90.000000
     1        350.000000         1          1.000000     1          0.000000        -90.000000
     1        351.000000         1          1.000000     1          0.000000        -90.000000
     1        352.000000         1          1.000000     1          0.000000        -90.000000
     1        353.000000         1          1.000000     1          0.000000        -90.000000
     1        354.000000         1          1.000000     1          0.000000        -90.000000
     1        355.000000         1          1.000000     1          0.000000        -90.000000
     1        356.000000         1          1.000000     1          0.000000        -90.000000
     1        357.000000         1          1.000000     1          0.000000        -90.000000
     1        358.000000         1          1.000000     1          0.000000        -90.000000
     1        359.000000         1          1.000000     1          0.000000        -90.000000
     1        360.000000         1          1.000000     1          0.000000        -90.000000
     1        361.000000         1          1.000000     1          0.000000        -90.000000
     1        362.000000         1          1.000000     1          0.000000        -90.000000
     1        363.000000         1          1.000000     1          0.000000        -90.000000
     1        364.000000         1          1.000000     1          0.000000        -90.000000
     1        365.000000         1          1.000000     1          0.000000        -90.000000
     1        366.000000         1          1.000000     1          0.000000        -90.000000
     1        367.000000         1          1.000000     1          0.000000        -90.000000
     1        368.000000         1          1.000000     1          0.000000        -90.000000
     1        369.000000         1          1.000000     1          0.000000        -90.000000
     1        370.000000         1          1.000000     1          0.000000        -90.000000
     1        371.000000         1          1.000000     1          0.000000        -90.000000
     1        372.000000         1          1.000000     1          0.000000        -90.000000
     1        373.000000         1          1.000000     1          0.000000        -90.000000
     1        374.000000         1          1.000000     1          0.000000        -90.000000
     1        375.000000         1          1.000000     1          0.000000        -90.000000
     1        376.000000         1          1.000000     1          0.000000        -90.000000
     1        377.000000         1          1.000000     1          0.000000        -90.000000
     1        378.000000         1          1.000000     1          0.000000        -90.000000
     1        379.000000         1          1.000000     1          0.000000        -90.000000
     1        380.000000         1          1.000000     1          0.000000        -90.000000
     1        381.000000         1          1.000000     1          0.000000        -90.000000
     1        382.000000         1          1.000000     1          0.000000        -90.000000
     1        383.000000         1          1.000000     1          0.000000        -90.000000
     1        384.000000         1          1.000000     1          0.000000        -90.000000
     1        385.000000         1          1.000000     1          0.000000        -90.000000
     1        386.000000         1          1.000000     1          0.000000        -90.000000
     1        387.000000         1          1.000000     1          0.000000        -90.000000
     1        388.000000         1          1.000000     1          0.000000        -90.000000
     1        389.000000         1          1.000000     1          0.000000        -90.000000
     1        390.000000         1          1.000000     1          0.000000        -90.000000
     1        391.000000         1          1.000000     1          0.000000        -90.000000
     1        392.000000         1          1.000000     1          0.000000        -90.000000
     1        393.000000         1          1.000000     1          0.000000        -90.000000
     1        394.000000         1          1.000000     1          0.000000        -90.000000
     1        395.000000         1          1.000000     1          0.000000        -90.000000
     1        396.000000         1          1.000000     1          0.000000        -90.000000
     1        397.000000         1          1.000000     1          0.000000        -90.000000
     1        398.000000         1          1.000000     1          0.000000        -90.000000
     1        399.000000         1          1.000000     1          0.000000        -90.000000
     1        400.000000         1          1.000000     1          0.000000        -90.000000
     2          5.000000         1          0.144818     2        170.000000        -10.000000
     2         10.000000         1          0.268200     2        170.000000        -10.000000
     2         15.000000         1          0.368712     2        170.000000        -10.000000
     2         20.000000         1          0.434919     2        170.000000        -10.000000
     2         25.000000         1          0.464910     2        170.000000        -10.000000
     2         30.000000         1          0.490881     2        170.000000        -10.000000
     2         35.000000         1          0.516628     2        170.000000        -10.000000
     2         40.000000         1          0.542114     2        170.000000        -10.000000
     2         45.000000         1          0.567301     2        170.000000        -10.000000
     2         50.000000         1          0.592152     2        170.000000        -10.000000
     2         55.000000         1          0.616630     2        170.000000        -10.000000
     2         60.000000         1          0.640696     2        170.000000        -10.000000
     2         65.000000         1          0.664315     2        170.000000        -10.000000
     2         70.000000         1          0.687449     2        170.000000        -10.000000
     2         75.000000         1          0.710059     2        170.000000        -10.000000
     2         80.000000         1          0.732110     2        170.000000        -10.000000
     2         85.000000         1          0.753563     2        170.000000        -10.000000
     2         90.000000         1          0.774381     2        170.000000        -10.000000
     2         95.000000         1          0.794527     2        170.000000        -10.000000
     2        100.000000         1          0.813964     2        170.000000        -10.000000
     2        105.000000         1          0.832654     2        170.000000        -10.000000
     2        110.000000         1          0.850559     2        170.000000        -10.000000
     2        115.000000         1          0.867643     2        170.000000        -10.000000
     2        120.000000         1          0.883869     2        170.000000        -10.000000
     2        125.000000         1          0.899198     2        170.000000        -10.000000
     2        130.000000         1          0.913594     2        170.000000        -10.000000
     2        135.000000         1          0.927019     2        170.000000        -10.000000
     2        140.000000         1          0.939435     2        170.000000        -10.000000
     2        145.000000         1          0.950806     2        170.000000        -10.000000
     2        150.000000         1          0.961095     2        170.000000        -10.000000
     2        155.000000         1          0.970263     2        170.000000        -10.000000
     2        160.000000         1          0.978273     2        170.000000        -10.000000
     2        165.000000         1          0.985089     2        170.000000        -10.000000
     2        170.000000         1          0.990672     2        170.000000        -10.000000
     2        175.000000         1          0.994986     2        170.000000        -10.000000
     2        180.000000         1          0.997993     2        170.000000        -10.000000
     2        185.000000         1          0.999656     2        170.000000        -10.000000
     2        190.000000         1          1.000000     2        170.000000        -10.000000
     2        195.000000         1          1.000000     2        170.000000        -10.000000
     2        200.000000         1          1.000000     2        170.000000        -10.000000
     2        205.000000         1          1.000000     2        170.000000        -10.000000
     2        210.000000         1          1.000000     2        170.000000        -10.000000
     2        215.000000         1          1.000000     2        170.000000        -10.000000
     2        220.000000         1          1.000000     2        170.000000        -10.000000
     2        225.000000         1          1.000000     2        170.000000        -10.000000
     2        230.000000         1          1.000000     2        170.000000        -10.000000
     2        235.000000         1          1.000000     2        170.000000        -10.000000
     2        240.000000         1          1.000000     2        170.000000        -10.000000
     2        245.000000         1          1.000000     2        170.000000        -10.000000
     2        250.000000         1          1.000000     2        170.000000        -10.000000
     2        255.000000         1          1.000000     2        170.000000        -10.000000
     2        260.000000         1          1.000000     2        170.000000        -10.000000
     2        265.000000         1          1.000000     2        170.000000        -10.000000
     2        270.000000         1          1.000000     2        170.000000        -10.000000
     2        275.000000         1          1.000000     2        170.000000        -10.000000
     2        280.000000         1          1.000000     2        170.000000        -10.000000
     2        285.000000         1          1.000000     2        170.000000        -10.000000
     2        290.000000         1          1.000000     2        170.000000        -10.000000
     2        295.000000         1          1.000000     2        170.000000        -10.000000
     2        300.000000         1          1.000000     2        170.000000        -10.000000
     2        305.000000         1          1.000000     2        170.000000        -10.000000
     2        310.000000         1          1.000000     2        170.000000        -10.000000
     2        315.000000         1          1.000000     2        170.000000        -10.000000
     2        320.000000         1          1.000000     2        170.000000        -10.000000
     2        325.000000         1          1.000000     2        170.000000        -10.000000
     2        330.000000         1          1.000000     2        170.000000        -10.000000
     2        335.000000         1          1.000000     2        170.000000        -10.000000
     2        340.000000         1          1.000000     2        170.000000        -10.000000
     2        345.000000         1          1.000000     2        170.000000        -10.000000
     2        350.000000         1          1.000000     2        170.000000        -10.000000
     2        355.000000         1          1.000000     2        170.000000        -10.000000
     2        360.000000         1          1.000000     2        170.000000        -10.000000
     2        365.000000         1          1.000000     2        170.000000        -10.000000
     2        370.000000         1          1.000000     2        170.000000        -10.000000
     2        375.000000         1          1.000000     2        170.000000        -10.000000
     2        380.000000         1          1.000000     2        170.000000        -10.000000
     2        385.000000         1          1.000000     2        170.000000        -10.000000
     2        390.000000         1          1.000000     2        170.000000        -10.000000
     2        395.000000         1          1.000000     2        170.000000        -10.000000
     2        400.000000         1          1.000000     2        170.000000        -10.000000
     2        405.000000         1          1.000000     2        170.000000        -10.000000
     2        410.000000         1          1.000000     2        170.000000        -10.000000
     2        415.000000         1          1.000000     2        170.000000        -10.000000
     2        420.000000         1          1.000000     2        170.000000        -10.000000
     2        425.000000         1          1.000000     2        170.000000        -10.000000
     2        430.000000         1          1.000000     2        170.000000        -10.000000
     2        435.000000         1          1.000000     2        170.000000        -10.000000
     2        440.000000         1          1.000000     2        170.000000        -10.000000
     2        445.000000         1          1.000000     2        170.000000        -10.000000
     2        450.000000         1          1.000000     2        170.000000        -10.000000
     2        455.000000         1          1.000000     2        170.000000        -10.000000
     2        460.000000         1          1.000000     2        170.000000        -10.000000
     2        465.000000         1          1.000000     2        170.000000        -10.000000
     2        470.000000         1          1.000000     2        170.000000        -10.000000
     2        475.000000         1          1.000000     2        170.000000        -10.000000
     2        480.000000         1          1.000000     2        170.000000        -10.000000
     2        485.000000         1          1.000000     2        170.000000        -10.000000
     2        490.000000         1          1.000000     2        170.000000        -10.000000
     2        495.000000         1          1.000000     2        170.000000        -10.000000
     2        500.000000         1          1.000000     2        170.000000        -10.000000
     2        505.000000         1          1.000000     2        170.000000        -10.000000
     2        510.000000         1          1.000000     2        170.000000        -10.000000
     2        515.000000         1          1.000000     2        170.000000        -10.000000
     2        520.000000         1          1.000000     2        170.000000        -10.000000
     2        525.000000         1          1.000000     2        170.000000        -10.000000
     2        530.000000         1          1.000000     2        170.000000        -10.000000
     2        535.000000         1          1.000000     2        170.000000        -10.000000
     2        540.000000         1          1.000000     2        170.000000        -10.000000
     2        545.000000         1          1.000000     2        170.000000        -10.000000
     2        550.000000         1          1.000000     2        170.000000        -10.000000
     2        555.000000         1          1.000000     2        170.000000        -10.000000
     2        560.000000         1          1.000000     2        170.000000        -10.000000
     2        565.000000         1          1.000000     2        170.000000        -10.000000
     2        570.000000         1          1.000000     2        170.000000        -10.000000
     2        575.000000         1          1.000000     2        170.000000        -10.000000
     2        580.000000         1          1.000000     2        170.000000        -10.000000
     2        585.000000         1          1.000000     2        170.000000        -10.000000
     2        590.000000         1          1.000000     2        170.000000        -10.000000
     2        595.000000         1          1.000000     2        170.000000        -10.000000
     2        600.000000         1          1.000000     2        170.000000        -10.000000
     3          5.000000         1          0.037629     3         80.000000        -10.000000
     3         10.000000         1          0.065238     3         80.000000        -10.000000
     3         15.000000         1          0.092806     3         80.000000        -10.000000
     3         20.000000         1          0.120314     3         80.000000        -10.000000
     3         25.000000         1          0.147742     3         80.000000        -10.000000
     3         30.000000         1          0.175069     3         80.000000        -10.000000
     3         35.000000         1          0.202275     3         80.000000        -10.000000
     3         40.000000         1          0.229340     3         80.000000        -10.000000
     3         45.000000         1          0.256245     3         80.000000        -10.000000
     3         50.000000         1          0.282968     3         80.000000        -10.000000
     3         55.000000         1          0.309490     3         80.000000        -10.000000
     3         60.000000         1          0.335791     3         80.000000        -10.000000
     3         65.000000         1          0.361850     3         80.000000        -10.000000
     3         70.000000         1          0.387647     3         80.000000        -10.000000
     3         75.000000         1          0.413163     3         80.000000        -10.000000
     3         80.000000         1          0.438377     3         80.000000        -10.000000
     3         85.000000         1          0.463269     3         80.000000        -10.000000
     3         90.000000         1          0.487819     3         80.000000        -10.000000
     3         95.000000         1          0.512007     3         80.000000        -10.000000
     3        100.000000         1          0.535812     3         80.000000        -10.000000
     3        105.000000         1          0.559215     3         80.000000        -10.000000
     3        110.000000         1          0.582195     3         80.000000        -10.000000
     3        115.000000         1          0.604733     3         80.000000        -10.000000
     3        120.000000         1          0.626807     3         80.000000        -10.000000
     3        125.000000         1          0.648399     3         80.000000        -10.000000
     3        130.000000         1          0.669488     3         80.000000        -10.000000
     3        135.000000         1          0.690053     3         80.000000        -10.000000
     3        140.000000         1          0.710075     3         80.000000        -10.000000
     3        145.000000         1          0.729534     3         80.000000        -10.000000
     3        150.000000         1          0.748409     3         80.000000        -10.000000
     3        155.000000         1          0.766680     3         80.000000        -10.000000
     3        160.000000         1          0.784328     3         80.000000        -10.000000
     3        165.000000         1          0.801331     3         80.000000        -10.000000
     3        170.000000         1          0.817670     3         80.000000        -10.000000
     3        175.000000         1          0.833326     3         80.000000        -10.000000
     3        180.000000         1          0.848276     3         80.000000        -10.000000
     3        185.000000         1          0.862503     3         80.000000        -10.000000
     3        190.000000         1          0.875985     3         80.000000        -10.000000
     3        195.000000         1          0.888702     3         80.000000        -10.000000
     3        200.000000         1          0.900634     3         80.000000        -10.000000
     3        205.000000         1          0.911762     3         80.000000        -10.000000
     3        210.000000         1          0.922064     3         80.000000        -10.000000
     3        215.000000         1          0.931521     3         80.000000        -10.000000
     3        220.000000         1          0.940113     3         80.000000        -10.000000
     3        225.000000         1          0.947819     3         80.000000        -10.000000
     3        230.000000         1          0.954728     3         80.000000        -10.000000
     3        235.000000         1          0.961164     3         80.000000        -10.000000
     3        240.000000         1          0.967144     3         80.000000        -10.000000
     3        245.000000         1          0.972657     3         80.000000        -10.000000
     3        250.000000         1          0.977695     3         80.000000        -10.000000
     3        255.000000         1          0.982246     3         80.000000        -10.000000
     3        260.000000         1          0.986302     3         80.000000        -10.000000
     3        265.000000         1          0.989852     3         80.000000        -10.000000
     3        270.000000         1          0.992888     3         80.000000        -10.000000
     3        275.000000         1          0.995398     3         80.000000        -10.000000
     3        280.000000         1          0.997375     3         80.000000        -10.000000
     3        285.000000         1          0.998807     3         80.000000        -10.000000
     3        290.000000         1          0.999685     3         80.000000        -10.000000
     3        295.000000         1          0.999999     3         80.000000        -10.000000
     3        300.000000         1          1.000000     3         80.000000        -10.000000
     3        305.000000         1          1.000000     3         80.000000        -10.000000
     3        310.000000         1          1.000000     3         80.000000        -10.000000
     3        315.000000         1          1.000000     3         80.000000        -10.000000
     3        320.000000         1          1.000000     3         80.000000        -10.000000
     3        325.000000         1          1.000000     3         80.000000        -10.000000
     3        330.000000         1          1.000000     3         80.000000        -10.000000
     3        335.000000         1          1.000000     3         80.000000        -10.000000
     3        340.000000         1          1.000000     3         80.000000        -10.000000
     3        345.000000         1          1.000000     3         80.000000        -10.000000
     3        350.000000         1          1.000000     3         80.000000        -10.000000
     3        355.000000         1          1.000000     3         80.000000        -10.000000
     3        360.000000         1          1.000000     3         80.000000        -10.000000
     3        365.000000         1          1.000000     3         80.000000        -10.000000
     3        370.000000         1          1.000000     3         80.000000        -10.000000
     3        375.000000         1          1.000000     3         80.000000        -10.000000
     3        380.000000         1          1.000000     3         80.000000        -10.000000
     3        385.000000         1          1.000000     3         80.000000        -10.000000
     3        390.000000         1          1.000000     3         80.000000        -10.000000
     3        395.000000         1          1.000000     3         80.000000        -10.000000
     3        400.000000         1          1.000000     3         80.000000        -10.000000
     3        405.000000         1          1.000000     3         80.000000        -10.000000
     3        410.000000         1          1.000000     3         80.000000        -10.000000
     3        415.000000         1          1.000000     3         80.000000        -10.000000
     3        420.000000         1          1.000000     3         80.000000        -10.000000
     3        425.000000         1          1.000000     3         80.000000        -10.000000
     3        430.000000         1          1.000000     3         80.000000        -10.000000
     3        435.000000         1          1.000000     3         80.000000        -10.000000
     3        440.000000         1          1.000000     3         80.000000        -10.000000
     3        445.000000         1          1.000000     3         80.000000        -10.000000
     3        450.000000         1          1.000000     3         80.000000        -10.000000
     3        455.000000         1          1.000000     3         80.000000        -10.000000
     3        460.000000         1          1.000000     3         80.000000        -10.000000
     3        465.000000         1          1.000000     3         80.000000        -10.000000
     3        470.000000         1          1.000000     3         80.000000        -10.000000
     3        475.000000         1          1.000000     3         80.000000        -10.000000
     3        480.000000         1          1.000000     3         80.000000        -10.000000
     3        485.000000         1          1.000000     3         80.000000        -10.000000
     3        490.000000         1          1.000000     3         80.000000        -10.000000
     3        495.000000         1          1.000000     3         80.000000        -10.000000
     3        500.000000         1          1.000000     3         80.000000        -10.000000
     3        505.000000         1          1.000000     3         80.000000        -10.000000
     3        510.000000         1          1.000000     3         80.000000        -10.000000
     3        515.000000         1          1.000000     3         80.000000        -10.000000
     3        520.000000         1          1.000000     3         80.000000        -10.000000
     3        525.000000         1          1.000000     3         80.000000        -10.000000
     3        530.000000         1          1.000000     3         80.000000        -10.000000
     3        535.000000         1          1.000000     3         80.000000        -10.000000
     3        540.000000         1          1.000000     3         80.000000        -10.000000
     3        545.000000         1          1.000000     3         80.000000        -10.000000
     3        550.000000         1          1.000000     3         80.000000        -10.000000
     3        555.000000         1          1.000000     3         80.000000        -10.000000
     3        560.000000         1          1.000000     3         80.000000        -10.000000
     3        565.000000         1          1.000000     3         80.000000        -10.000000
     3        570.000000         1          1.000000     3         80.000000        -10.000000
     3        575.000000         1          1.000000     3         80.000000        -10.000000
     3        580.000000         1          1.000000     3         80.000000        -10.000000
     3        585.000000         1          1.000000     3         80.000000        -10.000000
     3        590.000000         1          1.000000     3         80.000000        -10.000000
     3        595.000000         1          1.000000     3         80.000000        -10.000000
     3        600.000000         1          1.000000     3         80.000000        -10.000000
