ADDCOORD Output
 4   50   50    1   5.0000000       5.0000000      0.50000000       10.0000       10.0000       1.00000       1
X
Y
Z
value               
  5.000   5.000 .500000 -1.5143089
 15.000   5.000 .500000 -1.4963703
 25.000   5.000 .500000 -1.0955505
 35.000   5.000 .500000 -1.1169586
 45.000   5.000 .500000 -.98320127
 55.000   5.000 .500000 -.71858084
 65.000   5.000 .500000 -.88090515
 75.000   5.000 .500000 -.34653139
 85.000   5.000 .500000 -.24468783
 95.000   5.000 .500000 -.12003171
105.000   5.000 .500000 0.19616556
115.000   5.000 .500000 0.59242344
125.000   5.000 .500000 0.66932440
135.000   5.000 .500000 0.69101506
145.000   5.000 .500000 0.62603664
155.000   5.000 .500000 0.39767325
165.000   5.000 .500000 0.34379709
175.000   5.000 .500000 -.26846805
185.000   5.000 .500000 -.22922397
195.000   5.000 .500000 -.26932663
205.000   5.000 .500000 -.21965545
215.000   5.000 .500000 -.14309610
225.000   5.000 .500000 0.25356393E-01
235.000   5.000 .500000 0.23306274
245.000   5.000 .500000 0.49984285
255.000   5.000 .500000 0.41051418
265.000   5.000 .500000 0.17987126
275.000   5.000 .500000 -.10420178
285.000   5.000 .500000 -.27024302
295.000   5.000 .500000 -.53011930
305.000   5.000 .500000 -.88565952
315.000   5.000 .500000 -1.3187824
325.000   5.000 .500000 -1.2800765
335.000   5.000 .500000 -1.1072880
345.000   5.000 .500000 -.54357719
355.000   5.000 .500000 -.11999423
365.000   5.000 .500000 0.78575861
375.000   5.000 .500000  1.4642414
385.000   5.000 .500000  1.9447734
395.000   5.000 .500000  2.5916748
405.000   5.000 .500000  2.4002588
415.000   5.000 .500000  2.0665338
425.000   5.000 .500000  1.3584577
435.000   5.000 .500000 0.44699126
445.000   5.000 .500000 -.15232489
455.000   5.000 .500000 -.85003138
465.000   5.000 .500000 -1.2021030
475.000   5.000 .500000 -1.5980941
485.000   5.000 .500000 -1.3886516
495.000   5.000 .500000 -.88534403
  5.000  15.000 .500000 -1.8593955
 15.000  15.000 .500000 -1.7246476
 25.000  15.000 .500000 -1.4338039
 35.000  15.000 .500000 -1.2653389
 45.000  15.000 .500000 -1.0099690
 55.000  15.000 .500000 -.65005326
 65.000  15.000 .500000 -.70409060
 75.000  15.000 .500000 -.56086802
 85.000  15.000 .500000 -.14660001
 95.000  15.000 .500000 0.26894209
105.000  15.000 .500000 0.35143143
115.000  15.000 .500000 0.64540935
125.000  15.000 .500000 0.59955782
135.000  15.000 .500000 0.58835572
145.000  15.000 .500000 0.57706892
155.000  15.000 .500000 0.40993297
165.000  15.000 .500000 0.95332488E-02
175.000  15.000 .500000 -.17417696
185.000  15.000 .500000 -.49754480
195.000  15.000 .500000 -.34513864
205.000  15.000 .500000 -.43294907
215.000  15.000 .500000 0.19372754E-01
225.000  15.000 .500000 0.18046108
235.000  15.000 .500000 0.13598785
245.000  15.000 .500000 0.50447416
255.000  15.000 .500000 0.32453269
265.000  15.000 .500000 0.26652193
275.000  15.000 .500000 0.81156187E-01
285.000  15.000 .500000 -.65007025
295.000  15.000 .500000 -.75516421
305.000  15.000 .500000 -1.2085493
315.000  15.000 .500000 -1.5019649
325.000  15.000 .500000 -1.2705050
335.000  15.000 .500000 -1.0738735
345.000  15.000 .500000 -.38932842
355.000  15.000 .500000 0.25030458
365.000  15.000 .500000 0.99705565
375.000  15.000 .500000  1.8929276
385.000  15.000 .500000  2.4842315
395.000  15.000 .500000  2.6489093
405.000  15.000 .500000  2.5479617
415.000  15.000 .500000  2.1518626
425.000  15.000 .500000  1.3492171
435.000  15.000 .500000 0.44749352
445.000  15.000 .500000 -.32008141
455.000  15.000 .500000 -1.2024168
465.000  15.000 .500000 -1.1557740
475.000  15.000 .500000 -1.5768263
485.000  15.000 .500000 -1.2355739
495.000  15.000 .500000 -1.1161307
  5.000  25.000 .500000 -1.9613134
 15.000  25.000 .500000 -1.7785212
 25.000  25.000 .500000 -1.4884967
 35.000  25.000 .500000 -1.5366589
 45.000  25.000 .500000 -1.2156699
 55.000  25.000 .500000 -.93573755
 65.000  25.000 .500000 -.63546556
 75.000  25.000 .500000 -.39725971
 85.000  25.000 .500000 -.19361879
 95.000  25.000 .500000 0.34583455
105.000  25.000 .500000 0.66953576
115.000  25.000 .500000 0.72753477
125.000  25.000 .500000 0.82314211
135.000  25.000 .500000 0.71425939
145.000  25.000 .500000 0.60258901
155.000  25.000 .500000 0.50984591
165.000  25.000 .500000 0.49358614E-01
175.000  25.000 .500000 -.12810096
185.000  25.000 .500000 -.65630466E-01
195.000  25.000 .500000 -.17936167
205.000  25.000 .500000 -.58115453E-01
215.000  25.000 .500000 0.20805484
225.000  25.000 .500000 0.34821945
235.000  25.000 .500000 0.48383695
245.000  25.000 .500000 0.38460976
255.000  25.000 .500000 0.51918495
265.000  25.000 .500000 0.47119632E-01
275.000  25.000 .500000 -.65218791E-01
285.000  25.000 .500000 -.62919962
295.000  25.000 .500000 -.95949370
305.000  25.000 .500000 -1.3385173
315.000  25.000 .500000 -1.2323638
325.000  25.000 .500000 -1.2508736
335.000  25.000 .500000 -.94584441
345.000  25.000 .500000 -.17187819E-01
355.000  25.000 .500000 0.76802266
365.000  25.000 .500000  1.3855487
375.000  25.000 .500000  2.2260630
385.000  25.000 .500000  2.9849052
395.000  25.000 .500000  2.9117930
405.000  25.000 .500000  2.6782460
415.000  25.000 .500000  2.0225008
425.000  25.000 .500000  1.2570438
435.000  25.000 .500000 0.22719666
445.000  25.000 .500000 -.62491232
455.000  25.000 .500000 -1.0874462
465.000  25.000 .500000 -1.3953844
475.000  25.000 .500000 -1.3087943
485.000  25.000 .500000 -1.2380825
495.000  25.000 .500000 -.73823923
  5.000  35.000 .500000 -1.8315784
 15.000  35.000 .500000 -1.6960902
 25.000  35.000 .500000 -1.5792893
 35.000  35.000 .500000 -1.5371648
 45.000  35.000 .500000 -1.2699559
 55.000  35.000 .500000 -.92905480
 65.000  35.000 .500000 -.51907521
 75.000  35.000 .500000 -.33380264
 85.000  35.000 .500000 -.39899886E-01
 95.000  35.000 .500000 0.29528791
105.000  35.000 .500000 0.61083251
115.000  35.000 .500000 0.68790215
125.000  35.000 .500000 0.96662039
135.000  35.000 .500000 0.48076943
145.000  35.000 .500000 0.60967183
155.000  35.000 .500000 0.43138596
165.000  35.000 .500000 0.21258429E-01
175.000  35.000 .500000 -.79020865E-01
185.000  35.000 .500000 -.27637184E-03
195.000  35.000 .500000 0.44178516E-02
205.000  35.000 .500000 0.10210466
215.000  35.000 .500000 0.36550933
225.000  35.000 .500000 0.20118040
235.000  35.000 .500000 0.62155086
245.000  35.000 .500000 0.60501182
255.000  35.000 .500000 0.35096186
265.000  35.000 .500000 -.10602595
275.000  35.000 .500000 -.42319646
285.000  35.000 .500000 -.72095114
295.000  35.000 .500000 -1.2336675
305.000  35.000 .500000 -1.5537900
315.000  35.000 .500000 -1.1828625
325.000  35.000 .500000 -.91346842
335.000  35.000 .500000 -.59165770
345.000  35.000 .500000 0.28503183
355.000  35.000 .500000  1.2084736
365.000  35.000 .500000  1.9452353
375.000  35.000 .500000  2.3657024
385.000  35.000 .500000  2.7794096
395.000  35.000 .500000  2.6931322
405.000  35.000 .500000  2.3019614
415.000  35.000 .500000  1.7199551
425.000  35.000 .500000 0.81087565
435.000  35.000 .500000 0.91463923E-02
445.000  35.000 .500000 -.74482548
455.000  35.000 .500000 -1.3667752
465.000  35.000 .500000 -1.3739704
475.000  35.000 .500000 -1.3857933
485.000  35.000 .500000 -1.0400506
495.000  35.000 .500000 -.70890617
  5.000  45.000 .500000 -1.6784968
 15.000  45.000 .500000 -1.5849556
 25.000  45.000 .500000 -1.5735500
 35.000  45.000 .500000 -1.3369455
 45.000  45.000 .500000 -1.2523075
 55.000  45.000 .500000 -1.0076650
 65.000  45.000 .500000 -.57105213
 75.000  45.000 .500000 -.18303953
 85.000  45.000 .500000 0.17297211
 95.000  45.000 .500000 0.29229873
105.000  45.000 .500000 0.52605885
115.000  45.000 .500000 0.69439965
125.000  45.000 .500000 0.73424590
135.000  45.000 .500000 0.87837827
145.000  45.000 .500000 0.77822083
155.000  45.000 .500000 0.40064389
165.000  45.000 .500000 0.33230877
175.000  45.000 .500000 -.21467134
185.000  45.000 .500000 0.18549375
195.000  45.000 .500000 0.18651225
205.000  45.000 .500000 0.11752316
215.000  45.000 .500000 0.47023034
225.000  45.000 .500000 0.42805862
235.000  45.000 .500000 0.46194112
245.000  45.000 .500000 0.61092216
255.000  45.000 .500000 0.48832572
265.000  45.000 .500000 0.30529678E-01
275.000  45.000 .500000 -.47865614
285.000  45.000 .500000 -.87345481
295.000  45.000 .500000 -1.4029218
305.000  45.000 .500000 -1.3804362
315.000  45.000 .500000 -1.1453117
325.000  45.000 .500000 -.78973472
335.000  45.000 .500000 -.23234729
345.000  45.000 .500000 0.72977704
355.000  45.000 .500000  1.3665508
365.000  45.000 .500000  1.9848108
375.000  45.000 .500000  2.6994514
385.000  45.000 .500000  2.6819448
395.000  45.000 .500000  2.5426269
405.000  45.000 .500000  2.0615649
415.000  45.000 .500000  1.2037503
425.000  45.000 .500000 0.45888835
435.000  45.000 .500000 -.27646405
445.000  45.000 .500000 -.92363560
455.000  45.000 .500000 -1.2476455
465.000  45.000 .500000 -1.4276596
475.000  45.000 .500000 -1.2101072
485.000  45.000 .500000 -.98823899
495.000  45.000 .500000 -.16782671
  5.000  55.000 .500000 -1.4592054
 15.000  55.000 .500000 -1.5719752
 25.000  55.000 .500000 -1.4567958
 35.000  55.000 .500000 -1.3131101
 45.000  55.000 .500000 -1.1932068
 55.000  55.000 .500000 -.87187642
 65.000  55.000 .500000 -.74196041
 75.000  55.000 .500000 -.27933705
 85.000  55.000 .500000 0.52473679E-01
 95.000  55.000 .500000 0.37843889
105.000  55.000 .500000 0.49276927
115.000  55.000 .500000 0.50596523
125.000  55.000 .500000 0.69917238
135.000  55.000 .500000 0.61220843
145.000  55.000 .500000 0.42805991
155.000  55.000 .500000 0.40928727
165.000  55.000 .500000 0.10432608
175.000  55.000 .500000 0.76311193E-02
185.000  55.000 .500000 -.10772740
195.000  55.000 .500000 0.14928438
205.000  55.000 .500000 0.38383371
215.000  55.000 .500000 0.41277450
225.000  55.000 .500000 0.64642036
235.000  55.000 .500000 0.79154968
245.000  55.000 .500000 0.67194861
255.000  55.000 .500000 0.49593967
265.000  55.000 .500000 -.14576989
275.000  55.000 .500000 -.80492216
285.000  55.000 .500000 -.91939837
295.000  55.000 .500000 -1.1679037
305.000  55.000 .500000 -1.1891047
315.000  55.000 .500000 -.97936171
325.000  55.000 .500000 -.54394168
335.000  55.000 .500000 0.76437667E-01
345.000  55.000 .500000 0.77559596
355.000  55.000 .500000  1.6582021
365.000  55.000 .500000  2.1101074
375.000  55.000 .500000  2.4773734
385.000  55.000 .500000  2.5244205
395.000  55.000 .500000  2.4047589
405.000  55.000 .500000  1.6215416
415.000  55.000 .500000 0.84981942
425.000  55.000 .500000 0.24396621
435.000  55.000 .500000 -.44167036
445.000  55.000 .500000 -.96653581
455.000  55.000 .500000 -1.3449924
465.000  55.000 .500000 -1.0803347
475.000  55.000 .500000 -1.1079296
485.000  55.000 .500000 -.67602861
495.000  55.000 .500000 -.14102149
  5.000  65.000 .500000 -1.5077436
 15.000  65.000 .500000 -1.3900689
 25.000  65.000 .500000 -1.5073774
 35.000  65.000 .500000 -1.5214671
 45.000  65.000 .500000 -1.1597309
 55.000  65.000 .500000 -.63947833
 65.000  65.000 .500000 -.66230327
 75.000  65.000 .500000 -.23640457
 85.000  65.000 .500000 0.52674584E-01
 95.000  65.000 .500000 0.17112622
105.000  65.000 .500000 0.35815573
115.000  65.000 .500000 0.37318015
125.000  65.000 .500000 0.49958217
135.000  65.000 .500000 0.39540479
145.000  65.000 .500000 0.24767265
155.000  65.000 .500000 0.31771412
165.000  65.000 .500000 -.45206204E-01
175.000  65.000 .500000 -.49899256
185.000  65.000 .500000 -.16445297
195.000  65.000 .500000 -.15197539
205.000  65.000 .500000 0.30571014
215.000  65.000 .500000 0.70045269
225.000  65.000 .500000 0.71847695
235.000  65.000 .500000 0.87504113
245.000  65.000 .500000 0.71930677
255.000  65.000 .500000 0.58585173
265.000  65.000 .500000 0.87399587E-01
275.000  65.000 .500000 -.59678882
285.000  65.000 .500000 -1.1164455
295.000  65.000 .500000 -1.2589905
305.000  65.000 .500000 -.95934457
315.000  65.000 .500000 -.63147813
325.000  65.000 .500000 -.47992229
335.000  65.000 .500000 0.33584529
345.000  65.000 .500000 0.96458602
355.000  65.000 .500000  1.4635453
365.000  65.000 .500000  2.0531492
375.000  65.000 .500000  2.1937356
385.000  65.000 .500000  2.0852621
395.000  65.000 .500000  1.7886002
405.000  65.000 .500000  1.3052797
415.000  65.000 .500000 0.56726724
425.000  65.000 .500000 -.21651164
435.000  65.000 .500000 -.57700449
445.000  65.000 .500000 -.96750212
455.000  65.000 .500000 -1.1269213
465.000  65.000 .500000 -1.2030780
475.000  65.000 .500000 -.74597400
485.000  65.000 .500000 -.37537938
495.000  65.000 .500000 0.20925426
  5.000  75.000 .500000 -1.2832448
 15.000  75.000 .500000 -1.5465789
 25.000  75.000 .500000 -1.5709578
 35.000  75.000 .500000 -1.3371276
 45.000  75.000 .500000 -1.2065554
 55.000  75.000 .500000 -.71095991
 65.000  75.000 .500000 -.22599313
 75.000  75.000 .500000 -.14428920
 85.000  75.000 .500000 0.17426389
 95.000  75.000 .500000 0.22094677
105.000  75.000 .500000 0.14156902
115.000  75.000 .500000 0.17345226
125.000  75.000 .500000 0.23069604
135.000  75.000 .500000 0.10741654
145.000  75.000 .500000 0.16413639
155.000  75.000 .500000 -.13560168E-01
165.000  75.000 .500000 0.18071306
175.000  75.000 .500000 -.22327936
185.000  75.000 .500000 -.84580056E-01
195.000  75.000 .500000 -.83935261E-03
205.000  75.000 .500000 0.27612519
215.000  75.000 .500000 0.76055110
225.000  75.000 .500000  1.0965649
235.000  75.000 .500000  1.0284636
245.000  75.000 .500000  1.0258813
255.000  75.000 .500000 0.59134728
265.000  75.000 .500000 0.90703472E-01
275.000  75.000 .500000 -.42769316
285.000  75.000 .500000 -.71203506
295.000  75.000 .500000 -.93397588
305.000  75.000 .500000 -.88374746
315.000  75.000 .500000 -.50765163
325.000  75.000 .500000 -.39874829E-01
335.000  75.000 .500000 0.31252390
345.000  75.000 .500000 0.99577332
355.000  75.000 .500000  1.3986158
365.000  75.000 .500000  1.8418407
375.000  75.000 .500000  1.8512044
385.000  75.000 .500000  1.3790853
395.000  75.000 .500000  1.2656054
405.000  75.000 .500000 0.78525072
415.000  75.000 .500000 0.23306268
425.000  75.000 .500000 -.41653511
435.000  75.000 .500000 -.75818741
445.000  75.000 .500000 -.94949782
455.000  75.000 .500000 -1.0093654
465.000  75.000 .500000 -.96508342
475.000  75.000 .500000 -.67671216
485.000  75.000 .500000 -.34521151
495.000  75.000 .500000 0.31083289
  5.000  85.000 .500000 -1.2968240
 15.000  85.000 .500000 -1.4554287
 25.000  85.000 .500000 -1.4706520
 35.000  85.000 .500000 -1.3595163
 45.000  85.000 .500000 -.99285632
 55.000  85.000 .500000 -.78107071
 65.000  85.000 .500000 -.42893392
 75.000  85.000 .500000 -.19147548
 85.000  85.000 .500000 0.57720896E-01
 95.000  85.000 .500000 0.14295335
105.000  85.000 .500000 0.83960310E-01
115.000  85.000 .500000 0.75834408E-01
125.000  85.000 .500000 -.10839260
135.000  85.000 .500000 -.30278809E-01
145.000  85.000 .500000 -.17291068
155.000  85.000 .500000 -.29089338
165.000  85.000 .500000 -.25227362
175.000  85.000 .500000 -.50796099E-01
185.000  85.000 .500000 0.78936964E-01
195.000  85.000 .500000 0.33812141
205.000  85.000 .500000 0.43025857
215.000  85.000 .500000 0.76597363
225.000  85.000 .500000  1.0257039
235.000  85.000 .500000  1.4254233
245.000  85.000 .500000  1.2972783
255.000  85.000 .500000 0.87105477
265.000  85.000 .500000 0.31508875
275.000  85.000 .500000 -.22938028E-01
285.000  85.000 .500000 -.60925752
295.000  85.000 .500000 -.62436289
305.000  85.000 .500000 -.79814970
315.000  85.000 .500000 -.54183787
325.000  85.000 .500000 0.27004339E-01
335.000  85.000 .500000 0.39921489
345.000  85.000 .500000 0.79059249
355.000  85.000 .500000 0.98649502
365.000  85.000 .500000  1.2266917
375.000  85.000 .500000  1.2617117
385.000  85.000 .500000 0.96650028
395.000  85.000 .500000 0.80750871
405.000  85.000 .500000 0.23716402
415.000  85.000 .500000 0.11731453E-01
425.000  85.000 .500000 -.56739110
435.000  85.000 .500000 -.75044990
445.000  85.000 .500000 -.69218272
455.000  85.000 .500000 -.97893691
465.000  85.000 .500000 -.79151243
475.000  85.000 .500000 -.39302829
485.000  85.000 .500000 -.28540024
495.000  85.000 .500000 0.41033560
  5.000  95.000 .500000 -1.3876834
 15.000  95.000 .500000 -1.5319259
 25.000  95.000 .500000 -1.3963214
 35.000  95.000 .500000 -1.3064864
 45.000  95.000 .500000 -.78826338
 55.000  95.000 .500000 -.49150687
 65.000  95.000 .500000 -.37173322
 75.000  95.000 .500000 0.84744804E-02
 85.000  95.000 .500000 0.16555876
 95.000  95.000 .500000 0.31342399
105.000  95.000 .500000 -.43862443E-01
115.000  95.000 .500000 -.16533035
125.000  95.000 .500000 -.31878918
135.000  95.000 .500000 -.30299515
145.000  95.000 .500000 -.48975059
155.000  95.000 .500000 -.44092947
165.000  95.000 .500000 -.25942346
175.000  95.000 .500000 0.33588808E-01
185.000  95.000 .500000 0.43925542
195.000  95.000 .500000 0.68501371
205.000  95.000 .500000  1.0973079
215.000  95.000 .500000  1.4048449
225.000  95.000 .500000  1.4971259
235.000  95.000 .500000  1.7628100
245.000  95.000 .500000  1.5325317
255.000  95.000 .500000  1.1782070
265.000  95.000 .500000 0.67848700
275.000  95.000 .500000 0.38805389
285.000  95.000 .500000 -.77415660E-01
295.000  95.000 .500000 -.43374735
305.000  95.000 .500000 -.23662485
315.000  95.000 .500000 -.37427607
325.000  95.000 .500000 -.21881422
335.000  95.000 .500000 0.24708009
345.000  95.000 .500000 0.58812499
355.000  95.000 .500000 0.70042819
365.000  95.000 .500000 0.79830694
375.000  95.000 .500000 0.49350876
385.000  95.000 .500000 0.48459560
395.000  95.000 .500000 0.33852965
405.000  95.000 .500000 -.47989048E-01
415.000  95.000 .500000 -.17790222
425.000  95.000 .500000 -.35897070
435.000  95.000 .500000 -.62300324
445.000  95.000 .500000 -.63934469
455.000  95.000 .500000 -.72595108
465.000  95.000 .500000 -.44895655
475.000  95.000 .500000 -.28922892
485.000  95.000 .500000 0.60716361E-01
495.000  95.000 .500000 0.51676798
  5.000 105.000 .500000 -1.5464258
 15.000 105.000 .500000 -1.7660197
 25.000 105.000 .500000 -1.5115365
 35.000 105.000 .500000 -1.1736903
 45.000 105.000 .500000 -.76507342
 55.000 105.000 .500000 -.34079632
 65.000 105.000 .500000 -.31217641
 75.000 105.000 .500000 -.43150783E-01
 85.000 105.000 .500000 0.13562720
 95.000 105.000 .500000 0.15018994
105.000 105.000 .500000 -.17670906
115.000 105.000 .500000 -.24795373
125.000 105.000 .500000 -.41017765
135.000 105.000 .500000 -.51926512
145.000 105.000 .500000 -.36836964
155.000 105.000 .500000 -.38132295
165.000 105.000 .500000 -.72716318E-01
175.000 105.000 .500000 0.26297837
185.000 105.000 .500000 0.51748157
195.000 105.000 .500000 0.97949636
205.000 105.000 .500000  1.2876811
215.000 105.000 .500000  1.7723713
225.000 105.000 .500000  2.0964553
235.000 105.000 .500000  2.0465958
245.000 105.000 .500000  2.1289196
255.000 105.000 .500000  1.6018903
265.000 105.000 .500000  1.0151176
275.000 105.000 .500000 0.40512738
285.000 105.000 .500000 0.20202219
295.000 105.000 .500000 -.10575119
305.000 105.000 .500000 -.37465096
315.000 105.000 .500000 -.74507549E-01
325.000 105.000 .500000 -.56975644E-01
335.000 105.000 .500000 0.79456061E-01
345.000 105.000 .500000 0.12404496
355.000 105.000 .500000 0.39794189
365.000 105.000 .500000 0.12796922
375.000 105.000 .500000 0.13574214
385.000 105.000 .500000 0.19892195
395.000 105.000 .500000 -.66409014E-01
405.000 105.000 .500000 -.20704792
415.000 105.000 .500000 -.54611415
425.000 105.000 .500000 -.59282506
435.000 105.000 .500000 -.54597050
445.000 105.000 .500000 -.45148578
455.000 105.000 .500000 -.32359788
465.000 105.000 .500000 -.11985789
475.000 105.000 .500000 0.95546776E-02
485.000 105.000 .500000 0.17445888
495.000 105.000 .500000 0.58451921
  5.000 115.000 .500000 -1.9008565
 15.000 115.000 .500000 -1.6304373
 25.000 115.000 .500000 -1.3608398
 35.000 115.000 .500000 -1.0137560
 45.000 115.000 .500000 -.63898331
 55.000 115.000 .500000 -.32460046
 65.000 115.000 .500000 0.64821467E-01
 75.000 115.000 .500000 0.11913951
 85.000 115.000 .500000 0.19974670
 95.000 115.000 .500000 0.10972842
105.000 115.000 .500000 -.20573315
115.000 115.000 .500000 -.33646747
125.000 115.000 .500000 -.63105881
135.000 115.000 .500000 -.71913427
145.000 115.000 .500000 -.79351890
155.000 115.000 .500000 -.22317493
165.000 115.000 .500000 0.10239781
175.000 115.000 .500000 0.62737215
185.000 115.000 .500000  1.1323012
195.000 115.000 .500000  1.4673185
205.000 115.000 .500000  2.0274491
215.000 115.000 .500000  2.3681698
225.000 115.000 .500000  2.4538543
235.000 115.000 .500000  2.2279801
245.000 115.000 .500000  2.3711958
255.000 115.000 .500000  1.8188474
265.000 115.000 .500000  1.4233103
275.000 115.000 .500000 0.69150919
285.000 115.000 .500000 0.42961448
295.000 115.000 .500000 -.86402848E-01
305.000 115.000 .500000 -.10897582
315.000 115.000 .500000 -.16266556
325.000 115.000 .500000 -.12498797
335.000 115.000 .500000 0.29755205E-01
345.000 115.000 .500000 0.39726153E-01
355.000 115.000 .500000 -.20368680
365.000 115.000 .500000 -.17590851
375.000 115.000 .500000 -.15733185
385.000 115.000 .500000 -.15820712
395.000 115.000 .500000 -.23519829
405.000 115.000 .500000 -.43145677
415.000 115.000 .500000 -.25052953
425.000 115.000 .500000 -.38592717
435.000 115.000 .500000 -.24860275
445.000 115.000 .500000 -.35748863
455.000 115.000 .500000 -.21191409
465.000 115.000 .500000 -.71536317E-01
475.000 115.000 .500000 0.14797166
485.000 115.000 .500000 0.52903104
495.000 115.000 .500000 0.70082003
  5.000 125.000 .500000 -1.9375960
 15.000 125.000 .500000 -1.9053947
 25.000 125.000 .500000 -1.4219095
 35.000 125.000 .500000 -1.0080746
 45.000 125.000 .500000 -.46774772
 55.000 125.000 .500000 -.31814027
 65.000 125.000 .500000 0.27071133E-01
 75.000 125.000 .500000 0.13649292
 85.000 125.000 .500000 -.18137261E-01
 95.000 125.000 .500000 0.18835512
105.000 125.000 .500000 -.14273870
115.000 125.000 .500000 -.37203166
125.000 125.000 .500000 -.64791644
135.000 125.000 .500000 -.88713664
145.000 125.000 .500000 -.72009927
155.000 125.000 .500000 -.32937124
165.000 125.000 .500000 0.29524601
175.000 125.000 .500000 0.88933802
185.000 125.000 .500000  1.4997987
195.000 125.000 .500000  1.9823045
205.000 125.000 .500000  2.3405523
215.000 125.000 .500000  2.5762916
225.000 125.000 .500000  2.6674633
235.000 125.000 .500000  2.7147985
245.000 125.000 .500000  2.5283139
255.000 125.000 .500000  2.0656283
265.000 125.000 .500000  1.6830502
275.000 125.000 .500000  1.0860724
285.000 125.000 .500000 0.62997824
295.000 125.000 .500000 0.35638556
305.000 125.000 .500000 -.23899898
315.000 125.000 .500000 -.30490252
325.000 125.000 .500000 -.18343088
335.000 125.000 .500000 -.41256189
345.000 125.000 .500000 -.22220685
355.000 125.000 .500000 -.40733129E-01
365.000 125.000 .500000 -.35228691
375.000 125.000 .500000 -.37280631
385.000 125.000 .500000 -.31751680
395.000 125.000 .500000 -.50068295
405.000 125.000 .500000 -.46745110
415.000 125.000 .500000 -.31100491
425.000 125.000 .500000 -.25291854
435.000 125.000 .500000 -.21071202
445.000 125.000 .500000 0.14089458E-02
455.000 125.000 .500000 0.15986189E-01
465.000 125.000 .500000 0.11694062
475.000 125.000 .500000 0.31041348
485.000 125.000 .500000 0.39217722
495.000 125.000 .500000 0.72411633
  5.000 135.000 .500000 -2.1446254
 15.000 135.000 .500000 -1.7431722
 25.000 135.000 .500000 -1.3081627
 35.000 135.000 .500000 -.80643225
 45.000 135.000 .500000 -.52168304
 55.000 135.000 .500000 -.15522334
 65.000 135.000 .500000 -.10286521
 75.000 135.000 .500000 0.13958886
 85.000 135.000 .500000 0.26363921
 95.000 135.000 .500000 0.77737927E-01
105.000 135.000 .500000 -.18562168E-01
115.000 135.000 .500000 -.64518446
125.000 135.000 .500000 -.64269352
135.000 135.000 .500000 -.62703538
145.000 135.000 .500000 -.53881812
155.000 135.000 .500000 0.15179300
165.000 135.000 .500000 0.51372921
175.000 135.000 .500000  1.1050709
185.000 135.000 .500000  1.7535430
195.000 135.000 .500000  2.2629805
205.000 135.000 .500000  2.4900262
215.000 135.000 .500000  2.8417077
225.000 135.000 .500000  2.7969525
235.000 135.000 .500000  2.5965292
245.000 135.000 .500000  2.3733554
255.000 135.000 .500000  2.1384535
265.000 135.000 .500000  1.4704835
275.000 135.000 .500000  1.0627156
285.000 135.000 .500000 0.56016624
295.000 135.000 .500000 0.15181863
305.000 135.000 .500000 -.17551513
315.000 135.000 .500000 -.21897309
325.000 135.000 .500000 -.11338519
335.000 135.000 .500000 -.26591390
345.000 135.000 .500000 -.41778839
355.000 135.000 .500000 -.43682525
365.000 135.000 .500000 -.32437474
375.000 135.000 .500000 -.49507886
385.000 135.000 .500000 -.52432638
395.000 135.000 .500000 -.41310528
405.000 135.000 .500000 -.21234469
415.000 135.000 .500000 -.49882304E-01
425.000 135.000 .500000 -.24172565
435.000 135.000 .500000 0.10511123
445.000 135.000 .500000 0.17472538
455.000 135.000 .500000 0.46742123
465.000 135.000 .500000 0.27280754
475.000 135.000 .500000 0.56090480
485.000 135.000 .500000 0.68881249
495.000 135.000 .500000 0.95936048
  5.000 145.000 .500000 -1.9894016
 15.000 145.000 .500000 -1.2842600
 25.000 145.000 .500000 -1.3444721
 35.000 145.000 .500000 -1.0086098
 45.000 145.000 .500000 -.72723901
 55.000 145.000 .500000 -.21940428
 65.000 145.000 .500000 -.19584912
 75.000 145.000 .500000 0.17315499E-01
 85.000 145.000 .500000 0.10744844E-01
 95.000 145.000 .500000 0.44222251E-01
105.000 145.000 .500000 -.15452075
115.000 145.000 .500000 -.26367706
125.000 145.000 .500000 -.68466210
135.000 145.000 .500000 -.53718770
145.000 145.000 .500000 -.22277384
155.000 145.000 .500000 0.19933797
165.000 145.000 .500000 0.88307661
175.000 145.000 .500000  1.3241926
185.000 145.000 .500000  1.9218560
195.000 145.000 .500000  2.3163204
205.000 145.000 .500000  2.6714892
215.000 145.000 .500000  2.7445073
225.000 145.000 .500000  2.7126837
235.000 145.000 .500000  2.5955384
245.000 145.000 .500000  2.1662443
255.000 145.000 .500000  1.8818284
265.000 145.000 .500000  1.2774893
275.000 145.000 .500000 0.86820656
285.000 145.000 .500000 0.50610483
295.000 145.000 .500000 -.64732544E-01
305.000 145.000 .500000 -.15773520
315.000 145.000 .500000 -.27938041
325.000 145.000 .500000 -.31663635
335.000 145.000 .500000 -.60260653
345.000 145.000 .500000 -.29506099
355.000 145.000 .500000 -.27833554
365.000 145.000 .500000 -.26663822
375.000 145.000 .500000 -.29024285
385.000 145.000 .500000 -.40074193
395.000 145.000 .500000 -.14659716
405.000 145.000 .500000 0.12379589
415.000 145.000 .500000 0.16099668
425.000 145.000 .500000 0.41349125
435.000 145.000 .500000 0.50344992
445.000 145.000 .500000 0.36347929
455.000 145.000 .500000 0.23563951
465.000 145.000 .500000 0.41170776
475.000 145.000 .500000 0.57994896
485.000 145.000 .500000 0.65663409
495.000 145.000 .500000 0.59141845
  5.000 155.000 .500000 -2.0473564
 15.000 155.000 .500000 -1.6646109
 25.000 155.000 .500000 -1.1246876
 35.000 155.000 .500000 -.83476925
 45.000 155.000 .500000 -.51676238
 55.000 155.000 .500000 -.31637770
 65.000 155.000 .500000 -.76277316E-01
 75.000 155.000 .500000 -.12787372E-01
 85.000 155.000 .500000 -.15413803
 95.000 155.000 .500000 0.23039171E-01
105.000 155.000 .500000 -.19744948
115.000 155.000 .500000 -.12487824
125.000 155.000 .500000 -.18263687
135.000 155.000 .500000 -.16132423
145.000 155.000 .500000 0.10977967
155.000 155.000 .500000 0.53713942
165.000 155.000 .500000  1.1830757
175.000 155.000 .500000  1.5149611
185.000 155.000 .500000  1.9562176
195.000 155.000 .500000  2.3182921
205.000 155.000 .500000  2.6700675
215.000 155.000 .500000  2.6178856
225.000 155.000 .500000  2.4834571
235.000 155.000 .500000  2.3671973
245.000 155.000 .500000  1.9329921
255.000 155.000 .500000  1.6226208
265.000 155.000 .500000  1.0101465
275.000 155.000 .500000 0.63506860
285.000 155.000 .500000 0.15892410
295.000 155.000 .500000 -.70292652E-01
305.000 155.000 .500000 -.26410770
315.000 155.000 .500000 -.26872146
325.000 155.000 .500000 -.24521920
335.000 155.000 .500000 -.22877039
345.000 155.000 .500000 -.44823843
355.000 155.000 .500000 -.40645427
365.000 155.000 .500000 -.34269321
375.000 155.000 .500000 -.28755873
385.000 155.000 .500000 -.12204432
395.000 155.000 .500000 0.67620017E-01
405.000 155.000 .500000 0.20414224
415.000 155.000 .500000 0.49525476
425.000 155.000 .500000 0.17784709
435.000 155.000 .500000 0.51433015
445.000 155.000 .500000 0.58315814
455.000 155.000 .500000 0.33841419
465.000 155.000 .500000 0.52272540
475.000 155.000 .500000 0.57633352
485.000 155.000 .500000 0.54001439
495.000 155.000 .500000 0.58328432
  5.000 165.000 .500000 -1.6581818
 15.000 165.000 .500000 -1.4233499
 25.000 165.000 .500000 -.88373637
 35.000 165.000 .500000 -.78235042
 45.000 165.000 .500000 -.57046473
 55.000 165.000 .500000 -.32135528
 65.000 165.000 .500000 -.11737853E-01
 75.000 165.000 .500000 -.14210340
 85.000 165.000 .500000 -.61933994E-01
 95.000 165.000 .500000 0.12806773
105.000 165.000 .500000 0.22633404E-01
115.000 165.000 .500000 0.64688772E-02
125.000 165.000 .500000 -.15015201
135.000 165.000 .500000 0.57017297E-01
145.000 165.000 .500000 0.29436356
155.000 165.000 .500000 0.80351466
165.000 165.000 .500000  1.3432188
175.000 165.000 .500000  1.8205951
185.000 165.000 .500000  1.9727619
195.000 165.000 .500000  2.3940141
205.000 165.000 .500000  2.4608648
215.000 165.000 .500000  2.5329196
225.000 165.000 .500000  2.4586089
235.000 165.000 .500000  2.0390744
245.000 165.000 .500000  1.4968522
255.000 165.000 .500000  1.1674893
265.000 165.000 .500000 0.75230914
275.000 165.000 .500000 0.40496838
285.000 165.000 .500000 0.87771997E-01
295.000 165.000 .500000 -.38935550E-01
305.000 165.000 .500000 0.61660111E-01
315.000 165.000 .500000 -.33785173
325.000 165.000 .500000 -.41110188
335.000 165.000 .500000 -.45030493
345.000 165.000 .500000 -.55407536
355.000 165.000 .500000 -.53606433
365.000 165.000 .500000 -.35642353
375.000 165.000 .500000 -.27690327
385.000 165.000 .500000 -.90709239E-01
395.000 165.000 .500000 -.11540540E-01
405.000 165.000 .500000 0.18970712
415.000 165.000 .500000 0.27713555
425.000 165.000 .500000 0.42675495
435.000 165.000 .500000 0.23200056
445.000 165.000 .500000 0.49855024
455.000 165.000 .500000 0.39058316
465.000 165.000 .500000 0.54809529
475.000 165.000 .500000 0.33589241
485.000 165.000 .500000 0.26831442
495.000 165.000 .500000 0.55177331
  5.000 175.000 .500000 -1.5036405
 15.000 175.000 .500000 -1.2584708
 25.000 175.000 .500000 -.95953953
 35.000 175.000 .500000 -.60817599
 45.000 175.000 .500000 -.45963076
 55.000 175.000 .500000 0.20167023E-01
 65.000 175.000 .500000 -.19683138E-01
 75.000 175.000 .500000 -.81462689E-01
 85.000 175.000 .500000 -.46605721E-01
 95.000 175.000 .500000 0.22832981
105.000 175.000 .500000 0.29159307E-01
115.000 175.000 .500000 0.13973975
125.000 175.000 .500000 0.25190824
135.000 175.000 .500000 0.24038190
145.000 175.000 .500000 0.70769453
155.000 175.000 .500000  1.1634858
165.000 175.000 .500000  1.3465741
175.000 175.000 .500000  1.6401601
185.000 175.000 .500000  2.2097504
195.000 175.000 .500000  2.1836901
205.000 175.000 .500000  2.3153872
215.000 175.000 .500000  2.3616133
225.000 175.000 .500000  2.0870640
235.000 175.000 .500000  1.8694721
245.000 175.000 .500000  1.3086313
255.000 175.000 .500000 0.86534584
265.000 175.000 .500000 0.44903314
275.000 175.000 .500000 0.28353229E-01
285.000 175.000 .500000 0.14854512
295.000 175.000 .500000 -.18337329
305.000 175.000 .500000 -.28115618
315.000 175.000 .500000 -.22053851
325.000 175.000 .500000 -.32992092
335.000 175.000 .500000 -.33380407
345.000 175.000 .500000 -.43048146
355.000 175.000 .500000 -.38134724
365.000 175.000 .500000 -.35901415
375.000 175.000 .500000 -.20083445
385.000 175.000 .500000 -.10259436
395.000 175.000 .500000 0.15621108
405.000 175.000 .500000 0.21206352
415.000 175.000 .500000 0.39484721
425.000 175.000 .500000 0.34594643
435.000 175.000 .500000 0.22581373
445.000 175.000 .500000 0.40737927
455.000 175.000 .500000 0.32921332
465.000 175.000 .500000 0.15698424
475.000 175.000 .500000 0.32959193E-01
485.000 175.000 .500000 0.20893261
495.000 175.000 .500000 0.12317061E-01
  5.000 185.000 .500000 -1.5271834
 15.000 185.000 .500000 -1.2476851
 25.000 185.000 .500000 -1.0042081
 35.000 185.000 .500000 -.39799422
 45.000 185.000 .500000 -.30946806E-01
 55.000 185.000 .500000 -.16461940
 65.000 185.000 .500000 -.10687585
 75.000 185.000 .500000 -.11027240
 85.000 185.000 .500000 0.42751320E-01
 95.000 185.000 .500000 0.31007332
105.000 185.000 .500000 0.10690202
115.000 185.000 .500000 0.30324253
125.000 185.000 .500000 0.39718339
135.000 185.000 .500000 0.46489897
145.000 185.000 .500000 0.87252408
155.000 185.000 .500000  1.0686570
165.000 185.000 .500000  1.3706819
175.000 185.000 .500000  1.6888459
185.000 185.000 .500000  2.1010106
195.000 185.000 .500000  2.1700275
205.000 185.000 .500000  2.0043161
215.000 185.000 .500000  2.1399939
225.000 185.000 .500000  1.8416293
235.000 185.000 .500000  1.4320058
245.000 185.000 .500000  1.0733750
255.000 185.000 .500000 0.47008961
265.000 185.000 .500000 0.24372289
275.000 185.000 .500000 -.22043329
285.000 185.000 .500000 -.37305075
295.000 185.000 .500000 -.15654901
305.000 185.000 .500000 -.18934482
315.000 185.000 .500000 -.38515720
325.000 185.000 .500000 -.34797826
335.000 185.000 .500000 -.27257118
345.000 185.000 .500000 -.32744396
355.000 185.000 .500000 -.49347195
365.000 185.000 .500000 -.58891988
375.000 185.000 .500000 -.26623315
385.000 185.000 .500000 -.71089476E-01
395.000 185.000 .500000 0.18522775
405.000 185.000 .500000 0.70282072E-01
415.000 185.000 .500000 0.25007957
425.000 185.000 .500000 0.35565007
435.000 185.000 .500000 0.34517041
445.000 185.000 .500000 0.12106597
455.000 185.000 .500000 0.18164021
465.000 185.000 .500000 0.21160107E-01
475.000 185.000 .500000 -.28979197
485.000 185.000 .500000 -.23508435
495.000 185.000 .500000 -.23516132
  5.000 195.000 .500000 -1.1357094
 15.000 195.000 .500000 -.96379584
 25.000 195.000 .500000 -.47874454
 35.000 195.000 .500000 -.34111232
 45.000 195.000 .500000 -.12389629
 55.000 195.000 .500000 -.19252975
 65.000 195.000 .500000 0.18153775
 75.000 195.000 .500000 0.33587128E-01
 85.000 195.000 .500000 0.21463405
 95.000 195.000 .500000 0.26477867
105.000 195.000 .500000 0.41377002
115.000 195.000 .500000 0.31037486
125.000 195.000 .500000 0.37042794
135.000 195.000 .500000 0.71449226
145.000 195.000 .500000 0.69042933
155.000 195.000 .500000  1.0183840
165.000 195.000 .500000  1.3462188
175.000 195.000 .500000  1.3798541
185.000 195.000 .500000  1.7723339
195.000 195.000 .500000  2.0377047
205.000 195.000 .500000  1.8402070
215.000 195.000 .500000  1.6211224
225.000 195.000 .500000  1.4990853
235.000 195.000 .500000  1.2660428
245.000 195.000 .500000 0.77455169
255.000 195.000 .500000 0.39714926
265.000 195.000 .500000 0.19916686
275.000 195.000 .500000 -.64159408E-01
285.000 195.000 .500000 -.62407237
295.000 195.000 .500000 -.16049497
305.000 195.000 .500000 -.22670329
315.000 195.000 .500000 -.24367988
325.000 195.000 .500000 -.29997990
335.000 195.000 .500000 -.59187651E-01
345.000 195.000 .500000 -.19550173
355.000 195.000 .500000 -.36997429
365.000 195.000 .500000 -.26983157
375.000 195.000 .500000 -.19571725
385.000 195.000 .500000 -.22379941
395.000 195.000 .500000 -.10476240
405.000 195.000 .500000 0.14037633
415.000 195.000 .500000 0.24184890
425.000 195.000 .500000 0.22411436
435.000 195.000 .500000 0.99457100E-01
445.000 195.000 .500000 -.13832752
455.000 195.000 .500000 -.22842109
465.000 195.000 .500000 -.37793532
475.000 195.000 .500000 -.45626134
485.000 195.000 .500000 -.47299218
495.000 195.000 .500000 -.41077459
  5.000 205.000 .500000 -.94142848
 15.000 205.000 .500000 -.70582128
 25.000 205.000 .500000 -.39164793
 35.000 205.000 .500000 -.26946950
 45.000 205.000 .500000 -.22900730E-01
 55.000 205.000 .500000 -.11408806E-01
 65.000 205.000 .500000 0.10619231
 75.000 205.000 .500000 0.30815673
 85.000 205.000 .500000 0.76632917E-01
 95.000 205.000 .500000 0.32273820
105.000 205.000 .500000 0.21746083
115.000 205.000 .500000 0.42047310
125.000 205.000 .500000 0.52929807
135.000 205.000 .500000 0.73873115
145.000 205.000 .500000 0.65133065
155.000 205.000 .500000 0.80870461
165.000 205.000 .500000  1.0431993
175.000 205.000 .500000  1.4075354
185.000 205.000 .500000  1.5029891
195.000 205.000 .500000  1.5620451
205.000 205.000 .500000  1.5422308
215.000 205.000 .500000  1.4671906
225.000 205.000 .500000  1.0547254
235.000 205.000 .500000  1.0412288
245.000 205.000 .500000 0.88775480
255.000 205.000 .500000 0.58831275
265.000 205.000 .500000 0.56568488E-01
275.000 205.000 .500000 -.21525757
285.000 205.000 .500000 -.25284794
295.000 205.000 .500000 -.39369535
305.000 205.000 .500000 -.10866119
315.000 205.000 .500000 0.23267157E-02
325.000 205.000 .500000 0.21366245
335.000 205.000 .500000 0.24614413
345.000 205.000 .500000 -.42034261E-01
355.000 205.000 .500000 0.25285587E-01
365.000 205.000 .500000 -.26686975
375.000 205.000 .500000 -.25867760E-01
385.000 205.000 .500000 -.14874566
395.000 205.000 .500000 0.70782229E-01
405.000 205.000 .500000 -.17268013E-01
415.000 205.000 .500000 0.11426659
425.000 205.000 .500000 0.21899135
435.000 205.000 .500000 -.49661763E-01
445.000 205.000 .500000 -.25101641
455.000 205.000 .500000 -.55090600
465.000 205.000 .500000 -.67355186
475.000 205.000 .500000 -.70912910
485.000 205.000 .500000 -.83807218
495.000 205.000 .500000 -.96067870
  5.000 215.000 .500000 -.83418131
 15.000 215.000 .500000 -.41013727
 25.000 215.000 .500000 -.29191378
 35.000 215.000 .500000 -.12927988
 45.000 215.000 .500000 -.11702662
 55.000 215.000 .500000 -.55034496E-01
 65.000 215.000 .500000 0.24352185E-01
 75.000 215.000 .500000 0.19427526
 85.000 215.000 .500000 0.27012584
 95.000 215.000 .500000 0.10800759
105.000 215.000 .500000 0.19046807
115.000 215.000 .500000 0.37818885
125.000 215.000 .500000 0.54595232
135.000 215.000 .500000 0.65142012
145.000 215.000 .500000 0.77979875
155.000 215.000 .500000 0.94504040
165.000 215.000 .500000 0.81730425
175.000 215.000 .500000 0.93306160
185.000 215.000 .500000  1.0058206
195.000 215.000 .500000  1.2149903
205.000 215.000 .500000  1.2143917
215.000 215.000 .500000 0.92605579
225.000 215.000 .500000  1.2729065
235.000 215.000 .500000  1.0268890
245.000 215.000 .500000 0.63345617
255.000 215.000 .500000 0.66920656
265.000 215.000 .500000 0.34623948
275.000 215.000 .500000 -.22182319
285.000 215.000 .500000 -.19140255
295.000 215.000 .500000 -.10741565
305.000 215.000 .500000 0.10720649
315.000 215.000 .500000 0.22340012
325.000 215.000 .500000 0.50704467
335.000 215.000 .500000 0.65233886E-01
345.000 215.000 .500000 0.21416344
355.000 215.000 .500000 -.24666525E-01
365.000 215.000 .500000 -.12762427
375.000 215.000 .500000 -.20640452
385.000 215.000 .500000 -.11010228
395.000 215.000 .500000 -.29793574E-01
405.000 215.000 .500000 -.45903057E-01
415.000 215.000 .500000 -.80630414E-01
425.000 215.000 .500000 -.24925168
435.000 215.000 .500000 -.46117154
445.000 215.000 .500000 -.52949965
455.000 215.000 .500000 -.94277483
465.000 215.000 .500000 -1.1059188
475.000 215.000 .500000 -1.1603317
485.000 215.000 .500000 -1.2036684
495.000 215.000 .500000 -1.1042377
  5.000 225.000 .500000 -.45302489
 15.000 225.000 .500000 -.50478834
 25.000 225.000 .500000 -.50712067
 35.000 225.000 .500000 -.35263412E-01
 45.000 225.000 .500000 -.13002497
 55.000 225.000 .500000 0.75232916E-01
 65.000 225.000 .500000 -.17421025
 75.000 225.000 .500000 -.11538061
 85.000 225.000 .500000 -.98901913E-01
 95.000 225.000 .500000 -.51140711E-02
105.000 225.000 .500000 0.22027774
115.000 225.000 .500000 0.42091084
125.000 225.000 .500000 0.43425891
135.000 225.000 .500000 0.38007575
145.000 225.000 .500000 0.65245903
155.000 225.000 .500000 0.45333925
165.000 225.000 .500000 0.81827402
175.000 225.000 .500000 0.60183340
185.000 225.000 .500000 0.75744271
195.000 225.000 .500000 0.89913744
205.000 225.000 .500000 0.99122363
215.000 225.000 .500000 0.92976034
225.000 225.000 .500000 0.89060980
235.000 225.000 .500000 0.79391754
245.000 225.000 .500000 0.75130236
255.000 225.000 .500000 0.46257505
265.000 225.000 .500000 0.33487284
275.000 225.000 .500000 -.10613947
285.000 225.000 .500000 0.98493226E-01
295.000 225.000 .500000 0.15078586E-01
305.000 225.000 .500000 0.36930338E-01
315.000 225.000 .500000 0.32072186
325.000 225.000 .500000 0.44655180
335.000 225.000 .500000 0.24400559
345.000 225.000 .500000 0.14365660
355.000 225.000 .500000 -.25569430
365.000 225.000 .500000 -.11806723
375.000 225.000 .500000 -.30314749
385.000 225.000 .500000 -.85472137E-01
395.000 225.000 .500000 -.93292721E-01
405.000 225.000 .500000 -.36308482E-01
415.000 225.000 .500000 -.28092149
425.000 225.000 .500000 -.27479413
435.000 225.000 .500000 -.79765260
445.000 225.000 .500000 -.77008498
455.000 225.000 .500000 -1.3546958
465.000 225.000 .500000 -1.3222592
475.000 225.000 .500000 -1.6077558
485.000 225.000 .500000 -1.6896145
495.000 225.000 .500000 -1.3752886
  5.000 235.000 .500000 -.47406805
 15.000 235.000 .500000 -.39241245
 25.000 235.000 .500000 -.10105905
 35.000 235.000 .500000 -.13300613
 45.000 235.000 .500000 -.23685512
 55.000 235.000 .500000 -.30430883E-01
 65.000 235.000 .500000 -.17640497
 75.000 235.000 .500000 -.33649713
 85.000 235.000 .500000 -.28437218
 95.000 235.000 .500000 -.53432185E-01
105.000 235.000 .500000 0.27113587
115.000 235.000 .500000 0.52059531
125.000 235.000 .500000 0.34061778
135.000 235.000 .500000 0.32088590
145.000 235.000 .500000 0.43575850
155.000 235.000 .500000 0.42043179
165.000 235.000 .500000 0.34383130
175.000 235.000 .500000 0.30117220
185.000 235.000 .500000 0.48689574
195.000 235.000 .500000 0.43280527
205.000 235.000 .500000 0.67662060
215.000 235.000 .500000 0.82903230
225.000 235.000 .500000 0.76447248
235.000 235.000 .500000 0.81311375
245.000 235.000 .500000 0.85377192
255.000 235.000 .500000 0.62689137
265.000 235.000 .500000 0.37756586
275.000 235.000 .500000 0.20613867
285.000 235.000 .500000 0.94897009E-01
295.000 235.000 .500000 0.17174178
305.000 235.000 .500000 0.32646009
315.000 235.000 .500000 0.43612143
325.000 235.000 .500000 0.30666512
335.000 235.000 .500000 0.26210114
345.000 235.000 .500000 -.54415599E-01
355.000 235.000 .500000 -.93652904E-01
365.000 235.000 .500000 -.38130230
375.000 235.000 .500000 -.29272783
385.000 235.000 .500000 -.27552831
395.000 235.000 .500000 -.12846264
405.000 235.000 .500000 -.32944921
415.000 235.000 .500000 -.27513915
425.000 235.000 .500000 -.59661287
435.000 235.000 .500000 -.92524481
445.000 235.000 .500000 -1.2005869
455.000 235.000 .500000 -1.5618224
465.000 235.000 .500000 -1.7958641
475.000 235.000 .500000 -1.9234846
485.000 235.000 .500000 -1.8101102
495.000 235.000 .500000 -1.6266302
  5.000 245.000 .500000 -.35842210
 15.000 245.000 .500000 -.26444051
 25.000 245.000 .500000 -.96964687E-02
 35.000 245.000 .500000 -.17227460
 45.000 245.000 .500000 -.16711634
 55.000 245.000 .500000 -.35516161
 65.000 245.000 .500000 -.25507191
 75.000 245.000 .500000 -.40549472
 85.000 245.000 .500000 -.28287727
 95.000 245.000 .500000 0.94548538E-01
105.000 245.000 .500000 0.12079685
115.000 245.000 .500000 0.36533096
125.000 245.000 .500000 0.16534407
135.000 245.000 .500000 0.31485599
145.000 245.000 .500000 -.66722393E-01
155.000 245.000 .500000 0.12812832
165.000 245.000 .500000 0.13759673
175.000 245.000 .500000 -.85504398E-01
185.000 245.000 .500000 0.94841577E-01
195.000 245.000 .500000 0.34388584
205.000 245.000 .500000 0.50140840
215.000 245.000 .500000 0.61338323
225.000 245.000 .500000 0.59017724
235.000 245.000 .500000 0.53559542
245.000 245.000 .500000 0.70212239
255.000 245.000 .500000 0.52799821
265.000 245.000 .500000 0.43397376
275.000 245.000 .500000 0.38010460
285.000 245.000 .500000 0.36468619
295.000 245.000 .500000 0.31734592
305.000 245.000 .500000 0.33456376
315.000 245.000 .500000 0.21526621
325.000 245.000 .500000 0.40033352
335.000 245.000 .500000 0.11603907
345.000 245.000 .500000 0.13581903
355.000 245.000 .500000 -.55492610
365.000 245.000 .500000 -.31220132
375.000 245.000 .500000 -.43505457
385.000 245.000 .500000 -.55057210
395.000 245.000 .500000 -.42475122
405.000 245.000 .500000 -.61233675
415.000 245.000 .500000 -.65847957
425.000 245.000 .500000 -.83812088
435.000 245.000 .500000 -1.2140696
445.000 245.000 .500000 -1.6126589
455.000 245.000 .500000 -1.8814375
465.000 245.000 .500000 -1.9744155
475.000 245.000 .500000 -1.9312602
485.000 245.000 .500000 -1.8714120
495.000 245.000 .500000 -1.4836330
  5.000 255.000 .500000 -.53075963
 15.000 255.000 .500000 -.97907960E-01
 25.000 255.000 .500000 -.12003957
 35.000 255.000 .500000 -.13279553
 45.000 255.000 .500000 -.17238306
 55.000 255.000 .500000 -.20328502
 65.000 255.000 .500000 -.43908048
 75.000 255.000 .500000 -.69002438
 85.000 255.000 .500000 -.25223541
 95.000 255.000 .500000 0.51707238E-01
105.000 255.000 .500000 0.48498631E-01
115.000 255.000 .500000 0.28588295
125.000 255.000 .500000 0.22520550
135.000 255.000 .500000 0.15484618
145.000 255.000 .500000 0.19685172E-01
155.000 255.000 .500000 0.11255908
165.000 255.000 .500000 -.65594092E-01
175.000 255.000 .500000 0.90063870E-01
185.000 255.000 .500000 0.60657986E-01
195.000 255.000 .500000 0.21784574
205.000 255.000 .500000 0.12111695
215.000 255.000 .500000 0.23425975
225.000 255.000 .500000 0.35810697
235.000 255.000 .500000 0.50997019
245.000 255.000 .500000 0.60198873
255.000 255.000 .500000 0.52755165
265.000 255.000 .500000 0.46460980
275.000 255.000 .500000 0.29007018
285.000 255.000 .500000 0.33797407
295.000 255.000 .500000 0.35873196
305.000 255.000 .500000 0.34475753
315.000 255.000 .500000 0.11300488
325.000 255.000 .500000 0.10877812
335.000 255.000 .500000 -.74312896E-01
345.000 255.000 .500000 -.47150230
355.000 255.000 .500000 -.63870835
365.000 255.000 .500000 -.51973343
375.000 255.000 .500000 -.57943505
385.000 255.000 .500000 -.58054054
395.000 255.000 .500000 -.68992805
405.000 255.000 .500000 -.53835058
415.000 255.000 .500000 -.95538193
425.000 255.000 .500000 -1.1719657
435.000 255.000 .500000 -1.5885320
445.000 255.000 .500000 -1.6523323
455.000 255.000 .500000 -1.8389137
465.000 255.000 .500000 -1.9679781
475.000 255.000 .500000 -1.6963869
485.000 255.000 .500000 -1.6937101
495.000 255.000 .500000 -1.5152810
  5.000 265.000 .500000 -.95393293E-01
 15.000 265.000 .500000 -.18664312
 25.000 265.000 .500000 -.34934610E-01
 35.000 265.000 .500000 -.70553154E-01
 45.000 265.000 .500000 -.98834947E-01
 55.000 265.000 .500000 -.42790547
 65.000 265.000 .500000 -.60888267
 75.000 265.000 .500000 -.45724955
 85.000 265.000 .500000 -.40717235
 95.000 265.000 .500000 -.85165776E-01
105.000 265.000 .500000 0.20775826
115.000 265.000 .500000 0.38135889
125.000 265.000 .500000 0.22094727
135.000 265.000 .500000 0.28145948
145.000 265.000 .500000 0.13588864
155.000 265.000 .500000 0.22854839E-01
165.000 265.000 .500000 -.63502878E-01
175.000 265.000 .500000 -.18829721
185.000 265.000 .500000 -.11910679
195.000 265.000 .500000 -.79968274E-02
205.000 265.000 .500000 0.91063462E-01
215.000 265.000 .500000 0.18828356
225.000 265.000 .500000 0.28315422
235.000 265.000 .500000 0.42451137
245.000 265.000 .500000 0.37109473
255.000 265.000 .500000 0.27500460
265.000 265.000 .500000 0.29191044
275.000 265.000 .500000 0.32389450
285.000 265.000 .500000 0.22485609
295.000 265.000 .500000 -.21826096E-01
305.000 265.000 .500000 -.58637440E-01
315.000 265.000 .500000 -.12900582
325.000 265.000 .500000 -.14379339
335.000 265.000 .500000 -.39078674
345.000 265.000 .500000 -.57134080
355.000 265.000 .500000 -.61454934
365.000 265.000 .500000 -.81157953
375.000 265.000 .500000 -.75923526
385.000 265.000 .500000 -.75057817
395.000 265.000 .500000 -.62724638
405.000 265.000 .500000 -.80654097
415.000 265.000 .500000 -1.1893902
425.000 265.000 .500000 -1.2873154
435.000 265.000 .500000 -1.5207938
445.000 265.000 .500000 -1.8497167
455.000 265.000 .500000 -1.7173132
465.000 265.000 .500000 -1.5859842
475.000 265.000 .500000 -1.4194920
485.000 265.000 .500000 -1.3440442
495.000 265.000 .500000 -.96674860
  5.000 275.000 .500000 0.68679526E-01
 15.000 275.000 .500000 0.33649081
 25.000 275.000 .500000 0.81176348E-01
 35.000 275.000 .500000 0.89024007E-02
 45.000 275.000 .500000 -.27765694
 55.000 275.000 .500000 -.38647977
 65.000 275.000 .500000 -.53482032
 75.000 275.000 .500000 -.48252943
 85.000 275.000 .500000 -.33927190
 95.000 275.000 .500000 0.12055980
105.000 275.000 .500000 0.26549882
115.000 275.000 .500000 0.49995363
125.000 275.000 .500000 0.51501375
135.000 275.000 .500000 0.19595189
145.000 275.000 .500000 0.29881167
155.000 275.000 .500000 0.89082591E-01
165.000 275.000 .500000 -.49132515E-01
175.000 275.000 .500000 -.17275493
185.000 275.000 .500000 -.24169576
195.000 275.000 .500000 -.18590447
205.000 275.000 .500000 -.16821951E-01
215.000 275.000 .500000 -.12245262
225.000 275.000 .500000 -.22479485
235.000 275.000 .500000 -.19856140E-01
245.000 275.000 .500000 0.33108335E-01
255.000 275.000 .500000 0.45002684E-01
265.000 275.000 .500000 0.82112849E-01
275.000 275.000 .500000 -.16549096
285.000 275.000 .500000 -.11175885
295.000 275.000 .500000 -.46754658
305.000 275.000 .500000 -.23538706
315.000 275.000 .500000 -.56678671
325.000 275.000 .500000 -.72164905
335.000 275.000 .500000 -.79475862
345.000 275.000 .500000 -.78617227
355.000 275.000 .500000 -.52580214
365.000 275.000 .500000 -.77328396
375.000 275.000 .500000 -.70505399
385.000 275.000 .500000 -.67827654
395.000 275.000 .500000 -.89472604
405.000 275.000 .500000 -.92990249
415.000 275.000 .500000 -1.2391485
425.000 275.000 .500000 -1.3117659
435.000 275.000 .500000 -1.5333607
445.000 275.000 .500000 -1.5493323
455.000 275.000 .500000 -1.4810739
465.000 275.000 .500000 -1.1372637
475.000 275.000 .500000 -.87067497
485.000 275.000 .500000 -.51636541
495.000 275.000 .500000 -.21098518
  5.000 285.000 .500000 0.31388494
 15.000 285.000 .500000 0.22691549
 25.000 285.000 .500000 0.28274322
 35.000 285.000 .500000 0.26859492E-01
 45.000 285.000 .500000 -.22741185
 55.000 285.000 .500000 -.55798745
 65.000 285.000 .500000 -.65255457
 75.000 285.000 .500000 -.28400230
 85.000 285.000 .500000 -.15818353
 95.000 285.000 .500000 0.14918147
105.000 285.000 .500000 0.52428043
115.000 285.000 .500000 0.65329289
125.000 285.000 .500000 0.57548738
135.000 285.000 .500000 0.35769951
145.000 285.000 .500000 0.28558978
155.000 285.000 .500000 0.77025324E-01
165.000 285.000 .500000 0.71685195E-01
175.000 285.000 .500000 -.24264763
185.000 285.000 .500000 -.16944581
195.000 285.000 .500000 -.24597478
205.000 285.000 .500000 -.21445218
215.000 285.000 .500000 -.11557376
225.000 285.000 .500000 -.33467060
235.000 285.000 .500000 -.36394823
245.000 285.000 .500000 -.29031202
255.000 285.000 .500000 -.13984695E-01
265.000 285.000 .500000 -.33852661
275.000 285.000 .500000 -.12269972
285.000 285.000 .500000 -.26771680
295.000 285.000 .500000 -.37761244
305.000 285.000 .500000 -.50581646
315.000 285.000 .500000 -1.0591739
325.000 285.000 .500000 -.74019098
335.000 285.000 .500000 -.70633656
345.000 285.000 .500000 -.68126488
355.000 285.000 .500000 -.76287079
365.000 285.000 .500000 -.57328439
375.000 285.000 .500000 -.59702116
385.000 285.000 .500000 -.77329427
395.000 285.000 .500000 -.79069716
405.000 285.000 .500000 -.83792794
415.000 285.000 .500000 -1.2156497
425.000 285.000 .500000 -1.1346353
435.000 285.000 .500000 -1.1139834
445.000 285.000 .500000 -1.0947785
455.000 285.000 .500000 -.88398492
465.000 285.000 .500000 -.49710026
475.000 285.000 .500000 -.20525837
485.000 285.000 .500000 0.36575919
495.000 285.000 .500000 0.57434756
  5.000 295.000 .500000 0.73586065
 15.000 295.000 .500000 0.65531808
 25.000 295.000 .500000 0.48846716
 35.000 295.000 .500000 -.36362886E-01
 45.000 295.000 .500000 -.26892668
 55.000 295.000 .500000 -.19103804
 65.000 295.000 .500000 -.37405354
 75.000 295.000 .500000 -.25815874E-01
 85.000 295.000 .500000 0.13540299
 95.000 295.000 .500000 0.48849106
105.000 295.000 .500000 0.65746689
115.000 295.000 .500000 0.91483951
125.000 295.000 .500000 0.62191761
135.000 295.000 .500000 0.50523472
145.000 295.000 .500000 0.17674632
155.000 295.000 .500000 0.14652751
165.000 295.000 .500000 0.42060316E-01
175.000 295.000 .500000 0.34435421E-01
185.000 295.000 .500000 -.20087254
195.000 295.000 .500000 -.10295635
205.000 295.000 .500000 -.32151163
215.000 295.000 .500000 -.50098759
225.000 295.000 .500000 -.59755796
235.000 295.000 .500000 -.70018417
245.000 295.000 .500000 -.55917716
255.000 295.000 .500000 -.51639944
265.000 295.000 .500000 -.34952164
275.000 295.000 .500000 -.43749115
285.000 295.000 .500000 -.54220623
295.000 295.000 .500000 -.59937203
305.000 295.000 .500000 -.72707522
315.000 295.000 .500000 -.83941305
325.000 295.000 .500000 -.94521964
335.000 295.000 .500000 -.92066896
345.000 295.000 .500000 -.73733878
355.000 295.000 .500000 -.64535683
365.000 295.000 .500000 -.69786304
375.000 295.000 .500000 -.50023752
385.000 295.000 .500000 -.62183702
395.000 295.000 .500000 -.73524719
405.000 295.000 .500000 -1.0180937
415.000 295.000 .500000 -.99202746
425.000 295.000 .500000 -.84857494
435.000 295.000 .500000 -.67651105
445.000 295.000 .500000 -.57368124
455.000 295.000 .500000 -.34853458
465.000 295.000 .500000 0.26531737E-01
475.000 295.000 .500000 0.44057271
485.000 295.000 .500000 0.96067214
495.000 295.000 .500000  1.3530236
  5.000 305.000 .500000 0.69912177
 15.000 305.000 .500000 0.67924851
 25.000 305.000 .500000 0.50202239
 35.000 305.000 .500000 0.28533238
 45.000 305.000 .500000 -.10575877
 55.000 305.000 .500000 -.47881368
 65.000 305.000 .500000 -.17845854
 75.000 305.000 .500000 0.94181649E-01
 85.000 305.000 .500000 0.36277491
 95.000 305.000 .500000 0.68062198
105.000 305.000 .500000 0.55945635
115.000 305.000 .500000 0.69697040
125.000 305.000 .500000 0.70406240
135.000 305.000 .500000 0.39831424
145.000 305.000 .500000 0.11700282
155.000 305.000 .500000 0.28170612
165.000 305.000 .500000 0.67866027E-01
175.000 305.000 .500000 0.74867770E-01
185.000 305.000 .500000 -.14565873
195.000 305.000 .500000 -.38294852
205.000 305.000 .500000 -.40270913
215.000 305.000 .500000 -.76260769
225.000 305.000 .500000 -.74499476
235.000 305.000 .500000 -.98885453
245.000 305.000 .500000 -.91990060
255.000 305.000 .500000 -.81701910
265.000 305.000 .500000 -.57499433
275.000 305.000 .500000 -.67729026
285.000 305.000 .500000 -.77537197
295.000 305.000 .500000 -.90248501
305.000 305.000 .500000 -.89340580
315.000 305.000 .500000 -.84653229
325.000 305.000 .500000 -.73595673
335.000 305.000 .500000 -.59346658
345.000 305.000 .500000 -.39649737
355.000 305.000 .500000 -.43531057
365.000 305.000 .500000 -.35965952
375.000 305.000 .500000 -.30357990
385.000 305.000 .500000 -.35905379
395.000 305.000 .500000 -.54295760
405.000 305.000 .500000 -.46061853
415.000 305.000 .500000 -.56820875
425.000 305.000 .500000 -.41523969
435.000 305.000 .500000 -.19343895
445.000 305.000 .500000 -.71684271E-01
455.000 305.000 .500000 0.45925385
465.000 305.000 .500000 0.59137571
475.000 305.000 .500000  1.2056487
485.000 305.000 .500000  1.5631303
495.000 305.000 .500000  1.9968231
  5.000 315.000 .500000 0.72272825
 15.000 315.000 .500000 0.93231183
 25.000 315.000 .500000 0.63103753
 35.000 315.000 .500000 0.38769656
 45.000 315.000 .500000 0.10716451
 55.000 315.000 .500000 -.14901042
 65.000 315.000 .500000 0.62545091E-02
 75.000 315.000 .500000 0.23641203
 85.000 315.000 .500000 0.41525707
 95.000 315.000 .500000 0.61234176
105.000 315.000 .500000 0.66765898
115.000 315.000 .500000 0.49098879
125.000 315.000 .500000 0.48947668
135.000 315.000 .500000 0.31304884
145.000 315.000 .500000 0.28493851
155.000 315.000 .500000 0.13790593
165.000 315.000 .500000 0.15627113
175.000 315.000 .500000 0.40808041E-01
185.000 315.000 .500000 -.14383335
195.000 315.000 .500000 -.44289717
205.000 315.000 .500000 -.47181422
215.000 315.000 .500000 -1.0283442
225.000 315.000 .500000 -.73207951
235.000 315.000 .500000 -.98885930
245.000 315.000 .500000 -.82830030
255.000 315.000 .500000 -.85259151
265.000 315.000 .500000 -.83339953
275.000 315.000 .500000 -.93037772
285.000 315.000 .500000 -.83383834
295.000 315.000 .500000 -.95376855
305.000 315.000 .500000 -.89329672
315.000 315.000 .500000 -.76569772
325.000 315.000 .500000 -.54381764
335.000 315.000 .500000 -.46633816
345.000 315.000 .500000 -.18836820
355.000 315.000 .500000 0.70034653E-01
365.000 315.000 .500000 -.74288487E-01
375.000 315.000 .500000 -.16875768
385.000 315.000 .500000 -.21116707
395.000 315.000 .500000 -.21226048E-01
405.000 315.000 .500000 -.38763815
415.000 315.000 .500000 -.54075994E-01
425.000 315.000 .500000 0.93834922E-02
435.000 315.000 .500000 0.22827719
445.000 315.000 .500000 0.57748079
455.000 315.000 .500000 0.52848047
465.000 315.000 .500000  1.1290101
475.000 315.000 .500000  1.4561912
485.000 315.000 .500000  1.8318897
495.000 315.000 .500000  2.1819859
  5.000 325.000 .500000 0.95893735
 15.000 325.000 .500000 0.87104374
 25.000 325.000 .500000 0.54716599
 35.000 325.000 .500000 0.50579244
 45.000 325.000 .500000 0.33724746
 55.000 325.000 .500000 -.31516425E-01
 65.000 325.000 .500000 0.10118265
 75.000 325.000 .500000 0.13787667
 85.000 325.000 .500000 0.35573170
 95.000 325.000 .500000 0.58208823
105.000 325.000 .500000 0.41564426
115.000 325.000 .500000 0.12182003
125.000 325.000 .500000 0.42753723
135.000 325.000 .500000 0.11763303
145.000 325.000 .500000 0.10339680
155.000 325.000 .500000 0.16058515
165.000 325.000 .500000 0.23439002
175.000 325.000 .500000 0.66437513E-01
185.000 325.000 .500000 -.10713843
195.000 325.000 .500000 -.53056133
205.000 325.000 .500000 -.43344373
215.000 325.000 .500000 -.70142674
225.000 325.000 .500000 -1.0810227
235.000 325.000 .500000 -1.1336538
245.000 325.000 .500000 -.99358827
255.000 325.000 .500000 -1.1888975
265.000 325.000 .500000 -1.0390477
275.000 325.000 .500000 -.91744089
285.000 325.000 .500000 -.88182735
295.000 325.000 .500000 -.86279291
305.000 325.000 .500000 -.78051728
315.000 325.000 .500000 -.49978620
325.000 325.000 .500000 -.30595493
335.000 325.000 .500000 -.65089092E-01
345.000 325.000 .500000 0.18219370
355.000 325.000 .500000 0.22206253
365.000 325.000 .500000 0.17685966
375.000 325.000 .500000 0.80003172E-01
385.000 325.000 .500000 0.25810218
395.000 325.000 .500000 0.36787778
405.000 325.000 .500000 0.45758733
415.000 325.000 .500000 0.48801264
425.000 325.000 .500000 0.43822885
435.000 325.000 .500000 0.51021636
445.000 325.000 .500000 0.65432411
455.000 325.000 .500000  1.0116892
465.000 325.000 .500000  1.5070091
475.000 325.000 .500000  1.6547174
485.000 325.000 .500000  1.9457875
495.000 325.000 .500000  2.1176801
  5.000 335.000 .500000 0.86588532
 15.000 335.000 .500000 0.84785396
 25.000 335.000 .500000 0.81719679
 35.000 335.000 .500000 0.47845495
 45.000 335.000 .500000 0.37449208
 55.000 335.000 .500000 0.10710473
 65.000 335.000 .500000 0.20784725
 75.000 335.000 .500000 0.14711745
 85.000 335.000 .500000 0.19739150
 95.000 335.000 .500000 0.16516197
105.000 335.000 .500000 0.29111537
115.000 335.000 .500000 0.34384483
125.000 335.000 .500000 0.92457213E-01
135.000 335.000 .500000 0.24486828
145.000 335.000 .500000 -.25833100E-01
155.000 335.000 .500000 0.33694717
165.000 335.000 .500000 0.25570321
175.000 335.000 .500000 0.32825768
185.000 335.000 .500000 -.70643678E-01
195.000 335.000 .500000 -.18636900
205.000 335.000 .500000 -.58093399
215.000 335.000 .500000 -.83617228
225.000 335.000 .500000 -.74849337
235.000 335.000 .500000 -1.1980218
245.000 335.000 .500000 -.97519302
255.000 335.000 .500000 -.94155276
265.000 335.000 .500000 -.97226846
275.000 335.000 .500000 -.97986335
285.000 335.000 .500000 -.78456438
295.000 335.000 .500000 -.91370726
305.000 335.000 .500000 -.43025678
315.000 335.000 .500000 -.43071866E-01
325.000 335.000 .500000 -.22878528E-01
335.000 335.000 .500000 0.35932872
345.000 335.000 .500000 0.65670097
355.000 335.000 .500000 0.45816833
365.000 335.000 .500000 0.62742978
375.000 335.000 .500000 0.64229143
385.000 335.000 .500000 0.48079503
395.000 335.000 .500000 0.76285750
405.000 335.000 .500000 0.92197454
415.000 335.000 .500000 0.87421304
425.000 335.000 .500000 0.85806298
435.000 335.000 .500000 0.91134173
445.000 335.000 .500000  1.1629797
455.000 335.000 .500000  1.2459855
465.000 335.000 .500000  1.6709238
475.000 335.000 .500000  1.8889716
485.000 335.000 .500000  2.0428853
495.000 335.000 .500000  2.2342515
  5.000 345.000 .500000 0.67723632
 15.000 345.000 .500000 0.75638312
 25.000 345.000 .500000 0.73142916
 35.000 345.000 .500000 0.58021080
 45.000 345.000 .500000 0.27002266
 55.000 345.000 .500000 0.34279835
 65.000 345.000 .500000 0.16302557
 75.000 345.000 .500000 0.51929496E-01
 85.000 345.000 .500000 0.19319682
 95.000 345.000 .500000 0.17187470
105.000 345.000 .500000 0.11071087
115.000 345.000 .500000 0.11279048
125.000 345.000 .500000 0.23940608E-01
135.000 345.000 .500000 0.26705536
145.000 345.000 .500000 0.31452611
155.000 345.000 .500000 0.36909792
165.000 345.000 .500000 0.40907723
175.000 345.000 .500000 0.28097695
185.000 345.000 .500000 0.20006576
195.000 345.000 .500000 0.73923245E-02
205.000 345.000 .500000 -.15876617
215.000 345.000 .500000 -.68175256
225.000 345.000 .500000 -.90266681
235.000 345.000 .500000 -1.2176341
245.000 345.000 .500000 -.92668402
255.000 345.000 .500000 -1.0117464
265.000 345.000 .500000 -1.0204399
275.000 345.000 .500000 -.82863796
285.000 345.000 .500000 -.71743977
295.000 345.000 .500000 -.57482308
305.000 345.000 .500000 -.33830476
315.000 345.000 .500000 0.46291128E-01
325.000 345.000 .500000 0.31742248
335.000 345.000 .500000 0.69907415
345.000 345.000 .500000 0.76688212
355.000 345.000 .500000  1.0335639
365.000 345.000 .500000  1.1033928
375.000 345.000 .500000  1.0702536
385.000 345.000 .500000  1.0769205
395.000 345.000 .500000  1.0042698
405.000 345.000 .500000  1.1627736
415.000 345.000 .500000  1.2669047
425.000 345.000 .500000  1.1516037
435.000 345.000 .500000  1.1626318
445.000 345.000 .500000  1.1042138
455.000 345.000 .500000  1.5268105
465.000 345.000 .500000  1.6631036
475.000 345.000 .500000  1.6888975
485.000 345.000 .500000  1.7363883
495.000 345.000 .500000  1.9871821
  5.000 355.000 .500000 0.73840338
 15.000 355.000 .500000 0.62906867
 25.000 355.000 .500000 0.55218804
 35.000 355.000 .500000 0.56332237
 45.000 355.000 .500000 0.37671599
 55.000 355.000 .500000 0.24636513
 65.000 355.000 .500000 0.21312539
 75.000 355.000 .500000 0.36870837E-02
 85.000 355.000 .500000 -.48054956E-01
 95.000 355.000 .500000 -.21565238
105.000 355.000 .500000 -.13027588
115.000 355.000 .500000 -.20373228
125.000 355.000 .500000 -.98715179E-01
135.000 355.000 .500000 0.98039597E-01
145.000 355.000 .500000 0.38027143
155.000 355.000 .500000 0.40705094
165.000 355.000 .500000 0.56543481
175.000 355.000 .500000 0.49786890
185.000 355.000 .500000 0.38487005
195.000 355.000 .500000 0.27792540
205.000 355.000 .500000 -.20521936
215.000 355.000 .500000 -.40704191
225.000 355.000 .500000 -.79012078
235.000 355.000 .500000 -1.0417287
245.000 355.000 .500000 -.97012633
255.000 355.000 .500000 -.87361550
265.000 355.000 .500000 -.89440238
275.000 355.000 .500000 -.51412195
285.000 355.000 .500000 -.36950070
295.000 355.000 .500000 -.42907751
305.000 355.000 .500000 -.14700656
315.000 355.000 .500000 0.12479128
325.000 355.000 .500000 0.51843786
335.000 355.000 .500000 0.89768666
345.000 355.000 .500000  1.0061041
355.000 355.000 .500000  1.1862104
365.000 355.000 .500000  1.3662814
375.000 355.000 .500000  1.4725193
385.000 355.000 .500000  1.3989711
395.000 355.000 .500000  1.6721321
405.000 355.000 .500000  1.2332718
415.000 355.000 .500000  1.5899214
425.000 355.000 .500000  1.7277018
435.000 355.000 .500000  1.4048052
445.000 355.000 .500000  1.5139624
455.000 355.000 .500000  1.7045316
465.000 355.000 .500000  2.0203731
475.000 355.000 .500000  1.7800003
485.000 355.000 .500000  1.6696793
495.000 355.000 .500000  1.7442102
  5.000 365.000 .500000 0.75184995
 15.000 365.000 .500000 0.66434222
 25.000 365.000 .500000 0.53375959
 35.000 365.000 .500000 0.72896934
 45.000 365.000 .500000 0.61938667
 55.000 365.000 .500000 0.33919388
 65.000 365.000 .500000 0.38885120
 75.000 365.000 .500000 0.12066440
 85.000 365.000 .500000 0.80364339E-01
 95.000 365.000 .500000 -.17594339
105.000 365.000 .500000 -.20439793
115.000 365.000 .500000 -.21991342E-01
125.000 365.000 .500000 0.14025401E-02
135.000 365.000 .500000 0.24370790
145.000 365.000 .500000 0.26772612
155.000 365.000 .500000 0.50561494
165.000 365.000 .500000 0.79591250
175.000 365.000 .500000 0.74867260
185.000 365.000 .500000 0.66378868
195.000 365.000 .500000 0.30082637
205.000 365.000 .500000 -.25795802
215.000 365.000 .500000 -.51491767
225.000 365.000 .500000 -.75779396
235.000 365.000 .500000 -1.0301948
245.000 365.000 .500000 -.99569899
255.000 365.000 .500000 -.92223597
265.000 365.000 .500000 -.64006299
275.000 365.000 .500000 -.42412373
285.000 365.000 .500000 -.33336076
295.000 365.000 .500000 0.24478331E-01
305.000 365.000 .500000 -.76429099E-01
315.000 365.000 .500000 0.22708814
325.000 365.000 .500000 0.47447649
335.000 365.000 .500000 0.78524357
345.000 365.000 .500000 0.95811200
355.000 365.000 .500000  1.4213425
365.000 365.000 .500000  1.4486873
375.000 365.000 .500000  1.7340938
385.000 365.000 .500000  1.9143609
395.000 365.000 .500000  1.3748012
405.000 365.000 .500000  1.5151272
415.000 365.000 .500000  1.7303393
425.000 365.000 .500000  1.6576775
435.000 365.000 .500000  1.7008320
445.000 365.000 .500000  1.6709460
455.000 365.000 .500000  1.6624236
465.000 365.000 .500000  1.7634045
475.000 365.000 .500000  1.6494031
485.000 365.000 .500000  1.4515660
495.000 365.000 .500000  1.3394192
  5.000 375.000 .500000 0.61165082
 15.000 375.000 .500000 0.64508766
 25.000 375.000 .500000 0.38207367
 35.000 375.000 .500000 0.67668509
 45.000 375.000 .500000 0.53789073
 55.000 375.000 .500000 0.65051162
 65.000 375.000 .500000 0.25157571
 75.000 375.000 .500000 0.36474246
 85.000 375.000 .500000 0.19283120E-01
 95.000 375.000 .500000 -.25532430
105.000 375.000 .500000 -.33304560
115.000 375.000 .500000 -.21123767
125.000 375.000 .500000 0.20152259
135.000 375.000 .500000 0.20763366
145.000 375.000 .500000 0.44839162
155.000 375.000 .500000 0.79175752
165.000 375.000 .500000 0.89272910
175.000 375.000 .500000 0.88733149
185.000 375.000 .500000 0.73551399
195.000 375.000 .500000 0.60360068
205.000 375.000 .500000 0.16474128E-01
215.000 375.000 .500000 -.45986119
225.000 375.000 .500000 -.91045499
235.000 375.000 .500000 -.94906682
245.000 375.000 .500000 -1.2303764
255.000 375.000 .500000 -.56977212
265.000 375.000 .500000 -.46666977
275.000 375.000 .500000 -.15668803
285.000 375.000 .500000 0.71887448E-01
295.000 375.000 .500000 0.28795403
305.000 375.000 .500000 0.17145927
315.000 375.000 .500000 0.16966969
325.000 375.000 .500000 0.16275364
335.000 375.000 .500000 0.62573141
345.000 375.000 .500000  1.0079401
355.000 375.000 .500000  1.3752434
365.000 375.000 .500000  1.6481918
375.000 375.000 .500000  1.6490893
385.000 375.000 .500000  1.5243187
395.000 375.000 .500000  1.7642257
405.000 375.000 .500000  1.4756297
415.000 375.000 .500000  1.8288127
425.000 375.000 .500000  1.9832358
435.000 375.000 .500000  1.7483214
445.000 375.000 .500000  1.6297855
455.000 375.000 .500000  1.6378815
465.000 375.000 .500000  1.6505543
475.000 375.000 .500000  1.5528452
485.000 375.000 .500000  1.3449161
495.000 375.000 .500000  1.1587778
  5.000 385.000 .500000 0.41885495
 15.000 385.000 .500000 0.36397818
 25.000 385.000 .500000 0.69227099
 35.000 385.000 .500000 0.92812628
 45.000 385.000 .500000 0.88252378
 55.000 385.000 .500000 0.88877809
 65.000 385.000 .500000 0.54966187
 75.000 385.000 .500000 0.26463839
 85.000 385.000 .500000 0.72466478E-01
 95.000 385.000 .500000 -.77609256E-01
105.000 385.000 .500000 -.30779094E-01
115.000 385.000 .500000 -.15242429
125.000 385.000 .500000 0.16604342
135.000 385.000 .500000 0.28683046
145.000 385.000 .500000 0.68258190
155.000 385.000 .500000 0.80805814
165.000 385.000 .500000  1.0588565
175.000 385.000 .500000  1.1960332
185.000 385.000 .500000 0.76811916
195.000 385.000 .500000 0.62896633
205.000 385.000 .500000 0.28265163E-01
215.000 385.000 .500000 -.39736786
225.000 385.000 .500000 -.58876944
235.000 385.000 .500000 -.93618107
245.000 385.000 .500000 -.83006454
255.000 385.000 .500000 -.73877633
265.000 385.000 .500000 -.49050757
275.000 385.000 .500000 -.11282005
285.000 385.000 .500000 0.30210260E-01
295.000 385.000 .500000 0.14878540
305.000 385.000 .500000 0.18371308
315.000 385.000 .500000 0.16920491
325.000 385.000 .500000 0.31466877
335.000 385.000 .500000 0.63580602
345.000 385.000 .500000  1.0944991
355.000 385.000 .500000  1.0471519
365.000 385.000 .500000  1.3927745
375.000 385.000 .500000  1.4018935
385.000 385.000 .500000  1.6452048
395.000 385.000 .500000  1.6925576
405.000 385.000 .500000  1.7849642
415.000 385.000 .500000  1.8304675
425.000 385.000 .500000  1.7557726
435.000 385.000 .500000  1.6394949
445.000 385.000 .500000  1.6244532
455.000 385.000 .500000  1.5446569
465.000 385.000 .500000  1.7452579
475.000 385.000 .500000  1.4585083
485.000 385.000 .500000  1.0841867
495.000 385.000 .500000  1.0696876
  5.000 395.000 .500000 0.69499969
 15.000 395.000 .500000 0.82823306
 25.000 395.000 .500000 0.91238010
 35.000 395.000 .500000 0.97861362
 45.000 395.000 .500000  1.1529843
 55.000 395.000 .500000 0.96554857
 65.000 395.000 .500000 0.62483561
 75.000 395.000 .500000 0.62694246
 85.000 395.000 .500000 -.94084725E-01
 95.000 395.000 .500000 -.22731836
105.000 395.000 .500000 -.17523921
115.000 395.000 .500000 -.24157465E-01
125.000 395.000 .500000 0.13874765
135.000 395.000 .500000 0.31795219
145.000 395.000 .500000 0.57098198
155.000 395.000 .500000 0.80792260
165.000 395.000 .500000  1.0956995
175.000 395.000 .500000  1.1807898
185.000 395.000 .500000  1.0044779
195.000 395.000 .500000 0.47302070
205.000 395.000 .500000 0.17509693
215.000 395.000 .500000 -.43455726
225.000 395.000 .500000 -.70970166
235.000 395.000 .500000 -.99360216
245.000 395.000 .500000 -.79802692
255.000 395.000 .500000 -.41642848
265.000 395.000 .500000 -.35622916
275.000 395.000 .500000 -.81251413E-01
285.000 395.000 .500000 0.12281804
295.000 395.000 .500000 0.13967292
305.000 395.000 .500000 0.24539541E-01
315.000 395.000 .500000 0.22079259E-01
325.000 395.000 .500000 0.12291667
335.000 395.000 .500000 0.58371025
345.000 395.000 .500000 0.58301097
355.000 395.000 .500000  1.0112563
365.000 395.000 .500000  1.3104544
375.000 395.000 .500000  1.2975941
385.000 395.000 .500000  1.4452118
395.000 395.000 .500000  1.6416864
405.000 395.000 .500000  1.5634794
415.000 395.000 .500000  1.5852511
425.000 395.000 .500000  1.6727465
435.000 395.000 .500000  1.5158842
445.000 395.000 .500000  1.5990261
455.000 395.000 .500000  1.5915117
465.000 395.000 .500000  1.6289911
475.000 395.000 .500000  1.3534894
485.000 395.000 .500000  1.2565036
495.000 395.000 .500000  1.0359346
  5.000 405.000 .500000 0.43690172
 15.000 405.000 .500000 0.84169310
 25.000 405.000 .500000 0.77314556
 35.000 405.000 .500000 0.96866649
 45.000 405.000 .500000  1.1197240
 55.000 405.000 .500000  1.1574469
 65.000 405.000 .500000 0.76844501
 75.000 405.000 .500000 0.26170033
 85.000 405.000 .500000 0.12600808
 95.000 405.000 .500000 0.39095271E-01
105.000 405.000 .500000 -.83146729E-01
115.000 405.000 .500000 0.24010271E-01
125.000 405.000 .500000 0.28538254
135.000 405.000 .500000 0.37055463
145.000 405.000 .500000 0.71815497
155.000 405.000 .500000 0.77894652
165.000 405.000 .500000  1.0574720
175.000 405.000 .500000  1.1407793
185.000 405.000 .500000 0.97163022
195.000 405.000 .500000 0.52369499
205.000 405.000 .500000 0.31575853
215.000 405.000 .500000 -.17055508
225.000 405.000 .500000 -.56589580
235.000 405.000 .500000 -.68833482
245.000 405.000 .500000 -.46404463
255.000 405.000 .500000 -.41444758
265.000 405.000 .500000 -.34419075E-01
275.000 405.000 .500000 -.85531190E-01
285.000 405.000 .500000 0.15079488
295.000 405.000 .500000 0.48595801E-01
305.000 405.000 .500000 0.49574096E-01
315.000 405.000 .500000 0.13512900
325.000 405.000 .500000 0.37355080E-01
335.000 405.000 .500000 0.29768306
345.000 405.000 .500000 0.53580219
355.000 405.000 .500000 0.57565200
365.000 405.000 .500000 0.94565171
375.000 405.000 .500000  1.1116102
385.000 405.000 .500000  1.2979901
395.000 405.000 .500000  1.1597550
405.000 405.000 .500000  1.3382572
415.000 405.000 .500000  1.4829466
425.000 405.000 .500000  1.3544976
435.000 405.000 .500000  1.5013396
445.000 405.000 .500000  1.4837954
455.000 405.000 .500000  1.3958896
465.000 405.000 .500000  1.4088144
475.000 405.000 .500000  1.2858964
485.000 405.000 .500000  1.1672182
495.000 405.000 .500000 0.89152789
  5.000 415.000 .500000 0.57153648
 15.000 415.000 .500000 0.94591296
 25.000 415.000 .500000  1.0536599
 35.000 415.000 .500000  1.0111289
 45.000 415.000 .500000  1.1713573
 55.000 415.000 .500000 0.82857502
 65.000 415.000 .500000 0.63283569
 75.000 415.000 .500000 0.33919263
 85.000 415.000 .500000 -.59919126E-01
 95.000 415.000 .500000 0.64552426E-01
105.000 415.000 .500000 -.11948560
115.000 415.000 .500000 0.27122095E-01
125.000 415.000 .500000 0.21312034
135.000 415.000 .500000 0.37655014
145.000 415.000 .500000 0.77023745
155.000 415.000 .500000  1.0840094
165.000 415.000 .500000  1.2341788
175.000 415.000 .500000  1.0534878
185.000 415.000 .500000 0.84275496
195.000 415.000 .500000 0.45616373
205.000 415.000 .500000 0.12232172
215.000 415.000 .500000 -.67677096E-01
225.000 415.000 .500000 -.23334002
235.000 415.000 .500000 -.45661214
245.000 415.000 .500000 -.42968690
255.000 415.000 .500000 -.20417374
265.000 415.000 .500000 -.14857005
275.000 415.000 .500000 -.20494060
285.000 415.000 .500000 0.14310420
295.000 415.000 .500000 0.91424748E-01
305.000 415.000 .500000 -.53920940E-01
315.000 415.000 .500000 0.82056522E-01
325.000 415.000 .500000 0.48572447E-01
335.000 415.000 .500000 0.15626886
345.000 415.000 .500000 0.34330726
355.000 415.000 .500000 0.70522904
365.000 415.000 .500000 0.86469114
375.000 415.000 .500000 0.77332819
385.000 415.000 .500000 0.97864282
395.000 415.000 .500000 0.90141308
405.000 415.000 .500000  1.0664831
415.000 415.000 .500000  1.2281032
425.000 415.000 .500000  1.1981387
435.000 415.000 .500000  1.0181785
445.000 415.000 .500000  1.4071617
455.000 415.000 .500000  1.4672976
465.000 415.000 .500000  1.3574998
475.000 415.000 .500000  1.3404222
485.000 415.000 .500000  1.1323807
495.000 415.000 .500000 0.80236757
  5.000 425.000 .500000 0.84775490
 15.000 425.000 .500000 0.66004807
 25.000 425.000 .500000 0.86527407
 35.000 425.000 .500000 0.96696973
 45.000 425.000 .500000 0.70792848
 55.000 425.000 .500000 0.45035282
 65.000 425.000 .500000 0.34850532
 75.000 425.000 .500000 0.86214222E-01
 85.000 425.000 .500000 -.29028329
 95.000 425.000 .500000 -.19147046
105.000 425.000 .500000 -.30175462
115.000 425.000 .500000 -.54128673E-01
125.000 425.000 .500000 0.22624312
135.000 425.000 .500000 0.54104632
145.000 425.000 .500000 0.66299731
155.000 425.000 .500000  1.1744556
165.000 425.000 .500000  1.2698154
175.000 425.000 .500000  1.0616814
185.000 425.000 .500000 0.98369360
195.000 425.000 .500000 0.71233809
205.000 425.000 .500000 0.44353110
215.000 425.000 .500000 0.24982314
225.000 425.000 .500000 -.34644403E-01
235.000 425.000 .500000 -.37976515
245.000 425.000 .500000 -.50519839E-01
255.000 425.000 .500000 -.11933579
265.000 425.000 .500000 -.39360709E-02
275.000 425.000 .500000 0.15223348
285.000 425.000 .500000 0.51621810E-01
295.000 425.000 .500000 -.72419934E-01
305.000 425.000 .500000 -.25840116
315.000 425.000 .500000 -.52439734E-01
325.000 425.000 .500000 0.35841964E-01
335.000 425.000 .500000 0.71560457E-01
345.000 425.000 .500000 0.18094482
355.000 425.000 .500000 0.39359885
365.000 425.000 .500000 0.41612518
375.000 425.000 .500000 0.62290734
385.000 425.000 .500000 0.69047421
395.000 425.000 .500000 0.74244791
405.000 425.000 .500000 0.78176415
415.000 425.000 .500000 0.92619330
425.000 425.000 .500000  1.0474960
435.000 425.000 .500000  1.1655754
445.000 425.000 .500000  1.4134042
455.000 425.000 .500000  1.3968517
465.000 425.000 .500000  1.2704672
475.000 425.000 .500000  1.4592532
485.000 425.000 .500000  1.3831799
495.000 425.000 .500000 0.84071684
  5.000 435.000 .500000 0.61519510
 15.000 435.000 .500000 0.50903636
 25.000 435.000 .500000 0.56017345
 35.000 435.000 .500000 0.61904109
 45.000 435.000 .500000 0.44674033
 55.000 435.000 .500000 0.14121503E-01
 65.000 435.000 .500000 -.92942305E-01
 75.000 435.000 .500000 -.35686061
 85.000 435.000 .500000 -.51568598
 95.000 435.000 .500000 -.59840971
105.000 435.000 .500000 -.45873383
115.000 435.000 .500000 -.33663324
125.000 435.000 .500000 0.11790304
135.000 435.000 .500000 0.46890706
145.000 435.000 .500000 0.78237075
155.000 435.000 .500000  1.0641868
165.000 435.000 .500000  1.1430461
175.000 435.000 .500000  1.1118574
185.000 435.000 .500000 0.93408781
195.000 435.000 .500000 0.75981867
205.000 435.000 .500000 0.44454128
215.000 435.000 .500000 0.27139664
225.000 435.000 .500000 0.14244568
235.000 435.000 .500000 0.20789176E-01
245.000 435.000 .500000 -.12975466E-01
255.000 435.000 .500000 -.23926282
265.000 435.000 .500000 -.26915133E-01
275.000 435.000 .500000 -.36360115E-01
285.000 435.000 .500000 -.17294659
295.000 435.000 .500000 -.16576838
305.000 435.000 .500000 -.29148853
315.000 435.000 .500000 -.30259919
325.000 435.000 .500000 -.24593993
335.000 435.000 .500000 -.23775816
345.000 435.000 .500000 -.21810885
355.000 435.000 .500000 -.57657607E-01
365.000 435.000 .500000 0.10967231
375.000 435.000 .500000 0.80450445E-01
385.000 435.000 .500000 0.18037185E-01
395.000 435.000 .500000 0.34387091
405.000 435.000 .500000 0.61375654
415.000 435.000 .500000 0.78344423
425.000 435.000 .500000 0.74540603
435.000 435.000 .500000  1.0773731
445.000 435.000 .500000  1.2697840
455.000 435.000 .500000  1.4289911
465.000 435.000 .500000  1.4836078
475.000 435.000 .500000  1.5570723
485.000 435.000 .500000  1.1863190
495.000 435.000 .500000  1.0682358
  5.000 445.000 .500000 0.50112462
 15.000 445.000 .500000 0.41475502
 25.000 445.000 .500000 0.36182308
 35.000 445.000 .500000 0.12446215
 45.000 445.000 .500000 0.19242676
 55.000 445.000 .500000 -.63517541E-01
 65.000 445.000 .500000 -.52665365
 75.000 445.000 .500000 -.55656952
 85.000 445.000 .500000 -.88649297
 95.000 445.000 .500000 -.85401708
105.000 445.000 .500000 -.56800002
115.000 445.000 .500000 -.22920059
125.000 445.000 .500000 0.68116739E-01
135.000 445.000 .500000 0.50198257
145.000 445.000 .500000  1.0391738
155.000 445.000 .500000  1.1500411
165.000 445.000 .500000  1.0431359
175.000 445.000 .500000 0.85694110
185.000 445.000 .500000 0.90496296
195.000 445.000 .500000 0.76051319
205.000 445.000 .500000 0.55861449
215.000 445.000 .500000 0.47246295
225.000 445.000 .500000 0.43604529
235.000 445.000 .500000 0.29087317
245.000 445.000 .500000 0.58364186E-01
255.000 445.000 .500000 0.58392294E-01
265.000 445.000 .500000 0.11730482
275.000 445.000 .500000 0.26032180E-02
285.000 445.000 .500000 -.19562760
295.000 445.000 .500000 -.36728340
305.000 445.000 .500000 -.65726244
315.000 445.000 .500000 -.63860047
325.000 445.000 .500000 -.52848268
335.000 445.000 .500000 -.52896690
345.000 445.000 .500000 -.47950727
355.000 445.000 .500000 -.49695539
365.000 445.000 .500000 -.71617091
375.000 445.000 .500000 -.52370650
385.000 445.000 .500000 -.21978199
395.000 445.000 .500000 -.98566532E-01
405.000 445.000 .500000 -.12013519
415.000 445.000 .500000 0.32423472
425.000 445.000 .500000 0.87880117
435.000 445.000 .500000  1.0933667
445.000 445.000 .500000  1.3182812
455.000 445.000 .500000  1.5460349
465.000 445.000 .500000  1.6553320
475.000 445.000 .500000  1.6705807
485.000 445.000 .500000  1.2420485
495.000 445.000 .500000  1.1530123
  5.000 455.000 .500000 -.91455057E-01
 15.000 455.000 .500000 0.13988501
 25.000 455.000 .500000 -.20704594
 35.000 455.000 .500000 -.13790612
 45.000 455.000 .500000 -.63316160
 55.000 455.000 .500000 -.53744185
 65.000 455.000 .500000 -.79686922
 75.000 455.000 .500000 -1.1228892
 85.000 455.000 .500000 -1.0064365
 95.000 455.000 .500000 -.94373649
105.000 455.000 .500000 -.57636076
115.000 455.000 .500000 -.25300393
125.000 455.000 .500000 0.10173748
135.000 455.000 .500000 0.73172915
145.000 455.000 .500000 0.99493301
155.000 455.000 .500000 0.91750371
165.000 455.000 .500000 0.99663752
175.000 455.000 .500000 0.95704275
185.000 455.000 .500000 0.82018256
195.000 455.000 .500000 0.50328720
205.000 455.000 .500000 0.55900627
215.000 455.000 .500000 0.34600544
225.000 455.000 .500000 0.17663822
235.000 455.000 .500000 0.18052058
245.000 455.000 .500000 0.10005951
255.000 455.000 .500000 0.36735721E-01
265.000 455.000 .500000 -.54943442E-01
275.000 455.000 .500000 -.55575746
285.000 455.000 .500000 -.74376035
295.000 455.000 .500000 -.65185177
305.000 455.000 .500000 -.81021088
315.000 455.000 .500000 -.75484341
325.000 455.000 .500000 -.83379400
335.000 455.000 .500000 -.59267402
345.000 455.000 .500000 -1.0214958
355.000 455.000 .500000 -.96266365
365.000 455.000 .500000 -1.0511544
375.000 455.000 .500000 -.92956156
385.000 455.000 .500000 -.83308607
395.000 455.000 .500000 -.42905974
405.000 455.000 .500000 -.13656890
415.000 455.000 .500000 -.18824399E-01
425.000 455.000 .500000 0.52918380
435.000 455.000 .500000 0.96264309
445.000 455.000 .500000  1.3977326
455.000 455.000 .500000  1.6319700
465.000 455.000 .500000  1.6110833
475.000 455.000 .500000  1.7024156
485.000 455.000 .500000  1.6319090
495.000 455.000 .500000  1.3503881
  5.000 465.000 .500000 -.21276952
 15.000 465.000 .500000 -.62191474
 25.000 465.000 .500000 -.53246826
 35.000 465.000 .500000 -.68022835
 45.000 465.000 .500000 -.83489865
 55.000 465.000 .500000 -.99461365
 65.000 465.000 .500000 -1.1033313
 75.000 465.000 .500000 -1.4823284
 85.000 465.000 .500000 -1.2849936
 95.000 465.000 .500000 -1.0847615
105.000 465.000 .500000 -.60913134
115.000 465.000 .500000 -.19899850
125.000 465.000 .500000 0.22284698
135.000 465.000 .500000 0.79274178
145.000 465.000 .500000 0.69594967
155.000 465.000 .500000 0.87177217
165.000 465.000 .500000 0.93708611
175.000 465.000 .500000 0.53914165
185.000 465.000 .500000 0.60364091
195.000 465.000 .500000 0.27013478
205.000 465.000 .500000 0.41976449
215.000 465.000 .500000 0.26523945
225.000 465.000 .500000 0.14587891
235.000 465.000 .500000 0.75708024E-01
245.000 465.000 .500000 -.21289343
255.000 465.000 .500000 -.14443231
265.000 465.000 .500000 -.46765000
275.000 465.000 .500000 -.68026876
285.000 465.000 .500000 -.71725309
295.000 465.000 .500000 -.91798872
305.000 465.000 .500000 -.80534840
315.000 465.000 .500000 -.88643497
325.000 465.000 .500000 -.97872365
335.000 465.000 .500000 -1.1570439
345.000 465.000 .500000 -1.3721079
355.000 465.000 .500000 -1.4784849
365.000 465.000 .500000 -1.3788761
375.000 465.000 .500000 -1.4284146
385.000 465.000 .500000 -1.1492530
395.000 465.000 .500000 -.73153460
405.000 465.000 .500000 -.41586283
415.000 465.000 .500000 0.52624568E-02
425.000 465.000 .500000 0.79802901
435.000 465.000 .500000  1.0563456
445.000 465.000 .500000  1.3976815
455.000 465.000 .500000  1.4437630
465.000 465.000 .500000  1.7856970
475.000 465.000 .500000  1.7253910
485.000 465.000 .500000  1.4760864
495.000 465.000 .500000  1.3489043
  5.000 475.000 .500000 -.88007891
 15.000 475.000 .500000 -.79894692
 25.000 475.000 .500000 -1.1174505
 35.000 475.000 .500000 -1.2953531
 45.000 475.000 .500000 -1.3712204
 55.000 475.000 .500000 -1.5529851
 65.000 475.000 .500000 -1.6223667
 75.000 475.000 .500000 -1.7002151
 85.000 475.000 .500000 -1.4029223
 95.000 475.000 .500000 -1.0340592
105.000 475.000 .500000 -.42195362
115.000 475.000 .500000 -.13924965
125.000 475.000 .500000 0.39258680
135.000 475.000 .500000 0.59481436
145.000 475.000 .500000 0.96155125
155.000 475.000 .500000 0.73388475
165.000 475.000 .500000 0.54594612
175.000 475.000 .500000 0.43424204
185.000 475.000 .500000 0.58578777
195.000 475.000 .500000 0.31312227
205.000 475.000 .500000 0.38290620
215.000 475.000 .500000 0.10723777
225.000 475.000 .500000 0.11158197
235.000 475.000 .500000 0.60516279E-01
245.000 475.000 .500000 -.23840550
255.000 475.000 .500000 -.42286691
265.000 475.000 .500000 -.66749519
275.000 475.000 .500000 -.94533259
285.000 475.000 .500000 -1.0258863
295.000 475.000 .500000 -1.1373396
305.000 475.000 .500000 -1.0199803
315.000 475.000 .500000 -1.0985317
325.000 475.000 .500000 -1.1995697
335.000 475.000 .500000 -1.1486261
345.000 475.000 .500000 -1.5140474
355.000 475.000 .500000 -1.4488319
365.000 475.000 .500000 -1.7025782
375.000 475.000 .500000 -1.7594866
385.000 475.000 .500000 -1.3535311
395.000 475.000 .500000 -.99427974
405.000 475.000 .500000 -.72400713
415.000 475.000 .500000 -.74551955E-01
425.000 475.000 .500000 0.44914606
435.000 475.000 .500000  1.2342303
445.000 475.000 .500000  1.4270109
455.000 475.000 .500000  1.4638574
465.000 475.000 .500000  1.8092498
475.000 475.000 .500000  1.7630621
485.000 475.000 .500000  1.4574600
495.000 475.000 .500000  1.3100166
  5.000 485.000 .500000 -.86218697
 15.000 485.000 .500000 -1.2466619
 25.000 485.000 .500000 -1.3433089
 35.000 485.000 .500000 -1.3814226
 45.000 485.000 .500000 -1.7442715
 55.000 485.000 .500000 -2.0246930
 65.000 485.000 .500000 -1.9394612
 75.000 485.000 .500000 -1.8538030
 85.000 485.000 .500000 -1.6924735
 95.000 485.000 .500000 -1.1135991
105.000 485.000 .500000 -.63327557
115.000 485.000 .500000 -.84980309E-01
125.000 485.000 .500000 0.16952279
135.000 485.000 .500000 0.58169949
145.000 485.000 .500000 0.75927246
155.000 485.000 .500000 0.65216029
165.000 485.000 .500000 0.42127240
175.000 485.000 .500000 0.47254705
185.000 485.000 .500000 0.31665820
195.000 485.000 .500000 0.25879917
205.000 485.000 .500000 0.17188804
215.000 485.000 .500000 -.15898909E-01
225.000 485.000 .500000 -.16422710
235.000 485.000 .500000 -.29181895
245.000 485.000 .500000 -.38242698
255.000 485.000 .500000 -.62354916
265.000 485.000 .500000 -.51067114
275.000 485.000 .500000 -.84208620
285.000 485.000 .500000 -1.0585455
295.000 485.000 .500000 -1.1437651
305.000 485.000 .500000 -.96660626
315.000 485.000 .500000 -1.0840299
325.000 485.000 .500000 -1.0104228
335.000 485.000 .500000 -1.3237989
345.000 485.000 .500000 -1.5323752
355.000 485.000 .500000 -1.6855155
365.000 485.000 .500000 -1.8976537
375.000 485.000 .500000 -1.7873154
385.000 485.000 .500000 -1.6413785
395.000 485.000 .500000 -1.0705739
405.000 485.000 .500000 -.74364889
415.000 485.000 .500000 0.63440949E-02
425.000 485.000 .500000 0.43176016
435.000 485.000 .500000  1.0551561
445.000 485.000 .500000  1.2487170
455.000 485.000 .500000  1.6557251
465.000 485.000 .500000  1.8035585
475.000 485.000 .500000  1.8323280
485.000 485.000 .500000  1.5244361
495.000 485.000 .500000  1.2911414
  5.000 495.000 .500000 -1.0236393
 15.000 495.000 .500000 -1.4750266
 25.000 495.000 .500000 -1.5953096
 35.000 495.000 .500000 -1.7825180
 45.000 495.000 .500000 -1.9977580
 55.000 495.000 .500000 -2.0831621
 65.000 495.000 .500000 -2.3153224
 75.000 495.000 .500000 -2.2754235
 85.000 495.000 .500000 -1.8479331
 95.000 495.000 .500000 -1.1938466
105.000 495.000 .500000 -.76176536
115.000 495.000 .500000 -.19114392
125.000 495.000 .500000 0.24158064
135.000 495.000 .500000 0.41633287
145.000 495.000 .500000 0.44502461
155.000 495.000 .500000 0.48102424
165.000 495.000 .500000 0.89737490E-01
175.000 495.000 .500000 0.15720016
185.000 495.000 .500000 0.70189610E-02
195.000 495.000 .500000 0.27936138E-01
205.000 495.000 .500000 -.28945152E-01
215.000 495.000 .500000 -.12045025
225.000 495.000 .500000 -.30193731
235.000 495.000 .500000 -.24002963
245.000 495.000 .500000 -.52320218
255.000 495.000 .500000 -.52359033
265.000 495.000 .500000 -.70377529
275.000 495.000 .500000 -.83616626
285.000 495.000 .500000 -.86845088
295.000 495.000 .500000 -.88889194
305.000 495.000 .500000 -.74610549
315.000 495.000 .500000 -.70599151
325.000 495.000 .500000 -.79107136
335.000 495.000 .500000 -1.0049050
345.000 495.000 .500000 -1.3415347
355.000 495.000 .500000 -1.5700145
365.000 495.000 .500000 -1.6370698
375.000 495.000 .500000 -1.7799437
385.000 495.000 .500000 -1.5893143
395.000 495.000 .500000 -1.0718510
405.000 495.000 .500000 -.67704523
415.000 495.000 .500000 -.45532942E-01
425.000 495.000 .500000 0.38584596
435.000 495.000 .500000  1.1306338
445.000 495.000 .500000  1.4711205
455.000 495.000 .500000  1.6810129
465.000 495.000 .500000  1.6990365
475.000 495.000 .500000  1.6589240
485.000 495.000 .500000  1.4828489
495.000 495.000 .500000  1.4335051
