Grid Sample
7         
Drill ID
X
Y
Z
MD
Block ID
value                   
      1         20.00          20.00           1.00      0.00       103     -1.4885
      1         20.00          20.00           0.50      0.50       103     -1.4885
      2         45.00          20.00           1.00      0.00       105     -1.2157
      2         45.00          20.00           0.50      0.50       105     -1.2157
      3         70.00          20.00           1.00      0.00       108     -0.3973
      3         70.00          20.00           0.50      0.50       108     -0.3973
      4         95.00          20.00           1.00      0.00       110      0.3458
      4         95.00          20.00           0.50      0.50       110      0.3458
      5        120.00          20.00           1.00      0.00       113      0.8231
      5        120.00          20.00           0.50      0.50       113      0.8231
      6        145.00          20.00           1.00      0.00       115      0.6026
      6        145.00          20.00           0.50      0.50       115      0.6026
      7        170.00          20.00           1.00      0.00       118     -0.1281
      7        170.00          20.00           0.50      0.50       118     -0.1281
      8        195.00          20.00           1.00      0.00       120     -0.1794
      8        195.00          20.00           0.50      0.50       120     -0.1794
      9        220.00          20.00           1.00      0.00       123      0.3482
      9        220.00          20.00           0.50      0.50       123      0.3482
     10        245.00          20.00           1.00      0.00       125      0.3846
     10        245.00          20.00           0.50      0.50       125      0.3846
     11        270.00          20.00           1.00      0.00       128     -0.0652
     11        270.00          20.00           0.50      0.50       128     -0.0652
     12        295.00          20.00           1.00      0.00       130     -0.9595
     12        295.00          20.00           0.50      0.50       130     -0.9595
     13        320.00          20.00           1.00      0.00       133     -1.2509
     13        320.00          20.00           0.50      0.50       133     -1.2509
     14        345.00          20.00           1.00      0.00       135     -0.0172
     14        345.00          20.00           0.50      0.50       135     -0.0172
     15        370.00          20.00           1.00      0.00       138      2.2261
     15        370.00          20.00           0.50      0.50       138      2.2261
     16        395.00          20.00           1.00      0.00       140      2.9118
     16        395.00          20.00           0.50      0.50       140      2.9118
     17        420.00          20.00           1.00      0.00       143      1.2570
     17        420.00          20.00           0.50      0.50       143      1.2570
     18        445.00          20.00           1.00      0.00       145     -0.6249
     18        445.00          20.00           0.50      0.50       145     -0.6249
     19        470.00          20.00           1.00      0.00       148     -1.3088
     19        470.00          20.00           0.50      0.50       148     -1.3088
     20         20.00          45.00           1.00      0.00       203     -1.5736
     20         20.00          45.00           0.50      0.50       203     -1.5736
     21         45.00          45.00           1.00      0.00       205     -1.2523
     21         45.00          45.00           0.50      0.50       205     -1.2523
     22         70.00          45.00           1.00      0.00       208     -0.1830
     22         70.00          45.00           0.50      0.50       208     -0.1830
     23         95.00          45.00           1.00      0.00       210      0.2923
     23         95.00          45.00           0.50      0.50       210      0.2923
     24        120.00          45.00           1.00      0.00       213      0.7342
     24        120.00          45.00           0.50      0.50       213      0.7342
     25        145.00          45.00           1.00      0.00       215      0.7782
     25        145.00          45.00           0.50      0.50       215      0.7782
     26        170.00          45.00           1.00      0.00       218     -0.2147
     26        170.00          45.00           0.50      0.50       218     -0.2147
     27        195.00          45.00           1.00      0.00       220      0.1865
     27        195.00          45.00           0.50      0.50       220      0.1865
     28        220.00          45.00           1.00      0.00       223      0.4281
     28        220.00          45.00           0.50      0.50       223      0.4281
     29        245.00          45.00           1.00      0.00       225      0.6109
     29        245.00          45.00           0.50      0.50       225      0.6109
     30        270.00          45.00           1.00      0.00       228     -0.4787
     30        270.00          45.00           0.50      0.50       228     -0.4787
     31        295.00          45.00           1.00      0.00       230     -1.4029
     31        295.00          45.00           0.50      0.50       230     -1.4029
     32        320.00          45.00           1.00      0.00       233     -0.7897
     32        320.00          45.00           0.50      0.50       233     -0.7897
     33        345.00          45.00           1.00      0.00       235      0.7298
     33        345.00          45.00           0.50      0.50       235      0.7298
     34        370.00          45.00           1.00      0.00       238      2.6995
     34        370.00          45.00           0.50      0.50       238      2.6995
     35        395.00          45.00           1.00      0.00       240      2.5426
     35        395.00          45.00           0.50      0.50       240      2.5426
     36        420.00          45.00           1.00      0.00       243      0.4589
     36        420.00          45.00           0.50      0.50       243      0.4589
     37        445.00          45.00           1.00      0.00       245     -0.9236
     37        445.00          45.00           0.50      0.50       245     -0.9236
     38        470.00          45.00           1.00      0.00       248     -1.2101
     38        470.00          45.00           0.50      0.50       248     -1.2101
     39         20.00          70.00           1.00      0.00       353     -1.5710
     39         20.00          70.00           0.50      0.50       353     -1.5710
     40         45.00          70.00           1.00      0.00       355     -1.2066
     40         45.00          70.00           0.50      0.50       355     -1.2066
     41         70.00          70.00           1.00      0.00       358     -0.1443
     41         70.00          70.00           0.50      0.50       358     -0.1443
     42         95.00          70.00           1.00      0.00       360      0.2209
     42         95.00          70.00           0.50      0.50       360      0.2209
     43        120.00          70.00           1.00      0.00       363      0.2307
     43        120.00          70.00           0.50      0.50       363      0.2307
     44        145.00          70.00           1.00      0.00       365      0.1641
     44        145.00          70.00           0.50      0.50       365      0.1641
     45        170.00          70.00           1.00      0.00       368     -0.2233
     45        170.00          70.00           0.50      0.50       368     -0.2233
     46        195.00          70.00           1.00      0.00       370     -0.0008
     46        195.00          70.00           0.50      0.50       370     -0.0008
     47        220.00          70.00           1.00      0.00       373      1.0966
     47        220.00          70.00           0.50      0.50       373      1.0966
     48        245.00          70.00           1.00      0.00       375      1.0259
     48        245.00          70.00           0.50      0.50       375      1.0259
     49        270.00          70.00           1.00      0.00       378     -0.4277
     49        270.00          70.00           0.50      0.50       378     -0.4277
     50        295.00          70.00           1.00      0.00       380     -0.9340
     50        295.00          70.00           0.50      0.50       380     -0.9340
     51        320.00          70.00           1.00      0.00       383     -0.0399
     51        320.00          70.00           0.50      0.50       383     -0.0399
     52        345.00          70.00           1.00      0.00       385      0.9958
     52        345.00          70.00           0.50      0.50       385      0.9958
     53        370.00          70.00           1.00      0.00       388      1.8512
     53        370.00          70.00           0.50      0.50       388      1.8512
     54        395.00          70.00           1.00      0.00       390      1.2656
     54        395.00          70.00           0.50      0.50       390      1.2656
     55        420.00          70.00           1.00      0.00       393     -0.4165
     55        420.00          70.00           0.50      0.50       393     -0.4165
     56        445.00          70.00           1.00      0.00       395     -0.9495
     56        445.00          70.00           0.50      0.50       395     -0.9495
     57        470.00          70.00           1.00      0.00       398     -0.6767
     57        470.00          70.00           0.50      0.50       398     -0.6767
     58         20.00          95.00           1.00      0.00       453     -1.3963
     58         20.00          95.00           0.50      0.50       453     -1.3963
     59         45.00          95.00           1.00      0.00       455     -0.7883
     59         45.00          95.00           0.50      0.50       455     -0.7883
     60         70.00          95.00           1.00      0.00       458      0.0085
     60         70.00          95.00           0.50      0.50       458      0.0085
     61         95.00          95.00           1.00      0.00       460      0.3134
     61         95.00          95.00           0.50      0.50       460      0.3134
     62        120.00          95.00           1.00      0.00       463     -0.3188
     62        120.00          95.00           0.50      0.50       463     -0.3188
     63        145.00          95.00           1.00      0.00       465     -0.4898
     63        145.00          95.00           0.50      0.50       465     -0.4898
     64        170.00          95.00           1.00      0.00       468      0.0336
     64        170.00          95.00           0.50      0.50       468      0.0336
     65        195.00          95.00           1.00      0.00       470      0.6850
     65        195.00          95.00           0.50      0.50       470      0.6850
     66        220.00          95.00           1.00      0.00       473      1.4971
     66        220.00          95.00           0.50      0.50       473      1.4971
     67        245.00          95.00           1.00      0.00       475      1.5325
     67        245.00          95.00           0.50      0.50       475      1.5325
     68        270.00          95.00           1.00      0.00       478      0.3881
     68        270.00          95.00           0.50      0.50       478      0.3881
     69        295.00          95.00           1.00      0.00       480     -0.4337
     69        295.00          95.00           0.50      0.50       480     -0.4337
     70        320.00          95.00           1.00      0.00       483     -0.2188
     70        320.00          95.00           0.50      0.50       483     -0.2188
     71        345.00          95.00           1.00      0.00       485      0.5881
     71        345.00          95.00           0.50      0.50       485      0.5881
     72        370.00          95.00           1.00      0.00       488      0.4935
     72        370.00          95.00           0.50      0.50       488      0.4935
     73        395.00          95.00           1.00      0.00       490      0.3385
     73        395.00          95.00           0.50      0.50       490      0.3385
     74        420.00          95.00           1.00      0.00       493     -0.3590
     74        420.00          95.00           0.50      0.50       493     -0.3590
     75        445.00          95.00           1.00      0.00       495     -0.6393
     75        445.00          95.00           0.50      0.50       495     -0.6393
     76        470.00          95.00           1.00      0.00       498     -0.2892
     76        470.00          95.00           0.50      0.50       498     -0.2892
     77         20.00         120.00           1.00      0.00       603     -1.4219
     77         20.00         120.00           0.50      0.50       603     -1.4219
     78         45.00         120.00           1.00      0.00       605     -0.4677
     78         45.00         120.00           0.50      0.50       605     -0.4677
     79         70.00         120.00           1.00      0.00       608      0.1365
     79         70.00         120.00           0.50      0.50       608      0.1365
     80         95.00         120.00           1.00      0.00       610      0.1884
     80         95.00         120.00           0.50      0.50       610      0.1884
     81        120.00         120.00           1.00      0.00       613     -0.6479
     81        120.00         120.00           0.50      0.50       613     -0.6479
     82        145.00         120.00           1.00      0.00       615     -0.7201
     82        145.00         120.00           0.50      0.50       615     -0.7201
     83        170.00         120.00           1.00      0.00       618      0.8893
     83        170.00         120.00           0.50      0.50       618      0.8893
     84        195.00         120.00           1.00      0.00       620      1.9823
     84        195.00         120.00           0.50      0.50       620      1.9823
     85        220.00         120.00           1.00      0.00       623      2.6675
     85        220.00         120.00           0.50      0.50       623      2.6675
     86        245.00         120.00           1.00      0.00       625      2.5283
     86        245.00         120.00           0.50      0.50       625      2.5283
     87        270.00         120.00           1.00      0.00       628      1.0861
     87        270.00         120.00           0.50      0.50       628      1.0861
     88        295.00         120.00           1.00      0.00       630      0.3564
     88        295.00         120.00           0.50      0.50       630      0.3564
     89        320.00         120.00           1.00      0.00       633     -0.1834
     89        320.00         120.00           0.50      0.50       633     -0.1834
     90        345.00         120.00           1.00      0.00       635     -0.2222
     90        345.00         120.00           0.50      0.50       635     -0.2222
     91        370.00         120.00           1.00      0.00       638     -0.3728
     91        370.00         120.00           0.50      0.50       638     -0.3728
     92        395.00         120.00           1.00      0.00       640     -0.5007
     92        395.00         120.00           0.50      0.50       640     -0.5007
     93        420.00         120.00           1.00      0.00       643     -0.2529
     93        420.00         120.00           0.50      0.50       643     -0.2529
     94        445.00         120.00           1.00      0.00       645      0.0014
     94        445.00         120.00           0.50      0.50       645      0.0014
     95        470.00         120.00           1.00      0.00       648      0.3104
     95        470.00         120.00           0.50      0.50       648      0.3104
     96         20.00         145.00           1.00      0.00       703     -1.3445
     96         20.00         145.00           0.50      0.50       703     -1.3445
     97         45.00         145.00           1.00      0.00       705     -0.7272
     97         45.00         145.00           0.50      0.50       705     -0.7272
     98         70.00         145.00           1.00      0.00       708      0.0173
     98         70.00         145.00           0.50      0.50       708      0.0173
     99         95.00         145.00           1.00      0.00       710      0.0442
     99         95.00         145.00           0.50      0.50       710      0.0442
    100        120.00         145.00           1.00      0.00       713     -0.6847
    100        120.00         145.00           0.50      0.50       713     -0.6847
    101        145.00         145.00           1.00      0.00       715     -0.2228
    101        145.00         145.00           0.50      0.50       715     -0.2228
    102        170.00         145.00           1.00      0.00       718      1.3242
    102        170.00         145.00           0.50      0.50       718      1.3242
    103        195.00         145.00           1.00      0.00       720      2.3163
    103        195.00         145.00           0.50      0.50       720      2.3163
    104        220.00         145.00           1.00      0.00       723      2.7127
    104        220.00         145.00           0.50      0.50       723      2.7127
    105        245.00         145.00           1.00      0.00       725      2.1662
    105        245.00         145.00           0.50      0.50       725      2.1662
    106        270.00         145.00           1.00      0.00       728      0.8682
    106        270.00         145.00           0.50      0.50       728      0.8682
    107        295.00         145.00           1.00      0.00       730     -0.0647
    107        295.00         145.00           0.50      0.50       730     -0.0647
    108        320.00         145.00           1.00      0.00       733     -0.3166
    108        320.00         145.00           0.50      0.50       733     -0.3166
    109        345.00         145.00           1.00      0.00       735     -0.2951
    109        345.00         145.00           0.50      0.50       735     -0.2951
    110        370.00         145.00           1.00      0.00       738     -0.2902
    110        370.00         145.00           0.50      0.50       738     -0.2902
    111        395.00         145.00           1.00      0.00       740     -0.1466
    111        395.00         145.00           0.50      0.50       740     -0.1466
    112        420.00         145.00           1.00      0.00       743      0.4135
    112        420.00         145.00           0.50      0.50       743      0.4135
    113        445.00         145.00           1.00      0.00       745      0.3635
    113        445.00         145.00           0.50      0.50       745      0.3635
    114        470.00         145.00           1.00      0.00       748      0.5799
    114        470.00         145.00           0.50      0.50       748      0.5799
    115         20.00         170.00           1.00      0.00       853     -0.9595
    115         20.00         170.00           0.50      0.50       853     -0.9595
    116         45.00         170.00           1.00      0.00       855     -0.4596
    116         45.00         170.00           0.50      0.50       855     -0.4596
    117         70.00         170.00           1.00      0.00       858     -0.0815
    117         70.00         170.00           0.50      0.50       858     -0.0815
    118         95.00         170.00           1.00      0.00       860      0.2283
    118         95.00         170.00           0.50      0.50       860      0.2283
    119        120.00         170.00           1.00      0.00       863      0.2519
    119        120.00         170.00           0.50      0.50       863      0.2519
    120        145.00         170.00           1.00      0.00       865      0.7077
    120        145.00         170.00           0.50      0.50       865      0.7077
    121        170.00         170.00           1.00      0.00       868      1.6402
    121        170.00         170.00           0.50      0.50       868      1.6402
    122        195.00         170.00           1.00      0.00       870      2.1837
    122        195.00         170.00           0.50      0.50       870      2.1837
    123        220.00         170.00           1.00      0.00       873      2.0871
    123        220.00         170.00           0.50      0.50       873      2.0871
    124        245.00         170.00           1.00      0.00       875      1.3086
    124        245.00         170.00           0.50      0.50       875      1.3086
    125        270.00         170.00           1.00      0.00       878      0.0284
    125        270.00         170.00           0.50      0.50       878      0.0284
    126        295.00         170.00           1.00      0.00       880     -0.1834
    126        295.00         170.00           0.50      0.50       880     -0.1834
    127        320.00         170.00           1.00      0.00       883     -0.3299
    127        320.00         170.00           0.50      0.50       883     -0.3299
    128        345.00         170.00           1.00      0.00       885     -0.4305
    128        345.00         170.00           0.50      0.50       885     -0.4305
    129        370.00         170.00           1.00      0.00       888     -0.2008
    129        370.00         170.00           0.50      0.50       888     -0.2008
    130        395.00         170.00           1.00      0.00       890      0.1562
    130        395.00         170.00           0.50      0.50       890      0.1562
    131        420.00         170.00           1.00      0.00       893      0.3459
    131        420.00         170.00           0.50      0.50       893      0.3459
    132        445.00         170.00           1.00      0.00       895      0.4074
    132        445.00         170.00           0.50      0.50       895      0.4074
    133        470.00         170.00           1.00      0.00       898      0.0330
    133        470.00         170.00           0.50      0.50       898      0.0330
    134         20.00         195.00           1.00      0.00       953     -0.4787
    134         20.00         195.00           0.50      0.50       953     -0.4787
    135         45.00         195.00           1.00      0.00       955     -0.1239
    135         45.00         195.00           0.50      0.50       955     -0.1239
    136         70.00         195.00           1.00      0.00       958      0.0336
    136         70.00         195.00           0.50      0.50       958      0.0336
    137         95.00         195.00           1.00      0.00       960      0.2648
    137         95.00         195.00           0.50      0.50       960      0.2648
    138        120.00         195.00           1.00      0.00       963      0.3704
    138        120.00         195.00           0.50      0.50       963      0.3704
    139        145.00         195.00           1.00      0.00       965      0.6904
    139        145.00         195.00           0.50      0.50       965      0.6904
    140        170.00         195.00           1.00      0.00       968      1.3799
    140        170.00         195.00           0.50      0.50       968      1.3799
    141        195.00         195.00           1.00      0.00       970      2.0377
    141        195.00         195.00           0.50      0.50       970      2.0377
    142        220.00         195.00           1.00      0.00       973      1.4991
    142        220.00         195.00           0.50      0.50       973      1.4991
    143        245.00         195.00           1.00      0.00       975      0.7746
    143        245.00         195.00           0.50      0.50       975      0.7746
    144        270.00         195.00           1.00      0.00       978     -0.0642
    144        270.00         195.00           0.50      0.50       978     -0.0642
    145        295.00         195.00           1.00      0.00       980     -0.1605
    145        295.00         195.00           0.50      0.50       980     -0.1605
    146        320.00         195.00           1.00      0.00       983     -0.3000
    146        320.00         195.00           0.50      0.50       983     -0.3000
    147        345.00         195.00           1.00      0.00       985     -0.1955
    147        345.00         195.00           0.50      0.50       985     -0.1955
    148        370.00         195.00           1.00      0.00       988     -0.1957
    148        370.00         195.00           0.50      0.50       988     -0.1957
    149        395.00         195.00           1.00      0.00       990     -0.1048
    149        395.00         195.00           0.50      0.50       990     -0.1048
    150        420.00         195.00           1.00      0.00       993      0.2241
    150        420.00         195.00           0.50      0.50       993      0.2241
    151        445.00         195.00           1.00      0.00       995     -0.1383
    151        445.00         195.00           0.50      0.50       995     -0.1383
    152        470.00         195.00           1.00      0.00       998     -0.4563
    152        470.00         195.00           0.50      0.50       998     -0.4563
    153         20.00         220.00           1.00      0.00      1103     -0.5071
    153         20.00         220.00           0.50      0.50      1103     -0.5071
    154         45.00         220.00           1.00      0.00      1105     -0.1300
    154         45.00         220.00           0.50      0.50      1105     -0.1300
    155         70.00         220.00           1.00      0.00      1108     -0.1154
    155         70.00         220.00           0.50      0.50      1108     -0.1154
    156         95.00         220.00           1.00      0.00      1110     -0.0051
    156         95.00         220.00           0.50      0.50      1110     -0.0051
    157        120.00         220.00           1.00      0.00      1113      0.4343
    157        120.00         220.00           0.50      0.50      1113      0.4343
    158        145.00         220.00           1.00      0.00      1115      0.6525
    158        145.00         220.00           0.50      0.50      1115      0.6525
    159        170.00         220.00           1.00      0.00      1118      0.6018
    159        170.00         220.00           0.50      0.50      1118      0.6018
    160        195.00         220.00           1.00      0.00      1120      0.8991
    160        195.00         220.00           0.50      0.50      1120      0.8991
    161        220.00         220.00           1.00      0.00      1123      0.8906
    161        220.00         220.00           0.50      0.50      1123      0.8906
    162        245.00         220.00           1.00      0.00      1125      0.7513
    162        245.00         220.00           0.50      0.50      1125      0.7513
    163        270.00         220.00           1.00      0.00      1128     -0.1061
    163        270.00         220.00           0.50      0.50      1128     -0.1061
    164        295.00         220.00           1.00      0.00      1130      0.0151
    164        295.00         220.00           0.50      0.50      1130      0.0151
    165        320.00         220.00           1.00      0.00      1133      0.4466
    165        320.00         220.00           0.50      0.50      1133      0.4466
    166        345.00         220.00           1.00      0.00      1135      0.1437
    166        345.00         220.00           0.50      0.50      1135      0.1437
    167        370.00         220.00           1.00      0.00      1138     -0.3031
    167        370.00         220.00           0.50      0.50      1138     -0.3031
    168        395.00         220.00           1.00      0.00      1140     -0.0933
    168        395.00         220.00           0.50      0.50      1140     -0.0933
    169        420.00         220.00           1.00      0.00      1143     -0.2748
    169        420.00         220.00           0.50      0.50      1143     -0.2748
    170        445.00         220.00           1.00      0.00      1145     -0.7701
    170        445.00         220.00           0.50      0.50      1145     -0.7701
    171        470.00         220.00           1.00      0.00      1148     -1.6078
    171        470.00         220.00           0.50      0.50      1148     -1.6078
    172         20.00         245.00           1.00      0.00      1203     -0.0097
    172         20.00         245.00           0.50      0.50      1203     -0.0097
    173         45.00         245.00           1.00      0.00      1205     -0.1671
    173         45.00         245.00           0.50      0.50      1205     -0.1671
    174         70.00         245.00           1.00      0.00      1208     -0.4055
    174         70.00         245.00           0.50      0.50      1208     -0.4055
    175         95.00         245.00           1.00      0.00      1210      0.0945
    175         95.00         245.00           0.50      0.50      1210      0.0945
    176        120.00         245.00           1.00      0.00      1213      0.1653
    176        120.00         245.00           0.50      0.50      1213      0.1653
    177        145.00         245.00           1.00      0.00      1215     -0.0667
    177        145.00         245.00           0.50      0.50      1215     -0.0667
    178        170.00         245.00           1.00      0.00      1218     -0.0855
    178        170.00         245.00           0.50      0.50      1218     -0.0855
    179        195.00         245.00           1.00      0.00      1220      0.3439
    179        195.00         245.00           0.50      0.50      1220      0.3439
    180        220.00         245.00           1.00      0.00      1223      0.5902
    180        220.00         245.00           0.50      0.50      1223      0.5902
    181        245.00         245.00           1.00      0.00      1225      0.7021
    181        245.00         245.00           0.50      0.50      1225      0.7021
    182        270.00         245.00           1.00      0.00      1228      0.3801
    182        270.00         245.00           0.50      0.50      1228      0.3801
    183        295.00         245.00           1.00      0.00      1230      0.3173
    183        295.00         245.00           0.50      0.50      1230      0.3173
    184        320.00         245.00           1.00      0.00      1233      0.4003
    184        320.00         245.00           0.50      0.50      1233      0.4003
    185        345.00         245.00           1.00      0.00      1235      0.1358
    185        345.00         245.00           0.50      0.50      1235      0.1358
    186        370.00         245.00           1.00      0.00      1238     -0.4351
    186        370.00         245.00           0.50      0.50      1238     -0.4351
    187        395.00         245.00           1.00      0.00      1240     -0.4248
    187        395.00         245.00           0.50      0.50      1240     -0.4248
    188        420.00         245.00           1.00      0.00      1243     -0.8381
    188        420.00         245.00           0.50      0.50      1243     -0.8381
    189        445.00         245.00           1.00      0.00      1245     -1.6127
    189        445.00         245.00           0.50      0.50      1245     -1.6127
    190        470.00         245.00           1.00      0.00      1248     -1.9313
    190        470.00         245.00           0.50      0.50      1248     -1.9313
    191         20.00         270.00           1.00      0.00      1353      0.0812
    191         20.00         270.00           0.50      0.50      1353      0.0812
    192         45.00         270.00           1.00      0.00      1355     -0.2777
    192         45.00         270.00           0.50      0.50      1355     -0.2777
    193         70.00         270.00           1.00      0.00      1358     -0.4825
    193         70.00         270.00           0.50      0.50      1358     -0.4825
    194         95.00         270.00           1.00      0.00      1360      0.1206
    194         95.00         270.00           0.50      0.50      1360      0.1206
    195        120.00         270.00           1.00      0.00      1363      0.5150
    195        120.00         270.00           0.50      0.50      1363      0.5150
    196        145.00         270.00           1.00      0.00      1365      0.2988
    196        145.00         270.00           0.50      0.50      1365      0.2988
    197        170.00         270.00           1.00      0.00      1368     -0.1728
    197        170.00         270.00           0.50      0.50      1368     -0.1728
    198        195.00         270.00           1.00      0.00      1370     -0.1859
    198        195.00         270.00           0.50      0.50      1370     -0.1859
    199        220.00         270.00           1.00      0.00      1373     -0.2248
    199        220.00         270.00           0.50      0.50      1373     -0.2248
    200        245.00         270.00           1.00      0.00      1375      0.0331
    200        245.00         270.00           0.50      0.50      1375      0.0331
    201        270.00         270.00           1.00      0.00      1378     -0.1655
    201        270.00         270.00           0.50      0.50      1378     -0.1655
    202        295.00         270.00           1.00      0.00      1380     -0.4675
    202        295.00         270.00           0.50      0.50      1380     -0.4675
    203        320.00         270.00           1.00      0.00      1383     -0.7216
    203        320.00         270.00           0.50      0.50      1383     -0.7216
    204        345.00         270.00           1.00      0.00      1385     -0.7862
    204        345.00         270.00           0.50      0.50      1385     -0.7862
    205        370.00         270.00           1.00      0.00      1388     -0.7051
    205        370.00         270.00           0.50      0.50      1388     -0.7051
    206        395.00         270.00           1.00      0.00      1390     -0.8947
    206        395.00         270.00           0.50      0.50      1390     -0.8947
    207        420.00         270.00           1.00      0.00      1393     -1.3118
    207        420.00         270.00           0.50      0.50      1393     -1.3118
    208        445.00         270.00           1.00      0.00      1395     -1.5493
    208        445.00         270.00           0.50      0.50      1395     -1.5493
    209        470.00         270.00           1.00      0.00      1398     -0.8707
    209        470.00         270.00           0.50      0.50      1398     -0.8707
    210         20.00         295.00           1.00      0.00      1453      0.4885
    210         20.00         295.00           0.50      0.50      1453      0.4885
    211         45.00         295.00           1.00      0.00      1455     -0.2689
    211         45.00         295.00           0.50      0.50      1455     -0.2689
    212         70.00         295.00           1.00      0.00      1458     -0.0258
    212         70.00         295.00           0.50      0.50      1458     -0.0258
    213         95.00         295.00           1.00      0.00      1460      0.4885
    213         95.00         295.00           0.50      0.50      1460      0.4885
    214        120.00         295.00           1.00      0.00      1463      0.6219
    214        120.00         295.00           0.50      0.50      1463      0.6219
    215        145.00         295.00           1.00      0.00      1465      0.1767
    215        145.00         295.00           0.50      0.50      1465      0.1767
    216        170.00         295.00           1.00      0.00      1468      0.0344
    216        170.00         295.00           0.50      0.50      1468      0.0344
    217        195.00         295.00           1.00      0.00      1470     -0.1030
    217        195.00         295.00           0.50      0.50      1470     -0.1030
    218        220.00         295.00           1.00      0.00      1473     -0.5976
    218        220.00         295.00           0.50      0.50      1473     -0.5976
    219        245.00         295.00           1.00      0.00      1475     -0.5592
    219        245.00         295.00           0.50      0.50      1475     -0.5592
    220        270.00         295.00           1.00      0.00      1478     -0.4375
    220        270.00         295.00           0.50      0.50      1478     -0.4375
    221        295.00         295.00           1.00      0.00      1480     -0.5994
    221        295.00         295.00           0.50      0.50      1480     -0.5994
    222        320.00         295.00           1.00      0.00      1483     -0.9452
    222        320.00         295.00           0.50      0.50      1483     -0.9452
    223        345.00         295.00           1.00      0.00      1485     -0.7373
    223        345.00         295.00           0.50      0.50      1485     -0.7373
    224        370.00         295.00           1.00      0.00      1488     -0.5002
    224        370.00         295.00           0.50      0.50      1488     -0.5002
    225        395.00         295.00           1.00      0.00      1490     -0.7352
    225        395.00         295.00           0.50      0.50      1490     -0.7352
    226        420.00         295.00           1.00      0.00      1493     -0.8486
    226        420.00         295.00           0.50      0.50      1493     -0.8486
    227        445.00         295.00           1.00      0.00      1495     -0.5737
    227        445.00         295.00           0.50      0.50      1495     -0.5737
    228        470.00         295.00           1.00      0.00      1498      0.4406
    228        470.00         295.00           0.50      0.50      1498      0.4406
    229         20.00         320.00           1.00      0.00      1603      0.5472
    229         20.00         320.00           0.50      0.50      1603      0.5472
    230         45.00         320.00           1.00      0.00      1605      0.3372
    230         45.00         320.00           0.50      0.50      1605      0.3372
    231         70.00         320.00           1.00      0.00      1608      0.1379
    231         70.00         320.00           0.50      0.50      1608      0.1379
    232         95.00         320.00           1.00      0.00      1610      0.5821
    232         95.00         320.00           0.50      0.50      1610      0.5821
    233        120.00         320.00           1.00      0.00      1613      0.4275
    233        120.00         320.00           0.50      0.50      1613      0.4275
    234        145.00         320.00           1.00      0.00      1615      0.1034
    234        145.00         320.00           0.50      0.50      1615      0.1034
    235        170.00         320.00           1.00      0.00      1618      0.0664
    235        170.00         320.00           0.50      0.50      1618      0.0664
    236        195.00         320.00           1.00      0.00      1620     -0.5306
    236        195.00         320.00           0.50      0.50      1620     -0.5306
    237        220.00         320.00           1.00      0.00      1623     -1.0810
    237        220.00         320.00           0.50      0.50      1623     -1.0810
    238        245.00         320.00           1.00      0.00      1625     -0.9936
    238        245.00         320.00           0.50      0.50      1625     -0.9936
    239        270.00         320.00           1.00      0.00      1628     -0.9174
    239        270.00         320.00           0.50      0.50      1628     -0.9174
    240        295.00         320.00           1.00      0.00      1630     -0.8628
    240        295.00         320.00           0.50      0.50      1630     -0.8628
    241        320.00         320.00           1.00      0.00      1633     -0.3060
    241        320.00         320.00           0.50      0.50      1633     -0.3060
    242        345.00         320.00           1.00      0.00      1635      0.1822
    242        345.00         320.00           0.50      0.50      1635      0.1822
    243        370.00         320.00           1.00      0.00      1638      0.0800
    243        370.00         320.00           0.50      0.50      1638      0.0800
    244        395.00         320.00           1.00      0.00      1640      0.3679
    244        395.00         320.00           0.50      0.50      1640      0.3679
    245        420.00         320.00           1.00      0.00      1643      0.4382
    245        420.00         320.00           0.50      0.50      1643      0.4382
    246        445.00         320.00           1.00      0.00      1645      0.6543
    246        445.00         320.00           0.50      0.50      1645      0.6543
    247        470.00         320.00           1.00      0.00      1648      1.6547
    247        470.00         320.00           0.50      0.50      1648      1.6547
    248         20.00         345.00           1.00      0.00      1703      0.7314
    248         20.00         345.00           0.50      0.50      1703      0.7314
    249         45.00         345.00           1.00      0.00      1705      0.2700
    249         45.00         345.00           0.50      0.50      1705      0.2700
    250         70.00         345.00           1.00      0.00      1708      0.0519
    250         70.00         345.00           0.50      0.50      1708      0.0519
    251         95.00         345.00           1.00      0.00      1710      0.1719
    251         95.00         345.00           0.50      0.50      1710      0.1719
    252        120.00         345.00           1.00      0.00      1713      0.0239
    252        120.00         345.00           0.50      0.50      1713      0.0239
    253        145.00         345.00           1.00      0.00      1715      0.3145
    253        145.00         345.00           0.50      0.50      1715      0.3145
    254        170.00         345.00           1.00      0.00      1718      0.2810
    254        170.00         345.00           0.50      0.50      1718      0.2810
    255        195.00         345.00           1.00      0.00      1720      0.0074
    255        195.00         345.00           0.50      0.50      1720      0.0074
    256        220.00         345.00           1.00      0.00      1723     -0.9027
    256        220.00         345.00           0.50      0.50      1723     -0.9027
    257        245.00         345.00           1.00      0.00      1725     -0.9267
    257        245.00         345.00           0.50      0.50      1725     -0.9267
    258        270.00         345.00           1.00      0.00      1728     -0.8286
    258        270.00         345.00           0.50      0.50      1728     -0.8286
    259        295.00         345.00           1.00      0.00      1730     -0.5748
    259        295.00         345.00           0.50      0.50      1730     -0.5748
    260        320.00         345.00           1.00      0.00      1733      0.3174
    260        320.00         345.00           0.50      0.50      1733      0.3174
    261        345.00         345.00           1.00      0.00      1735      0.7669
    261        345.00         345.00           0.50      0.50      1735      0.7669
    262        370.00         345.00           1.00      0.00      1738      1.0703
    262        370.00         345.00           0.50      0.50      1738      1.0703
    263        395.00         345.00           1.00      0.00      1740      1.0043
    263        395.00         345.00           0.50      0.50      1740      1.0043
    264        420.00         345.00           1.00      0.00      1743      1.1516
    264        420.00         345.00           0.50      0.50      1743      1.1516
    265        445.00         345.00           1.00      0.00      1745      1.1042
    265        445.00         345.00           0.50      0.50      1745      1.1042
    266        470.00         345.00           1.00      0.00      1748      1.6889
    266        470.00         345.00           0.50      0.50      1748      1.6889
    267         20.00         370.00           1.00      0.00      1853      0.3821
    267         20.00         370.00           0.50      0.50      1853      0.3821
    268         45.00         370.00           1.00      0.00      1855      0.5379
    268         45.00         370.00           0.50      0.50      1855      0.5379
    269         70.00         370.00           1.00      0.00      1858      0.3647
    269         70.00         370.00           0.50      0.50      1858      0.3647
    270         95.00         370.00           1.00      0.00      1860     -0.2553
    270         95.00         370.00           0.50      0.50      1860     -0.2553
    271        120.00         370.00           1.00      0.00      1863      0.2015
    271        120.00         370.00           0.50      0.50      1863      0.2015
    272        145.00         370.00           1.00      0.00      1865      0.4484
    272        145.00         370.00           0.50      0.50      1865      0.4484
    273        170.00         370.00           1.00      0.00      1868      0.8873
    273        170.00         370.00           0.50      0.50      1868      0.8873
    274        195.00         370.00           1.00      0.00      1870      0.6036
    274        195.00         370.00           0.50      0.50      1870      0.6036
    275        220.00         370.00           1.00      0.00      1873     -0.9105
    275        220.00         370.00           0.50      0.50      1873     -0.9105
    276        245.00         370.00           1.00      0.00      1875     -1.2304
    276        245.00         370.00           0.50      0.50      1875     -1.2304
    277        270.00         370.00           1.00      0.00      1878     -0.1567
    277        270.00         370.00           0.50      0.50      1878     -0.1567
    278        295.00         370.00           1.00      0.00      1880      0.2880
    278        295.00         370.00           0.50      0.50      1880      0.2880
    279        320.00         370.00           1.00      0.00      1883      0.1628
    279        320.00         370.00           0.50      0.50      1883      0.1628
    280        345.00         370.00           1.00      0.00      1885      1.0079
    280        345.00         370.00           0.50      0.50      1885      1.0079
    281        370.00         370.00           1.00      0.00      1888      1.6491
    281        370.00         370.00           0.50      0.50      1888      1.6491
    282        395.00         370.00           1.00      0.00      1890      1.7642
    282        395.00         370.00           0.50      0.50      1890      1.7642
    283        420.00         370.00           1.00      0.00      1893      1.9832
    283        420.00         370.00           0.50      0.50      1893      1.9832
    284        445.00         370.00           1.00      0.00      1895      1.6298
    284        445.00         370.00           0.50      0.50      1895      1.6298
    285        470.00         370.00           1.00      0.00      1898      1.5528
    285        470.00         370.00           0.50      0.50      1898      1.5528
    286         20.00         395.00           1.00      0.00      1953      0.9124
    286         20.00         395.00           0.50      0.50      1953      0.9124
    287         45.00         395.00           1.00      0.00      1955      1.1530
    287         45.00         395.00           0.50      0.50      1955      1.1530
    288         70.00         395.00           1.00      0.00      1958      0.6269
    288         70.00         395.00           0.50      0.50      1958      0.6269
    289         95.00         395.00           1.00      0.00      1960     -0.2273
    289         95.00         395.00           0.50      0.50      1960     -0.2273
    290        120.00         395.00           1.00      0.00      1963      0.1387
    290        120.00         395.00           0.50      0.50      1963      0.1387
    291        145.00         395.00           1.00      0.00      1965      0.5710
    291        145.00         395.00           0.50      0.50      1965      0.5710
    292        170.00         395.00           1.00      0.00      1968      1.1808
    292        170.00         395.00           0.50      0.50      1968      1.1808
    293        195.00         395.00           1.00      0.00      1970      0.4730
    293        195.00         395.00           0.50      0.50      1970      0.4730
    294        220.00         395.00           1.00      0.00      1973     -0.7097
    294        220.00         395.00           0.50      0.50      1973     -0.7097
    295        245.00         395.00           1.00      0.00      1975     -0.7980
    295        245.00         395.00           0.50      0.50      1975     -0.7980
    296        270.00         395.00           1.00      0.00      1978     -0.0813
    296        270.00         395.00           0.50      0.50      1978     -0.0813
    297        295.00         395.00           1.00      0.00      1980      0.1397
    297        295.00         395.00           0.50      0.50      1980      0.1397
    298        320.00         395.00           1.00      0.00      1983      0.1229
    298        320.00         395.00           0.50      0.50      1983      0.1229
    299        345.00         395.00           1.00      0.00      1985      0.5830
    299        345.00         395.00           0.50      0.50      1985      0.5830
    300        370.00         395.00           1.00      0.00      1988      1.2976
    300        370.00         395.00           0.50      0.50      1988      1.2976
    301        395.00         395.00           1.00      0.00      1990      1.6417
    301        395.00         395.00           0.50      0.50      1990      1.6417
    302        420.00         395.00           1.00      0.00      1993      1.6727
    302        420.00         395.00           0.50      0.50      1993      1.6727
    303        445.00         395.00           1.00      0.00      1995      1.5990
    303        445.00         395.00           0.50      0.50      1995      1.5990
    304        470.00         395.00           1.00      0.00      1998      1.3535
    304        470.00         395.00           0.50      0.50      1998      1.3535
    305         20.00         420.00           1.00      0.00      2103      0.8653
    305         20.00         420.00           0.50      0.50      2103      0.8653
    306         45.00         420.00           1.00      0.00      2105      0.7079
    306         45.00         420.00           0.50      0.50      2105      0.7079
    307         70.00         420.00           1.00      0.00      2108      0.0862
    307         70.00         420.00           0.50      0.50      2108      0.0862
    308         95.00         420.00           1.00      0.00      2110     -0.1915
    308         95.00         420.00           0.50      0.50      2110     -0.1915
    309        120.00         420.00           1.00      0.00      2113      0.2262
    309        120.00         420.00           0.50      0.50      2113      0.2262
    310        145.00         420.00           1.00      0.00      2115      0.6630
    310        145.00         420.00           0.50      0.50      2115      0.6630
    311        170.00         420.00           1.00      0.00      2118      1.0617
    311        170.00         420.00           0.50      0.50      2118      1.0617
    312        195.00         420.00           1.00      0.00      2120      0.7123
    312        195.00         420.00           0.50      0.50      2120      0.7123
    313        220.00         420.00           1.00      0.00      2123     -0.0346
    313        220.00         420.00           0.50      0.50      2123     -0.0346
    314        245.00         420.00           1.00      0.00      2125     -0.0505
    314        245.00         420.00           0.50      0.50      2125     -0.0505
    315        270.00         420.00           1.00      0.00      2128      0.1522
    315        270.00         420.00           0.50      0.50      2128      0.1522
    316        295.00         420.00           1.00      0.00      2130     -0.0724
    316        295.00         420.00           0.50      0.50      2130     -0.0724
    317        320.00         420.00           1.00      0.00      2133      0.0358
    317        320.00         420.00           0.50      0.50      2133      0.0358
    318        345.00         420.00           1.00      0.00      2135      0.1809
    318        345.00         420.00           0.50      0.50      2135      0.1809
    319        370.00         420.00           1.00      0.00      2138      0.6229
    319        370.00         420.00           0.50      0.50      2138      0.6229
    320        395.00         420.00           1.00      0.00      2140      0.7424
    320        395.00         420.00           0.50      0.50      2140      0.7424
    321        420.00         420.00           1.00      0.00      2143      1.0475
    321        420.00         420.00           0.50      0.50      2143      1.0475
    322        445.00         420.00           1.00      0.00      2145      1.4134
    322        445.00         420.00           0.50      0.50      2145      1.4134
    323        470.00         420.00           1.00      0.00      2148      1.4593
    323        470.00         420.00           0.50      0.50      2148      1.4593
    324         20.00         445.00           1.00      0.00      2203      0.3618
    324         20.00         445.00           0.50      0.50      2203      0.3618
    325         45.00         445.00           1.00      0.00      2205      0.1924
    325         45.00         445.00           0.50      0.50      2205      0.1924
    326         70.00         445.00           1.00      0.00      2208     -0.5566
    326         70.00         445.00           0.50      0.50      2208     -0.5566
    327         95.00         445.00           1.00      0.00      2210     -0.8540
    327         95.00         445.00           0.50      0.50      2210     -0.8540
    328        120.00         445.00           1.00      0.00      2213      0.0681
    328        120.00         445.00           0.50      0.50      2213      0.0681
    329        145.00         445.00           1.00      0.00      2215      1.0392
    329        145.00         445.00           0.50      0.50      2215      1.0392
    330        170.00         445.00           1.00      0.00      2218      0.8569
    330        170.00         445.00           0.50      0.50      2218      0.8569
    331        195.00         445.00           1.00      0.00      2220      0.7605
    331        195.00         445.00           0.50      0.50      2220      0.7605
    332        220.00         445.00           1.00      0.00      2223      0.4360
    332        220.00         445.00           0.50      0.50      2223      0.4360
    333        245.00         445.00           1.00      0.00      2225      0.0584
    333        245.00         445.00           0.50      0.50      2225      0.0584
    334        270.00         445.00           1.00      0.00      2228      0.0026
    334        270.00         445.00           0.50      0.50      2228      0.0026
    335        295.00         445.00           1.00      0.00      2230     -0.3673
    335        295.00         445.00           0.50      0.50      2230     -0.3673
    336        320.00         445.00           1.00      0.00      2233     -0.5285
    336        320.00         445.00           0.50      0.50      2233     -0.5285
    337        345.00         445.00           1.00      0.00      2235     -0.4795
    337        345.00         445.00           0.50      0.50      2235     -0.4795
    338        370.00         445.00           1.00      0.00      2238     -0.5237
    338        370.00         445.00           0.50      0.50      2238     -0.5237
    339        395.00         445.00           1.00      0.00      2240     -0.0986
    339        395.00         445.00           0.50      0.50      2240     -0.0986
    340        420.00         445.00           1.00      0.00      2243      0.8788
    340        420.00         445.00           0.50      0.50      2243      0.8788
    341        445.00         445.00           1.00      0.00      2245      1.3183
    341        445.00         445.00           0.50      0.50      2245      1.3183
    342        470.00         445.00           1.00      0.00      2248      1.6706
    342        470.00         445.00           0.50      0.50      2248      1.6706
    343         20.00         470.00           1.00      0.00      2353     -1.1175
    343         20.00         470.00           0.50      0.50      2353     -1.1175
    344         45.00         470.00           1.00      0.00      2355     -1.3712
    344         45.00         470.00           0.50      0.50      2355     -1.3712
    345         70.00         470.00           1.00      0.00      2358     -1.7002
    345         70.00         470.00           0.50      0.50      2358     -1.7002
    346         95.00         470.00           1.00      0.00      2360     -1.0341
    346         95.00         470.00           0.50      0.50      2360     -1.0341
    347        120.00         470.00           1.00      0.00      2363      0.3926
    347        120.00         470.00           0.50      0.50      2363      0.3926
    348        145.00         470.00           1.00      0.00      2365      0.9616
    348        145.00         470.00           0.50      0.50      2365      0.9616
    349        170.00         470.00           1.00      0.00      2368      0.4342
    349        170.00         470.00           0.50      0.50      2368      0.4342
    350        195.00         470.00           1.00      0.00      2370      0.3131
    350        195.00         470.00           0.50      0.50      2370      0.3131
    351        220.00         470.00           1.00      0.00      2373      0.1116
    351        220.00         470.00           0.50      0.50      2373      0.1116
    352        245.00         470.00           1.00      0.00      2375     -0.2384
    352        245.00         470.00           0.50      0.50      2375     -0.2384
    353        270.00         470.00           1.00      0.00      2378     -0.9453
    353        270.00         470.00           0.50      0.50      2378     -0.9453
    354        295.00         470.00           1.00      0.00      2380     -1.1373
    354        295.00         470.00           0.50      0.50      2380     -1.1373
    355        320.00         470.00           1.00      0.00      2383     -1.1996
    355        320.00         470.00           0.50      0.50      2383     -1.1996
    356        345.00         470.00           1.00      0.00      2385     -1.5140
    356        345.00         470.00           0.50      0.50      2385     -1.5140
    357        370.00         470.00           1.00      0.00      2388     -1.7595
    357        370.00         470.00           0.50      0.50      2388     -1.7595
    358        395.00         470.00           1.00      0.00      2390     -0.9943
    358        395.00         470.00           0.50      0.50      2390     -0.9943
    359        420.00         470.00           1.00      0.00      2393      0.4491
    359        420.00         470.00           0.50      0.50      2393      0.4491
    360        445.00         470.00           1.00      0.00      2395      1.4270
    360        445.00         470.00           0.50      0.50      2395      1.4270
    361        470.00         470.00           1.00      0.00      2398      1.7631
    361        470.00         470.00           0.50      0.50      2398      1.7631
