SGSIM Realizations
 1   50   50    1  5.0000000      5.0000000     0.50000000     10.00000     10.00000     1.000000       1
value
-1.5143089    
-1.4963703    
-1.0955505    
-1.1169586    
-.98320127    
-.71858084    
-.88090515    
-.34653139    
-.24468783    
-.12003171    
0.19616556    
0.59242344    
0.66932440    
0.69101506    
0.62603664    
0.39767325    
0.34379709    
-.26846805    
-.22922397    
-.26932663    
-.21965545    
-.14309610    
0.25356393E-01
0.23306274    
0.49984285    
0.41051418    
0.17987126    
-.10420178    
-.27024302    
-.53011930    
-.88565952    
-1.3187824    
-1.2800765    
-1.1072880    
-.54357719    
-.11999423    
0.78575861    
 1.4642414    
 1.9447734    
 2.5916748    
 2.4002588    
 2.0665338    
 1.3584577    
0.44699126    
-.15232489    
-.85003138    
-1.2021030    
-1.5980941    
-1.3886516    
-.88534403    
-1.8593955    
-1.7246476    
-1.4338039    
-1.2653389    
-1.0099690    
-.65005326    
-.70409060    
-.56086802    
-.14660001    
0.26894209    
0.35143143    
0.64540935    
0.59955782    
0.58835572    
0.57706892    
0.40993297    
0.95332488E-02
-.17417696    
-.49754480    
-.34513864    
-.43294907    
0.19372754E-01
0.18046108    
0.13598785    
0.50447416    
0.32453269    
0.26652193    
0.81156187E-01
-.65007025    
-.75516421    
-1.2085493    
-1.5019649    
-1.2705050    
-1.0738735    
-.38932842    
0.25030458    
0.99705565    
 1.8929276    
 2.4842315    
 2.6489093    
 2.5479617    
 2.1518626    
 1.3492171    
0.44749352    
-.32008141    
-1.2024168    
-1.1557740    
-1.5768263    
-1.2355739    
-1.1161307    
-1.9613134    
-1.7785212    
-1.4884967    
-1.5366589    
-1.2156699    
-.93573755    
-.63546556    
-.39725971    
-.19361879    
0.34583455    
0.66953576    
0.72753477    
0.82314211    
0.71425939    
0.60258901    
0.50984591    
0.49358614E-01
-.12810096    
-.65630466E-01
-.17936167    
-.58115453E-01
0.20805484    
0.34821945    
0.48383695    
0.38460976    
0.51918495    
0.47119632E-01
-.65218791E-01
-.62919962    
-.95949370    
-1.3385173    
-1.2323638    
-1.2508736    
-.94584441    
-.17187819E-01
0.76802266    
 1.3855487    
 2.2260630    
 2.9849052    
 2.9117930    
 2.6782460    
 2.0225008    
 1.2570438    
0.22719666    
-.62491232    
-1.0874462    
-1.3953844    
-1.3087943    
-1.2380825    
-.73823923    
-1.8315784    
-1.6960902    
-1.5792893    
-1.5371648    
-1.2699559    
-.92905480    
-.51907521    
-.33380264    
-.39899886E-01
0.29528791    
0.61083251    
0.68790215    
0.96662039    
0.48076943    
0.60967183    
0.43138596    
0.21258429E-01
-.79020865E-01
-.27637184E-03
0.44178516E-02
0.10210466    
0.36550933    
0.20118040    
0.62155086    
0.60501182    
0.35096186    
-.10602595    
-.42319646    
-.72095114    
-1.2336675    
-1.5537900    
-1.1828625    
-.91346842    
-.59165770    
0.28503183    
 1.2084736    
 1.9452353    
 2.3657024    
 2.7794096    
 2.6931322    
 2.3019614    
 1.7199551    
0.81087565    
0.91463923E-02
-.74482548    
-1.3667752    
-1.3739704    
-1.3857933    
-1.0400506    
-.70890617    
-1.6784968    
-1.5849556    
-1.5735500    
-1.3369455    
-1.2523075    
-1.0076650    
-.57105213    
-.18303953    
0.17297211    
0.29229873    
0.52605885    
0.69439965    
0.73424590    
0.87837827    
0.77822083    
0.40064389    
0.33230877    
-.21467134    
0.18549375    
0.18651225    
0.11752316    
0.47023034    
0.42805862    
0.46194112    
0.61092216    
0.48832572    
0.30529678E-01
-.47865614    
-.87345481    
-1.4029218    
-1.3804362    
-1.1453117    
-.78973472    
-.23234729    
0.72977704    
 1.3665508    
 1.9848108    
 2.6994514    
 2.6819448    
 2.5426269    
 2.0615649    
 1.2037503    
0.45888835    
-.27646405    
-.92363560    
-1.2476455    
-1.4276596    
-1.2101072    
-.98823899    
-.16782671    
-1.4592054    
-1.5719752    
-1.4567958    
-1.3131101    
-1.1932068    
-.87187642    
-.74196041    
-.27933705    
0.52473679E-01
0.37843889    
0.49276927    
0.50596523    
0.69917238    
0.61220843    
0.42805991    
0.40928727    
0.10432608    
0.76311193E-02
-.10772740    
0.14928438    
0.38383371    
0.41277450    
0.64642036    
0.79154968    
0.67194861    
0.49593967    
-.14576989    
-.80492216    
-.91939837    
-1.1679037    
-1.1891047    
-.97936171    
-.54394168    
0.76437667E-01
0.77559596    
 1.6582021    
 2.1101074    
 2.4773734    
 2.5244205    
 2.4047589    
 1.6215416    
0.84981942    
0.24396621    
-.44167036    
-.96653581    
-1.3449924    
-1.0803347    
-1.1079296    
-.67602861    
-.14102149    
-1.5077436    
-1.3900689    
-1.5073774    
-1.5214671    
-1.1597309    
-.63947833    
-.66230327    
-.23640457    
0.52674584E-01
0.17112622    
0.35815573    
0.37318015    
0.49958217    
0.39540479    
0.24767265    
0.31771412    
-.45206204E-01
-.49899256    
-.16445297    
-.15197539    
0.30571014    
0.70045269    
0.71847695    
0.87504113    
0.71930677    
0.58585173    
0.87399587E-01
-.59678882    
-1.1164455    
-1.2589905    
-.95934457    
-.63147813    
-.47992229    
0.33584529    
0.96458602    
 1.4635453    
 2.0531492    
 2.1937356    
 2.0852621    
 1.7886002    
 1.3052797    
0.56726724    
-.21651164    
-.57700449    
-.96750212    
-1.1269213    
-1.2030780    
-.74597400    
-.37537938    
0.20925426    
-1.2832448    
-1.5465789    
-1.5709578    
-1.3371276    
-1.2065554    
-.71095991    
-.22599313    
-.14428920    
0.17426389    
0.22094677    
0.14156902    
0.17345226    
0.23069604    
0.10741654    
0.16413639    
-.13560168E-01
0.18071306    
-.22327936    
-.84580056E-01
-.83935261E-03
0.27612519    
0.76055110    
 1.0965649    
 1.0284636    
 1.0258813    
0.59134728    
0.90703472E-01
-.42769316    
-.71203506    
-.93397588    
-.88374746    
-.50765163    
-.39874829E-01
0.31252390    
0.99577332    
 1.3986158    
 1.8418407    
 1.8512044    
 1.3790853    
 1.2656054    
0.78525072    
0.23306268    
-.41653511    
-.75818741    
-.94949782    
-1.0093654    
-.96508342    
-.67671216    
-.34521151    
0.31083289    
-1.2968240    
-1.4554287    
-1.4706520    
-1.3595163    
-.99285632    
-.78107071    
-.42893392    
-.19147548    
0.57720896E-01
0.14295335    
0.83960310E-01
0.75834408E-01
-.10839260    
-.30278809E-01
-.17291068    
-.29089338    
-.25227362    
-.50796099E-01
0.78936964E-01
0.33812141    
0.43025857    
0.76597363    
 1.0257039    
 1.4254233    
 1.2972783    
0.87105477    
0.31508875    
-.22938028E-01
-.60925752    
-.62436289    
-.79814970    
-.54183787    
0.27004339E-01
0.39921489    
0.79059249    
0.98649502    
 1.2266917    
 1.2617117    
0.96650028    
0.80750871    
0.23716402    
0.11731453E-01
-.56739110    
-.75044990    
-.69218272    
-.97893691    
-.79151243    
-.39302829    
-.28540024    
0.41033560    
-1.3876834    
-1.5319259    
-1.3963214    
-1.3064864    
-.78826338    
-.49150687    
-.37173322    
0.84744804E-02
0.16555876    
0.31342399    
-.43862443E-01
-.16533035    
-.31878918    
-.30299515    
-.48975059    
-.44092947    
-.25942346    
0.33588808E-01
0.43925542    
0.68501371    
 1.0973079    
 1.4048449    
 1.4971259    
 1.7628100    
 1.5325317    
 1.1782070    
0.67848700    
0.38805389    
-.77415660E-01
-.43374735    
-.23662485    
-.37427607    
-.21881422    
0.24708009    
0.58812499    
0.70042819    
0.79830694    
0.49350876    
0.48459560    
0.33852965    
-.47989048E-01
-.17790222    
-.35897070    
-.62300324    
-.63934469    
-.72595108    
-.44895655    
-.28922892    
0.60716361E-01
0.51676798    
-1.5464258    
-1.7660197    
-1.5115365    
-1.1736903    
-.76507342    
-.34079632    
-.31217641    
-.43150783E-01
0.13562720    
0.15018994    
-.17670906    
-.24795373    
-.41017765    
-.51926512    
-.36836964    
-.38132295    
-.72716318E-01
0.26297837    
0.51748157    
0.97949636    
 1.2876811    
 1.7723713    
 2.0964553    
 2.0465958    
 2.1289196    
 1.6018903    
 1.0151176    
0.40512738    
0.20202219    
-.10575119    
-.37465096    
-.74507549E-01
-.56975644E-01
0.79456061E-01
0.12404496    
0.39794189    
0.12796922    
0.13574214    
0.19892195    
-.66409014E-01
-.20704792    
-.54611415    
-.59282506    
-.54597050    
-.45148578    
-.32359788    
-.11985789    
0.95546776E-02
0.17445888    
0.58451921    
-1.9008565    
-1.6304373    
-1.3608398    
-1.0137560    
-.63898331    
-.32460046    
0.64821467E-01
0.11913951    
0.19974670    
0.10972842    
-.20573315    
-.33646747    
-.63105881    
-.71913427    
-.79351890    
-.22317493    
0.10239781    
0.62737215    
 1.1323012    
 1.4673185    
 2.0274491    
 2.3681698    
 2.4538543    
 2.2279801    
 2.3711958    
 1.8188474    
 1.4233103    
0.69150919    
0.42961448    
-.86402848E-01
-.10897582    
-.16266556    
-.12498797    
0.29755205E-01
0.39726153E-01
-.20368680    
-.17590851    
-.15733185    
-.15820712    
-.23519829    
-.43145677    
-.25052953    
-.38592717    
-.24860275    
-.35748863    
-.21191409    
-.71536317E-01
0.14797166    
0.52903104    
0.70082003    
-1.9375960    
-1.9053947    
-1.4219095    
-1.0080746    
-.46774772    
-.31814027    
0.27071133E-01
0.13649292    
-.18137261E-01
0.18835512    
-.14273870    
-.37203166    
-.64791644    
-.88713664    
-.72009927    
-.32937124    
0.29524601    
0.88933802    
 1.4997987    
 1.9823045    
 2.3405523    
 2.5762916    
 2.6674633    
 2.7147985    
 2.5283139    
 2.0656283    
 1.6830502    
 1.0860724    
0.62997824    
0.35638556    
-.23899898    
-.30490252    
-.18343088    
-.41256189    
-.22220685    
-.40733129E-01
-.35228691    
-.37280631    
-.31751680    
-.50068295    
-.46745110    
-.31100491    
-.25291854    
-.21071202    
0.14089458E-02
0.15986189E-01
0.11694062    
0.31041348    
0.39217722    
0.72411633    
-2.1446254    
-1.7431722    
-1.3081627    
-.80643225    
-.52168304    
-.15522334    
-.10286521    
0.13958886    
0.26363921    
0.77737927E-01
-.18562168E-01
-.64518446    
-.64269352    
-.62703538    
-.53881812    
0.15179300    
0.51372921    
 1.1050709    
 1.7535430    
 2.2629805    
 2.4900262    
 2.8417077    
 2.7969525    
 2.5965292    
 2.3733554    
 2.1384535    
 1.4704835    
 1.0627156    
0.56016624    
0.15181863    
-.17551513    
-.21897309    
-.11338519    
-.26591390    
-.41778839    
-.43682525    
-.32437474    
-.49507886    
-.52432638    
-.41310528    
-.21234469    
-.49882304E-01
-.24172565    
0.10511123    
0.17472538    
0.46742123    
0.27280754    
0.56090480    
0.68881249    
0.95936048    
-1.9894016    
-1.2842600    
-1.3444721    
-1.0086098    
-.72723901    
-.21940428    
-.19584912    
0.17315499E-01
0.10744844E-01
0.44222251E-01
-.15452075    
-.26367706    
-.68466210    
-.53718770    
-.22277384    
0.19933797    
0.88307661    
 1.3241926    
 1.9218560    
 2.3163204    
 2.6714892    
 2.7445073    
 2.7126837    
 2.5955384    
 2.1662443    
 1.8818284    
 1.2774893    
0.86820656    
0.50610483    
-.64732544E-01
-.15773520    
-.27938041    
-.31663635    
-.60260653    
-.29506099    
-.27833554    
-.26663822    
-.29024285    
-.40074193    
-.14659716    
0.12379589    
0.16099668    
0.41349125    
0.50344992    
0.36347929    
0.23563951    
0.41170776    
0.57994896    
0.65663409    
0.59141845    
-2.0473564    
-1.6646109    
-1.1246876    
-.83476925    
-.51676238    
-.31637770    
-.76277316E-01
-.12787372E-01
-.15413803    
0.23039171E-01
-.19744948    
-.12487824    
-.18263687    
-.16132423    
0.10977967    
0.53713942    
 1.1830757    
 1.5149611    
 1.9562176    
 2.3182921    
 2.6700675    
 2.6178856    
 2.4834571    
 2.3671973    
 1.9329921    
 1.6226208    
 1.0101465    
0.63506860    
0.15892410    
-.70292652E-01
-.26410770    
-.26872146    
-.24521920    
-.22877039    
-.44823843    
-.40645427    
-.34269321    
-.28755873    
-.12204432    
0.67620017E-01
0.20414224    
0.49525476    
0.17784709    
0.51433015    
0.58315814    
0.33841419    
0.52272540    
0.57633352    
0.54001439    
0.58328432    
-1.6581818    
-1.4233499    
-.88373637    
-.78235042    
-.57046473    
-.32135528    
-.11737853E-01
-.14210340    
-.61933994E-01
0.12806773    
0.22633404E-01
0.64688772E-02
-.15015201    
0.57017297E-01
0.29436356    
0.80351466    
 1.3432188    
 1.8205951    
 1.9727619    
 2.3940141    
 2.4608648    
 2.5329196    
 2.4586089    
 2.0390744    
 1.4968522    
 1.1674893    
0.75230914    
0.40496838    
0.87771997E-01
-.38935550E-01
0.61660111E-01
-.33785173    
-.41110188    
-.45030493    
-.55407536    
-.53606433    
-.35642353    
-.27690327    
-.90709239E-01
-.11540540E-01
0.18970712    
0.27713555    
0.42675495    
0.23200056    
0.49855024    
0.39058316    
0.54809529    
0.33589241    
0.26831442    
0.55177331    
-1.5036405    
-1.2584708    
-.95953953    
-.60817599    
-.45963076    
0.20167023E-01
-.19683138E-01
-.81462689E-01
-.46605721E-01
0.22832981    
0.29159307E-01
0.13973975    
0.25190824    
0.24038190    
0.70769453    
 1.1634858    
 1.3465741    
 1.6401601    
 2.2097504    
 2.1836901    
 2.3153872    
 2.3616133    
 2.0870640    
 1.8694721    
 1.3086313    
0.86534584    
0.44903314    
0.28353229E-01
0.14854512    
-.18337329    
-.28115618    
-.22053851    
-.32992092    
-.33380407    
-.43048146    
-.38134724    
-.35901415    
-.20083445    
-.10259436    
0.15621108    
0.21206352    
0.39484721    
0.34594643    
0.22581373    
0.40737927    
0.32921332    
0.15698424    
0.32959193E-01
0.20893261    
0.12317061E-01
-1.5271834    
-1.2476851    
-1.0042081    
-.39799422    
-.30946806E-01
-.16461940    
-.10687585    
-.11027240    
0.42751320E-01
0.31007332    
0.10690202    
0.30324253    
0.39718339    
0.46489897    
0.87252408    
 1.0686570    
 1.3706819    
 1.6888459    
 2.1010106    
 2.1700275    
 2.0043161    
 2.1399939    
 1.8416293    
 1.4320058    
 1.0733750    
0.47008961    
0.24372289    
-.22043329    
-.37305075    
-.15654901    
-.18934482    
-.38515720    
-.34797826    
-.27257118    
-.32744396    
-.49347195    
-.58891988    
-.26623315    
-.71089476E-01
0.18522775    
0.70282072E-01
0.25007957    
0.35565007    
0.34517041    
0.12106597    
0.18164021    
0.21160107E-01
-.28979197    
-.23508435    
-.23516132    
-1.1357094    
-.96379584    
-.47874454    
-.34111232    
-.12389629    
-.19252975    
0.18153775    
0.33587128E-01
0.21463405    
0.26477867    
0.41377002    
0.31037486    
0.37042794    
0.71449226    
0.69042933    
 1.0183840    
 1.3462188    
 1.3798541    
 1.7723339    
 2.0377047    
 1.8402070    
 1.6211224    
 1.4990853    
 1.2660428    
0.77455169    
0.39714926    
0.19916686    
-.64159408E-01
-.62407237    
-.16049497    
-.22670329    
-.24367988    
-.29997990    
-.59187651E-01
-.19550173    
-.36997429    
-.26983157    
-.19571725    
-.22379941    
-.10476240    
0.14037633    
0.24184890    
0.22411436    
0.99457100E-01
-.13832752    
-.22842109    
-.37793532    
-.45626134    
-.47299218    
-.41077459    
-.94142848    
-.70582128    
-.39164793    
-.26946950    
-.22900730E-01
-.11408806E-01
0.10619231    
0.30815673    
0.76632917E-01
0.32273820    
0.21746083    
0.42047310    
0.52929807    
0.73873115    
0.65133065    
0.80870461    
 1.0431993    
 1.4075354    
 1.5029891    
 1.5620451    
 1.5422308    
 1.4671906    
 1.0547254    
 1.0412288    
0.88775480    
0.58831275    
0.56568488E-01
-.21525757    
-.25284794    
-.39369535    
-.10866119    
0.23267157E-02
0.21366245    
0.24614413    
-.42034261E-01
0.25285587E-01
-.26686975    
-.25867760E-01
-.14874566    
0.70782229E-01
-.17268013E-01
0.11426659    
0.21899135    
-.49661763E-01
-.25101641    
-.55090600    
-.67355186    
-.70912910    
-.83807218    
-.96067870    
-.83418131    
-.41013727    
-.29191378    
-.12927988    
-.11702662    
-.55034496E-01
0.24352185E-01
0.19427526    
0.27012584    
0.10800759    
0.19046807    
0.37818885    
0.54595232    
0.65142012    
0.77979875    
0.94504040    
0.81730425    
0.93306160    
 1.0058206    
 1.2149903    
 1.2143917    
0.92605579    
 1.2729065    
 1.0268890    
0.63345617    
0.66920656    
0.34623948    
-.22182319    
-.19140255    
-.10741565    
0.10720649    
0.22340012    
0.50704467    
0.65233886E-01
0.21416344    
-.24666525E-01
-.12762427    
-.20640452    
-.11010228    
-.29793574E-01
-.45903057E-01
-.80630414E-01
-.24925168    
-.46117154    
-.52949965    
-.94277483    
-1.1059188    
-1.1603317    
-1.2036684    
-1.1042377    
-.45302489    
-.50478834    
-.50712067    
-.35263412E-01
-.13002497    
0.75232916E-01
-.17421025    
-.11538061    
-.98901913E-01
-.51140711E-02
0.22027774    
0.42091084    
0.43425891    
0.38007575    
0.65245903    
0.45333925    
0.81827402    
0.60183340    
0.75744271    
0.89913744    
0.99122363    
0.92976034    
0.89060980    
0.79391754    
0.75130236    
0.46257505    
0.33487284    
-.10613947    
0.98493226E-01
0.15078586E-01
0.36930338E-01
0.32072186    
0.44655180    
0.24400559    
0.14365660    
-.25569430    
-.11806723    
-.30314749    
-.85472137E-01
-.93292721E-01
-.36308482E-01
-.28092149    
-.27479413    
-.79765260    
-.77008498    
-1.3546958    
-1.3222592    
-1.6077558    
-1.6896145    
-1.3752886    
-.47406805    
-.39241245    
-.10105905    
-.13300613    
-.23685512    
-.30430883E-01
-.17640497    
-.33649713    
-.28437218    
-.53432185E-01
0.27113587    
0.52059531    
0.34061778    
0.32088590    
0.43575850    
0.42043179    
0.34383130    
0.30117220    
0.48689574    
0.43280527    
0.67662060    
0.82903230    
0.76447248    
0.81311375    
0.85377192    
0.62689137    
0.37756586    
0.20613867    
0.94897009E-01
0.17174178    
0.32646009    
0.43612143    
0.30666512    
0.26210114    
-.54415599E-01
-.93652904E-01
-.38130230    
-.29272783    
-.27552831    
-.12846264    
-.32944921    
-.27513915    
-.59661287    
-.92524481    
-1.2005869    
-1.5618224    
-1.7958641    
-1.9234846    
-1.8101102    
-1.6266302    
-.35842210    
-.26444051    
-.96964687E-02
-.17227460    
-.16711634    
-.35516161    
-.25507191    
-.40549472    
-.28287727    
0.94548538E-01
0.12079685    
0.36533096    
0.16534407    
0.31485599    
-.66722393E-01
0.12812832    
0.13759673    
-.85504398E-01
0.94841577E-01
0.34388584    
0.50140840    
0.61338323    
0.59017724    
0.53559542    
0.70212239    
0.52799821    
0.43397376    
0.38010460    
0.36468619    
0.31734592    
0.33456376    
0.21526621    
0.40033352    
0.11603907    
0.13581903    
-.55492610    
-.31220132    
-.43505457    
-.55057210    
-.42475122    
-.61233675    
-.65847957    
-.83812088    
-1.2140696    
-1.6126589    
-1.8814375    
-1.9744155    
-1.9312602    
-1.8714120    
-1.4836330    
-.53075963    
-.97907960E-01
-.12003957    
-.13279553    
-.17238306    
-.20328502    
-.43908048    
-.69002438    
-.25223541    
0.51707238E-01
0.48498631E-01
0.28588295    
0.22520550    
0.15484618    
0.19685172E-01
0.11255908    
-.65594092E-01
0.90063870E-01
0.60657986E-01
0.21784574    
0.12111695    
0.23425975    
0.35810697    
0.50997019    
0.60198873    
0.52755165    
0.46460980    
0.29007018    
0.33797407    
0.35873196    
0.34475753    
0.11300488    
0.10877812    
-.74312896E-01
-.47150230    
-.63870835    
-.51973343    
-.57943505    
-.58054054    
-.68992805    
-.53835058    
-.95538193    
-1.1719657    
-1.5885320    
-1.6523323    
-1.8389137    
-1.9679781    
-1.6963869    
-1.6937101    
-1.5152810    
-.95393293E-01
-.18664312    
-.34934610E-01
-.70553154E-01
-.98834947E-01
-.42790547    
-.60888267    
-.45724955    
-.40717235    
-.85165776E-01
0.20775826    
0.38135889    
0.22094727    
0.28145948    
0.13588864    
0.22854839E-01
-.63502878E-01
-.18829721    
-.11910679    
-.79968274E-02
0.91063462E-01
0.18828356    
0.28315422    
0.42451137    
0.37109473    
0.27500460    
0.29191044    
0.32389450    
0.22485609    
-.21826096E-01
-.58637440E-01
-.12900582    
-.14379339    
-.39078674    
-.57134080    
-.61454934    
-.81157953    
-.75923526    
-.75057817    
-.62724638    
-.80654097    
-1.1893902    
-1.2873154    
-1.5207938    
-1.8497167    
-1.7173132    
-1.5859842    
-1.4194920    
-1.3440442    
-.96674860    
0.68679526E-01
0.33649081    
0.81176348E-01
0.89024007E-02
-.27765694    
-.38647977    
-.53482032    
-.48252943    
-.33927190    
0.12055980    
0.26549882    
0.49995363    
0.51501375    
0.19595189    
0.29881167    
0.89082591E-01
-.49132515E-01
-.17275493    
-.24169576    
-.18590447    
-.16821951E-01
-.12245262    
-.22479485    
-.19856140E-01
0.33108335E-01
0.45002684E-01
0.82112849E-01
-.16549096    
-.11175885    
-.46754658    
-.23538706    
-.56678671    
-.72164905    
-.79475862    
-.78617227    
-.52580214    
-.77328396    
-.70505399    
-.67827654    
-.89472604    
-.92990249    
-1.2391485    
-1.3117659    
-1.5333607    
-1.5493323    
-1.4810739    
-1.1372637    
-.87067497    
-.51636541    
-.21098518    
0.31388494    
0.22691549    
0.28274322    
0.26859492E-01
-.22741185    
-.55798745    
-.65255457    
-.28400230    
-.15818353    
0.14918147    
0.52428043    
0.65329289    
0.57548738    
0.35769951    
0.28558978    
0.77025324E-01
0.71685195E-01
-.24264763    
-.16944581    
-.24597478    
-.21445218    
-.11557376    
-.33467060    
-.36394823    
-.29031202    
-.13984695E-01
-.33852661    
-.12269972    
-.26771680    
-.37761244    
-.50581646    
-1.0591739    
-.74019098    
-.70633656    
-.68126488    
-.76287079    
-.57328439    
-.59702116    
-.77329427    
-.79069716    
-.83792794    
-1.2156497    
-1.1346353    
-1.1139834    
-1.0947785    
-.88398492    
-.49710026    
-.20525837    
0.36575919    
0.57434756    
0.73586065    
0.65531808    
0.48846716    
-.36362886E-01
-.26892668    
-.19103804    
-.37405354    
-.25815874E-01
0.13540299    
0.48849106    
0.65746689    
0.91483951    
0.62191761    
0.50523472    
0.17674632    
0.14652751    
0.42060316E-01
0.34435421E-01
-.20087254    
-.10295635    
-.32151163    
-.50098759    
-.59755796    
-.70018417    
-.55917716    
-.51639944    
-.34952164    
-.43749115    
-.54220623    
-.59937203    
-.72707522    
-.83941305    
-.94521964    
-.92066896    
-.73733878    
-.64535683    
-.69786304    
-.50023752    
-.62183702    
-.73524719    
-1.0180937    
-.99202746    
-.84857494    
-.67651105    
-.57368124    
-.34853458    
0.26531737E-01
0.44057271    
0.96067214    
 1.3530236    
0.69912177    
0.67924851    
0.50202239    
0.28533238    
-.10575877    
-.47881368    
-.17845854    
0.94181649E-01
0.36277491    
0.68062198    
0.55945635    
0.69697040    
0.70406240    
0.39831424    
0.11700282    
0.28170612    
0.67866027E-01
0.74867770E-01
-.14565873    
-.38294852    
-.40270913    
-.76260769    
-.74499476    
-.98885453    
-.91990060    
-.81701910    
-.57499433    
-.67729026    
-.77537197    
-.90248501    
-.89340580    
-.84653229    
-.73595673    
-.59346658    
-.39649737    
-.43531057    
-.35965952    
-.30357990    
-.35905379    
-.54295760    
-.46061853    
-.56820875    
-.41523969    
-.19343895    
-.71684271E-01
0.45925385    
0.59137571    
 1.2056487    
 1.5631303    
 1.9968231    
0.72272825    
0.93231183    
0.63103753    
0.38769656    
0.10716451    
-.14901042    
0.62545091E-02
0.23641203    
0.41525707    
0.61234176    
0.66765898    
0.49098879    
0.48947668    
0.31304884    
0.28493851    
0.13790593    
0.15627113    
0.40808041E-01
-.14383335    
-.44289717    
-.47181422    
-1.0283442    
-.73207951    
-.98885930    
-.82830030    
-.85259151    
-.83339953    
-.93037772    
-.83383834    
-.95376855    
-.89329672    
-.76569772    
-.54381764    
-.46633816    
-.18836820    
0.70034653E-01
-.74288487E-01
-.16875768    
-.21116707    
-.21226048E-01
-.38763815    
-.54075994E-01
0.93834922E-02
0.22827719    
0.57748079    
0.52848047    
 1.1290101    
 1.4561912    
 1.8318897    
 2.1819859    
0.95893735    
0.87104374    
0.54716599    
0.50579244    
0.33724746    
-.31516425E-01
0.10118265    
0.13787667    
0.35573170    
0.58208823    
0.41564426    
0.12182003    
0.42753723    
0.11763303    
0.10339680    
0.16058515    
0.23439002    
0.66437513E-01
-.10713843    
-.53056133    
-.43344373    
-.70142674    
-1.0810227    
-1.1336538    
-.99358827    
-1.1888975    
-1.0390477    
-.91744089    
-.88182735    
-.86279291    
-.78051728    
-.49978620    
-.30595493    
-.65089092E-01
0.18219370    
0.22206253    
0.17685966    
0.80003172E-01
0.25810218    
0.36787778    
0.45758733    
0.48801264    
0.43822885    
0.51021636    
0.65432411    
 1.0116892    
 1.5070091    
 1.6547174    
 1.9457875    
 2.1176801    
0.86588532    
0.84785396    
0.81719679    
0.47845495    
0.37449208    
0.10710473    
0.20784725    
0.14711745    
0.19739150    
0.16516197    
0.29111537    
0.34384483    
0.92457213E-01
0.24486828    
-.25833100E-01
0.33694717    
0.25570321    
0.32825768    
-.70643678E-01
-.18636900    
-.58093399    
-.83617228    
-.74849337    
-1.1980218    
-.97519302    
-.94155276    
-.97226846    
-.97986335    
-.78456438    
-.91370726    
-.43025678    
-.43071866E-01
-.22878528E-01
0.35932872    
0.65670097    
0.45816833    
0.62742978    
0.64229143    
0.48079503    
0.76285750    
0.92197454    
0.87421304    
0.85806298    
0.91134173    
 1.1629797    
 1.2459855    
 1.6709238    
 1.8889716    
 2.0428853    
 2.2342515    
0.67723632    
0.75638312    
0.73142916    
0.58021080    
0.27002266    
0.34279835    
0.16302557    
0.51929496E-01
0.19319682    
0.17187470    
0.11071087    
0.11279048    
0.23940608E-01
0.26705536    
0.31452611    
0.36909792    
0.40907723    
0.28097695    
0.20006576    
0.73923245E-02
-.15876617    
-.68175256    
-.90266681    
-1.2176341    
-.92668402    
-1.0117464    
-1.0204399    
-.82863796    
-.71743977    
-.57482308    
-.33830476    
0.46291128E-01
0.31742248    
0.69907415    
0.76688212    
 1.0335639    
 1.1033928    
 1.0702536    
 1.0769205    
 1.0042698    
 1.1627736    
 1.2669047    
 1.1516037    
 1.1626318    
 1.1042138    
 1.5268105    
 1.6631036    
 1.6888975    
 1.7363883    
 1.9871821    
0.73840338    
0.62906867    
0.55218804    
0.56332237    
0.37671599    
0.24636513    
0.21312539    
0.36870837E-02
-.48054956E-01
-.21565238    
-.13027588    
-.20373228    
-.98715179E-01
0.98039597E-01
0.38027143    
0.40705094    
0.56543481    
0.49786890    
0.38487005    
0.27792540    
-.20521936    
-.40704191    
-.79012078    
-1.0417287    
-.97012633    
-.87361550    
-.89440238    
-.51412195    
-.36950070    
-.42907751    
-.14700656    
0.12479128    
0.51843786    
0.89768666    
 1.0061041    
 1.1862104    
 1.3662814    
 1.4725193    
 1.3989711    
 1.6721321    
 1.2332718    
 1.5899214    
 1.7277018    
 1.4048052    
 1.5139624    
 1.7045316    
 2.0203731    
 1.7800003    
 1.6696793    
 1.7442102    
0.75184995    
0.66434222    
0.53375959    
0.72896934    
0.61938667    
0.33919388    
0.38885120    
0.12066440    
0.80364339E-01
-.17594339    
-.20439793    
-.21991342E-01
0.14025401E-02
0.24370790    
0.26772612    
0.50561494    
0.79591250    
0.74867260    
0.66378868    
0.30082637    
-.25795802    
-.51491767    
-.75779396    
-1.0301948    
-.99569899    
-.92223597    
-.64006299    
-.42412373    
-.33336076    
0.24478331E-01
-.76429099E-01
0.22708814    
0.47447649    
0.78524357    
0.95811200    
 1.4213425    
 1.4486873    
 1.7340938    
 1.9143609    
 1.3748012    
 1.5151272    
 1.7303393    
 1.6576775    
 1.7008320    
 1.6709460    
 1.6624236    
 1.7634045    
 1.6494031    
 1.4515660    
 1.3394192    
0.61165082    
0.64508766    
0.38207367    
0.67668509    
0.53789073    
0.65051162    
0.25157571    
0.36474246    
0.19283120E-01
-.25532430    
-.33304560    
-.21123767    
0.20152259    
0.20763366    
0.44839162    
0.79175752    
0.89272910    
0.88733149    
0.73551399    
0.60360068    
0.16474128E-01
-.45986119    
-.91045499    
-.94906682    
-1.2303764    
-.56977212    
-.46666977    
-.15668803    
0.71887448E-01
0.28795403    
0.17145927    
0.16966969    
0.16275364    
0.62573141    
 1.0079401    
 1.3752434    
 1.6481918    
 1.6490893    
 1.5243187    
 1.7642257    
 1.4756297    
 1.8288127    
 1.9832358    
 1.7483214    
 1.6297855    
 1.6378815    
 1.6505543    
 1.5528452    
 1.3449161    
 1.1587778    
0.41885495    
0.36397818    
0.69227099    
0.92812628    
0.88252378    
0.88877809    
0.54966187    
0.26463839    
0.72466478E-01
-.77609256E-01
-.30779094E-01
-.15242429    
0.16604342    
0.28683046    
0.68258190    
0.80805814    
 1.0588565    
 1.1960332    
0.76811916    
0.62896633    
0.28265163E-01
-.39736786    
-.58876944    
-.93618107    
-.83006454    
-.73877633    
-.49050757    
-.11282005    
0.30210260E-01
0.14878540    
0.18371308    
0.16920491    
0.31466877    
0.63580602    
 1.0944991    
 1.0471519    
 1.3927745    
 1.4018935    
 1.6452048    
 1.6925576    
 1.7849642    
 1.8304675    
 1.7557726    
 1.6394949    
 1.6244532    
 1.5446569    
 1.7452579    
 1.4585083    
 1.0841867    
 1.0696876    
0.69499969    
0.82823306    
0.91238010    
0.97861362    
 1.1529843    
0.96554857    
0.62483561    
0.62694246    
-.94084725E-01
-.22731836    
-.17523921    
-.24157465E-01
0.13874765    
0.31795219    
0.57098198    
0.80792260    
 1.0956995    
 1.1807898    
 1.0044779    
0.47302070    
0.17509693    
-.43455726    
-.70970166    
-.99360216    
-.79802692    
-.41642848    
-.35622916    
-.81251413E-01
0.12281804    
0.13967292    
0.24539541E-01
0.22079259E-01
0.12291667    
0.58371025    
0.58301097    
 1.0112563    
 1.3104544    
 1.2975941    
 1.4452118    
 1.6416864    
 1.5634794    
 1.5852511    
 1.6727465    
 1.5158842    
 1.5990261    
 1.5915117    
 1.6289911    
 1.3534894    
 1.2565036    
 1.0359346    
0.43690172    
0.84169310    
0.77314556    
0.96866649    
 1.1197240    
 1.1574469    
0.76844501    
0.26170033    
0.12600808    
0.39095271E-01
-.83146729E-01
0.24010271E-01
0.28538254    
0.37055463    
0.71815497    
0.77894652    
 1.0574720    
 1.1407793    
0.97163022    
0.52369499    
0.31575853    
-.17055508    
-.56589580    
-.68833482    
-.46404463    
-.41444758    
-.34419075E-01
-.85531190E-01
0.15079488    
0.48595801E-01
0.49574096E-01
0.13512900    
0.37355080E-01
0.29768306    
0.53580219    
0.57565200    
0.94565171    
 1.1116102    
 1.2979901    
 1.1597550    
 1.3382572    
 1.4829466    
 1.3544976    
 1.5013396    
 1.4837954    
 1.3958896    
 1.4088144    
 1.2858964    
 1.1672182    
0.89152789    
0.57153648    
0.94591296    
 1.0536599    
 1.0111289    
 1.1713573    
0.82857502    
0.63283569    
0.33919263    
-.59919126E-01
0.64552426E-01
-.11948560    
0.27122095E-01
0.21312034    
0.37655014    
0.77023745    
 1.0840094    
 1.2341788    
 1.0534878    
0.84275496    
0.45616373    
0.12232172    
-.67677096E-01
-.23334002    
-.45661214    
-.42968690    
-.20417374    
-.14857005    
-.20494060    
0.14310420    
0.91424748E-01
-.53920940E-01
0.82056522E-01
0.48572447E-01
0.15626886    
0.34330726    
0.70522904    
0.86469114    
0.77332819    
0.97864282    
0.90141308    
 1.0664831    
 1.2281032    
 1.1981387    
 1.0181785    
 1.4071617    
 1.4672976    
 1.3574998    
 1.3404222    
 1.1323807    
0.80236757    
0.84775490    
0.66004807    
0.86527407    
0.96696973    
0.70792848    
0.45035282    
0.34850532    
0.86214222E-01
-.29028329    
-.19147046    
-.30175462    
-.54128673E-01
0.22624312    
0.54104632    
0.66299731    
 1.1744556    
 1.2698154    
 1.0616814    
0.98369360    
0.71233809    
0.44353110    
0.24982314    
-.34644403E-01
-.37976515    
-.50519839E-01
-.11933579    
-.39360709E-02
0.15223348    
0.51621810E-01
-.72419934E-01
-.25840116    
-.52439734E-01
0.35841964E-01
0.71560457E-01
0.18094482    
0.39359885    
0.41612518    
0.62290734    
0.69047421    
0.74244791    
0.78176415    
0.92619330    
 1.0474960    
 1.1655754    
 1.4134042    
 1.3968517    
 1.2704672    
 1.4592532    
 1.3831799    
0.84071684    
0.61519510    
0.50903636    
0.56017345    
0.61904109    
0.44674033    
0.14121503E-01
-.92942305E-01
-.35686061    
-.51568598    
-.59840971    
-.45873383    
-.33663324    
0.11790304    
0.46890706    
0.78237075    
 1.0641868    
 1.1430461    
 1.1118574    
0.93408781    
0.75981867    
0.44454128    
0.27139664    
0.14244568    
0.20789176E-01
-.12975466E-01
-.23926282    
-.26915133E-01
-.36360115E-01
-.17294659    
-.16576838    
-.29148853    
-.30259919    
-.24593993    
-.23775816    
-.21810885    
-.57657607E-01
0.10967231    
0.80450445E-01
0.18037185E-01
0.34387091    
0.61375654    
0.78344423    
0.74540603    
 1.0773731    
 1.2697840    
 1.4289911    
 1.4836078    
 1.5570723    
 1.1863190    
 1.0682358    
0.50112462    
0.41475502    
0.36182308    
0.12446215    
0.19242676    
-.63517541E-01
-.52665365    
-.55656952    
-.88649297    
-.85401708    
-.56800002    
-.22920059    
0.68116739E-01
0.50198257    
 1.0391738    
 1.1500411    
 1.0431359    
0.85694110    
0.90496296    
0.76051319    
0.55861449    
0.47246295    
0.43604529    
0.29087317    
0.58364186E-01
0.58392294E-01
0.11730482    
0.26032180E-02
-.19562760    
-.36728340    
-.65726244    
-.63860047    
-.52848268    
-.52896690    
-.47950727    
-.49695539    
-.71617091    
-.52370650    
-.21978199    
-.98566532E-01
-.12013519    
0.32423472    
0.87880117    
 1.0933667    
 1.3182812    
 1.5460349    
 1.6553320    
 1.6705807    
 1.2420485    
 1.1530123    
-.91455057E-01
0.13988501    
-.20704594    
-.13790612    
-.63316160    
-.53744185    
-.79686922    
-1.1228892    
-1.0064365    
-.94373649    
-.57636076    
-.25300393    
0.10173748    
0.73172915    
0.99493301    
0.91750371    
0.99663752    
0.95704275    
0.82018256    
0.50328720    
0.55900627    
0.34600544    
0.17663822    
0.18052058    
0.10005951    
0.36735721E-01
-.54943442E-01
-.55575746    
-.74376035    
-.65185177    
-.81021088    
-.75484341    
-.83379400    
-.59267402    
-1.0214958    
-.96266365    
-1.0511544    
-.92956156    
-.83308607    
-.42905974    
-.13656890    
-.18824399E-01
0.52918380    
0.96264309    
 1.3977326    
 1.6319700    
 1.6110833    
 1.7024156    
 1.6319090    
 1.3503881    
-.21276952    
-.62191474    
-.53246826    
-.68022835    
-.83489865    
-.99461365    
-1.1033313    
-1.4823284    
-1.2849936    
-1.0847615    
-.60913134    
-.19899850    
0.22284698    
0.79274178    
0.69594967    
0.87177217    
0.93708611    
0.53914165    
0.60364091    
0.27013478    
0.41976449    
0.26523945    
0.14587891    
0.75708024E-01
-.21289343    
-.14443231    
-.46765000    
-.68026876    
-.71725309    
-.91798872    
-.80534840    
-.88643497    
-.97872365    
-1.1570439    
-1.3721079    
-1.4784849    
-1.3788761    
-1.4284146    
-1.1492530    
-.73153460    
-.41586283    
0.52624568E-02
0.79802901    
 1.0563456    
 1.3976815    
 1.4437630    
 1.7856970    
 1.7253910    
 1.4760864    
 1.3489043    
-.88007891    
-.79894692    
-1.1174505    
-1.2953531    
-1.3712204    
-1.5529851    
-1.6223667    
-1.7002151    
-1.4029223    
-1.0340592    
-.42195362    
-.13924965    
0.39258680    
0.59481436    
0.96155125    
0.73388475    
0.54594612    
0.43424204    
0.58578777    
0.31312227    
0.38290620    
0.10723777    
0.11158197    
0.60516279E-01
-.23840550    
-.42286691    
-.66749519    
-.94533259    
-1.0258863    
-1.1373396    
-1.0199803    
-1.0985317    
-1.1995697    
-1.1486261    
-1.5140474    
-1.4488319    
-1.7025782    
-1.7594866    
-1.3535311    
-.99427974    
-.72400713    
-.74551955E-01
0.44914606    
 1.2342303    
 1.4270109    
 1.4638574    
 1.8092498    
 1.7630621    
 1.4574600    
 1.3100166    
-.86218697    
-1.2466619    
-1.3433089    
-1.3814226    
-1.7442715    
-2.0246930    
-1.9394612    
-1.8538030    
-1.6924735    
-1.1135991    
-.63327557    
-.84980309E-01
0.16952279    
0.58169949    
0.75927246    
0.65216029    
0.42127240    
0.47254705    
0.31665820    
0.25879917    
0.17188804    
-.15898909E-01
-.16422710    
-.29181895    
-.38242698    
-.62354916    
-.51067114    
-.84208620    
-1.0585455    
-1.1437651    
-.96660626    
-1.0840299    
-1.0104228    
-1.3237989    
-1.5323752    
-1.6855155    
-1.8976537    
-1.7873154    
-1.6413785    
-1.0705739    
-.74364889    
0.63440949E-02
0.43176016    
 1.0551561    
 1.2487170    
 1.6557251    
 1.8035585    
 1.8323280    
 1.5244361    
 1.2911414    
-1.0236393    
-1.4750266    
-1.5953096    
-1.7825180    
-1.9977580    
-2.0831621    
-2.3153224    
-2.2754235    
-1.8479331    
-1.1938466    
-.76176536    
-.19114392    
0.24158064    
0.41633287    
0.44502461    
0.48102424    
0.89737490E-01
0.15720016    
0.70189610E-02
0.27936138E-01
-.28945152E-01
-.12045025    
-.30193731    
-.24002963    
-.52320218    
-.52359033    
-.70377529    
-.83616626    
-.86845088    
-.88889194    
-.74610549    
-.70599151    
-.79107136    
-1.0049050    
-1.3415347    
-1.5700145    
-1.6370698    
-1.7799437    
-1.5893143    
-1.0718510    
-.67704523    
-.45532942E-01
0.38584596    
 1.1306338    
 1.4711205    
 1.6810129    
 1.6990365    
 1.6589240    
 1.4828489    
 1.4335051    
