Grid Sample
7         
Drill ID
X
Y
Z
MD
Block ID
value                   
      1         50.00          50.00         245.00      0.00     60256     -0.2301
      1         50.00          50.00         235.00     10.00     57756     -0.1845
      1         50.00          50.00         225.00     20.00     55256     -0.1333
      1         50.00          50.00         215.00     30.00     52756     -0.0725
      1         50.00          50.00         205.00     40.00     50256     -0.0517
      1         50.00          50.00         195.00     50.00     47756      0.0692
      1         50.00          50.00         185.00     60.00     45256      0.0814
      1         50.00          50.00         175.00     70.00     42756      0.2486
      1         50.00          50.00         165.00     80.00     40256      0.3856
      1         50.00          50.00         155.00     90.00     37756      0.6836
      1         50.00          50.00         145.00    100.00     35256      0.9794
      1         50.00          50.00         135.00    110.00     32756      1.1591
      1         50.00          50.00         125.00    120.00     30256      1.2882
      1         50.00          50.00         115.00    130.00     27756      1.2768
      1         50.00          50.00         105.00    140.00     25256      1.5628
      1         50.00          50.00          95.00    150.00     22756      1.3252
      1         50.00          50.00          85.00    160.00     20256      1.1591
      1         50.00          50.00          75.00    170.00     17756      1.1783
      1         50.00          50.00          65.00    180.00     15256      1.2783
      1         50.00          50.00          55.00    190.00     12756      1.0273
      1         50.00          50.00          45.00    200.00     10256      0.9463
      1         50.00          50.00          35.00    210.00      7756      0.5979
      1         50.00          50.00          25.00    220.00      5256      0.3839
      1         50.00          50.00          15.00    230.00      2756      0.2207
      2        150.00          50.00         245.00      0.00     60266      0.0917
      2        150.00          50.00         235.00     10.00     57766      0.1278
      2        150.00          50.00         225.00     20.00     55266      0.0484
      2        150.00          50.00         215.00     30.00     52766      0.4958
      2        150.00          50.00         205.00     40.00     50266      0.3982
      2        150.00          50.00         195.00     50.00     47766      0.4717
      2        150.00          50.00         185.00     60.00     45266      0.3638
      2        150.00          50.00         175.00     70.00     42766      0.5780
      2        150.00          50.00         165.00     80.00     40266      0.7647
      2        150.00          50.00         155.00     90.00     37766      1.0863
      2        150.00          50.00         145.00    100.00     35266      1.2968
      2        150.00          50.00         135.00    110.00     32766      1.5248
      2        150.00          50.00         125.00    120.00     30266      1.7443
      2        150.00          50.00         115.00    130.00     27766      1.6146
      2        150.00          50.00         105.00    140.00     25266      1.6229
      2        150.00          50.00          95.00    150.00     22766      1.4975
      2        150.00          50.00          85.00    160.00     20266      1.3337
      2        150.00          50.00          75.00    170.00     17766      0.9577
      2        150.00          50.00          65.00    180.00     15266      1.0744
      2        150.00          50.00          55.00    190.00     12766      0.6406
      2        150.00          50.00          45.00    200.00     10266      0.3630
      2        150.00          50.00          35.00    210.00      7766     -0.0234
      2        150.00          50.00          25.00    220.00      5266     -0.0916
      2        150.00          50.00          15.00    230.00      2766     -0.4397
      3        250.00          50.00         245.00      0.00     60276      0.6206
      3        250.00          50.00         235.00     10.00     57776      0.4895
      3        250.00          50.00         225.00     20.00     55276      0.3867
      3        250.00          50.00         215.00     30.00     52776      0.4013
      3        250.00          50.00         205.00     40.00     50276      0.0265
      3        250.00          50.00         195.00     50.00     47776      0.0439
      3        250.00          50.00         185.00     60.00     45276     -0.0395
      3        250.00          50.00         175.00     70.00     42776     -0.1050
      3        250.00          50.00         165.00     80.00     40276      0.1566
      3        250.00          50.00         155.00     90.00     37776      0.1351
      3        250.00          50.00         145.00    100.00     35276      0.2021
      3        250.00          50.00         135.00    110.00     32776      0.4100
      3        250.00          50.00         125.00    120.00     30276      0.3656
      3        250.00          50.00         115.00    130.00     27776      0.4950
      3        250.00          50.00         105.00    140.00     25276      0.3894
      3        250.00          50.00          95.00    150.00     22776      0.5890
      3        250.00          50.00          85.00    160.00     20276      0.4476
      3        250.00          50.00          75.00    170.00     17776      0.2524
      3        250.00          50.00          65.00    180.00     15276      0.3274
      3        250.00          50.00          55.00    190.00     12776      0.2200
      3        250.00          50.00          45.00    200.00     10276     -0.0436
      3        250.00          50.00          35.00    210.00      7776      0.2465
      3        250.00          50.00          25.00    220.00      5276      0.2227
      3        250.00          50.00          15.00    230.00      2776     -0.1681
      4        350.00          50.00         245.00      0.00     60286      1.3125
      4        350.00          50.00         235.00     10.00     57786      0.9828
      4        350.00          50.00         225.00     20.00     55286      0.8605
      4        350.00          50.00         215.00     30.00     52786      0.7591
      4        350.00          50.00         205.00     40.00     50286      0.4845
      4        350.00          50.00         195.00     50.00     47786      0.3611
      4        350.00          50.00         185.00     60.00     45286      0.2266
      4        350.00          50.00         175.00     70.00     42786     -0.1409
      4        350.00          50.00         165.00     80.00     40286     -0.2961
      4        350.00          50.00         155.00     90.00     37786     -0.4237
      4        350.00          50.00         145.00    100.00     35286     -0.5453
      4        350.00          50.00         135.00    110.00     32786     -0.8107
      4        350.00          50.00         125.00    120.00     30286     -0.7039
      4        350.00          50.00         115.00    130.00     27786     -0.9313
      4        350.00          50.00         105.00    140.00     25286     -0.8841
      4        350.00          50.00          95.00    150.00     22786     -0.9960
      4        350.00          50.00          85.00    160.00     20286     -1.0214
      4        350.00          50.00          75.00    170.00     17786     -0.7698
      4        350.00          50.00          65.00    180.00     15286     -0.7266
      4        350.00          50.00          55.00    190.00     12786     -0.8971
      4        350.00          50.00          45.00    200.00     10286     -1.0293
      4        350.00          50.00          35.00    210.00      7786     -0.9544
      4        350.00          50.00          25.00    220.00      5286     -0.6326
      4        350.00          50.00          15.00    230.00      2786     -0.7640
      5        450.00          50.00         245.00      0.00     60296      1.1531
      5        450.00          50.00         235.00     10.00     57796      0.9931
      5        450.00          50.00         225.00     20.00     55296      0.9533
      5        450.00          50.00         215.00     30.00     52796      0.9517
      5        450.00          50.00         205.00     40.00     50296      0.9681
      5        450.00          50.00         195.00     50.00     47796      0.7216
      5        450.00          50.00         185.00     60.00     45296      0.6807
      5        450.00          50.00         175.00     70.00     42796      0.5821
      5        450.00          50.00         165.00     80.00     40296      0.2877
      5        450.00          50.00         155.00     90.00     37796      0.2683
      5        450.00          50.00         145.00    100.00     35296      0.2689
      5        450.00          50.00         135.00    110.00     32796      0.2284
      5        450.00          50.00         125.00    120.00     30296      0.3278
      5        450.00          50.00         115.00    130.00     27796      0.3343
      5        450.00          50.00         105.00    140.00     25296      0.5668
      5        450.00          50.00          95.00    150.00     22796      0.5891
      5        450.00          50.00          85.00    160.00     20296      0.6129
      5        450.00          50.00          75.00    170.00     17796      0.4310
      5        450.00          50.00          65.00    180.00     15296      0.3363
      5        450.00          50.00          55.00    190.00     12796      0.0907
      5        450.00          50.00          45.00    200.00     10296     -0.0289
      5        450.00          50.00          35.00    210.00      7796     -0.2867
      5        450.00          50.00          25.00    220.00      5296     -0.6540
      5        450.00          50.00          15.00    230.00      2796     -0.8206
      6         50.00         150.00         245.00      0.00     60756     -0.1595
      6         50.00         150.00         235.00     10.00     58256     -0.2106
      6         50.00         150.00         225.00     20.00     55756      0.0284
      6         50.00         150.00         215.00     30.00     53256      0.0688
      6         50.00         150.00         205.00     40.00     50756      0.2093
      6         50.00         150.00         195.00     50.00     48256      0.4261
      6         50.00         150.00         185.00     60.00     45756      0.4525
      6         50.00         150.00         175.00     70.00     43256      0.9197
      6         50.00         150.00         165.00     80.00     40756      1.0647
      6         50.00         150.00         155.00     90.00     38256      1.3993
      6         50.00         150.00         145.00    100.00     35756      1.7212
      6         50.00         150.00         135.00    110.00     33256      1.9964
      6         50.00         150.00         125.00    120.00     30756      2.3820
      6         50.00         150.00         115.00    130.00     28256      2.3847
      6         50.00         150.00         105.00    140.00     25756      2.5060
      6         50.00         150.00          95.00    150.00     23256      2.6522
      6         50.00         150.00          85.00    160.00     20756      2.1072
      6         50.00         150.00          75.00    170.00     18256      2.0440
      6         50.00         150.00          65.00    180.00     15756      1.7508
      6         50.00         150.00          55.00    190.00     13256      1.5845
      6         50.00         150.00          45.00    200.00     10756      1.2959
      6         50.00         150.00          35.00    210.00      8256      1.2026
      6         50.00         150.00          25.00    220.00      5756      1.0587
      6         50.00         150.00          15.00    230.00      3256      0.7894
      7        150.00         150.00         245.00      0.00     60766      0.1070
      7        150.00         150.00         235.00     10.00     58266      0.1146
      7        150.00         150.00         225.00     20.00     55766      0.0607
      7        150.00         150.00         215.00     30.00     53266      0.4136
      7        150.00         150.00         205.00     40.00     50766      0.5267
      7        150.00         150.00         195.00     50.00     48266      0.6582
      7        150.00         150.00         185.00     60.00     45766      0.9080
      7        150.00         150.00         175.00     70.00     43266      1.0762
      7        150.00         150.00         165.00     80.00     40766      1.5034
      7        150.00         150.00         155.00     90.00     38266      1.7469
      7        150.00         150.00         145.00    100.00     35766      2.0371
      7        150.00         150.00         135.00    110.00     33266      2.3756
      7        150.00         150.00         125.00    120.00     30766      2.2953
      7        150.00         150.00         115.00    130.00     28266      2.4668
      7        150.00         150.00         105.00    140.00     25766      2.3737
      7        150.00         150.00          95.00    150.00     23266      1.9686
      7        150.00         150.00          85.00    160.00     20766      1.7980
      7        150.00         150.00          75.00    170.00     18266      1.5406
      7        150.00         150.00          65.00    180.00     15766      1.3863
      7        150.00         150.00          55.00    190.00     13266      1.1846
      7        150.00         150.00          45.00    200.00     10766      0.7810
      7        150.00         150.00          35.00    210.00      8266      0.4693
      7        150.00         150.00          25.00    220.00      5766      0.5543
      7        150.00         150.00          15.00    230.00      3266      0.3968
      8        250.00         150.00         245.00      0.00     60776      0.8544
      8        250.00         150.00         235.00     10.00     58276      1.2293
      8        250.00         150.00         225.00     20.00     55776      1.1677
      8        250.00         150.00         215.00     30.00     53276      1.1583
      8        250.00         150.00         205.00     40.00     50776      0.8402
      8        250.00         150.00         195.00     50.00     48276      1.0873
      8        250.00         150.00         185.00     60.00     45776      1.0259
      8        250.00         150.00         175.00     70.00     43276      1.1317
      8        250.00         150.00         165.00     80.00     40776      1.1007
      8        250.00         150.00         155.00     90.00     38276      1.0343
      8        250.00         150.00         145.00    100.00     35776      1.0550
      8        250.00         150.00         135.00    110.00     33276      1.1739
      8        250.00         150.00         125.00    120.00     30776      0.9977
      8        250.00         150.00         115.00    130.00     28276      0.8727
      8        250.00         150.00         105.00    140.00     25776      1.0517
      8        250.00         150.00          95.00    150.00     23276      0.7532
      8        250.00         150.00          85.00    160.00     20776      0.8054
      8        250.00         150.00          75.00    170.00     18276      0.6494
      8        250.00         150.00          65.00    180.00     15776      0.6340
      8        250.00         150.00          55.00    190.00     13276      0.6817
      8        250.00         150.00          45.00    200.00     10776      0.6374
      8        250.00         150.00          35.00    210.00      8276      0.7342
      8        250.00         150.00          25.00    220.00      5776      0.8200
      8        250.00         150.00          15.00    230.00      3276      0.6270
      9        350.00         150.00         245.00      0.00     60786      1.9335
      9        350.00         150.00         235.00     10.00     58286      2.2856
      9        350.00         150.00         225.00     20.00     55786      1.8900
      9        350.00         150.00         215.00     30.00     53286      2.1877
      9        350.00         150.00         205.00     40.00     50786      1.7282
      9        350.00         150.00         195.00     50.00     48286      1.6965
      9        350.00         150.00         185.00     60.00     45786      1.3947
      9        350.00         150.00         175.00     70.00     43286      0.8624
      9        350.00         150.00         165.00     80.00     40786      0.7005
      9        350.00         150.00         155.00     90.00     38286      0.5292
      9        350.00         150.00         145.00    100.00     35786      0.0450
      9        350.00         150.00         135.00    110.00     33286     -0.1193
      9        350.00         150.00         125.00    120.00     30786     -0.1449
      9        350.00         150.00         115.00    130.00     28286     -0.3457
      9        350.00         150.00         105.00    140.00     25786     -0.2708
      9        350.00         150.00          95.00    150.00     23286     -0.3568
      9        350.00         150.00          85.00    160.00     20786     -0.2205
      9        350.00         150.00          75.00    170.00     18286     -0.2736
      9        350.00         150.00          65.00    180.00     15786      0.0190
      9        350.00         150.00          55.00    190.00     13286      0.0048
      9        350.00         150.00          45.00    200.00     10786     -0.1065
      9        350.00         150.00          35.00    210.00      8286      0.2766
      9        350.00         150.00          25.00    220.00      5786      0.2288
      9        350.00         150.00          15.00    230.00      3286      0.3309
     10        450.00         150.00         245.00      0.00     60796      1.3774
     10        450.00         150.00         235.00     10.00     58296      1.4871
     10        450.00         150.00         225.00     20.00     55796      1.1924
     10        450.00         150.00         215.00     30.00     53296      1.1299
     10        450.00         150.00         205.00     40.00     50796      1.0209
     10        450.00         150.00         195.00     50.00     48296      0.7515
     10        450.00         150.00         185.00     60.00     45796      0.5747
     10        450.00         150.00         175.00     70.00     43296      0.3958
     10        450.00         150.00         165.00     80.00     40796      0.1532
     10        450.00         150.00         155.00     90.00     38296      0.2208
     10        450.00         150.00         145.00    100.00     35796      0.4079
     10        450.00         150.00         135.00    110.00     33296      0.2888
     10        450.00         150.00         125.00    120.00     30796      0.3841
     10        450.00         150.00         115.00    130.00     28296      0.7244
     10        450.00         150.00         105.00    140.00     25796      0.8120
     10        450.00         150.00          95.00    150.00     23296      1.0220
     10        450.00         150.00          85.00    160.00     20796      0.9393
     10        450.00         150.00          75.00    170.00     18296      1.1228
     10        450.00         150.00          65.00    180.00     15796      1.1806
     10        450.00         150.00          55.00    190.00     13296      1.0436
     10        450.00         150.00          45.00    200.00     10796      0.9297
     10        450.00         150.00          35.00    210.00      8296      0.7324
     10        450.00         150.00          25.00    220.00      5796      0.5024
     10        450.00         150.00          15.00    230.00      3296      0.2904
     11         50.00         250.00         245.00      0.00     61256     -0.4901
     11         50.00         250.00         235.00     10.00     58756     -0.3203
     11         50.00         250.00         225.00     20.00     56256     -0.1018
     11         50.00         250.00         215.00     30.00     53756      0.1130
     11         50.00         250.00         205.00     40.00     51256      0.4331
     11         50.00         250.00         195.00     50.00     48756      0.8485
     11         50.00         250.00         185.00     60.00     46256      1.0337
     11         50.00         250.00         175.00     70.00     43756      1.2732
     11         50.00         250.00         165.00     80.00     41256      1.6285
     11         50.00         250.00         155.00     90.00     38756      1.7905
     11         50.00         250.00         145.00    100.00     36256      1.7901
     11         50.00         250.00         135.00    110.00     33756      2.1538
     11         50.00         250.00         125.00    120.00     31256      2.1883
     11         50.00         250.00         115.00    130.00     28756      2.1087
     11         50.00         250.00         105.00    140.00     26256      2.2127
     11         50.00         250.00          95.00    150.00     23756      2.1288
     11         50.00         250.00          85.00    160.00     21256      1.9850
     11         50.00         250.00          75.00    170.00     18756      1.7309
     11         50.00         250.00          65.00    180.00     16256      1.6392
     11         50.00         250.00          55.00    190.00     13756      1.4103
     11         50.00         250.00          45.00    200.00     11256      1.3621
     11         50.00         250.00          35.00    210.00      8756      1.0721
     11         50.00         250.00          25.00    220.00      6256      0.7210
     11         50.00         250.00          15.00    230.00      3756      0.5581
     12        150.00         250.00         245.00      0.00     61266      0.1149
     12        150.00         250.00         235.00     10.00     58766      0.0138
     12        150.00         250.00         225.00     20.00     56266      0.4496
     12        150.00         250.00         215.00     30.00     53766      0.5044
     12        150.00         250.00         205.00     40.00     51266      0.5301
     12        150.00         250.00         195.00     50.00     48766      0.7204
     12        150.00         250.00         185.00     60.00     46266      0.7540
     12        150.00         250.00         175.00     70.00     43766      0.9235
     12        150.00         250.00         165.00     80.00     41266      1.0161
     12        150.00         250.00         155.00     90.00     38766      1.2071
     12        150.00         250.00         145.00    100.00     36266      0.9777
     12        150.00         250.00         135.00    110.00     33766      1.3015
     12        150.00         250.00         125.00    120.00     31266      1.2915
     12        150.00         250.00         115.00    130.00     28766      1.5102
     12        150.00         250.00         105.00    140.00     26266      1.1931
     12        150.00         250.00          95.00    150.00     23766      1.2099
     12        150.00         250.00          85.00    160.00     21266      1.2137
     12        150.00         250.00          75.00    170.00     18766      1.2538
     12        150.00         250.00          65.00    180.00     16266      1.1118
     12        150.00         250.00          55.00    190.00     13766      1.2395
     12        150.00         250.00          45.00    200.00     11266      1.0093
     12        150.00         250.00          35.00    210.00      8766      1.0309
     12        150.00         250.00          25.00    220.00      6266      0.9485
     12        150.00         250.00          15.00    230.00      3766      1.0278
     13        250.00         250.00         245.00      0.00     61276      0.6980
     13        250.00         250.00         235.00     10.00     58776      0.8644
     13        250.00         250.00         225.00     20.00     56276      0.9623
     13        250.00         250.00         215.00     30.00     53776      0.8169
     13        250.00         250.00         205.00     40.00     51276      0.9858
     13        250.00         250.00         195.00     50.00     48776      0.8967
     13        250.00         250.00         185.00     60.00     46276      0.7883
     13        250.00         250.00         175.00     70.00     43776      0.6768
     13        250.00         250.00         165.00     80.00     41276      0.5804
     13        250.00         250.00         155.00     90.00     38776      0.4078
     13        250.00         250.00         145.00    100.00     36276      0.3209
     13        250.00         250.00         135.00    110.00     33776      0.4445
     13        250.00         250.00         125.00    120.00     31276      0.2896
     13        250.00         250.00         115.00    130.00     28776      0.0887
     13        250.00         250.00         105.00    140.00     26276      0.2257
     13        250.00         250.00          95.00    150.00     23776      0.2708
     13        250.00         250.00          85.00    160.00     21276      0.2856
     13        250.00         250.00          75.00    170.00     18776      0.3540
     13        250.00         250.00          65.00    180.00     16276      0.5959
     13        250.00         250.00          55.00    190.00     13776      0.9630
     13        250.00         250.00          45.00    200.00     11276      0.8420
     13        250.00         250.00          35.00    210.00      8776      1.1372
     13        250.00         250.00          25.00    220.00      6276      1.1843
     13        250.00         250.00          15.00    230.00      3776      1.3373
     14        350.00         250.00         245.00      0.00     61286      0.7696
     14        350.00         250.00         235.00     10.00     58786      0.7274
     14        350.00         250.00         225.00     20.00     56286      0.6437
     14        350.00         250.00         215.00     30.00     53786      0.6035
     14        350.00         250.00         205.00     40.00     51286      0.4594
     14        350.00         250.00         195.00     50.00     48786      0.4128
     14        350.00         250.00         185.00     60.00     46286      0.3777
     14        350.00         250.00         175.00     70.00     43786      0.1257
     14        350.00         250.00         165.00     80.00     41286     -0.2021
     14        350.00         250.00         155.00     90.00     38786     -0.6477
     14        350.00         250.00         145.00    100.00     36286     -0.6711
     14        350.00         250.00         135.00    110.00     33786     -0.6237
     14        350.00         250.00         125.00    120.00     31286     -0.6215
     14        350.00         250.00         115.00    130.00     28786     -0.5841
     14        350.00         250.00         105.00    140.00     26286     -0.5312
     14        350.00         250.00          95.00    150.00     23786     -0.5008
     14        350.00         250.00          85.00    160.00     21286     -0.2139
     14        350.00         250.00          75.00    170.00     18786     -0.0885
     14        350.00         250.00          65.00    180.00     16286      0.0893
     14        350.00         250.00          55.00    190.00     13786      0.3196
     14        350.00         250.00          45.00    200.00     11286      0.2483
     14        350.00         250.00          35.00    210.00      8786      0.5084
     14        350.00         250.00          25.00    220.00      6286      0.7670
     14        350.00         250.00          15.00    230.00      3786      0.9177
     15        450.00         250.00         245.00      0.00     61296      0.0075
     15        450.00         250.00         235.00     10.00     58796     -0.1728
     15        450.00         250.00         225.00     20.00     56296     -0.2406
     15        450.00         250.00         215.00     30.00     53796     -0.1959
     15        450.00         250.00         205.00     40.00     51296     -0.3336
     15        450.00         250.00         195.00     50.00     48796     -0.4354
     15        450.00         250.00         185.00     60.00     46296     -0.5272
     15        450.00         250.00         175.00     70.00     43796     -0.6466
     15        450.00         250.00         165.00     80.00     41296     -0.7878
     15        450.00         250.00         155.00     90.00     38796     -0.7131
     15        450.00         250.00         145.00    100.00     36296     -0.6917
     15        450.00         250.00         135.00    110.00     33796     -0.5564
     15        450.00         250.00         125.00    120.00     31296     -0.5089
     15        450.00         250.00         115.00    130.00     28796     -0.4518
     15        450.00         250.00         105.00    140.00     26296     -0.1959
     15        450.00         250.00          95.00    150.00     23796     -0.0300
     15        450.00         250.00          85.00    160.00     21296      0.1378
     15        450.00         250.00          75.00    170.00     18796      0.3418
     15        450.00         250.00          65.00    180.00     16296      0.5307
     15        450.00         250.00          55.00    190.00     13796      0.4519
     15        450.00         250.00          45.00    200.00     11296      0.4185
     15        450.00         250.00          35.00    210.00      8796      0.4681
     15        450.00         250.00          25.00    220.00      6296      0.6842
     15        450.00         250.00          15.00    230.00      3796      0.5156
     16         50.00         350.00         245.00      0.00     61756      0.1508
     16         50.00         350.00         235.00     10.00     59256      0.4931
     16         50.00         350.00         225.00     20.00     56756      0.6109
     16         50.00         350.00         215.00     30.00     54256      0.7029
     16         50.00         350.00         205.00     40.00     51756      0.9605
     16         50.00         350.00         195.00     50.00     49256      1.0718
     16         50.00         350.00         185.00     60.00     46756      1.3657
     16         50.00         350.00         175.00     70.00     44256      1.1452
     16         50.00         350.00         165.00     80.00     41756      1.3764
     16         50.00         350.00         155.00     90.00     39256      1.3968
     16         50.00         350.00         145.00    100.00     36756      1.2477
     16         50.00         350.00         135.00    110.00     34256      1.2212
     16         50.00         350.00         125.00    120.00     31756      1.3043
     16         50.00         350.00         115.00    130.00     29256      1.0637
     16         50.00         350.00         105.00    140.00     26756      1.0063
     16         50.00         350.00          95.00    150.00     24256      0.9403
     16         50.00         350.00          85.00    160.00     21756      0.5350
     16         50.00         350.00          75.00    170.00     19256      0.7392
     16         50.00         350.00          65.00    180.00     16756      0.7436
     16         50.00         350.00          55.00    190.00     14256      0.4857
     16         50.00         350.00          45.00    200.00     11756      0.6345
     16         50.00         350.00          35.00    210.00      9256      0.5822
     16         50.00         350.00          25.00    220.00      6756      0.7394
     16         50.00         350.00          15.00    230.00      4256      0.5757
     17        150.00         350.00         245.00      0.00     61766      0.1989
     17        150.00         350.00         235.00     10.00     59266      0.3507
     17        150.00         350.00         225.00     20.00     56766      0.2151
     17        150.00         350.00         215.00     30.00     54266      0.3712
     17        150.00         350.00         205.00     40.00     51766      0.5269
     17        150.00         350.00         195.00     50.00     49266      0.8587
     17        150.00         350.00         185.00     60.00     46766      0.5780
     17        150.00         350.00         175.00     70.00     44266      0.1733
     17        150.00         350.00         165.00     80.00     41766      0.1619
     17        150.00         350.00         155.00     90.00     39266     -0.1828
     17        150.00         350.00         145.00    100.00     36766     -0.0962
     17        150.00         350.00         135.00    110.00     34266      0.0110
     17        150.00         350.00         125.00    120.00     31766     -0.2912
     17        150.00         350.00         115.00    130.00     29266     -0.6627
     17        150.00         350.00         105.00    140.00     26766     -0.6622
     17        150.00         350.00          95.00    150.00     24266     -0.8491
     17        150.00         350.00          85.00    160.00     21766     -0.7439
     17        150.00         350.00          75.00    170.00     19266     -0.8830
     17        150.00         350.00          65.00    180.00     16766     -0.4928
     17        150.00         350.00          55.00    190.00     14266     -0.6292
     17        150.00         350.00          45.00    200.00     11766     -0.3541
     17        150.00         350.00          35.00    210.00      9266     -0.2136
     17        150.00         350.00          25.00    220.00      6766      0.0989
     17        150.00         350.00          15.00    230.00      4266     -0.0692
     18        250.00         350.00         245.00      0.00     61776     -0.0069
     18        250.00         350.00         235.00     10.00     59276     -0.0258
     18        250.00         350.00         225.00     20.00     56776      0.1872
     18        250.00         350.00         215.00     30.00     54276      0.1389
     18        250.00         350.00         205.00     40.00     51776      0.2703
     18        250.00         350.00         195.00     50.00     49276      0.2083
     18        250.00         350.00         185.00     60.00     46776      0.2044
     18        250.00         350.00         175.00     70.00     44276      0.2008
     18        250.00         350.00         165.00     80.00     41776     -0.0942
     18        250.00         350.00         155.00     90.00     39276     -0.1862
     18        250.00         350.00         145.00    100.00     36776     -0.2947
     18        250.00         350.00         135.00    110.00     34276     -0.7335
     18        250.00         350.00         125.00    120.00     31776     -0.7348
     18        250.00         350.00         115.00    130.00     29276     -0.8271
     18        250.00         350.00         105.00    140.00     26776     -0.6966
     18        250.00         350.00          95.00    150.00     24276     -0.6107
     18        250.00         350.00          85.00    160.00     21776     -0.6733
     18        250.00         350.00          75.00    170.00     19276     -0.5683
     18        250.00         350.00          65.00    180.00     16776     -0.2404
     18        250.00         350.00          55.00    190.00     14276      0.0382
     18        250.00         350.00          45.00    200.00     11776      0.4745
     18        250.00         350.00          35.00    210.00      9276      0.7627
     18        250.00         350.00          25.00    220.00      6776      1.1432
     18        250.00         350.00          15.00    230.00      4276      1.4929
     19        350.00         350.00         245.00      0.00     61786     -0.3062
     19        350.00         350.00         235.00     10.00     59286     -0.2420
     19        350.00         350.00         225.00     20.00     56786      0.0005
     19        350.00         350.00         215.00     30.00     54286     -0.1650
     19        350.00         350.00         205.00     40.00     51786      0.0526
     19        350.00         350.00         195.00     50.00     49286     -0.0598
     19        350.00         350.00         185.00     60.00     46786     -0.1049
     19        350.00         350.00         175.00     70.00     44286     -0.1564
     19        350.00         350.00         165.00     80.00     41786     -0.1217
     19        350.00         350.00         155.00     90.00     39286     -0.6294
     19        350.00         350.00         145.00    100.00     36786     -0.5963
     19        350.00         350.00         135.00    110.00     34286     -0.8399
     19        350.00         350.00         125.00    120.00     31786     -0.8234
     19        350.00         350.00         115.00    130.00     29286     -0.8694
     19        350.00         350.00         105.00    140.00     26786     -0.8295
     19        350.00         350.00          95.00    150.00     24286     -0.7646
     19        350.00         350.00          85.00    160.00     21786     -0.8006
     19        350.00         350.00          75.00    170.00     19286     -0.5312
     19        350.00         350.00          65.00    180.00     16786     -0.1774
     19        350.00         350.00          55.00    190.00     14286      0.0036
     19        350.00         350.00          45.00    200.00     11786      0.2478
     19        350.00         350.00          35.00    210.00      9286      0.5793
     19        350.00         350.00          25.00    220.00      6786      1.2348
     19        350.00         350.00          15.00    230.00      4286      1.3277
     20        450.00         350.00         245.00      0.00     61796      0.5605
     20        450.00         350.00         235.00     10.00     59296      0.5693
     20        450.00         350.00         225.00     20.00     56796      0.3655
     20        450.00         350.00         215.00     30.00     54296      0.3005
     20        450.00         350.00         205.00     40.00     51796      0.0608
     20        450.00         350.00         195.00     50.00     49296      0.0757
     20        450.00         350.00         185.00     60.00     46796      0.0559
     20        450.00         350.00         175.00     70.00     44296      0.2403
     20        450.00         350.00         165.00     80.00     41796      0.1029
     20        450.00         350.00         155.00     90.00     39296      0.1604
     20        450.00         350.00         145.00    100.00     36796      0.2005
     20        450.00         350.00         135.00    110.00     34296      0.2154
     20        450.00         350.00         125.00    120.00     31796      0.0658
     20        450.00         350.00         115.00    130.00     29296     -0.1937
     20        450.00         350.00         105.00    140.00     26796     -0.3769
     20        450.00         350.00          95.00    150.00     24296     -0.2081
     20        450.00         350.00          85.00    160.00     21796     -0.2901
     20        450.00         350.00          75.00    170.00     19296     -0.2297
     20        450.00         350.00          65.00    180.00     16796     -0.3683
     20        450.00         350.00          55.00    190.00     14296     -0.1737
     20        450.00         350.00          45.00    200.00     11796      0.0416
     20        450.00         350.00          35.00    210.00      9296      0.2627
     20        450.00         350.00          25.00    220.00      6796      0.1068
     20        450.00         350.00          15.00    230.00      4296      0.1382
     21         50.00         450.00         245.00      0.00     62256     -0.2325
     21         50.00         450.00         235.00     10.00     59756      0.0704
     21         50.00         450.00         225.00     20.00     57256      0.0771
     21         50.00         450.00         215.00     30.00     54756      0.3522
     21         50.00         450.00         205.00     40.00     52256      0.4330
     21         50.00         450.00         195.00     50.00     49756      0.0102
     21         50.00         450.00         185.00     60.00     47256      0.2832
     21         50.00         450.00         175.00     70.00     44756      0.3067
     21         50.00         450.00         165.00     80.00     42256      0.3008
     21         50.00         450.00         155.00     90.00     39756      0.2285
     21         50.00         450.00         145.00    100.00     37256      0.3959
     21         50.00         450.00         135.00    110.00     34756      0.3949
     21         50.00         450.00         125.00    120.00     32256      0.2970
     21         50.00         450.00         115.00    130.00     29756      0.0612
     21         50.00         450.00         105.00    140.00     27256      0.5304
     21         50.00         450.00          95.00    150.00     24756      0.3937
     21         50.00         450.00          85.00    160.00     22256      0.3338
     21         50.00         450.00          75.00    170.00     19756      0.2415
     21         50.00         450.00          65.00    180.00     17256      0.5819
     21         50.00         450.00          55.00    190.00     14756      0.7918
     21         50.00         450.00          45.00    200.00     12256      1.1270
     21         50.00         450.00          35.00    210.00      9756      1.2712
     21         50.00         450.00          25.00    220.00      7256      1.2045
     21         50.00         450.00          15.00    230.00      4756      1.2308
     22        150.00         450.00         245.00      0.00     62266     -0.2580
     22        150.00         450.00         235.00     10.00     59766     -0.0797
     22        150.00         450.00         225.00     20.00     57266      0.0136
     22        150.00         450.00         215.00     30.00     54766      0.0110
     22        150.00         450.00         205.00     40.00     52266     -0.1876
     22        150.00         450.00         195.00     50.00     49766     -0.2377
     22        150.00         450.00         185.00     60.00     47266     -0.1564
     22        150.00         450.00         175.00     70.00     44766     -0.1964
     22        150.00         450.00         165.00     80.00     42266     -0.3944
     22        150.00         450.00         155.00     90.00     39766     -0.6229
     22        150.00         450.00         145.00    100.00     37266     -0.8359
     22        150.00         450.00         135.00    110.00     34766     -0.9157
     22        150.00         450.00         125.00    120.00     32266     -0.9558
     22        150.00         450.00         115.00    130.00     29766     -0.8744
     22        150.00         450.00         105.00    140.00     27266     -1.0888
     22        150.00         450.00          95.00    150.00     24766     -0.8624
     22        150.00         450.00          85.00    160.00     22266     -0.9487
     22        150.00         450.00          75.00    170.00     19766     -0.5895
     22        150.00         450.00          65.00    180.00     17266     -0.4358
     22        150.00         450.00          55.00    190.00     14766     -0.1268
     22        150.00         450.00          45.00    200.00     12266     -0.0437
     22        150.00         450.00          35.00    210.00      9766      0.1368
     22        150.00         450.00          25.00    220.00      7266      0.7553
     22        150.00         450.00          15.00    230.00      4766      0.3726
     23        250.00         450.00         245.00      0.00     62276     -0.8769
     23        250.00         450.00         235.00     10.00     59776     -0.9759
     23        250.00         450.00         225.00     20.00     57276     -0.7958
     23        250.00         450.00         215.00     30.00     54776     -0.5741
     23        250.00         450.00         205.00     40.00     52276     -0.9871
     23        250.00         450.00         195.00     50.00     49776     -0.6815
     23        250.00         450.00         185.00     60.00     47276     -0.6737
     23        250.00         450.00         175.00     70.00     44776     -0.5883
     23        250.00         450.00         165.00     80.00     42276     -0.5414
     23        250.00         450.00         155.00     90.00     39776     -0.7756
     23        250.00         450.00         145.00    100.00     37276     -0.4292
     23        250.00         450.00         135.00    110.00     34776     -0.8686
     23        250.00         450.00         125.00    120.00     32276     -0.6323
     23        250.00         450.00         115.00    130.00     29776     -0.9744
     23        250.00         450.00         105.00    140.00     27276     -0.8988
     23        250.00         450.00          95.00    150.00     24776     -0.8392
     23        250.00         450.00          85.00    160.00     22276     -0.8063
     23        250.00         450.00          75.00    170.00     19776     -0.5088
     23        250.00         450.00          65.00    180.00     17276     -0.4974
     23        250.00         450.00          55.00    190.00     14776     -0.0857
     23        250.00         450.00          45.00    200.00     12276      0.1777
     23        250.00         450.00          35.00    210.00      9776      0.4986
     23        250.00         450.00          25.00    220.00      7276      0.6104
     23        250.00         450.00          15.00    230.00      4776      1.0810
     24        350.00         450.00         245.00      0.00     62286      0.0157
     24        350.00         450.00         235.00     10.00     59786      0.2106
     24        350.00         450.00         225.00     20.00     57286     -0.0916
     24        350.00         450.00         215.00     30.00     54786     -0.0687
     24        350.00         450.00         205.00     40.00     52286     -0.3290
     24        350.00         450.00         195.00     50.00     49786     -0.2482
     24        350.00         450.00         185.00     60.00     47286     -0.1238
     24        350.00         450.00         175.00     70.00     44786     -0.2660
     24        350.00         450.00         165.00     80.00     42286      0.0646
     24        350.00         450.00         155.00     90.00     39786     -0.0732
     24        350.00         450.00         145.00    100.00     37286      0.0072
     24        350.00         450.00         135.00    110.00     34786     -0.3401
     24        350.00         450.00         125.00    120.00     32286     -0.2792
     24        350.00         450.00         115.00    130.00     29786     -0.6099
     24        350.00         450.00         105.00    140.00     27286     -0.5479
     24        350.00         450.00          95.00    150.00     24786     -0.6782
     24        350.00         450.00          85.00    160.00     22286     -0.8043
     24        350.00         450.00          75.00    170.00     19786     -0.6482
     24        350.00         450.00          65.00    180.00     17286     -0.2805
     24        350.00         450.00          55.00    190.00     14786     -0.2961
     24        350.00         450.00          45.00    200.00     12286     -0.3228
     24        350.00         450.00          35.00    210.00      9786      0.0861
     24        350.00         450.00          25.00    220.00      7286      0.0238
     24        350.00         450.00          15.00    230.00      4786      0.3876
     25        450.00         450.00         245.00      0.00     62296      1.4536
     25        450.00         450.00         235.00     10.00     59796      1.2479
     25        450.00         450.00         225.00     20.00     57296      0.9609
     25        450.00         450.00         215.00     30.00     54796      0.7392
     25        450.00         450.00         205.00     40.00     52296      0.5067
     25        450.00         450.00         195.00     50.00     49796      0.4813
     25        450.00         450.00         185.00     60.00     47296      0.4865
     25        450.00         450.00         175.00     70.00     44796      0.4101
     25        450.00         450.00         165.00     80.00     42296      0.1386
     25        450.00         450.00         155.00     90.00     39796      0.2344
     25        450.00         450.00         145.00    100.00     37296      0.1279
     25        450.00         450.00         135.00    110.00     34796     -0.1358
     25        450.00         450.00         125.00    120.00     32296     -0.2368
     25        450.00         450.00         115.00    130.00     29796     -0.6909
     25        450.00         450.00         105.00    140.00     27296     -0.6909
     25        450.00         450.00          95.00    150.00     24796     -0.8256
     25        450.00         450.00          85.00    160.00     22296     -0.8790
     25        450.00         450.00          75.00    170.00     19796     -0.9181
     25        450.00         450.00          65.00    180.00     17296     -0.6416
     25        450.00         450.00          55.00    190.00     14796     -0.7417
     25        450.00         450.00          45.00    200.00     12296     -0.7133
     25        450.00         450.00          35.00    210.00      9796     -0.7165
     25        450.00         450.00          25.00    220.00      7296     -0.4219
     25        450.00         450.00          15.00    230.00      4796     -0.5918
