Experimental Variograms (VarCalc Version 1.400)
10
Variogram Index
Lag Distance
Number of Pairs
Variogram Value
Variogram Number
Calculation Azimuth
Calculation Dip
Variogram Type
Variogram Tail Index
Variogram Head Index
     1      0.000000         0   -999.000000     1    135.000000      0.000000     1     1     1
     1    144.543455      2297      0.557318     1    135.000000      0.000000     1     1     1
     1    225.167957      5340      0.827850     1    135.000000      0.000000     1     1     1
     1    289.166258      2406      0.773729     1    135.000000      0.000000     1     1     1
     1    394.242411      6071      0.998559     1    135.000000      0.000000     1     1     1
     1    484.492599      2965      0.749515     1    135.000000      0.000000     1     1     1
     1    573.070586       410      0.355656     1    135.000000      0.000000     1     1     1
     1    700.000000         0   -999.000000     1    135.000000      0.000000     1     1     1
     1    800.000000         0   -999.000000     1    135.000000      0.000000     1     1     1
     1    900.000000         0   -999.000000     1    135.000000      0.000000     1     1     1
     1   1000.000000         0   -999.000000     1    135.000000      0.000000     1     1     1
     1   1100.000000         0   -999.000000     1    135.000000      0.000000     1     1     1
     1   1200.000000         0   -999.000000     1    135.000000      0.000000     1     1     1
     1   1300.000000         0   -999.000000     1    135.000000      0.000000     1     1     1
     1   1400.000000         0   -999.000000     1    135.000000      0.000000     1     1     1
     1   1500.000000         0   -999.000000     1    135.000000      0.000000     1     1     1
     1   1600.000000         0   -999.000000     1    135.000000      0.000000     1     1     1
     1   1700.000000         0   -999.000000     1    135.000000      0.000000     1     1     1
     1   1800.000000         0   -999.000000     1    135.000000      0.000000     1     1     1
     1   1900.000000         0   -999.000000     1    135.000000      0.000000     1     1     1
     1   2000.000000         0   -999.000000     1    135.000000      0.000000     1     1     1
     2      0.000000         0   -999.000000     1     45.000000      0.000000     1     1     1
     2    144.515898      2257      1.007765     1     45.000000      0.000000     1     1     1
     2    224.531640      5361      1.339316     1     45.000000      0.000000     1     1     1
     2    289.286149      2398      1.625327     1     45.000000      0.000000     1     1     1
     2    394.048394      5936      1.848420     1     45.000000      0.000000     1     1     1
     2    484.790871      2881      1.322078     1     45.000000      0.000000     1     1     1
     2    573.392130       352      1.079341     1     45.000000      0.000000     1     1     1
     2    700.000000         0   -999.000000     1     45.000000      0.000000     1     1     1
     2    800.000000         0   -999.000000     1     45.000000      0.000000     1     1     1
     2    900.000000         0   -999.000000     1     45.000000      0.000000     1     1     1
     2   1000.000000         0   -999.000000     1     45.000000      0.000000     1     1     1
     2   1100.000000         0   -999.000000     1     45.000000      0.000000     1     1     1
     2   1200.000000         0   -999.000000     1     45.000000      0.000000     1     1     1
     2   1300.000000         0   -999.000000     1     45.000000      0.000000     1     1     1
     2   1400.000000         0   -999.000000     1     45.000000      0.000000     1     1     1
     2   1500.000000         0   -999.000000     1     45.000000      0.000000     1     1     1
     2   1600.000000         0   -999.000000     1     45.000000      0.000000     1     1     1
     2   1700.000000         0   -999.000000     1     45.000000      0.000000     1     1     1
     2   1800.000000         0   -999.000000     1     45.000000      0.000000     1     1     1
     2   1900.000000         0   -999.000000     1     45.000000      0.000000     1     1     1
     2   2000.000000         0   -999.000000     1     45.000000      0.000000     1     1     1
     3      0.000000         0   -999.000000     1      0.000000     90.000000     1     1     1
     3      5.000000         0   -999.000000     1      0.000000     90.000000     1     1     1
     3     10.000000       377      0.036930     1      0.000000     90.000000     1     1     1
     3     15.000000         0   -999.000000     1      0.000000     90.000000     1     1     1
     3     19.999999       354      0.081502     1      0.000000     90.000000     1     1     1
     3     25.000000         0   -999.000000     1      0.000000     90.000000     1     1     1
     3     29.999999       334      0.152237     1      0.000000     90.000000     1     1     1
     3     35.000000         0   -999.000000     1      0.000000     90.000000     1     1     1
     3     40.000000       318      0.254591     1      0.000000     90.000000     1     1     1
     3     45.000000         0   -999.000000     1      0.000000     90.000000     1     1     1
     3     50.000000       299      0.353351     1      0.000000     90.000000     1     1     1
     3     55.000000         0   -999.000000     1      0.000000     90.000000     1     1     1
     3     60.000000       292      0.451235     1      0.000000     90.000000     1     1     1
     3     65.000000         0   -999.000000     1      0.000000     90.000000     1     1     1
     3     70.000000       275      0.596344     1      0.000000     90.000000     1     1     1
     3     75.000000         0   -999.000000     1      0.000000     90.000000     1     1     1
     3     80.000000       262      0.675713     1      0.000000     90.000000     1     1     1
     3     85.000000         0   -999.000000     1      0.000000     90.000000     1     1     1
     3     90.000000       240      0.787512     1      0.000000     90.000000     1     1     1
     3     95.000000         0   -999.000000     1      0.000000     90.000000     1     1     1
     3    100.000001       224      0.790389     1      0.000000     90.000000     1     1     1
