Experimental Variograms (VarCalc Version 1.400)
10
Variogram Index
Lag Distance
Number of Pairs
Variogram Value
Variogram Number
Calculation Azimuth
Calculation Dip
Variogram Type
Variogram Tail Index
Variogram Head Index
     1      0.000000         0   -999.000000     1    135.000000      0.000000     1     1     1
     1    144.613045      2354      0.561645     1    135.000000      0.000000     1     1     1
     1    225.094244      5303      0.842447     1    135.000000      0.000000     1     1     1
     1    289.303669      2362      0.853293     1    135.000000      0.000000     1     1     1
     1    393.362361      5843      1.002417     1    135.000000      0.000000     1     1     1
     1    484.618740      2583      0.676914     1    135.000000      0.000000     1     1     1
     1    572.905220       283      0.261111     1    135.000000      0.000000     1     1     1
     1    700.000000         0   -999.000000     1    135.000000      0.000000     1     1     1
     1    800.000000         0   -999.000000     1    135.000000      0.000000     1     1     1
     1    900.000000         0   -999.000000     1    135.000000      0.000000     1     1     1
     1   1000.000000         0   -999.000000     1    135.000000      0.000000     1     1     1
     1   1100.000000         0   -999.000000     1    135.000000      0.000000     1     1     1
     1   1200.000000         0   -999.000000     1    135.000000      0.000000     1     1     1
     1   1300.000000         0   -999.000000     1    135.000000      0.000000     1     1     1
     1   1400.000000         0   -999.000000     1    135.000000      0.000000     1     1     1
     1   1500.000000         0   -999.000000     1    135.000000      0.000000     1     1     1
     1   1600.000000         0   -999.000000     1    135.000000      0.000000     1     1     1
     1   1700.000000         0   -999.000000     1    135.000000      0.000000     1     1     1
     1   1800.000000         0   -999.000000     1    135.000000      0.000000     1     1     1
     1   1900.000000         0   -999.000000     1    135.000000      0.000000     1     1     1
     1   2000.000000         0   -999.000000     1    135.000000      0.000000     1     1     1
     2      0.000000         0   -999.000000     1     45.000000      0.000000     1     1     1
     2    144.576483      2387      1.048043     1     45.000000      0.000000     1     1     1
     2    224.366350      5449      1.370344     1     45.000000      0.000000     1     1     1
     2    289.366327      2401      1.608678     1     45.000000      0.000000     1     1     1
     2    393.829604      6113      1.759666     1     45.000000      0.000000     1     1     1
     2    485.608238      2903      1.425383     1     45.000000      0.000000     1     1     1
     2    573.324973       391      1.266540     1     45.000000      0.000000     1     1     1
     2    700.000000         0   -999.000000     1     45.000000      0.000000     1     1     1
     2    800.000000         0   -999.000000     1     45.000000      0.000000     1     1     1
     2    900.000000         0   -999.000000     1     45.000000      0.000000     1     1     1
     2   1000.000000         0   -999.000000     1     45.000000      0.000000     1     1     1
     2   1100.000000         0   -999.000000     1     45.000000      0.000000     1     1     1
     2   1200.000000         0   -999.000000     1     45.000000      0.000000     1     1     1
     2   1300.000000         0   -999.000000     1     45.000000      0.000000     1     1     1
     2   1400.000000         0   -999.000000     1     45.000000      0.000000     1     1     1
     2   1500.000000         0   -999.000000     1     45.000000      0.000000     1     1     1
     2   1600.000000         0   -999.000000     1     45.000000      0.000000     1     1     1
     2   1700.000000         0   -999.000000     1     45.000000      0.000000     1     1     1
     2   1800.000000         0   -999.000000     1     45.000000      0.000000     1     1     1
     2   1900.000000         0   -999.000000     1     45.000000      0.000000     1     1     1
     2   2000.000000         0   -999.000000     1     45.000000      0.000000     1     1     1
     3      0.000000         0   -999.000000     1      0.000000     90.000000     1     1     1
     3      5.000000         0   -999.000000     1      0.000000     90.000000     1     1     1
     3     10.000000       364      0.035952     1      0.000000     90.000000     1     1     1
     3     15.000000         0   -999.000000     1      0.000000     90.000000     1     1     1
     3     19.999999       343      0.085374     1      0.000000     90.000000     1     1     1
     3     25.000000         0   -999.000000     1      0.000000     90.000000     1     1     1
     3     29.999999       340      0.161764     1      0.000000     90.000000     1     1     1
     3     35.000000         0   -999.000000     1      0.000000     90.000000     1     1     1
     3     40.000000       320      0.255719     1      0.000000     90.000000     1     1     1
     3     45.000000         0   -999.000000     1      0.000000     90.000000     1     1     1
     3     50.000000       304      0.365770     1      0.000000     90.000000     1     1     1
     3     55.000000         0   -999.000000     1      0.000000     90.000000     1     1     1
     3     60.000000       293      0.476869     1      0.000000     90.000000     1     1     1
     3     65.000000         0   -999.000000     1      0.000000     90.000000     1     1     1
     3     70.000000       280      0.616432     1      0.000000     90.000000     1     1     1
     3     75.000000         0   -999.000000     1      0.000000     90.000000     1     1     1
     3     80.000000       258      0.711379     1      0.000000     90.000000     1     1     1
     3     85.000000         0   -999.000000     1      0.000000     90.000000     1     1     1
     3     90.000000       240      0.820592     1      0.000000     90.000000     1     1     1
     3     95.000000         0   -999.000000     1      0.000000     90.000000     1     1     1
     3    100.000000       226      0.866282     1      0.000000     90.000000     1     1     1
