pygeostat_saved_data                    
  6
X                                       
Y                                       
Z                                       
value                                   
sesi_data_ns                            
Declustering Weight
300.000000 45.000000 245.000000 1.538300 0.082960  2.4150605    
300.000000 45.000000 225.000000 1.586200 0.456200  1.3693765    
300.000000 45.000000 215.000015 1.699100 0.647800  1.2500249    
300.000000 45.000000 205.000000 1.709700 0.842350  1.1870564    
300.000000 45.000000 195.000000 1.849200 1.038750  1.0330880    
300.000000 45.000000 185.000000 1.978300 1.229360 0.92624563    
300.000000 45.000000 175.000000 2.107100 1.403650 0.85890770    
300.000000 45.000000 165.000000 2.168300 1.565300 0.82081389    
300.000000 45.000000 155.000000 2.336900 1.697300 0.80846840    
300.000000 45.000000 145.000000 2.416700 1.785380 0.80984014    
300.000000 45.000000 135.000000 2.511700 1.808040 0.82011855    
300.000000 45.000000 125.000000 2.523100 1.755390 0.83007568    
300.000000 45.000000 115.000000 2.510500 1.650110 0.83055168    
300.000000 45.000000 104.999992 2.422100 1.520350 0.83492774    
300.000000 45.000000 95.000000 2.341700 1.372690 0.84372348    
300.000000 45.000000 85.000000 2.238200 1.215770 0.92138660    
300.000000 45.000000 75.000000 2.078300 1.052230  1.0183527    
300.000000 45.000000 45.000000 1.799600 0.574650  1.4288876    
300.000000 45.000000 35.000000 1.694500 0.426470  1.6265169    
300.000000 45.000000 25.000000 1.620500 0.281830  1.9598477    
300.000000 45.000000 15.000001 1.601200 0.137160  2.5992701    
380.000000 45.000000 234.999985 0.965500 -0.425080  1.3868216    
380.000000 45.000000 225.000000 1.014000 -0.257870  1.0613099    
380.000000 45.000000 215.000015 1.034700 -0.081760 0.94195813    
380.000000 45.000000 205.000000 1.148500 0.090030 0.87898958    
380.000000 45.000000 195.000000 1.196000 0.247610 0.81941873    
380.000000 45.000000 185.000000 1.360100 0.393660 0.78482574    
380.000000 45.000000 175.000000 1.407900 0.526370 0.76873779    
380.000000 45.000000 165.000000 1.583400 0.641020 0.75462896    
380.000000 45.000000 155.000000 1.763400 0.734360 0.75639260    
380.000000 45.000000 135.000000 1.874800 0.835450 0.77196556    
380.000000 45.000000 115.000000 1.874800 0.805570 0.78155154    
380.000000 45.000000 104.999992 1.803500 0.748380 0.78592753    
380.000000 45.000000 95.000000 1.768400 0.666240 0.79472327    
380.000000 45.000000 75.000000 1.483100 0.450020 0.87331021    
380.000000 45.000000 65.000000 1.370200 0.328090 0.92213804    
380.000000 45.000000 55.000000 1.195800 0.198100 0.98703855    
380.000000 45.000000 45.000000 1.087100 0.065630  1.0963821    
380.000000 45.000000 35.000000 1.009800 -0.070700  1.2829455    
380.000000 45.000000 25.000000 1.014900 -0.203580  1.6162758    
380.000000 45.000000 15.000001 0.981800 -0.325430  2.2556980    
460.000000 45.000000 245.000000 0.664000 -0.959120  2.1325774    
460.000000 45.000000 234.999985 0.717300 -0.788490  1.4058182    
460.000000 45.000000 225.000000 0.720500 -0.623170  1.0436182    
460.000000 45.000000 215.000015 0.796400 -0.462330 0.85666257    
460.000000 45.000000 205.000000 0.872500 -0.308980 0.75114006    
460.000000 45.000000 195.000000 0.984000 -0.157550 0.68905288    
460.000000 45.000000 185.000000 1.117800 -0.012720 0.65445983    
460.000000 45.000000 175.000000 1.145500 0.114360 0.63837194    
460.000000 45.000000 165.000000 1.382500 0.222230 0.63837194    
460.000000 45.000000 155.000000 1.398300 0.307450 0.63914657    
460.000000 45.000000 145.000000 1.527800 0.367830 0.65165323    
460.000000 45.000000 135.000000 1.586300 0.403390 0.69901234    
460.000000 45.000000 125.000000 1.636600 0.410950 0.74163955    
460.000000 45.000000 115.000000 1.564900 0.391580 0.76308018    
460.000000 45.000000 95.000000 1.465500 0.277450 0.82545573    
460.000000 45.000000 85.000000 1.314200 0.188210 0.86453801    
460.000000 45.000000 55.000000 0.945900 -0.187620  1.0118340    
460.000000 45.000000 35.000000 0.751100 -0.463170  1.2710813    
460.000000 45.000000 25.000000 0.773700 -0.604500  2.0063038    
540.000000 45.000000 245.000000 0.715200 -0.877230  1.6117605    
540.000000 45.000000 234.999985 0.681500 -0.719350  1.2542533    
540.000000 45.000000 225.000000 0.752500 -0.564130  1.1128947    
540.000000 45.000000 215.000015 0.775300 -0.413810 0.98250788    
540.000000 45.000000 205.000000 0.907600 -0.266490 0.90994918    
540.000000 45.000000 195.000000 0.981800 -0.117310 0.81201035    
540.000000 45.000000 185.000000 1.111400 0.024240 0.75714266    
540.000000 45.000000 175.000000 1.168700 0.151260 0.72892523    
540.000000 45.000000 155.000000 1.429300 0.348290 0.72969973    
540.000000 45.000000 145.000000 1.546500 0.414680 0.73710227    
540.000000 45.000000 135.000000 1.654700 0.456380 0.73484844    
540.000000 45.000000 125.000000 1.623100 0.471000 0.73271298    
540.000000 45.000000 115.000000 1.605100 0.457040 0.73031545    
540.000000 45.000000 104.999992 1.510900 0.411080 0.72934723    
540.000000 45.000000 95.000000 1.475000 0.339800 0.73709327    
540.000000 45.000000 75.000000 1.146700 0.125370 0.85451031    
540.000000 45.000000 55.000000 0.954600 -0.154000 0.99483466    
540.000000 45.000000 45.000000 0.884700 -0.305810  1.0899174    
540.000000 45.000000 35.000000 0.791100 -0.455660  1.2083850    
540.000000 45.000000 25.000000 0.718100 -0.611570  1.3799371    
540.000000 45.000000 15.000001 0.706900 -0.772130  1.7036445    
620.000000 45.000000 245.000000 1.116200 -0.438860  1.5789634    
620.000000 45.000000 234.999985 1.177300 -0.275660  1.2214561    
620.000000 45.000000 225.000000 1.168100 -0.108090  1.0913181    
620.000000 45.000000 215.000015 1.263600 0.058520  1.0014720    
620.000000 45.000000 205.000000 1.299400 0.216500 0.94475758    
620.000000 45.000000 195.000000 1.401000 0.363730 0.88014847    
620.000000 45.000000 185.000000 1.554300 0.503790 0.82665265    
620.000000 45.000000 165.000000 1.801400 0.757910 0.76143855    
620.000000 45.000000 145.000000 1.963900 0.946930 0.71317905    
620.000000 45.000000 135.000000 2.046000 1.005020 0.71092510    
620.000000 45.000000 125.000000 2.067000 1.029850 0.70878965    
620.000000 45.000000 115.000000 2.009300 1.019510 0.70687306    
620.000000 45.000000 104.999992 1.967300 0.961030 0.71010631    
620.000000 45.000000 95.000000 1.941600 0.870150 0.71597660    
620.000000 45.000000 85.000000 1.790600 0.751780 0.72602963    
620.000000 45.000000 75.000000 1.693000 0.613330 0.75424743    
620.000000 45.000000 65.000000 1.507200 0.464850 0.80911511    
620.000000 45.000000 55.000000 1.434100 0.303750 0.89690334    
620.000000 45.000000 45.000000 1.340600 0.131350  1.0302324    
620.000000 45.000000 35.000000 1.202600 -0.053100  1.2219354    
620.000000 45.000000 25.000000 1.228800 -0.245680  1.3934876    
620.000000 45.000000 15.000001 1.126900 -0.432100  1.7171949    
700.000000 45.000000 245.000000 1.687200 -0.007250  2.1631160    
700.000000 45.000000 234.999985 1.704100 0.200120  1.4437900    
700.000000 45.000000 215.000015 1.844000 0.600630  1.0245047    
700.000000 45.000000 205.000000 1.889000 0.804380 0.96779019    
700.000000 45.000000 195.000000 1.967600 1.014400 0.89220756    
700.000000 45.000000 185.000000 2.061500 1.215980 0.80667245    
700.000000 45.000000 175.000000 2.272200 1.408440 0.76019633    
700.000000 45.000000 165.000000 2.373900 1.606120 0.72346157    
700.000000 45.000000 155.000000 2.479300 1.816540 0.70233732    
700.000000 45.000000 145.000000 2.565600 2.035670 0.69348466    
700.000000 45.000000 135.000000 2.656500 2.219690 0.69370919    
700.000000 45.000000 115.000000 2.626300 2.292720 0.69616348    
700.000000 45.000000 104.999992 2.602200 2.146710 0.69939673    
700.000000 45.000000 95.000000 2.446400 1.913590 0.70526689    
700.000000 45.000000 85.000000 2.393400 1.687060 0.71822172    
700.000000 45.000000 75.000000 2.216100 1.468180 0.74964589    
700.000000 45.000000 65.000000 2.108000 1.254510 0.78994942    
700.000000 45.000000 55.000000 2.009300 1.033910 0.85417664    
700.000000 45.000000 45.000000 1.824300 0.807850 0.98640811    
700.000000 45.000000 35.000000 1.832300 0.585140  1.1942618    
700.000000 45.000000 25.000000 1.769400 0.363290  1.5373663    
700.000000 45.000000 15.000001 1.709500 0.137120  2.1847811    
780.000000 45.000000 245.000000 1.721900 0.017100  3.1835432    
780.000000 45.000000 195.000000 2.029800 1.087010  1.1803973    
780.000000 45.000000 185.000000 2.087700 1.297700  1.0948621    
780.000000 45.000000 165.000000 2.356500 1.713090  1.0058311    
780.000000 45.000000 155.000000 2.527300 1.936100 0.98043537    
780.000000 45.000000 125.000000 2.708300 2.477680 0.82992786    
780.000000 45.000000 115.000000 2.695500 2.423590 0.79751658    
780.000000 45.000000 104.999992 2.649700 2.218280 0.78179574    
780.000000 45.000000 95.000000 2.548200 1.967340 0.78120780    
780.000000 45.000000 85.000000 2.373300 1.729950 0.84240675    
780.000000 45.000000 45.000000 1.928800 0.891730  1.0337648    
780.000000 45.000000 35.000000 1.877100 0.682200  1.1526947    
780.000000 45.000000 25.000000 1.771800 0.476720  1.4163688    
780.000000 45.000000 15.000001 1.757500 0.270620  2.0457993    
860.000061 45.000000 225.000000 0.969900 -0.306370  1.9963274    
860.000061 45.000000 215.000015 1.067600 -0.137550  1.6962383    
860.000061 45.000000 205.000000 1.142900 0.026440  1.4810537    
860.000061 45.000000 185.000000 1.376000 0.309530  1.0257813    
860.000061 45.000000 175.000000 1.462500 0.425280 0.89245248    
860.000061 45.000000 165.000000 1.612000 0.522180 0.82126176    
860.000061 45.000000 145.000000 1.801200 0.654100 0.77516973    
860.000061 45.000000 135.000000 1.871500 0.683110 0.76043612    
860.000061 45.000000 125.000000 1.919300 0.686710 0.75058073    
860.000061 45.000000 115.000000 1.835700 0.665370 0.74301010    
860.000061 45.000000 104.999992 1.769000 0.615270 0.74498457    
860.000061 45.000000 95.000000 1.685200 0.547680 0.76221710    
860.000061 45.000000 85.000000 1.635700 0.461610 0.85439467    
860.000061 45.000000 75.000000 1.491500 0.361170 0.98772311    
860.000061 45.000000 45.000000 1.096500 -0.010980  1.4206158    
860.000061 45.000000 35.000000 1.093300 -0.156560  1.5395460    
860.000061 45.000000 25.000000 0.997800 -0.304400  1.7757367    
939.999939 45.000000 245.000000 0.173200 -1.428850  2.6770983    
939.999939 45.000000 234.999985 0.185500 -1.242060  1.9272184    
939.999939 45.000000 225.000000 0.250100 -1.084440  1.6997391    
939.999939 45.000000 195.000000 0.441200 -0.689580  1.2103168    
939.999939 45.000000 185.000000 0.574500 -0.586990  1.0632714    
939.999939 45.000000 175.000000 0.713500 -0.497400 0.97438568    
939.999939 45.000000 165.000000 0.843900 -0.427370 0.91622579    
939.999939 45.000000 155.000000 0.937700 -0.380500 0.87922913    
939.999939 45.000000 145.000000 1.052300 -0.352680 0.85793871    
939.999939 45.000000 125.000000 1.126600 -0.349970 0.83941925    
939.999939 45.000000 115.000000 1.127700 -0.374230 0.83184850    
939.999939 45.000000 104.999992 1.048700 -0.412470 0.81951821    
939.999939 45.000000 95.000000 0.982100 -0.466350 0.81128800    
939.999939 45.000000 85.000000 0.805800 -0.532990 0.83611560    
939.999939 45.000000 75.000000 0.702800 -0.613280 0.87420964    
939.999939 45.000000 65.000000 0.620100 -0.703510 0.93895352    
939.999939 45.000000 55.000000 0.460300 -0.806050  1.0267417    
939.999939 45.000000 45.000000 0.416300 -0.916810  1.1589735    
939.999939 45.000000 35.000000 0.310300 -1.038510  1.3668270    
939.999939 45.000000 25.000000 0.225300 -1.165740  1.6680396    
939.999939 45.000000 15.000001 0.254500 -1.308000  2.3514216    
300.000000 125.000000 234.999985 0.946700 -0.478050  1.5187054    
300.000000 125.000000 225.000000 1.037200 -0.303350  1.1942536    
300.000000 125.000000 215.000015 1.024700 -0.120180  1.0749022    
300.000000 125.000000 195.000000 1.202400 0.235050 0.92010850    
300.000000 125.000000 185.000000 1.284300 0.392210 0.86030269    
300.000000 125.000000 175.000000 1.456900 0.535530 0.82394034    
300.000000 125.000000 165.000000 1.630400 0.655590 0.76578081    
300.000000 125.000000 155.000000 1.670500 0.748170 0.72878397    
300.000000 125.000000 135.000000 1.889500 0.836990 0.67838639    
300.000000 125.000000 125.000000 1.916400 0.829010 0.66192228    
300.000000 125.000000 115.000000 1.852800 0.789010 0.66239828    
300.000000 125.000000 104.999992 1.771900 0.723200 0.66677439    
300.000000 125.000000 95.000000 1.689000 0.635460 0.67557001    
300.000000 125.000000 85.000000 1.551400 0.532530 0.69230467    
300.000000 125.000000 75.000000 1.463700 0.413300 0.71623546    
300.000000 125.000000 65.000000 1.319400 0.283190 0.75808448    
300.000000 125.000000 55.000000 1.206000 0.147840 0.84587264    
300.000000 125.000000 45.000000 1.132900 0.006350 0.97810405    
300.000000 125.000000 35.000000 1.033700 -0.136030  1.1870551    
300.000000 125.000000 25.000000 0.977000 -0.270870  1.5381359    
300.000000 125.000000 15.000001 0.952300 -0.392750  2.1920898    
380.000000 125.000000 245.000000 0.274100 -1.367720  2.1221530    
380.000000 125.000000 225.000000 0.273000 -1.024450  1.0989109    
380.000000 125.000000 215.000015 0.376600 -0.855780 0.97955918    
380.000000 125.000000 205.000000 0.457300 -0.694500 0.91659057    
380.000000 125.000000 175.000000 0.777700 -0.290020 0.83324814    
380.000000 125.000000 165.000000 0.876700 -0.185620 0.74546003    
380.000000 125.000000 155.000000 1.002200 -0.100830 0.68729979    
380.000000 125.000000 145.000000 1.178900 -0.044380 0.65887094    
380.000000 125.000000 135.000000 1.237200 -0.018980 0.64661551    
380.000000 125.000000 125.000000 1.195200 -0.022570 0.64661551    
380.000000 125.000000 115.000000 1.193600 -0.056630 0.64709157    
380.000000 125.000000 104.999992 1.154500 -0.117170 0.65146762    
380.000000 125.000000 95.000000 1.014300 -0.202970 0.66026330    
380.000000 125.000000 85.000000 0.935100 -0.301900 0.67667091    
380.000000 125.000000 65.000000 0.661700 -0.531560 0.74474335    
380.000000 125.000000 55.000000 0.558800 -0.655710  1.0991887    
380.000000 125.000000 35.000000 0.379800 -0.902620  2.6926947    
460.000000 125.000000 245.000000 0.003200 -1.772020  2.0838399    
460.000000 125.000000 225.000000 0.068300 -1.421100 0.96418971    
460.000000 125.000000 215.000015 0.083800 -1.265870 0.77723449    
460.000000 125.000000 205.000000 0.176700 -1.125430 0.67171228    
460.000000 125.000000 195.000000 0.295600 -0.995490 0.62991035    
460.000000 125.000000 185.000000 0.389000 -0.871820 0.60346496    
460.000000 125.000000 175.000000 0.564700 -0.762840 0.58585346    
460.000000 125.000000 165.000000 0.697300 -0.669850 0.56975716    
460.000000 125.000000 155.000000 0.791600 -0.598610 0.56390715    
460.000000 125.000000 145.000000 0.894500 -0.545700 0.55759013    
460.000000 125.000000 135.000000 0.946900 -0.517570 0.54961365    
460.000000 125.000000 125.000000 1.003400 -0.512960 0.54307413    
460.000000 125.000000 115.000000 0.943100 -0.532880 0.56451470    
460.000000 125.000000 104.999992 0.868400 -0.576260 0.59495026    
460.000000 125.000000 95.000000 0.845500 -0.641020 0.62689042    
460.000000 125.000000 85.000000 0.712800 -0.724940 0.64329803    
460.000000 125.000000 75.000000 0.495300 -0.824890 0.66283327    
460.000000 125.000000 65.000000 0.407100 -0.935750 0.69348961    
460.000000 125.000000 55.000000 0.279500 -1.053730 0.75720310    
460.000000 125.000000 45.000000 0.222500 -1.171770 0.83447903    
460.000000 125.000000 35.000000 0.135500 -1.290880  1.0172464    
460.000000 125.000000 25.000000 0.119000 -1.407040  1.7982984    
540.000000 125.000000 245.000000 0.017300 -1.577640  1.4324827    
540.000000 125.000000 234.999985 0.085900 -1.429630  1.0749754    
540.000000 125.000000 225.000000 0.125500 -1.300070 0.93361700    
540.000000 125.000000 215.000015 0.172800 -1.183730 0.80323094    
540.000000 125.000000 205.000000 0.256800 -1.075710 0.73067242    
540.000000 125.000000 185.000000 0.406200 -0.882080 0.64870435    
540.000000 125.000000 175.000000 0.626300 -0.799180 0.62018472    
540.000000 125.000000 165.000000 0.731600 -0.726770 0.60408843    
540.000000 125.000000 145.000000 0.891800 -0.624210 0.59359384    
540.000000 125.000000 135.000000 0.995300 -0.596290 0.59636670    
540.000000 125.000000 104.999992 0.887900 -0.618330 0.59540725    
540.000000 125.000000 95.000000 0.826500 -0.660650 0.60315329    
540.000000 125.000000 85.000000 0.748700 -0.721870 0.60268301    
540.000000 125.000000 75.000000 0.563800 -0.797250 0.61550307    
540.000000 125.000000 65.000000 0.428200 -0.885660 0.64808941    
540.000000 125.000000 45.000000 0.211300 -1.088420 0.78907865    
540.000000 125.000000 35.000000 0.149300 -1.196680 0.91319984    
540.000000 125.000000 25.000000 0.100300 -1.306540  1.0798652    
540.000000 125.000000 15.000001 0.088900 -1.417480  1.3995764    
620.000000 125.000000 245.000000 0.383500 -1.030190  1.4302453    
620.000000 125.000000 234.999985 0.433400 -0.889820  1.0727379    
620.000000 125.000000 225.000000 0.483000 -0.759190 0.94259965    
620.000000 125.000000 205.000000 0.551400 -0.524480 0.79603910    
620.000000 125.000000 195.000000 0.655500 -0.423060 0.73700386    
620.000000 125.000000 185.000000 0.784800 -0.330950 0.67719835    
620.000000 125.000000 175.000000 0.923200 -0.250850 0.64317518    
620.000000 125.000000 165.000000 1.026300 -0.180600 0.60617876    
620.000000 125.000000 155.000000 1.208900 -0.121490 0.58505446    
620.000000 125.000000 145.000000 1.217200 -0.079810 0.57697636    
620.000000 125.000000 135.000000 1.284200 -0.054660 0.57974923    
620.000000 125.000000 125.000000 1.309700 -0.046590 0.58215559    
620.000000 125.000000 115.000000 1.308000 -0.056430 0.58023900    
620.000000 125.000000 104.999992 1.272800 -0.083410 0.58347225    
620.000000 125.000000 85.000000 1.005700 -0.188990 0.60157758    
620.000000 125.000000 75.000000 0.944500 -0.261670 0.63120615    
620.000000 125.000000 65.000000 0.775900 -0.345160 0.67071599    
620.000000 125.000000 55.000000 0.682300 -0.439330 0.75850421    
620.000000 125.000000 45.000000 0.573000 -0.541960 0.89073563    
620.000000 125.000000 35.000000 0.540900 -0.654820  1.0748590    
620.000000 125.000000 25.000000 0.429300 -0.775130  1.2415245    
620.000000 125.000000 15.000001 0.424200 -0.900120  1.5612357    
700.000000 125.000000 234.999985 1.215200 -0.188660  1.3244792    
700.000000 125.000000 225.000000 1.266000 -0.025340 0.95691478    
700.000000 125.000000 215.000015 1.366600 0.132260 0.86706877    
700.000000 125.000000 205.000000 1.356300 0.281810 0.81035459    
700.000000 125.000000 195.000000 1.478300 0.422560 0.76136184    
700.000000 125.000000 175.000000 1.661200 0.678360 0.71354836    
700.000000 125.000000 165.000000 1.886600 0.786630 0.69125253    
700.000000 125.000000 155.000000 1.963700 0.878320 0.67714381    
700.000000 125.000000 145.000000 2.046000 0.944240 0.69313484    
700.000000 125.000000 135.000000 2.140800 0.985050 0.72342736    
700.000000 125.000000 125.000000 2.201000 0.996280 0.75864714    
700.000000 125.000000 115.000000 2.111100 0.978330 0.76107579    
700.000000 125.000000 85.000000 1.840900 0.769560 0.77859223    
700.000000 125.000000 65.000000 1.586700 0.540170 0.81042022    
700.000000 125.000000 55.000000 1.477500 0.410270 0.88385767    
700.000000 125.000000 35.000000 1.319800 0.126340  1.2354932    
700.000000 125.000000 25.000000 1.267500 -0.029690  1.5407442    
700.000000 125.000000 15.000001 1.221500 -0.193560  2.1573300    
780.000000 125.000000 245.000000 1.831200 0.116300  2.2338591    
780.000000 125.000000 234.999985 1.836400 0.297350  1.5336660    
780.000000 125.000000 225.000000 1.908200 0.481960  1.2109933    
780.000000 125.000000 215.000015 1.955300 0.673900 0.99593109    
780.000000 125.000000 205.000000 2.077700 0.874670 0.84905398    
780.000000 125.000000 185.000000 2.252100 1.292550 0.75046605    
780.000000 125.000000 175.000000 2.384300 1.507100 0.73216611    
780.000000 125.000000 155.000000 2.622200 1.995760 0.68973684    
780.000000 125.000000 145.000000 2.704800 2.252920 0.67536020    
780.000000 125.000000 125.000000 2.750900 2.523360 0.63989174    
780.000000 125.000000 115.000000 2.744000 2.442940 0.60748059    
780.000000 125.000000 104.999992 2.723500 2.230650 0.59175974    
780.000000 125.000000 95.000000 2.580100 1.970130 0.59117186    
780.000000 125.000000 85.000000 2.468700 1.718950 0.60655665    
780.000000 125.000000 75.000000 2.329800 1.491490 0.61980659    
780.000000 125.000000 65.000000 2.255500 1.284410 0.63838446    
780.000000 125.000000 55.000000 2.121600 1.085530 0.68701786    
780.000000 125.000000 45.000000 2.040200 0.886310 0.76900589    
780.000000 125.000000 35.000000 1.991100 0.689000 0.90278268    
780.000000 125.000000 25.000000 1.926000 0.498540  1.1447556    
780.000000 125.000000 15.000001 1.908400 0.313590  1.7987096    
860.000061 125.000000 245.000000 1.386100 -0.298940  1.9953535    
860.000061 125.000000 215.000015 1.513800 0.209380  1.1307249    
860.000061 125.000000 195.000000 1.640800 0.531510 0.78865063    
860.000061 125.000000 185.000000 1.821200 0.684840 0.71512789    
860.000061 125.000000 175.000000 1.871700 0.830910 0.67068487    
860.000061 125.000000 165.000000 2.058000 0.961450 0.60342878    
860.000061 125.000000 155.000000 2.158700 1.076860 0.58004653    
860.000061 125.000000 145.000000 2.233400 1.160260 0.56567001    
860.000061 125.000000 135.000000 2.309500 1.211620 0.56161410    
860.000061 125.000000 115.000000 2.309700 1.205880 0.54873013    
860.000061 125.000000 104.999992 2.264700 1.150760 0.55070448    
860.000061 125.000000 95.000000 2.201700 1.065680 0.56793714    
860.000061 125.000000 85.000000 2.022300 0.954210 0.59530771    
860.000061 125.000000 75.000000 1.900900 0.829980 0.63166988    
860.000061 125.000000 65.000000 1.784800 0.693940 0.69476777    
860.000061 125.000000 55.000000 1.725500 0.551810 0.79165262    
860.000061 125.000000 45.000000 1.585100 0.405480 0.87364072    
860.000061 125.000000 25.000000 1.463500 0.101450  1.1746463    
860.000061 125.000000 15.000001 1.432200 -0.060790  1.4943575    
939.999939 125.000000 245.000000 0.369600 -1.009180  1.7390563    
939.999939 125.000000 234.999985 0.479300 -0.860680  1.3892872    
939.999939 125.000000 215.000015 0.457000 -0.581000  1.0280566    
939.999939 125.000000 205.000000 0.588600 -0.451550 0.91342211    
939.999939 125.000000 195.000000 0.674400 -0.330660 0.86678445    
939.999939 125.000000 185.000000 0.770500 -0.218800 0.85360467    
939.999939 125.000000 175.000000 0.892300 -0.113920 0.85360467    
939.999939 125.000000 165.000000 1.067700 -0.029510 0.85595620    
939.999939 125.000000 155.000000 1.231600 0.036660 0.87418014    
939.999939 125.000000 104.999992 1.305300 0.044640 0.88925630    
939.999939 125.000000 95.000000 1.178100 -0.014850 0.88102603    
939.999939 125.000000 85.000000 1.078400 -0.091760 0.88554817    
939.999939 125.000000 75.000000 0.920900 -0.180850 0.89124602    
939.999939 125.000000 65.000000 0.839100 -0.276870 0.91175824    
939.999939 125.000000 55.000000 0.660600 -0.379270 0.96019852    
939.999939 125.000000 45.000000 0.616200 -0.486680  1.0530819    
939.999939 125.000000 35.000000 0.519700 -0.601950  1.2236538    
939.999939 125.000000 25.000000 0.499000 -0.722570  1.4803025    
939.999939 125.000000 15.000001 0.436900 -0.849260  1.8000135    
300.000000 205.000000 245.000000 0.553400 -1.124560  2.3189263    
300.000000 205.000000 234.999985 0.643800 -0.964920  1.5996001    
300.000000 205.000000 215.000015 0.708700 -0.625990  1.0073433    
300.000000 205.000000 205.000000 0.765900 -0.458710 0.88140589    
300.000000 205.000000 195.000000 0.792000 -0.295990 0.78350621    
300.000000 205.000000 185.000000 0.965700 -0.134410 0.72370046    
300.000000 205.000000 175.000000 1.127800 0.018840 0.68733829    
300.000000 205.000000 165.000000 1.220900 0.150530 0.66635847    
300.000000 205.000000 155.000000 1.323600 0.255450 0.65449488    
300.000000 205.000000 145.000000 1.452000 0.332940 0.64907569    
300.000000 205.000000 135.000000 1.492900 0.372730 0.65798205    
300.000000 205.000000 125.000000 1.539900 0.373800 0.66709161    
300.000000 205.000000 115.000000 1.493100 0.346330 0.67946237    
300.000000 205.000000 104.999992 1.427300 0.291550 0.69544697    
300.000000 205.000000 85.000000 1.227000 0.096110 0.73881036    
300.000000 205.000000 75.000000 1.042000 -0.040190 0.76274121    
300.000000 205.000000 65.000000 0.940300 -0.189430 0.80317056    
300.000000 205.000000 55.000000 0.840900 -0.337650 0.86688399    
300.000000 205.000000 45.000000 0.757300 -0.485800 0.96763349    
300.000000 205.000000 25.000000 0.665100 -0.780450  1.5166352    
300.000000 205.000000 15.000001 0.558600 -0.919810  2.1560576    
380.000000 205.000000 234.999985 0.000000 -1.831570  1.5140595    
380.000000 205.000000 225.000000 0.000100 -1.638100  1.1239116    
380.000000 205.000000 215.000015 0.093100 -1.444150 0.88473791    
380.000000 205.000000 195.000000 0.251500 -1.122640 0.71344084    
380.000000 205.000000 185.000000 0.413200 -0.982770 0.68699545    
380.000000 205.000000 175.000000 0.518700 -0.852570 0.66938400    
380.000000 205.000000 165.000000 0.642100 -0.739700 0.64830619    
380.000000 205.000000 155.000000 0.759900 -0.646620 0.64020258    
380.000000 205.000000 145.000000 0.827900 -0.576400 0.63864249    
380.000000 205.000000 125.000000 0.899600 -0.518620 0.71368128    
380.000000 205.000000 104.999992 0.821200 -0.565170 0.74203682    
380.000000 205.000000 95.000000 0.758600 -0.624700 0.76866567    
380.000000 205.000000 75.000000 0.479700 -0.824640 0.80460852    
380.000000 205.000000 55.000000 0.270400 -1.097460 0.88595432    
380.000000 205.000000 45.000000 0.192800 -1.250600 0.97436994    
380.000000 205.000000 25.000000 0.000000 -1.604230  1.4222733    
380.000000 205.000000 15.000001 0.000000 -1.783800  2.0388591    
460.000000 205.000000 245.000000 0.000000 -3.391150  2.4413164    
460.000000 205.000000 234.999985 0.000000 -1.983280  1.7145571    
460.000000 205.000000 225.000000 0.000000 -2.000040  1.2231699    
460.000000 205.000000 215.000015 0.000000 -2.303690 0.94151556    
460.000000 205.000000 205.000000 0.000000 -2.031700 0.77622664    
460.000000 205.000000 195.000000 0.000000 -1.817790 0.73067039    
460.000000 205.000000 185.000000 0.000000 -1.685900 0.70422500    
460.000000 205.000000 175.000000 0.000000 -1.561760 0.68661356    
460.000000 205.000000 165.000000 0.000000 -1.456730 0.67872620    
460.000000 205.000000 155.000000 0.000000 -1.375530 0.67344403    
460.000000 205.000000 145.000000 0.000000 -1.313120 0.67186767    
460.000000 205.000000 135.000000 0.000000 -1.268420 0.68025231    
460.000000 205.000000 115.000000 0.000000 -1.240450 0.67430115    
460.000000 205.000000 104.999992 0.000000 -1.259420 0.67292941    
460.000000 205.000000 95.000000 0.000000 -1.299420 0.68390298    
460.000000 205.000000 85.000000 0.000000 -1.361610 0.70031035    
460.000000 205.000000 75.000000 0.000000 -1.449350 0.71984547    
460.000000 205.000000 65.000000 0.000000 -1.564480 0.74764276    
460.000000 205.000000 55.000000 0.000000 -1.704970 0.76948500    
460.000000 205.000000 45.000000 0.000000 -1.855480 0.80439544    
460.000000 205.000000 35.000000 0.000000 -2.466610 0.89397526    
460.000000 205.000000 25.000000 0.000000 -2.672540  1.2370797    
460.000000 205.000000 15.000001 0.000000 -1.989770  1.8844947    
540.000000 205.000000 245.000000 0.000000 -2.144510  2.3739486    
540.000000 205.000000 234.999985 0.000000 -2.454600  1.6240691    
540.000000 205.000000 225.000000 0.000000 -2.713180  1.2796087    
540.000000 205.000000 215.000015 0.000000 -2.197400  1.0518093    
540.000000 205.000000 195.000000 0.000000 -1.727620 0.88077855    
540.000000 205.000000 175.000000 0.000000 -1.542630 0.81610525    
540.000000 205.000000 155.000000 0.000000 -1.424350 0.80293602    
540.000000 205.000000 145.000000 0.000000 -1.390770 0.79950345    
540.000000 205.000000 125.000000 0.000000 -1.366290 0.78088331    
540.000000 205.000000 115.000000 0.000000 -1.379310 0.74988747    
540.000000 205.000000 104.999992 0.000000 -1.407200 0.69580376    
540.000000 205.000000 95.000000 0.000000 -1.448550 0.66053170    
540.000000 205.000000 85.000000 0.000000 -1.509360 0.66006142    
540.000000 205.000000 75.000000 0.000000 -1.588310 0.67288142    
540.000000 205.000000 65.000000 0.000000 -1.686390 0.70260876    
540.000000 205.000000 55.000000 0.000000 -1.793830 0.72445083    
540.000000 205.000000 45.000000 0.000000 -2.208750 0.75936133    
540.000000 205.000000 35.000000 0.000000 -1.948530 0.82586282    
540.000000 205.000000 25.000000 0.000000 -2.533160 0.99535877    
540.000000 205.000000 15.000001 0.000000 -2.376790  1.3190662    
620.000000 205.000000 234.999985 0.061400 -1.424740  1.5424689    
620.000000 205.000000 225.000000 0.196800 -1.290610  1.2099098    
620.000000 205.000000 215.000015 0.158200 -1.168870 0.97836083    
620.000000 205.000000 195.000000 0.422000 -0.960900 0.74922842    
620.000000 205.000000 185.000000 0.483800 -0.869950 0.68942219    
620.000000 205.000000 165.000000 0.751100 -0.731580 0.63776296    
620.000000 205.000000 155.000000 0.812300 -0.684350 0.62535435    
620.000000 205.000000 145.000000 0.949600 -0.653700 0.61422956    
620.000000 205.000000 135.000000 1.078200 -0.639440 0.60582834    
620.000000 205.000000 125.000000 1.066000 -0.641930 0.59560978    
620.000000 205.000000 115.000000 1.002700 -0.659770 0.58153659    
620.000000 205.000000 104.999992 1.025700 -0.694040 0.58108264    
620.000000 205.000000 95.000000 0.856300 -0.744850 0.58516753    
620.000000 205.000000 85.000000 0.760700 -0.808960 0.59740263    
620.000000 205.000000 65.000000 0.542800 -0.976160 0.66387647    
620.000000 205.000000 45.000000 0.279700 -1.181590 0.79003274    
620.000000 205.000000 35.000000 0.212100 -1.299700 0.91048396    
620.000000 205.000000 25.000000 0.141600 -1.431750  1.0799799    
620.000000 205.000000 15.000001 0.085700 -1.579590  1.4036872    
700.000000 205.000000 245.000000 0.872200 -0.587970  2.3904552    
700.000000 205.000000 234.999985 0.851600 -0.464110  1.6916654    
700.000000 205.000000 195.000000 1.154200 0.049140 0.79618448    
700.000000 205.000000 185.000000 1.275700 0.167840 0.76667106    
700.000000 205.000000 175.000000 1.372900 0.272350 0.74837112    
700.000000 205.000000 165.000000 1.532300 0.362880 0.73219347    
700.000000 205.000000 155.000000 1.688300 0.435910 0.71609706    
700.000000 205.000000 145.000000 1.711300 0.489680 0.70571077    
700.000000 205.000000 135.000000 1.842000 0.519930 0.69345534    
700.000000 205.000000 125.000000 1.824800 0.527430 0.68210268    
700.000000 205.000000 95.000000 1.680100 0.403450 0.67026007    
700.000000 205.000000 85.000000 1.496700 0.322600 0.67867297    
700.000000 205.000000 75.000000 1.381000 0.221860 0.69192296    
700.000000 205.000000 65.000000 1.265800 0.107460 0.71013981    
700.000000 205.000000 55.000000 1.131800 -0.022330 0.74195808    
700.000000 205.000000 45.000000 1.006900 -0.161470 0.80567187    
700.000000 205.000000 35.000000 0.989400 -0.302610 0.92778850    
700.000000 205.000000 25.000000 0.922000 -0.443530  1.2611196    
700.000000 205.000000 15.000001 0.884700 -0.588470  1.9005413    
780.000000 205.000000 234.999985 1.787300 0.252010  2.7175963    
780.000000 205.000000 225.000000 1.803100 0.406720  1.6440467    
780.000000 205.000000 215.000015 1.875700 0.570610  1.1913872    
780.000000 205.000000 195.000000 2.006800 0.925550 0.87908179    
780.000000 205.000000 185.000000 2.138200 1.114990 0.84956843    
780.000000 205.000000 175.000000 2.250900 1.298910 0.83126831    
780.000000 205.000000 155.000000 2.484600 1.661090 0.81660217    
780.000000 205.000000 135.000000 2.644800 1.948930 0.81271195    
780.000000 205.000000 125.000000 2.722900 2.005100 0.81275320    
780.000000 205.000000 115.000000 2.631900 1.950540 0.81018132    
780.000000 205.000000 104.999992 2.595300 1.831140 0.82928705    
780.000000 205.000000 95.000000 2.595400 1.663480 0.87558186    
780.000000 205.000000 85.000000 2.381000 1.481330 0.89096659    
780.000000 205.000000 55.000000 2.042600 0.910300 0.95126379    
780.000000 205.000000 35.000000 1.842200 0.533960  1.0572728    
780.000000 205.000000 25.000000 1.817800 0.353660  1.3277618    
780.000000 205.000000 15.000001 1.792700 0.177850  1.9571923    
860.000061 205.000000 245.000000 1.502600 -0.148490  2.0319548    
860.000061 205.000000 234.999985 1.551600 0.004180  1.6765574    
860.000061 205.000000 215.000015 1.608100 0.314520  1.1354603    
860.000061 205.000000 205.000000 1.720200 0.470960 0.87758142    
860.000061 205.000000 195.000000 1.790300 0.627160 0.75097358    
860.000061 205.000000 185.000000 1.909300 0.785870 0.67745095    
860.000061 205.000000 175.000000 1.988500 0.940240 0.63300806    
860.000061 205.000000 165.000000 2.165800 1.086900 0.61573702    
860.000061 205.000000 155.000000 2.247300 1.211040 0.61131769    
860.000061 205.000000 145.000000 2.394500 1.307630 0.61161697    
860.000061 205.000000 125.000000 2.446800 1.393990 0.61863804    
860.000061 205.000000 115.000000 2.398800 1.373360 0.63257009    
860.000061 205.000000 104.999992 2.362500 1.311460 0.66062456    
860.000061 205.000000 95.000000 2.303100 1.214890 0.70687038    
860.000061 205.000000 85.000000 2.165700 1.090530 0.73424101    
860.000061 205.000000 75.000000 2.025200 0.943050 0.77060354    
860.000061 205.000000 65.000000 1.915000 0.787130 0.83178145    
860.000061 205.000000 45.000000 1.643000 0.465230 0.92840856    
860.000061 205.000000 35.000000 1.602900 0.302720 0.99745828    
860.000061 205.000000 15.000001 1.561900 -0.027610  2.1453183    
939.999939 205.000000 245.000000 0.519100 -0.830680  1.8249077    
939.999939 205.000000 234.999985 0.581200 -0.692770  1.4695104    
939.999939 205.000000 225.000000 0.582500 -0.559080  1.2311696    
939.999939 205.000000 215.000015 0.617400 -0.431150  1.0161996    
939.999939 205.000000 205.000000 0.698700 -0.305220 0.87731576    
939.999939 205.000000 195.000000 0.822000 -0.183780 0.83302957    
939.999939 205.000000 185.000000 0.920400 -0.065390 0.81984997    
939.999939 205.000000 175.000000 1.069100 0.040710 0.81984997    
939.999939 205.000000 165.000000 1.159000 0.130380 0.82086295    
939.999939 205.000000 135.000000 1.450000 0.294750 0.85697246    
939.999939 205.000000 125.000000 1.473900 0.309820 0.86198443    
939.999939 205.000000 115.000000 1.425600 0.303500 0.87591642    
939.999939 205.000000 75.000000 1.054600 0.073670  1.0344096    
939.999939 205.000000 65.000000 0.879400 -0.029830  1.0614333    
939.999939 205.000000 55.000000 0.772000 -0.145480  1.1789347    
939.999939 205.000000 45.000000 0.730100 -0.270730  1.3371171    
939.999939 205.000000 35.000000 0.617400 -0.398000  1.8088814    
300.000000 285.000000 245.000000 0.579200 -0.986030  2.0567288    
300.000000 285.000000 225.000000 0.638100 -0.740630  1.4851332    
300.000000 285.000000 215.000015 0.739300 -0.613410  1.2632632    
300.000000 285.000000 205.000000 0.761300 -0.485030  1.1534224    
300.000000 285.000000 185.000000 0.973400 -0.237240 0.87013036    
300.000000 285.000000 175.000000 1.060700 -0.114100 0.79112029    
300.000000 285.000000 165.000000 1.250200 -0.003480 0.77014041    
300.000000 285.000000 155.000000 1.333700 0.089220 0.75827682    
300.000000 285.000000 135.000000 1.528900 0.204690 0.75078535    
300.000000 285.000000 125.000000 1.481000 0.216210 0.75079387    
300.000000 285.000000 115.000000 1.536700 0.188130 0.74649119    
300.000000 285.000000 104.999992 1.430700 0.129490 0.73586524    
300.000000 285.000000 95.000000 1.328400 0.050380 0.73459905    
300.000000 285.000000 85.000000 1.191600 -0.049140 0.79221016    
300.000000 285.000000 65.000000 0.994900 -0.295400 0.96417207    
300.000000 285.000000 55.000000 0.825200 -0.449270  1.0278854    
300.000000 285.000000 45.000000 0.715700 -0.618350  1.1286350    
300.000000 285.000000 35.000000 0.667700 -0.797580  1.3037928    
300.000000 285.000000 15.000001 0.593400 -1.176730  2.3624785    
380.000000 285.000000 245.000000 0.000000 -1.735070  1.7505773    
380.000000 285.000000 225.000000 0.016800 -1.484090  1.1955359    
380.000000 285.000000 215.000015 0.075200 -1.363800 0.97366494    
380.000000 285.000000 205.000000 0.204800 -1.252050 0.86382401    
380.000000 285.000000 195.000000 0.246900 -1.147540 0.81278145    
380.000000 285.000000 165.000000 0.652800 -0.876410 0.74066544    
380.000000 285.000000 135.000000 0.895900 -0.704310 0.71015167    
380.000000 285.000000 125.000000 0.905500 -0.679850 0.69848228    
380.000000 285.000000 104.999992 0.849300 -0.688800 0.68355352    
380.000000 285.000000 95.000000 0.704800 -0.723400 0.68228734    
380.000000 285.000000 85.000000 0.599800 -0.775320 0.67027003    
380.000000 285.000000 75.000000 0.516700 -0.846560 0.67027003    
380.000000 285.000000 65.000000 0.374100 -0.935350 0.69573748    
380.000000 285.000000 55.000000 0.301400 -1.042440 0.74657446    
380.000000 285.000000 35.000000 0.084200 -1.300030 0.98191291    
380.000000 285.000000 25.000000 0.090600 -1.455110  1.3606832    
380.000000 285.000000 15.000001 0.000000 -1.637410  2.0350733    
460.000000 285.000000 234.999985 0.000000 -2.575550  1.9930589    
460.000000 285.000000 225.000000 0.000000 -2.877530  1.5608528    
460.000000 285.000000 215.000015 0.000000 -2.457470  1.1056219    
460.000000 285.000000 205.000000 0.000000 -1.866700 0.87635297    
460.000000 285.000000 195.000000 0.000000 -1.758490 0.81801850    
460.000000 285.000000 175.000000 0.000000 -1.571550 0.76698005    
460.000000 285.000000 165.000000 0.000000 -1.499160 0.75909269    
460.000000 285.000000 155.000000 0.000000 -1.443410 0.75381070    
460.000000 285.000000 145.000000 0.000000 -1.406070 0.75223440    
460.000000 285.000000 135.000000 0.000000 -1.381180 0.75822932    
460.000000 285.000000 104.999992 0.000000 -1.394310 0.74763107    
460.000000 285.000000 85.000000 0.000000 -1.473380 0.73340929    
460.000000 285.000000 75.000000 0.000000 -1.537450 0.73340929    
460.000000 285.000000 65.000000 0.000000 -1.615510 0.75616533    
460.000000 285.000000 55.000000 0.000000 -1.705230 0.77800763    
460.000000 285.000000 45.000000 0.000000 -1.801810 0.81291825    
460.000000 285.000000 35.000000 0.000000 -1.916480 0.87803358    
460.000000 285.000000 25.000000 0.000000 -2.361850  1.0418181    
460.000000 285.000000 15.000001 0.000000 -2.242640  1.3591779    
540.000000 285.000000 234.999985 0.000000 -1.946660  2.0491931    
540.000000 285.000000 225.000000 0.000000 -2.171250  1.7679058    
540.000000 285.000000 215.000015 0.000000 -2.012340  1.2823274    
540.000000 285.000000 205.000000 0.000000 -1.884270  1.0244488    
540.000000 285.000000 195.000000 0.000000 -1.745370 0.86656690    
540.000000 285.000000 185.000000 0.000000 -1.624000 0.77877867    
540.000000 285.000000 175.000000 0.000000 -1.519520 0.72939771    
540.000000 285.000000 165.000000 0.000000 -1.437810 0.72151041    
540.000000 285.000000 155.000000 0.000000 -1.380450 0.71622831    
540.000000 285.000000 145.000000 0.000000 -1.340390 0.71454585    
540.000000 285.000000 135.000000 0.000000 -1.321470 0.72000015    
540.000000 285.000000 125.000000 0.000000 -1.321090 0.72596312    
540.000000 285.000000 104.999992 0.000000 -1.375680 0.77227193    
540.000000 285.000000 95.000000 0.000000 -1.430240 0.81851757    
540.000000 285.000000 75.000000 0.000000 -1.599890 0.93593442    
540.000000 285.000000 65.000000 0.000000 -1.711870  1.0161521    
540.000000 285.000000 55.000000 0.000000 -1.835770  1.0379944    
540.000000 285.000000 45.000000 0.000000 -1.916860  1.0729049    
540.000000 285.000000 25.000000 0.000000 -2.234530  1.2270092    
540.000000 285.000000 15.000001 0.000000 -1.993270  1.4411010    
620.000000 285.000000 245.000000 0.130500 -1.768750  1.5225079    
620.000000 285.000000 234.999985 0.131400 -1.609770  1.2789212    
620.000000 285.000000 225.000000 0.113600 -1.451530  1.1005633    
620.000000 285.000000 215.000015 0.217200 -1.311600 0.96668017    
620.000000 285.000000 205.000000 0.340700 -1.181470 0.89037961    
620.000000 285.000000 185.000000 0.484500 -0.951840 0.78752762    
620.000000 285.000000 175.000000 0.634100 -0.851820 0.78752762    
620.000000 285.000000 145.000000 0.937800 -0.642130 0.74810874    
620.000000 285.000000 135.000000 0.983000 -0.607920 0.75356305    
620.000000 285.000000 125.000000 1.044500 -0.593580 0.75952601    
620.000000 285.000000 115.000000 1.024200 -0.599040 0.76880223    
620.000000 285.000000 104.999992 0.905700 -0.624530 0.78120452    
620.000000 285.000000 65.000000 0.488700 -0.916780 0.92241526    
620.000000 285.000000 55.000000 0.399400 -1.033130 0.97755736    
620.000000 285.000000 45.000000 0.235900 -1.158760  1.0485722    
620.000000 285.000000 25.000000 0.160600 -1.464300  1.2566262    
620.000000 285.000000 15.000001 0.137200 -1.658070  1.4707179    
700.000000 285.000000 245.000000 0.840900 -0.646940  2.0204918    
700.000000 285.000000 234.999985 0.824900 -0.542770  1.2607185    
700.000000 285.000000 225.000000 0.919700 -0.433090 0.92853051    
700.000000 285.000000 215.000015 1.017200 -0.315780 0.79464763    
700.000000 285.000000 205.000000 1.007800 -0.193740 0.71834695    
700.000000 285.000000 195.000000 1.130700 -0.063300 0.67067635    
700.000000 285.000000 175.000000 1.413400 0.183720 0.59667236    
700.000000 285.000000 165.000000 1.515600 0.290190 0.58049470    
700.000000 285.000000 155.000000 1.609800 0.381550 0.56439835    
700.000000 285.000000 145.000000 1.706800 0.458290 0.55714744    
700.000000 285.000000 135.000000 1.800200 0.511500 0.55981392    
700.000000 285.000000 125.000000 1.853000 0.541350 0.56436884    
700.000000 285.000000 115.000000 1.798400 0.543490 0.56725794    
700.000000 285.000000 104.999992 1.709300 0.516860 0.57966024    
700.000000 285.000000 95.000000 1.619700 0.464830 0.60254383    
700.000000 285.000000 85.000000 1.550000 0.385480 0.62888598    
700.000000 285.000000 65.000000 1.270300 0.168570 0.71595705    
700.000000 285.000000 55.000000 1.157600 0.030720 0.74777544    
700.000000 285.000000 45.000000 1.007600 -0.121910 0.81148922    
700.000000 285.000000 35.000000 1.006500 -0.281310 0.92916799    
700.000000 285.000000 25.000000 0.968200 -0.439440  1.1674951    
700.000000 285.000000 15.000001 0.901600 -0.602090  1.8468812    
780.000000 285.000000 234.999985 1.757700 0.262420  2.0447891    
780.000000 285.000000 225.000000 1.790000 0.395290  1.6070187    
780.000000 285.000000 215.000015 1.886000 0.539400  1.1117125    
780.000000 285.000000 205.000000 1.988400 0.694500 0.84348333    
780.000000 285.000000 195.000000 2.082100 0.861720 0.69458336    
780.000000 285.000000 185.000000 2.178400 1.038100 0.65232438    
780.000000 285.000000 175.000000 2.266800 1.219350 0.62057930    
780.000000 285.000000 165.000000 2.382800 1.397660 0.61033249    
780.000000 285.000000 155.000000 2.565600 1.578060 0.60591322    
780.000000 285.000000 145.000000 2.602300 1.753800 0.60581869    
780.000000 285.000000 135.000000 2.649500 1.901470 0.60546643    
780.000000 285.000000 125.000000 2.701900 2.001370 0.60762930    
780.000000 285.000000 115.000000 2.662500 2.000480 0.61774027    
780.000000 285.000000 104.999992 2.662200 1.897090 0.65730113    
780.000000 285.000000 95.000000 2.576900 1.741430 0.71389687    
780.000000 285.000000 85.000000 2.390200 1.553870 0.77819943    
780.000000 285.000000 75.000000 2.275100 1.357720 0.81667823    
780.000000 285.000000 45.000000 1.951200 0.735890 0.93106031    
780.000000 285.000000 35.000000 1.938200 0.532410 0.98581505    
780.000000 285.000000 25.000000 1.798500 0.334830  1.1440778    
780.000000 285.000000 15.000001 1.789900 0.137770  1.8255669    
860.000061 285.000000 245.000000 1.484600 -0.110320  1.9160942    
860.000061 285.000000 234.999985 1.555100 0.029190  1.6731142    
860.000061 285.000000 225.000000 1.567200 0.171820  1.4956338    
860.000061 285.000000 205.000000 1.688000 0.460560  1.0599773    
860.000061 285.000000 195.000000 1.743500 0.610000 0.91423476    
860.000061 285.000000 175.000000 1.991900 0.918650 0.73893219    
860.000061 285.000000 165.000000 2.154200 1.067980 0.72166115    
860.000061 285.000000 155.000000 2.265900 1.200830 0.71724176    
860.000061 285.000000 145.000000 2.367400 1.309610 0.71714723    
860.000061 285.000000 135.000000 2.457000 1.387660 0.71613854    
860.000061 285.000000 125.000000 2.479600 1.427620 0.71420622    
860.000061 285.000000 115.000000 2.487000 1.416980 0.71640670    
860.000061 285.000000 95.000000 2.227100 1.265560 0.78186995    
860.000061 285.000000 85.000000 2.139600 1.138670 0.83810943    
860.000061 285.000000 75.000000 2.015300 0.984400 0.91711861    
860.000061 285.000000 45.000000 1.748100 0.466570  1.1539332    
860.000061 285.000000 35.000000 1.642900 0.287550  1.2086879    
860.000061 285.000000 25.000000 1.562400 0.105560  1.3288398    
860.000061 285.000000 15.000001 1.549400 -0.082740  1.6690726    
939.999939 285.000000 245.000000 0.482800 -0.814900  1.9559227    
939.999939 285.000000 234.999985 0.551400 -0.671010  1.7129427    
939.999939 285.000000 225.000000 0.539400 -0.530010  1.5354619    
939.999939 285.000000 205.000000 0.707500 -0.300560  1.0888309    
939.999939 285.000000 195.000000 0.788000 -0.186620 0.93094903    
939.999939 285.000000 185.000000 0.875400 -0.069290 0.83328485    
939.999939 285.000000 175.000000 1.018100 0.036840 0.78390396    
939.999939 285.000000 165.000000 1.161000 0.128100 0.78491688    
939.999939 285.000000 155.000000 1.297600 0.205530 0.79666352    
939.999939 285.000000 145.000000 1.356900 0.261960 0.80467302    
939.999939 285.000000 125.000000 1.515500 0.315440 0.79799545    
939.999939 285.000000 115.000000 1.424700 0.306080 0.80019581    
939.999939 285.000000 104.999992 1.395500 0.271250 0.84679800    
939.999939 285.000000 95.000000 1.288800 0.211200 0.95653319    
939.999939 285.000000 85.000000 1.133600 0.123550  1.1109856    
939.999939 285.000000 65.000000 0.910000 -0.109780  1.5224214    
939.999939 285.000000 45.000000 0.699700 -0.384380  1.7981049    
939.999939 285.000000 25.000000 0.557600 -0.679120  2.7252347    
300.000000 365.000000 245.000000 0.946700 -0.340440  1.7276164    
300.000000 365.000000 234.999985 0.975500 -0.215640  1.3751936    
300.000000 365.000000 225.000000 0.988200 -0.082060  1.1993934    
300.000000 365.000000 215.000015 1.056100 0.051690  1.1007793    
300.000000 365.000000 205.000000 1.094800 0.181540  1.0421001    
300.000000 365.000000 185.000000 1.308100 0.410620 0.92911166    
300.000000 365.000000 175.000000 1.450500 0.511110 0.90794826    
300.000000 365.000000 155.000000 1.681600 0.670680 0.89619100    
300.000000 365.000000 145.000000 1.765300 0.719660 0.89759153    
300.000000 365.000000 135.000000 1.890700 0.745300 0.89478499    
300.000000 365.000000 125.000000 1.878700 0.743110 0.89479345    
300.000000 365.000000 115.000000 1.863700 0.708920 0.89334071    
300.000000 365.000000 75.000000 1.448100 0.310770 0.94612378    
300.000000 365.000000 65.000000 1.333900 0.166330  1.0002080    
300.000000 365.000000 55.000000 1.195000 0.006050  1.0954425    
300.000000 365.000000 45.000000 1.096300 -0.169240  1.2788577    
300.000000 365.000000 35.000000 1.096000 -0.344390  1.5779986    
300.000000 365.000000 25.000000 0.997900 -0.526690  1.9596496    
380.000000 365.000000 245.000000 0.282800 -0.922480  1.7458694    
380.000000 365.000000 234.999985 0.297000 -0.811110  1.4084132    
380.000000 365.000000 195.000000 0.583800 -0.420080  1.0280356    
380.000000 365.000000 185.000000 0.676000 -0.341180 0.95451301    
380.000000 365.000000 165.000000 0.948800 -0.212350 0.78661788    
380.000000 365.000000 155.000000 0.998000 -0.164340 0.70898008    
380.000000 365.000000 145.000000 1.120100 -0.130240 0.66366774    
380.000000 365.000000 135.000000 1.188500 -0.112400 0.64700186    
380.000000 365.000000 115.000000 1.183400 -0.124900 0.63387954    
380.000000 365.000000 104.999992 1.175900 -0.154810 0.63957977    
380.000000 365.000000 95.000000 1.056600 -0.200680 0.64668763    
380.000000 365.000000 85.000000 0.882200 -0.257150 0.67019254    
380.000000 365.000000 75.000000 0.818700 -0.321820 0.73685700    
380.000000 365.000000 55.000000 0.545200 -0.479220  1.2232593    
380.000000 365.000000 45.000000 0.437500 -0.568300  2.0119820    
460.000000 365.000000 245.000000 0.098800 -1.413000  2.1535547    
460.000000 365.000000 234.999985 0.052700 -1.272740  1.3937812    
460.000000 365.000000 225.000000 0.134400 -1.147340  1.0491701    
460.000000 365.000000 215.000015 0.144500 -1.035590 0.87116414    
460.000000 365.000000 205.000000 0.200700 -0.929250 0.77456939    
460.000000 365.000000 185.000000 0.477000 -0.750080 0.65028894    
460.000000 365.000000 175.000000 0.526500 -0.678430 0.60584605    
460.000000 365.000000 165.000000 0.669600 -0.621800 0.58732826    
460.000000 365.000000 155.000000 0.791800 -0.578270 0.58732826    
460.000000 365.000000 145.000000 0.938500 -0.550310 0.58834118    
460.000000 365.000000 135.000000 0.983400 -0.539590 0.59433579    
460.000000 365.000000 125.000000 1.055500 -0.545610 0.60156882    
460.000000 365.000000 115.000000 0.931700 -0.567710 0.60446715    
460.000000 365.000000 104.999992 0.881400 -0.605510 0.61547947    
460.000000 365.000000 95.000000 0.820100 -0.656210 0.62696737    
460.000000 365.000000 85.000000 0.692200 -0.720510 0.65047216    
460.000000 365.000000 75.000000 0.571800 -0.795630 0.71713680    
460.000000 365.000000 45.000000 0.268800 -1.061060 0.96226472    
460.000000 365.000000 35.000000 0.187000 -1.151220  1.0758554    
460.000000 365.000000 25.000000 0.139900 -1.240800  1.2396400    
460.000000 365.000000 15.000001 0.055100 -1.329240  1.5569997    
540.000000 365.000000 245.000000 0.017300 -1.628060  1.7410702    
540.000000 365.000000 234.999985 0.001900 -1.449870  1.4974828    
540.000000 365.000000 225.000000 0.114700 -1.296810  1.3075941    
540.000000 365.000000 215.000015 0.157300 -1.159710  1.1412766    
540.000000 365.000000 175.000000 0.563300 -0.717500 0.78208846    
540.000000 365.000000 165.000000 0.678800 -0.638290 0.76357085    
540.000000 365.000000 145.000000 0.927800 -0.526810 0.76447761    
540.000000 365.000000 135.000000 0.985400 -0.499110 0.76993185    
540.000000 365.000000 125.000000 1.011700 -0.488570 0.77589488    
540.000000 365.000000 115.000000 0.951300 -0.498520 0.78635955    
540.000000 365.000000 95.000000 0.797800 -0.575430 0.80672002    
540.000000 365.000000 45.000000 0.222300 -1.069010  1.3642379    
540.000000 365.000000 25.000000 0.128800 -1.354150  1.5668173    
540.000000 365.000000 15.000001 0.089200 -1.522520  1.7809094    
620.000000 365.000000 245.000000 0.400200 -1.076360  1.5261146    
620.000000 365.000000 225.000000 0.466700 -0.839610  1.1072624    
620.000000 365.000000 215.000015 0.456800 -0.718640  1.0064636    
620.000000 365.000000 205.000000 0.592000 -0.600000 0.95307207    
620.000000 365.000000 195.000000 0.744200 -0.482930 0.89939225    
620.000000 365.000000 185.000000 0.848900 -0.373330 0.82708454    
620.000000 365.000000 175.000000 0.908300 -0.268300 0.79004878    
620.000000 365.000000 155.000000 1.143900 -0.084310 0.77594006    
620.000000 365.000000 145.000000 1.229300 -0.014310 0.77759743    
620.000000 365.000000 135.000000 1.355400 0.034350 0.78305167    
620.000000 365.000000 125.000000 1.386000 0.061790 0.78901470    
620.000000 365.000000 104.999992 1.271800 0.044380 0.80666727    
620.000000 365.000000 85.000000 1.068900 -0.071280 0.83894861    
620.000000 365.000000 75.000000 0.937800 -0.162210 0.90561265    
620.000000 365.000000 55.000000 0.632900 -0.393010  1.1225362    
620.000000 365.000000 45.000000 0.634700 -0.527540  1.3059511    
620.000000 365.000000 35.000000 0.525000 -0.677380  1.5855397    
620.000000 365.000000 25.000000 0.402600 -0.841180  1.6772088    
700.000000 365.000000 234.999985 1.320200 -0.095120  1.2171620    
700.000000 365.000000 225.000000 1.318100 0.026940 0.88806665    
700.000000 365.000000 215.000015 1.399900 0.150330 0.78726792    
700.000000 365.000000 205.000000 1.435600 0.274200 0.73387611    
700.000000 365.000000 195.000000 1.576900 0.400520 0.69455892    
700.000000 365.000000 185.000000 1.713300 0.529530 0.66364515    
700.000000 365.000000 175.000000 1.756500 0.658250 0.65082514    
700.000000 365.000000 165.000000 1.914300 0.780580 0.63883954    
700.000000 365.000000 155.000000 2.035600 0.896340 0.64060318    
700.000000 365.000000 135.000000 2.188300 1.068480 0.65609920    
700.000000 365.000000 115.000000 2.245700 1.118020 0.66434664    
700.000000 365.000000 95.000000 2.030300 1.016720 0.68257737    
700.000000 365.000000 85.000000 1.856100 0.914890 0.70010638    
700.000000 365.000000 75.000000 1.805400 0.786330 0.73670650    
700.000000 365.000000 65.000000 1.659400 0.639490 0.78430444    
700.000000 365.000000 55.000000 1.569700 0.479060 0.90633881    
700.000000 365.000000 45.000000 1.428800 0.307590  1.2378964    
700.000000 365.000000 25.000000 1.311100 -0.071560  2.1250415    
780.000000 365.000000 245.000000 1.863600 0.344220  2.0388167    
780.000000 365.000000 234.999985 1.826900 0.483830  1.2790433    
780.000000 365.000000 225.000000 1.886900 0.632790 0.94467276    
780.000000 365.000000 215.000015 2.008900 0.789370 0.81881982    
780.000000 365.000000 205.000000 2.072200 0.952440 0.72642010    
780.000000 365.000000 195.000000 2.157300 1.131450 0.67187530    
780.000000 365.000000 185.000000 2.228100 1.318840 0.64096159    
780.000000 365.000000 165.000000 2.456000 1.760090 0.61346990    
780.000000 365.000000 145.000000 2.647000 2.415720 0.58744931    
780.000000 365.000000 135.000000 2.714100 2.732790 0.58709705    
780.000000 365.000000 125.000000 2.780100 2.961240 0.58925992    
780.000000 365.000000 115.000000 2.725200 2.948620 0.59278995    
780.000000 365.000000 104.999992 2.668800 2.719600 0.58788818    
780.000000 365.000000 95.000000 2.575600 2.372090 0.59563422    
780.000000 365.000000 85.000000 2.474500 1.976730 0.61552823    
780.000000 365.000000 65.000000 2.261300 1.391610 0.69972581    
780.000000 365.000000 55.000000 2.079200 1.144400 0.76481545    
780.000000 365.000000 45.000000 2.020100 0.900450 0.84709245    
780.000000 365.000000 35.000000 1.953000 0.666140 0.96590406    
780.000000 365.000000 25.000000 1.876700 0.441010  1.1241667    
860.000061 365.000000 245.000000 1.399700 -0.090920  1.8675828    
860.000061 365.000000 234.999985 1.340700 0.040350  1.6246028    
860.000061 365.000000 215.000015 1.489200 0.296110  1.1820858    
860.000061 365.000000 205.000000 1.620400 0.421880  1.0191132    
860.000061 365.000000 185.000000 1.776000 0.677480 0.75605541    
860.000061 365.000000 175.000000 1.932800 0.803330 0.65908915    
860.000061 365.000000 165.000000 1.995200 0.927370 0.60711855    
860.000061 365.000000 155.000000 2.164900 1.039890 0.59285289    
860.000061 365.000000 145.000000 2.279500 1.133660 0.58109796    
860.000061 365.000000 135.000000 2.332100 1.200460 0.58008885    
860.000061 365.000000 125.000000 2.324100 1.233510 0.57815617    
860.000061 365.000000 115.000000 2.298900 1.228940 0.57603496    
860.000061 365.000000 104.999992 2.259500 1.184460 0.57438082    
860.000061 365.000000 95.000000 2.121900 1.103860 0.58049613    
860.000061 365.000000 85.000000 2.077900 0.985640 0.59829926    
860.000061 365.000000 75.000000 1.930100 0.845590 0.64447373    
860.000061 365.000000 65.000000 1.768500 0.686330 0.71839559    
860.000061 365.000000 55.000000 1.683000 0.515760 0.79585880    
860.000061 365.000000 45.000000 1.578700 0.339760 0.87813580    
860.000061 365.000000 35.000000 1.511200 0.153760 0.99694741    
860.000061 365.000000 25.000000 1.394400 -0.043560  1.1170993    
860.000061 365.000000 15.000001 1.394800 -0.245020  1.4573323    
939.999939 365.000000 215.000015 0.484700 -0.531600  1.9118776    
939.999939 365.000000 205.000000 0.641100 -0.436990  1.7046534    
939.999939 365.000000 195.000000 0.706200 -0.345500  1.5389233    
939.999939 365.000000 175.000000 0.942400 -0.170010  1.1134236    
939.999939 365.000000 155.000000 1.156800 -0.010640 0.84068096    
939.999939 365.000000 145.000000 1.275300 0.045950 0.75280523    
939.999939 365.000000 135.000000 1.313200 0.070880 0.74805999    
939.999939 365.000000 125.000000 1.371300 0.070600 0.74612767    
939.999939 365.000000 115.000000 1.353200 0.049580 0.74400645    
939.999939 365.000000 104.999992 1.294800 0.009780 0.73772794    
939.999939 365.000000 95.000000 1.165700 -0.052330 0.73662573    
939.999939 365.000000 85.000000 1.052900 -0.132400 0.75832778    
939.999939 365.000000 75.000000 0.898900 -0.234780 0.83733743    
939.999939 365.000000 65.000000 0.828100 -0.347780 0.98438323    
939.999939 365.000000 55.000000 0.640900 -0.475670  1.1917832    
939.999939 365.000000 45.000000 0.616000 -0.617890  1.5545080    
939.999939 365.000000 35.000000 0.549100 -0.774050  2.2767904    
300.000000 444.999969 234.999985 1.643500 0.201540  1.8086097    
300.000000 444.999969 225.000000 1.688700 0.400970  1.2722596    
300.000000 444.999969 215.000015 1.699000 0.597890  1.1736455    
300.000000 444.999969 205.000000 1.769100 0.792820  1.1149663    
300.000000 444.999969 195.000000 1.907400 0.984460  1.0382761    
300.000000 444.999969 185.000000 1.963800 1.168870 0.93143368    
300.000000 444.999969 175.000000 2.147400 1.332010 0.86409581    
300.000000 444.999969 165.000000 2.294700 1.477850 0.81881928    
300.000000 444.999969 155.000000 2.332100 1.602700 0.78941506    
300.000000 444.999969 145.000000 2.523300 1.688230 0.77222204    
300.000000 444.999969 135.000000 2.550600 1.732910 0.76511860    
300.000000 444.999969 125.000000 2.538100 1.723180 0.76513964    
300.000000 444.999969 115.000000 2.505200 1.660770 0.76175523    
300.000000 444.999969 104.999992 2.462400 1.568790 0.76745552    
300.000000 444.999969 95.000000 2.397500 1.450040 0.77456337    
300.000000 444.999969 85.000000 2.261800 1.309850 0.79552352    
300.000000 444.999969 75.000000 2.088200 1.151920 0.84169805    
300.000000 444.999969 65.000000 1.982200 0.958430 0.91561991    
300.000000 444.999969 55.000000 1.917000 0.753700  1.0116884    
300.000000 444.999969 45.000000 1.827500 0.555480  1.1521997    
300.000000 444.999969 35.000000 1.787900 0.362060  1.3683937    
300.000000 444.999969 25.000000 1.697600 0.169950  1.7194743    
300.000000 444.999969 15.000001 1.588100 -0.029210  2.3734281    
380.000000 444.999969 234.999985 1.038700 -0.412650  1.7742251    
380.000000 444.999969 225.000000 1.090600 -0.226610  1.2411430    
380.000000 444.999969 215.000015 1.156100 -0.033830  1.1425290    
380.000000 444.999969 205.000000 1.208600 0.149680  1.0838498    
380.000000 444.999969 195.000000 1.308100 0.316200  1.0422180    
380.000000 444.999969 175.000000 1.516100 0.602840 0.97817343    
380.000000 444.999969 145.000000 1.901800 0.891790 0.99706215    
380.000000 444.999969 135.000000 1.948100 0.929130 0.99941367    
380.000000 444.999969 115.000000 1.909500 0.907810  1.0107864    
380.000000 444.999969 95.000000 1.760300 0.771130  1.0235945    
380.000000 444.999969 65.000000 1.421400 0.431790  1.0541058    
380.000000 444.999969 55.000000 1.246900 0.298880  1.0541058    
380.000000 444.999969 45.000000 1.195000 0.162980  1.1281772    
380.000000 444.999969 35.000000 1.124600 0.021890  1.2963976    
380.000000 444.999969 25.000000 1.062600 -0.120260  1.6016487    
380.000000 444.999969 15.000001 1.029000 -0.257230  2.2182345    
460.000000 444.999969 245.000000 0.725300 -0.961570  2.9093661    
460.000000 444.999969 225.000000 0.809900 -0.588900  1.2058529    
460.000000 444.999969 215.000015 0.811200 -0.420680  1.0278472    
460.000000 444.999969 205.000000 0.947100 -0.261460 0.93125194    
460.000000 444.999969 185.000000 1.159700 0.050200 0.84908545    
460.000000 444.999969 175.000000 1.306800 0.183860 0.82368946    
460.000000 444.999969 165.000000 1.377000 0.292930 0.79701173    
460.000000 444.999969 155.000000 1.482000 0.379940 0.78322554    
460.000000 444.999969 145.000000 1.607300 0.446630 0.77837855    
460.000000 444.999969 125.000000 1.724400 0.498860 0.78128397    
460.000000 444.999969 115.000000 1.638200 0.483970 0.78123438    
460.000000 444.999969 95.000000 1.548100 0.375180 0.80373466    
460.000000 444.999969 85.000000 1.387900 0.287990 0.81457901    
460.000000 444.999969 75.000000 1.332300 0.181420 0.82516068    
460.000000 444.999969 65.000000 1.117500 0.055440 0.84564507    
460.000000 444.999969 45.000000 0.988300 -0.233050 0.95805365    
460.000000 444.999969 35.000000 0.909300 -0.377890  1.0749943    
460.000000 444.999969 25.000000 0.758100 -0.521490  1.3974724    
460.000000 444.999969 15.000001 0.722800 -0.666170  2.0368948    
540.000000 444.999969 234.999985 0.729400 -0.715560  1.6168431    
540.000000 444.999969 225.000000 0.828800 -0.551920  1.2704711    
540.000000 444.999969 215.000015 0.859500 -0.397480  1.1041533    
540.000000 444.999969 205.000000 0.892300 -0.246980  1.0200878    
540.000000 444.999969 195.000000 0.980100 -0.095140 0.93974590    
540.000000 444.999969 175.000000 1.275300 0.179710 0.76444340    
540.000000 444.999969 165.000000 1.440700 0.289310 0.73776543    
540.000000 444.999969 155.000000 1.496600 0.378950 0.72397929    
540.000000 444.999969 145.000000 1.564700 0.449820 0.71913230    
540.000000 444.999969 135.000000 1.698900 0.494820 0.72705466    
540.000000 444.999969 125.000000 1.691300 0.512920 0.73160928    
540.000000 444.999969 104.999992 1.557700 0.468540 0.75118756    
540.000000 444.999969 95.000000 1.499400 0.405020 0.76199526    
540.000000 444.999969 85.000000 1.410500 0.320630 0.78578156    
540.000000 444.999969 75.000000 1.246100 0.212720 0.81399947    
540.000000 444.999969 65.000000 1.171200 0.085000 0.87642568    
540.000000 444.999969 55.000000 1.011000 -0.062150 0.92779404    
540.000000 444.999969 45.000000 0.941700 -0.222000 0.98883432    
540.000000 444.999969 35.000000 0.913700 -0.383600  1.1041094    
540.000000 444.999969 25.000000 0.793800 -0.549400  1.3398832    
540.000000 444.999969 15.000001 0.782200 -0.726430  2.0192690    
620.000000 444.999969 245.000000 1.101300 -0.428290  2.1310651    
620.000000 444.999969 234.999985 1.200500 -0.274410  1.3710619    
620.000000 444.999969 225.000000 1.204900 -0.113410  1.0393134    
620.000000 444.999969 215.000015 1.274900 0.047960 0.93851459    
620.000000 444.999969 205.000000 1.307800 0.203640 0.88512307    
620.000000 444.999969 195.000000 1.462400 0.351570 0.83638138    
620.000000 444.999969 185.000000 1.503100 0.494950 0.78151369    
620.000000 444.999969 175.000000 1.645600 0.630710 0.75329608    
620.000000 444.999969 165.000000 1.762300 0.757480 0.74232262    
620.000000 444.999969 155.000000 1.968600 0.869630 0.74369425    
620.000000 444.999969 145.000000 2.011000 0.957600 0.76361293    
620.000000 444.999969 125.000000 2.085500 1.047350 0.77608997    
620.000000 444.999969 115.000000 2.106900 1.037270 0.78573036    
620.000000 444.999969 104.999992 1.982900 0.987630 0.79330337    
620.000000 444.999969 95.000000 1.934800 0.906330 0.80396134    
620.000000 444.999969 75.000000 1.629700 0.660600 0.98180091    
620.000000 444.999969 65.000000 1.490700 0.507410  1.1999004    
620.000000 444.999969 55.000000 1.369300 0.344460  1.5441955    
620.000000 444.999969 25.000000 1.246700 -0.224430  3.2171469    
700.000000 444.999969 245.000000 1.629000 0.116740  2.9271326    
700.000000 444.999969 225.000000 1.753500 0.472480  1.2706608    
700.000000 444.999969 215.000015 1.757800 0.652560  1.1698618    
700.000000 444.999969 195.000000 1.980000 1.031800  1.0708823    
700.000000 444.999969 185.000000 2.094700 1.229020  1.0232844    
700.000000 444.999969 165.000000 2.335200 1.635500 0.95794731    
700.000000 444.999969 145.000000 2.573600 2.114510 0.85133463    
700.000000 444.999969 135.000000 2.631000 2.317290 0.81284082    
700.000000 444.999969 125.000000 2.641700 2.417960 0.77951723    
700.000000 444.999969 115.000000 2.607300 2.366110 0.75505722    
700.000000 444.999969 104.999992 2.595700 2.173160 0.76263011    
700.000000 444.999969 95.000000 2.474100 1.903070 0.77328801    
700.000000 444.999969 75.000000 2.236600 1.410180 0.80010974    
700.000000 444.999969 65.000000 2.085500 1.175890 0.82775569    
700.000000 444.999969 55.000000 1.957300 0.939020 0.88731933    
700.000000 444.999969 45.000000 1.841300 0.704590  1.0107720    
700.000000 444.999969 35.000000 1.782500 0.478140  1.2186257    
700.000000 444.999969 25.000000 1.762900 0.253690  1.5617300    
700.000000 444.999969 15.000001 1.711800 0.026700  2.2091446    
780.000000 444.999969 245.000000 1.732700 0.217520  2.3232484    
780.000000 444.999969 234.999985 1.705800 0.395460  1.6244583    
780.000000 444.999969 225.000000 1.782300 0.575480  1.1916193    
780.000000 444.999969 205.000000 1.847800 0.947440 0.97336686    
780.000000 444.999969 195.000000 1.997600 1.144980 0.91255122    
780.000000 444.999969 185.000000 2.122100 1.340580 0.86495370    
780.000000 444.999969 175.000000 2.199600 1.546860 0.83970207    
780.000000 444.999969 145.000000 2.573500 2.326200 0.78416294    
780.000000 444.999969 135.000000 2.658100 2.565190 0.77047980    
780.000000 444.999969 125.000000 2.616900 2.674680 0.75004280    
780.000000 444.999969 104.999992 2.616000 2.382920 0.72906739    
780.000000 444.999969 95.000000 2.449000 2.070820 0.73681343    
780.000000 444.999969 85.000000 2.352000 1.766830 0.75318003    
780.000000 444.999969 75.000000 2.253200 1.502870 0.76600003    
780.000000 444.999969 65.000000 2.059300 1.262040 0.79364592    
780.000000 444.999969 55.000000 1.968900 1.020760 0.83975893    
780.000000 444.999969 45.000000 1.908900 0.780850 0.91703492    
780.000000 444.999969 35.000000 1.798100 0.549710  1.0483921    
780.000000 444.999969 25.000000 1.738400 0.325850  1.5097140    
860.000061 444.999969 245.000000 1.016900 -0.630510  2.8933504    
860.000061 444.999969 215.000015 1.179000 -0.269440  1.3838730    
860.000061 444.999969 205.000000 1.244800 -0.160950  1.2209016    
860.000061 444.999969 195.000000 1.326500 -0.056990  1.0998018    
860.000061 444.999969 175.000000 1.507900 0.120860 0.84055156    
860.000061 444.999969 165.000000 1.615700 0.194380 0.78198880    
860.000061 444.999969 155.000000 1.836500 0.253440 0.76368195    
860.000061 444.999969 145.000000 1.904800 0.301960 0.74746072    
860.000061 444.999969 125.000000 1.976700 0.354390 0.72664648    
860.000061 444.999969 115.000000 1.939100 0.355220 0.70532179    
860.000061 444.999969 104.999992 1.816400 0.338100 0.70366764    
860.000061 444.999969 95.000000 1.790600 0.298000 0.70978284    
860.000061 444.999969 85.000000 1.626600 0.238060 0.72821301    
860.000061 444.999969 65.000000 1.391100 0.056810 0.83109021    
860.000061 444.999969 55.000000 1.244600 -0.065890 0.89527720    
860.000061 444.999969 45.000000 1.168000 -0.205830 0.97255290    
860.000061 444.999969 35.000000 1.064200 -0.353790  1.1039101    
860.000061 444.999969 25.000000 1.065800 -0.510750  1.3145429    
860.000061 444.999969 15.000001 0.996000 -0.682150  1.6382504    
939.999939 444.999969 234.999985 0.000000 -1.555950  2.4105575    
939.999939 444.999969 225.000000 0.000000 -1.411590  1.9094899    
939.999939 444.999969 215.000015 0.000000 -1.291950  1.5705268    
939.999939 444.999969 205.000000 0.000000 -1.194790  1.3633031    
939.999939 444.999969 195.000000 0.000000 -1.116110  1.2532254    
939.999939 444.999969 165.000000 0.000000 -0.999880  1.0548396    
939.999939 444.999969 155.000000 0.000000 -0.982220  1.0068301    
939.999939 444.999969 145.000000 0.000000 -0.967860 0.97977304    
939.999939 444.999969 115.000000 0.000000 -0.946310 0.93597347    
939.999939 444.999969 104.999992 0.000000 -0.953010 0.92969483    
939.999939 444.999969 95.000000 0.000000 -0.982060 0.92859262    
939.999939 444.999969 85.000000 0.000000 -1.027770 0.92756379    
939.999939 444.999969 75.000000 0.000000 -1.083900 0.92756379    
939.999939 444.999969 65.000000 0.000000 -1.153250 0.96871465    
939.999939 444.999969 55.000000 0.000000 -1.237820  1.0463523    
939.999939 444.999969 45.000000 0.000000 -1.348650  1.1684334    
939.999939 444.999969 35.000000 0.000000 -1.488940  1.3660624    
939.999939 444.999969 25.000000 0.000000 -1.670000  1.6311566    
939.999939 444.999969 15.000001 0.000000 -1.880030  1.9548639    
