pygeostat_saved_data                    
  6
X                                       
Y                                       
Z                                       
value                                   
sesi_data_ns                            
Declustering Weight
45.000000 45.000000 245.000000 0.000000 -2.224780  2.4861026    
45.000000 45.000000 234.999985 0.000000 -1.896180  1.8862948    
45.000000 45.000000 225.000000 0.000000 -2.140630  1.7455574    
45.000000 45.000000 215.000015 0.000000 -1.132120  1.6498559    
45.000000 45.000000 165.000000 0.000000 -0.886510  1.0590287    
45.000000 45.000000 155.000000 0.000000 -0.888230 0.96843976    
45.000000 45.000000 145.000000 0.000000 -0.897370 0.90468073    
45.000000 45.000000 135.000000 0.000000 -0.908890 0.85974580    
45.000000 45.000000 125.000000 0.000000 -0.921690 0.82339382    
45.000000 45.000000 115.000000 0.000000 -0.932790 0.81784201    
45.000000 45.000000 104.999992 0.000000 -0.943000 0.81889367    
45.000000 45.000000 95.000000 0.000000 -0.951800 0.82470679    
45.000000 45.000000 85.000000 0.000000 -0.958440 0.82470679    
45.000000 45.000000 75.000000 0.000000 -0.966540 0.85106885    
45.000000 45.000000 65.000000 0.000000 -0.978250 0.90642869    
45.000000 45.000000 55.000000 0.000000 -2.056230 0.99701679    
45.000000 45.000000 45.000000 0.000000 -1.424440  1.1291248    
45.000000 45.000000 35.000000 0.000000 -1.059100  1.3331543    
45.000000 45.000000 25.000000 0.000000 -1.545370  1.6870184    
45.000000 45.000000 15.000001 0.000000 -1.644930  2.3231776    
125.000000 45.000000 245.000000 0.186000 -0.758140  1.8162831    
125.000000 45.000000 234.999985 0.268700 -0.610470  1.1942607    
125.000000 45.000000 225.000000 0.287200 -0.454300  1.0535215    
125.000000 45.000000 215.000015 0.287200 -0.287940 0.95781970    
125.000000 45.000000 205.000000 0.411300 -0.110540 0.90118325    
125.000000 45.000000 195.000000 0.469600 0.057800 0.83811069    
125.000000 45.000000 185.000000 0.655400 0.210800 0.81451982    
125.000000 45.000000 165.000000 0.874200 0.457460 0.77618092    
125.000000 45.000000 145.000000 1.156400 0.610810 0.74360704    
125.000000 45.000000 135.000000 1.142100 0.649300 0.74360704    
125.000000 45.000000 125.000000 1.179400 0.655400 0.75332594    
125.000000 45.000000 115.000000 1.116300 0.629860 0.74777406    
125.000000 45.000000 104.999992 1.040100 0.577410 0.74882579    
125.000000 45.000000 95.000000 1.046700 0.501690 0.75463891    
125.000000 45.000000 85.000000 0.826500 0.399770 0.78167021    
125.000000 45.000000 75.000000 0.694400 0.280760 0.81281030    
125.000000 45.000000 55.000000 0.512000 -0.016540  1.1876435    
125.000000 45.000000 45.000000 0.372500 -0.194470  1.9257760    
205.000000 45.000000 245.000000 0.585300 -0.396470  2.2272654    
205.000000 45.000000 225.000000 0.590100 -0.003510  1.2010695    
205.000000 45.000000 215.000015 0.689100 0.189940  1.0243887    
205.000000 45.000000 205.000000 0.776400 0.376630 0.89463902    
205.000000 45.000000 195.000000 0.936300 0.554670 0.83156633    
205.000000 45.000000 185.000000 1.007500 0.728480 0.80797559    
205.000000 45.000000 175.000000 1.123000 0.896350 0.79599857    
205.000000 45.000000 155.000000 1.401800 1.189060 0.77355474    
205.000000 45.000000 145.000000 1.411400 1.297250 0.77046019    
205.000000 45.000000 135.000000 1.509900 1.357140 0.78247416    
205.000000 45.000000 95.000000 1.361600 1.124010 0.76248175    
205.000000 45.000000 85.000000 1.208800 0.993830 0.78951287    
205.000000 45.000000 75.000000 1.131100 0.851410 0.82065290    
205.000000 45.000000 65.000000 1.037200 0.701600 0.87255281    
205.000000 45.000000 55.000000 0.872600 0.544220 0.92445272    
205.000000 45.000000 45.000000 0.740800 0.379300  1.0140055    
205.000000 45.000000 35.000000 0.650700 0.200440  1.1749040    
205.000000 45.000000 25.000000 0.659200 0.004070  1.4992787    
205.000000 45.000000 15.000001 0.658400 -0.211420  2.1115816    
285.000000 45.000000 245.000000 0.563400 -0.443120  1.9362971    
285.000000 45.000000 234.999985 0.675400 -0.221190  1.6252865    
285.000000 45.000000 225.000000 0.654100 0.012330  1.4536972    
285.000000 45.000000 215.000015 0.767800 0.230530  1.1921636    
285.000000 45.000000 205.000000 0.753400 0.437110 0.99753869    
285.000000 45.000000 185.000000 0.959100 0.820580 0.82641226    
285.000000 45.000000 165.000000 1.227800 1.177110 0.77983516    
285.000000 45.000000 155.000000 1.372900 1.333740 0.76936823    
285.000000 45.000000 145.000000 1.467600 1.461810 0.76627368    
285.000000 45.000000 135.000000 1.581200 1.529550 0.77162987    
285.000000 45.000000 125.000000 1.559200 1.526330 0.77648956    
285.000000 45.000000 115.000000 1.578300 1.447830 0.78236020    
285.000000 45.000000 104.999992 1.407300 1.311050 0.80095810    
285.000000 45.000000 85.000000 1.181100 0.959330 0.93320346    
285.000000 45.000000 65.000000 1.000000 0.573390  1.1523371    
285.000000 45.000000 55.000000 0.878300 0.378610  1.2042370    
285.000000 45.000000 45.000000 0.750600 0.176190  1.2937896    
285.000000 45.000000 35.000000 0.686800 -0.033350  1.4546874    
365.000000 45.000000 245.000000 0.208900 -0.672500  1.7260122    
365.000000 45.000000 234.999985 0.295700 -0.540920  1.4150015    
365.000000 45.000000 215.000015 0.372000 -0.252290  1.1135883    
365.000000 45.000000 205.000000 0.469100 -0.104240  1.0307016    
365.000000 45.000000 195.000000 0.526300 0.037570 0.87932605    
365.000000 45.000000 185.000000 0.617100 0.169350 0.81704587    
365.000000 45.000000 175.000000 0.708400 0.288480 0.78244591    
365.000000 45.000000 165.000000 0.830300 0.392740 0.76761752    
365.000000 45.000000 155.000000 1.025600 0.486010 0.76761752    
365.000000 45.000000 145.000000 1.100400 0.559310 0.77930671    
365.000000 45.000000 125.000000 1.178700 0.645300 0.78952259    
365.000000 45.000000 104.999992 1.111400 0.616860 0.80374974    
365.000000 45.000000 95.000000 0.997500 0.557010 0.81673765    
365.000000 45.000000 75.000000 0.697400 0.355530 0.93209743    
365.000000 45.000000 65.000000 0.625500 0.212320  1.0358983    
365.000000 45.000000 55.000000 0.552400 0.041740  1.2088978    
365.000000 45.000000 45.000000 0.401200 -0.154520  1.5202966    
365.000000 45.000000 35.000000 0.314600 -0.367600  2.2567136    
444.999969 45.000000 225.000000 0.000000 -1.670120  1.6814392    
444.999969 45.000000 205.000000 0.000000 -1.455190  1.4687287    
444.999969 45.000000 195.000000 0.000000 -1.903000  1.3173531    
444.999969 45.000000 185.000000 0.000000 -1.006860  1.1160444    
444.999969 45.000000 175.000000 0.000000 -1.498510 0.98393506    
444.999969 45.000000 165.000000 0.000000 -1.609070 0.89334643    
444.999969 45.000000 155.000000 0.000000 -0.980840 0.83798695    
444.999969 45.000000 145.000000 0.000000 -0.973150 0.80191708    
444.999969 45.000000 135.000000 0.000000 -0.971540 0.78029227    
444.999969 45.000000 125.000000 0.000000 -0.971860 0.77251667    
444.999969 45.000000 115.000000 0.000000 -0.972250 0.77792972    
444.999969 45.000000 104.999992 0.000000 -0.971920 0.78628629    
444.999969 45.000000 95.000000 0.000000 -0.972050 0.79927427    
444.999969 45.000000 85.000000 0.000000 -0.974820 0.85235381    
444.999969 45.000000 75.000000 0.000000 -0.984090 0.94294274    
444.999969 45.000000 65.000000 0.000000 -1.095800  1.0750524    
444.999969 45.000000 45.000000 0.000000 -1.712520  1.4701205    
444.999969 45.000000 35.000000 0.000000 -1.379960  1.8067694    
444.999969 45.000000 25.000000 0.000000 -1.990140  2.5852695    
45.000000 125.000000 245.000000 0.221100 -0.725500  1.8258758    
45.000000 125.000000 234.999985 0.212400 -0.600640  1.1960783    
45.000000 125.000000 215.000015 0.332500 -0.314000 0.95963764    
45.000000 125.000000 205.000000 0.388400 -0.147260 0.90300101    
45.000000 125.000000 195.000000 0.499600 0.019510 0.80910295    
45.000000 125.000000 185.000000 0.654400 0.175870 0.77219629    
45.000000 125.000000 175.000000 0.692400 0.316240 0.74912947    
45.000000 125.000000 165.000000 0.876400 0.440820 0.71354079    
45.000000 125.000000 155.000000 0.949900 0.541160 0.69278085    
45.000000 125.000000 145.000000 1.109500 0.616760 0.68342942    
45.000000 125.000000 135.000000 1.151300 0.662530 0.68342942    
45.000000 125.000000 125.000000 1.179600 0.672700 0.68342942    
45.000000 125.000000 115.000000 1.175300 0.651030 0.67787760    
45.000000 125.000000 104.999992 1.075000 0.593450 0.67892921    
45.000000 125.000000 95.000000 1.000100 0.514600 0.68474245    
45.000000 125.000000 75.000000 0.737800 0.283800 0.75393569    
45.000000 125.000000 65.000000 0.674500 0.141380 0.80006933    
45.000000 125.000000 55.000000 0.510900 -0.016910 0.88310909    
45.000000 125.000000 45.000000 0.366700 -0.192180  1.0076683    
45.000000 125.000000 35.000000 0.284200 -0.368160  1.2040468    
45.000000 125.000000 25.000000 0.270900 -0.536980  1.5500467    
45.000000 125.000000 15.000001 0.273300 -0.696530  2.1798441    
125.000000 125.000000 245.000000 0.814300 0.039860  1.7747757    
125.000000 125.000000 234.999985 0.855300 0.194550  1.1624728    
125.000000 125.000000 215.000015 0.966500 0.512130 0.92603135    
125.000000 125.000000 205.000000 1.064700 0.681020 0.86939454    
125.000000 125.000000 185.000000 1.197700 1.060230 0.77957451    
125.000000 125.000000 175.000000 1.339200 1.278590 0.75959492    
125.000000 125.000000 165.000000 1.514700 1.527360 0.70423514    
125.000000 125.000000 155.000000 1.603200 1.845860 0.66864651    
125.000000 125.000000 135.000000 1.732100 2.519270 0.61811745    
125.000000 125.000000 125.000000 1.791000 2.635550 0.59426159    
125.000000 125.000000 115.000000 1.705700 2.542950 0.58870977    
125.000000 125.000000 104.999992 1.703800 2.255850 0.58976144    
125.000000 125.000000 95.000000 1.612300 1.879970 0.59557456    
125.000000 125.000000 85.000000 1.512200 1.556190 0.60546827    
125.000000 125.000000 75.000000 1.406800 1.296510 0.61784703    
125.000000 125.000000 65.000000 1.275700 1.069780 0.63564128    
125.000000 125.000000 55.000000 1.114000 0.860840 0.71868134    
125.000000 125.000000 45.000000 1.027400 0.665830 0.84324074    
125.000000 125.000000 35.000000 0.981000 0.476690  1.0396185    
125.000000 125.000000 25.000000 0.845900 0.294680  1.3934826    
125.000000 125.000000 15.000001 0.879500 0.113560  2.0296419    
205.000000 125.000000 245.000000 0.464400 -0.383100  2.1588247    
205.000000 125.000000 234.999985 0.451700 -0.210640  1.5368024    
205.000000 125.000000 225.000000 0.557900 -0.036160  1.1326302    
205.000000 125.000000 195.000000 0.765400 0.421890 0.76455522    
205.000000 125.000000 185.000000 0.844300 0.555930 0.73638099    
205.000000 125.000000 175.000000 0.996200 0.684970 0.71640134    
205.000000 125.000000 165.000000 1.122400 0.802400 0.68704385    
205.000000 125.000000 155.000000 1.261400 0.905140 0.66930032    
205.000000 125.000000 145.000000 1.364400 0.986830 0.65994889    
205.000000 125.000000 135.000000 1.452600 1.039910 0.67196292    
205.000000 125.000000 104.999992 1.349200 0.971540 0.66214693    
205.000000 125.000000 85.000000 1.106900 0.764840 0.66186416    
205.000000 125.000000 75.000000 0.939000 0.633240 0.67424285    
205.000000 125.000000 65.000000 0.840300 0.493290 0.69203705    
205.000000 125.000000 55.000000 0.745000 0.349900 0.72894341    
205.000000 125.000000 45.000000 0.653900 0.204330 0.78661019    
205.000000 125.000000 35.000000 0.592200 0.060220 0.88012356    
205.000000 125.000000 25.000000 0.523700 -0.077140  1.2044986    
205.000000 125.000000 15.000001 0.527300 -0.209940  1.8168015    
285.000000 125.000000 234.999985 0.450100 -0.164630  1.5042456    
285.000000 125.000000 205.000000 0.647100 0.269010 0.87649918    
285.000000 125.000000 195.000000 0.775600 0.408600 0.72512406    
285.000000 125.000000 185.000000 0.913100 0.547110 0.65020078    
285.000000 125.000000 175.000000 0.958500 0.677840 0.60406727    
285.000000 125.000000 165.000000 1.150000 0.798040 0.57470971    
285.000000 125.000000 155.000000 1.237100 0.903030 0.55696625    
285.000000 125.000000 145.000000 1.365700 0.986040 0.54761481    
285.000000 125.000000 135.000000 1.451600 1.040800 0.54761481    
285.000000 125.000000 125.000000 1.409000 1.061850 0.54945654    
285.000000 125.000000 115.000000 1.369100 1.040870 0.55532712    
285.000000 125.000000 104.999992 1.333800 0.983110 0.57392508    
285.000000 125.000000 95.000000 1.242500 0.893600 0.60885751    
285.000000 125.000000 75.000000 0.979300 0.636870 0.69372243    
285.000000 125.000000 65.000000 0.882400 0.477180 0.73062897    
285.000000 125.000000 55.000000 0.690500 0.303230 0.76753587    
285.000000 125.000000 45.000000 0.636500 0.113240 0.82520264    
285.000000 125.000000 35.000000 0.543900 -0.095300 0.91871607    
285.000000 125.000000 25.000000 0.505500 -0.313160  1.0894400    
285.000000 125.000000 15.000001 0.491300 -0.513090  1.4024971    
365.000000 125.000000 245.000000 0.875400 0.041500  1.7242953    
365.000000 125.000000 234.999985 0.846900 0.241500  1.0595095    
365.000000 125.000000 225.000000 0.920500 0.438430 0.88791996    
365.000000 125.000000 215.000015 0.923100 0.629080 0.75809515    
365.000000 125.000000 205.000000 0.971000 0.820130 0.67520809    
365.000000 125.000000 195.000000 1.163600 1.016900 0.63943130    
365.000000 125.000000 185.000000 1.271600 1.219450 0.62213123    
365.000000 125.000000 175.000000 1.343500 1.435360 0.61471689    
365.000000 125.000000 165.000000 1.526800 1.676950 0.59395671    
365.000000 125.000000 155.000000 1.659800 1.950200 0.59395671    
365.000000 125.000000 145.000000 1.716100 2.220040 0.60330814    
365.000000 125.000000 135.000000 1.807100 2.407090 0.60330814    
365.000000 125.000000 125.000000 1.776300 2.438020 0.60514987    
365.000000 125.000000 104.999992 1.721600 2.076240 0.61937702    
365.000000 125.000000 95.000000 1.600400 1.791580 0.63236499    
365.000000 125.000000 85.000000 1.474000 1.537870 0.64371806    
365.000000 125.000000 75.000000 1.355800 1.317140 0.66101819    
365.000000 125.000000 65.000000 1.184700 1.110460 0.69215840    
365.000000 125.000000 45.000000 0.998200 0.720710 0.93205106    
365.000000 125.000000 35.000000 0.939400 0.531430  1.1190779    
365.000000 125.000000 25.000000 0.826200 0.330770  1.2898018    
365.000000 125.000000 15.000001 0.865000 0.124710  1.6028589    
444.999969 125.000000 245.000000 0.160800 -0.724090  2.4295120    
444.999969 125.000000 234.999985 0.228900 -0.581200  1.8172090    
444.999969 125.000000 215.000015 0.372100 -0.254440  1.0378200    
444.999969 125.000000 205.000000 0.401200 -0.078110 0.95493311    
444.999969 125.000000 195.000000 0.479600 0.086230 0.91915637    
444.999969 125.000000 175.000000 0.774600 0.366530 0.85456985    
444.999969 125.000000 165.000000 0.902100 0.472920 0.83479857    
444.999969 125.000000 155.000000 1.004300 0.557430 0.85457009    
444.999969 125.000000 145.000000 1.120700 0.615260 0.91769195    
444.999969 125.000000 115.000000 1.134300 0.603380  1.0291512    
444.999969 125.000000 85.000000 0.935300 0.350620  1.0618489    
444.999969 125.000000 75.000000 0.744700 0.227520  1.0895290    
444.999969 125.000000 65.000000 0.596800 0.091750  1.1264358    
444.999969 125.000000 35.000000 0.335900 -0.353400  1.5352224    
444.999969 125.000000 25.000000 0.244100 -0.483800  1.7947220    
444.999969 125.000000 15.000001 0.238800 -0.606700  2.3778677    
45.000000 205.000000 234.999985 0.616600 -0.200150  1.5914577    
45.000000 205.000000 225.000000 0.634800 -0.022080  1.1781690    
45.000000 205.000000 215.000015 0.701000 0.149770 0.98676622    
45.000000 205.000000 205.000000 0.769300 0.316950 0.84684002    
45.000000 205.000000 195.000000 0.936900 0.485470 0.75294197    
45.000000 205.000000 185.000000 1.019000 0.657340 0.71603543    
45.000000 205.000000 175.000000 1.151700 0.829370 0.69296873    
45.000000 205.000000 165.000000 1.253600 1.007930 0.68374217    
45.000000 205.000000 155.000000 1.342500 1.183060 0.68102807    
45.000000 205.000000 145.000000 1.443400 1.353420 0.68623906    
45.000000 205.000000 125.000000 1.594600 1.587500 0.75330091    
45.000000 205.000000 95.000000 1.335200 1.313800 0.85767621    
45.000000 205.000000 85.000000 1.287000 1.114410 0.89751172    
45.000000 205.000000 75.000000 1.120400 0.903510 0.92686903    
45.000000 205.000000 65.000000 0.994800 0.686500 0.97300214    
45.000000 205.000000 55.000000 0.849600 0.467630  1.0652691    
45.000000 205.000000 45.000000 0.804200 0.243520  1.2267361    
125.000000 205.000000 245.000000 0.464700 -0.366830  2.1320944    
125.000000 205.000000 234.999985 0.514900 -0.200030  1.5100720    
125.000000 205.000000 225.000000 0.480800 -0.030100  1.0967824    
125.000000 205.000000 205.000000 0.629700 0.283100 0.76545250    
125.000000 205.000000 195.000000 0.711900 0.429180 0.70380652    
125.000000 205.000000 175.000000 0.948600 0.704890 0.65565282    
125.000000 205.000000 165.000000 1.103600 0.833620 0.65109009    
125.000000 205.000000 155.000000 1.201100 0.949970 0.65504426    
125.000000 205.000000 145.000000 1.351100 1.047300 0.66565317    
125.000000 205.000000 135.000000 1.431200 1.118070 0.69311357    
125.000000 205.000000 125.000000 1.437400 1.152610 0.71532857    
125.000000 205.000000 115.000000 1.388900 1.144380 0.75109410    
125.000000 205.000000 85.000000 1.101400 0.877930 0.82959753    
125.000000 205.000000 55.000000 0.765900 0.404510 0.89272308    
125.000000 205.000000 45.000000 0.689300 0.232880 0.95203716    
125.000000 205.000000 35.000000 0.640000 0.059010  1.0602461    
125.000000 205.000000 25.000000 0.485800 -0.110580  1.3691745    
125.000000 205.000000 15.000001 0.496200 -0.262780  1.9689814    
205.000000 205.000000 215.000015 0.000000 -1.501480  2.0458651    
205.000000 205.000000 205.000000 0.000000 -1.946190 0.87811726    
205.000000 205.000000 195.000000 0.000000 -1.228620 0.81647128    
205.000000 205.000000 185.000000 0.000000 -1.199450 0.78829724    
205.000000 205.000000 175.000000 0.000000 -1.735930 0.76831782    
205.000000 205.000000 165.000000 0.000000 -1.230750 0.75900072    
205.000000 205.000000 155.000000 0.000000 -0.952550 0.75094813    
205.000000 205.000000 145.000000 0.000000 -0.911440 0.74564385    
205.000000 205.000000 135.000000 0.000000 -0.874570 0.76109022    
205.000000 205.000000 125.000000 0.000000 -0.847670 0.79996645    
205.000000 205.000000 115.000000 0.000000 -0.827450 0.89812237    
205.000000 205.000000 85.000000 0.000000 -0.825870  1.1823238    
205.000000 205.000000 75.000000 0.000000 -0.847150  1.1947018    
205.000000 205.000000 55.000000 0.000000 -0.922370  1.2450230    
205.000000 205.000000 45.000000 0.000000 -0.973210  1.3028986    
205.000000 205.000000 15.000001 0.000000 -2.041830  2.7429891    
285.000000 205.000000 245.000000 0.000000 -1.101150  2.3904297    
285.000000 205.000000 234.999985 0.000000 -1.591750  2.0842774    
285.000000 205.000000 215.000015 0.000000 -1.419260  1.2928959    
285.000000 205.000000 205.000000 0.000000 -1.283790  1.0045632    
285.000000 205.000000 185.000000 0.000000 -0.957170 0.77826506    
285.000000 205.000000 175.000000 0.000000 -0.939750 0.73213202    
285.000000 205.000000 165.000000 0.000000 -0.922490 0.72281492    
285.000000 205.000000 155.000000 0.000000 -0.905080 0.71476227    
285.000000 205.000000 145.000000 0.000000 -0.889070 0.70945805    
285.000000 205.000000 125.000000 0.000000 -0.861820 0.70688552    
285.000000 205.000000 115.000000 0.000000 -0.854410 0.71302027    
285.000000 205.000000 104.999992 0.000000 -0.853080 0.78663695    
285.000000 205.000000 95.000000 0.000000 -0.861010 0.90197003    
285.000000 205.000000 65.000000 0.000000 -0.948520  1.0237429    
285.000000 205.000000 55.000000 0.000000 -1.670770  1.0562699    
285.000000 205.000000 45.000000 0.000000 -1.358450  1.1141455    
285.000000 205.000000 35.000000 0.000000 -1.737740  1.2296619    
365.000000 205.000000 245.000000 0.504600 -0.405420  1.6172626    
365.000000 205.000000 234.999985 0.541600 -0.264730  1.3111111    
365.000000 205.000000 225.000000 0.600400 -0.105660  1.0350486    
365.000000 205.000000 215.000015 0.629200 0.060820 0.84797484    
365.000000 205.000000 205.000000 0.752900 0.226990 0.74371153    
365.000000 205.000000 195.000000 0.839000 0.387630 0.70793462    
365.000000 205.000000 185.000000 0.926300 0.541390 0.69063443    
365.000000 205.000000 175.000000 1.054000 0.686750 0.68322003    
365.000000 205.000000 135.000000 1.472500 1.071060 0.66476369    
365.000000 205.000000 125.000000 1.485400 1.091420 0.66219115    
365.000000 205.000000 115.000000 1.448700 1.076340 0.66832590    
365.000000 205.000000 95.000000 1.325800 0.955650 0.70374280    
365.000000 205.000000 75.000000 1.035000 0.752220 0.73239613    
365.000000 205.000000 65.000000 0.920700 0.586860 0.76353621    
365.000000 205.000000 55.000000 0.810700 0.435210 0.82285029    
365.000000 205.000000 45.000000 0.758200 0.292790 0.90193582    
365.000000 205.000000 35.000000 0.644300 0.161590  1.0562334    
365.000000 205.000000 25.000000 0.631600 0.006080  1.8703499    
444.999969 205.000000 245.000000 0.531200 -0.398810  2.4179182    
444.999969 205.000000 234.999985 0.543000 -0.247490  1.8056153    
444.999969 205.000000 215.000015 0.640700 0.085870  1.0664127    
444.999969 205.000000 195.000000 0.841000 0.420710 0.92637223    
444.999969 205.000000 185.000000 0.914400 0.585810 0.88946557    
444.999969 205.000000 175.000000 1.079600 0.752540 0.86178577    
444.999969 205.000000 165.000000 1.194600 0.916680 0.84980893    
444.999969 205.000000 145.000000 1.365100 1.209140 0.84325463    
444.999969 205.000000 135.000000 1.412400 1.314570 0.84325463    
444.999969 205.000000 125.000000 1.478200 1.368410 0.84325463    
444.999969 205.000000 115.000000 1.458200 1.360470 0.84325463    
444.999969 205.000000 104.999992 1.395600 1.290310 0.85995764    
444.999969 205.000000 85.000000 1.208000 1.023110 0.89002478    
444.999969 205.000000 65.000000 0.967700 0.679410 0.95461106    
444.999969 205.000000 55.000000 0.792800 0.493560  1.0213395    
444.999969 205.000000 45.000000 0.676700 0.298830  1.1355199    
444.999969 205.000000 25.000000 0.547300 -0.129600  1.6909273    
444.999969 205.000000 15.000001 0.540400 -0.358990  2.3032303    
45.000000 285.000000 245.000000 0.587500 -0.387760  1.6538173    
45.000000 285.000000 234.999985 0.652200 -0.172120  1.3428066    
45.000000 285.000000 225.000000 0.656800 0.041820  1.1712176    
45.000000 285.000000 215.000015 0.716900 0.240010  1.0201093    
45.000000 285.000000 205.000000 0.822600 0.425400 0.92621219    
45.000000 285.000000 195.000000 0.855600 0.596370 0.79646122    
45.000000 285.000000 185.000000 1.040500 0.759850 0.74110132    
45.000000 285.000000 175.000000 1.060700 0.910590 0.70551264    
45.000000 285.000000 165.000000 1.285100 1.047230 0.69628608    
45.000000 285.000000 155.000000 1.366200 1.167070 0.69357198    
45.000000 285.000000 145.000000 1.495000 1.264550 0.69878298    
45.000000 285.000000 125.000000 1.590200 1.351720 0.69489539    
45.000000 285.000000 115.000000 1.533600 1.329460 0.69594258    
45.000000 285.000000 104.999992 1.474600 1.260460 0.71454054    
45.000000 285.000000 95.000000 1.346800 1.151440 0.74605870    
45.000000 285.000000 85.000000 1.208300 1.016360 0.80166590    
45.000000 285.000000 75.000000 1.121000 0.855620 0.85702604    
45.000000 285.000000 65.000000 1.017700 0.678350 0.94006658    
45.000000 285.000000 55.000000 0.839200 0.487090  1.0323336    
45.000000 285.000000 35.000000 0.744900 0.064800  1.4248329    
45.000000 285.000000 25.000000 0.660400 -0.161460  1.5955569    
45.000000 285.000000 15.000001 0.571900 -0.376500  1.9104552    
125.000000 285.000000 245.000000 0.453600 -0.440820  1.4387887    
125.000000 285.000000 234.999985 0.487800 -0.261490  1.1257316    
125.000000 285.000000 225.000000 0.511100 -0.078870 0.95414180    
125.000000 285.000000 215.000015 0.541000 0.090420 0.80303365    
125.000000 285.000000 205.000000 0.676400 0.247370 0.70913589    
125.000000 285.000000 195.000000 0.818900 0.394300 0.64129287    
125.000000 285.000000 185.000000 0.878500 0.534990 0.61770195    
125.000000 285.000000 165.000000 1.124000 0.783840 0.60462242    
125.000000 285.000000 155.000000 1.290500 0.890140 0.60857677    
125.000000 285.000000 145.000000 1.371500 0.973020 0.61918569    
125.000000 285.000000 125.000000 1.444000 1.051270 0.63115096    
125.000000 285.000000 115.000000 1.430300 1.031330 0.63219815    
125.000000 285.000000 104.999992 1.323600 0.971860 0.65079612    
125.000000 285.000000 75.000000 0.989500 0.628350 0.75508535    
125.000000 285.000000 55.000000 0.785200 0.313580 0.82494432    
125.000000 285.000000 45.000000 0.659600 0.138710 0.88425833    
125.000000 285.000000 35.000000 0.585200 -0.050210 0.99246728    
125.000000 285.000000 15.000001 0.475900 -0.430500  1.5386416    
205.000000 285.000000 234.999985 0.000000 -1.097410  2.0639703    
205.000000 285.000000 225.000000 0.000000 -1.222750  1.6597975    
205.000000 285.000000 215.000015 0.000000 -1.080500  1.1444796    
205.000000 285.000000 205.000000 0.000000 -1.188490 0.85614747    
205.000000 285.000000 195.000000 0.000000 -0.968460 0.78830427    
205.000000 285.000000 185.000000 0.000000 -0.941060 0.76471341    
205.000000 285.000000 175.000000 0.000000 -0.918510 0.75619674    
205.000000 285.000000 145.000000 0.000000 -0.882300 0.73352277    
205.000000 285.000000 135.000000 0.000000 -0.877340 0.72498620    
205.000000 285.000000 125.000000 0.000000 -0.875690 0.72065312    
205.000000 285.000000 115.000000 0.000000 -0.875100 0.71153647    
205.000000 285.000000 104.999992 0.000000 -0.875570 0.72994065    
205.000000 285.000000 95.000000 0.000000 -0.877570 0.77113092    
205.000000 285.000000 85.000000 0.000000 -0.884020 0.81276208    
205.000000 285.000000 55.000000 0.000000 -0.939690 0.91333556    
205.000000 285.000000 45.000000 0.000000 -0.977600 0.97121209    
205.000000 285.000000 35.000000 0.000000 -2.397040  1.0867286    
205.000000 285.000000 25.000000 0.000000 -1.461000  1.2574524    
205.000000 285.000000 15.000001 0.000000 -1.144540  1.5705094    
285.000000 285.000000 245.000000 0.000000 -0.935890  2.7336092    
285.000000 285.000000 234.999985 0.000000 -0.922000  2.0544164    
285.000000 285.000000 225.000000 0.000000 -0.908770  1.8059574    
285.000000 285.000000 205.000000 0.000000 -0.878690  1.3379636    
285.000000 285.000000 175.000000 0.000000 -0.827900  1.0061744    
285.000000 285.000000 155.000000 0.000000 -0.802620 0.98880517    
285.000000 285.000000 145.000000 0.000000 -0.799750 0.98350137    
285.000000 285.000000 125.000000 0.000000 -0.820410 0.98200446    
285.000000 285.000000 115.000000 0.000000 -0.844630 0.97929794    
285.000000 285.000000 104.999992 0.000000 -0.875510 0.94774765    
285.000000 285.000000 95.000000 0.000000 -0.916430 0.97864062    
285.000000 285.000000 75.000000 0.000000 -1.328590  1.1002347    
285.000000 285.000000 65.000000 0.000000 -1.354430  1.2040346    
285.000000 285.000000 55.000000 0.000000 -1.208730  1.2365617    
285.000000 285.000000 45.000000 0.000000 -2.320680  1.2944373    
285.000000 285.000000 35.000000 0.000000 -1.676130  1.4099537    
365.000000 285.000000 234.999985 0.541700 -0.070910  1.9746138    
365.000000 285.000000 215.000015 0.628200 0.208670  1.3623996    
365.000000 285.000000 205.000000 0.765300 0.349730  1.1839937    
365.000000 285.000000 175.000000 1.039300 0.775680 0.73373187    
365.000000 285.000000 165.000000 1.217800 0.911740 0.72384584    
365.000000 285.000000 155.000000 1.334300 1.035850 0.71928316    
365.000000 285.000000 145.000000 1.384300 1.137080 0.71527541    
365.000000 285.000000 115.000000 1.469900 1.196080 0.71107101    
365.000000 285.000000 104.999992 1.384500 1.120550 0.73505473    
365.000000 285.000000 95.000000 1.296700 1.013540 0.76208586    
365.000000 285.000000 85.000000 1.189100 0.883600 0.81074208    
365.000000 285.000000 65.000000 0.943700 0.594840  1.0183419    
365.000000 285.000000 45.000000 0.682800 0.302560  1.1567411    
365.000000 285.000000 35.000000 0.659100 0.153910  1.3110386    
365.000000 285.000000 15.000001 0.572700 -0.153790  1.9039630    
444.999969 285.000000 245.000000 0.478400 -0.401380  2.6014884    
444.999969 285.000000 234.999985 0.550400 -0.247700  1.9385440    
444.999969 285.000000 215.000015 0.644900 0.070710  1.1615007    
444.999969 285.000000 205.000000 0.718200 0.245510 0.98309427    
444.999969 285.000000 195.000000 0.790500 0.429220 0.87883037    
444.999969 285.000000 185.000000 0.937200 0.615650 0.80501705    
444.999969 285.000000 175.000000 1.110200 0.787330 0.75888360    
444.999969 285.000000 165.000000 1.157000 0.954510 0.74690676    
444.999969 285.000000 155.000000 1.293700 1.115230 0.74344701    
444.999969 285.000000 145.000000 1.459100 1.261260 0.74035239    
444.999969 285.000000 135.000000 1.496600 1.372510 0.74635965    
444.999969 285.000000 125.000000 1.543200 1.428650 0.75618112    
444.999969 285.000000 95.000000 1.369500 1.170320 0.82786053    
444.999969 285.000000 85.000000 1.183800 0.997920 0.87651670    
444.999969 285.000000 75.000000 1.053800 0.805840 0.99184954    
444.999969 285.000000 55.000000 0.823000 0.401110  1.2431116    
444.999969 285.000000 45.000000 0.714500 0.191570  1.3572917    
444.999969 285.000000 15.000001 0.549700 -0.453900  2.1258311    
45.000000 365.000000 245.000000 0.202600 -0.615550  1.9022352    
45.000000 365.000000 225.000000 0.261000 -0.361180  1.4196360    
45.000000 365.000000 215.000015 0.307100 -0.222880  1.3229393    
45.000000 365.000000 185.000000 0.657100 0.183160 0.97864449    
45.000000 365.000000 175.000000 0.744500 0.301390 0.85408407    
45.000000 365.000000 165.000000 0.848000 0.404860 0.77104419    
45.000000 365.000000 155.000000 0.929200 0.498190 0.71568447    
45.000000 365.000000 145.000000 1.082500 0.566590 0.67961466    
45.000000 365.000000 135.000000 1.107900 0.618020 0.67961466    
45.000000 365.000000 125.000000 1.149400 0.642480 0.67572713    
45.000000 365.000000 115.000000 1.126500 0.636040 0.67677432    
45.000000 365.000000 95.000000 1.000300 0.540000 0.67686152    
45.000000 365.000000 85.000000 0.918600 0.455320 0.69507211    
45.000000 365.000000 75.000000 0.730600 0.349300 0.73066086    
45.000000 365.000000 65.000000 0.674900 0.221360 0.78602105    
45.000000 365.000000 55.000000 0.454400 0.072110 0.86906070    
45.000000 365.000000 45.000000 0.437700 -0.095050 0.99362057    
45.000000 365.000000 35.000000 0.310000 -0.281090  1.1899986    
45.000000 365.000000 25.000000 0.290200 -0.464730  1.3607225    
45.000000 365.000000 15.000001 0.207100 -0.644310  1.6756209    
125.000000 365.000000 245.000000 0.798300 0.016180  1.3842267    
125.000000 365.000000 234.999985 0.894600 0.215360  1.0711696    
125.000000 365.000000 225.000000 0.902200 0.405860 0.89958113    
125.000000 365.000000 215.000015 0.907500 0.595510 0.80288470    
125.000000 365.000000 205.000000 1.026400 0.787770 0.74624801    
125.000000 365.000000 195.000000 1.129500 0.977410 0.69929904    
125.000000 365.000000 175.000000 1.339200 1.377050 0.62599319    
125.000000 365.000000 165.000000 1.428400 1.595470 0.59040451    
125.000000 365.000000 155.000000 1.620000 1.832370 0.56964463    
125.000000 365.000000 145.000000 1.696500 2.061910 0.56029326    
125.000000 365.000000 135.000000 1.727400 2.250270 0.56792551    
125.000000 365.000000 125.000000 1.765400 2.333310 0.57225853    
125.000000 365.000000 104.999992 1.714700 2.118930 0.57236326    
125.000000 365.000000 95.000000 1.601700 1.881620 0.57339299    
125.000000 365.000000 85.000000 1.491800 1.626290 0.58110303    
125.000000 365.000000 75.000000 1.343000 1.392640 0.60127455    
125.000000 365.000000 65.000000 1.206500 1.167940 0.63524568    
125.000000 365.000000 55.000000 1.124400 0.952810 0.71828580    
125.000000 365.000000 45.000000 1.042100 0.737930 0.84284508    
125.000000 365.000000 35.000000 0.933000 0.524330  1.0392241    
125.000000 365.000000 25.000000 0.946000 0.303570  1.2766744    
125.000000 365.000000 15.000001 0.855000 0.073680  1.5853984    
205.000000 365.000000 245.000000 0.535800 -0.340740  2.1373508    
205.000000 365.000000 234.999985 0.529700 -0.184430  1.4787394    
205.000000 365.000000 225.000000 0.552800 -0.019270  1.0745671    
205.000000 365.000000 195.000000 0.827300 0.447280 0.68825459    
205.000000 365.000000 185.000000 0.986800 0.605690 0.64891994    
205.000000 365.000000 175.000000 1.017500 0.766830 0.61494893    
205.000000 365.000000 165.000000 1.167700 0.905620 0.59259224    
205.000000 365.000000 145.000000 1.361000 1.123630 0.57041717    
205.000000 365.000000 135.000000 1.451800 1.179440 0.56188053    
205.000000 365.000000 125.000000 1.482300 1.188330 0.55754751    
205.000000 365.000000 115.000000 1.473900 1.148250 0.54843074    
205.000000 365.000000 104.999992 1.403000 1.073120 0.54455614    
205.000000 365.000000 95.000000 1.291800 0.964110 0.55259025    
205.000000 365.000000 85.000000 1.139300 0.843020 0.56030023    
205.000000 365.000000 75.000000 1.042900 0.713190 0.58047187    
205.000000 365.000000 65.000000 0.988100 0.583060 0.61444294    
205.000000 365.000000 55.000000 0.829300 0.455190 0.69155121    
205.000000 365.000000 45.000000 0.718200 0.326710 0.78624558    
205.000000 365.000000 25.000000 0.604500 0.073240  1.1252935    
205.000000 365.000000 15.000001 0.584700 -0.059570  1.4383506    
285.000000 365.000000 234.999985 0.571500 -0.148960  1.4301453    
285.000000 365.000000 225.000000 0.584800 -0.001580  1.1816874    
285.000000 365.000000 215.000015 0.637700 0.145520 0.97976643    
285.000000 365.000000 205.000000 0.720200 0.289530 0.85619611    
285.000000 365.000000 195.000000 0.826300 0.433360 0.75579417    
285.000000 365.000000 185.000000 0.937600 0.578020 0.67275417    
285.000000 365.000000 175.000000 1.052700 0.724150 0.61739403    
285.000000 365.000000 165.000000 1.183400 0.870340 0.59503716    
285.000000 365.000000 155.000000 1.341200 1.008060 0.58338279    
285.000000 365.000000 145.000000 1.375800 1.126880 0.57286251    
285.000000 365.000000 135.000000 1.415800 1.223850 0.57136464    
285.000000 365.000000 125.000000 1.498800 1.276870 0.57136464    
285.000000 365.000000 115.000000 1.481000 1.278320 0.56865811    
285.000000 365.000000 104.999992 1.372900 1.226740 0.58837676    
285.000000 365.000000 85.000000 1.197100 1.003540 0.65729165    
285.000000 365.000000 75.000000 1.034300 0.803840 0.74033165    
285.000000 365.000000 65.000000 0.870300 0.594550 0.86489183    
285.000000 365.000000 45.000000 0.712800 0.206710  1.0366943    
285.000000 365.000000 35.000000 0.644800 0.020720  1.2050183    
285.000000 365.000000 15.000001 0.544200 -0.306220  1.7979426    
365.000000 365.000000 234.999985 0.845900 0.080520  1.3442943    
365.000000 365.000000 225.000000 0.847900 0.277460  1.0958359    
365.000000 365.000000 215.000015 0.945600 0.473730  1.0034802    
365.000000 365.000000 205.000000 1.035500 0.676630 0.94183415    
365.000000 365.000000 195.000000 1.122300 0.889900 0.90367246    
365.000000 365.000000 175.000000 1.376300 1.393280 0.74681979    
365.000000 365.000000 165.000000 1.525600 1.745230 0.69145989    
365.000000 365.000000 155.000000 1.635200 2.284880 0.65587163    
365.000000 365.000000 145.000000 1.718100 2.864550 0.63483101    
365.000000 365.000000 135.000000 1.741800 3.394320 0.63333315    
365.000000 365.000000 115.000000 1.811300 3.420960 0.63062668    
365.000000 365.000000 104.999992 1.698400 2.857350 0.62728041    
365.000000 365.000000 95.000000 1.588400 2.245250 0.62966555    
365.000000 365.000000 85.000000 1.478900 1.690520 0.63784301    
365.000000 365.000000 75.000000 1.351400 1.331500 0.68397647    
365.000000 365.000000 65.000000 1.266200 1.055810 0.76701677    
365.000000 365.000000 55.000000 1.157100 0.817600 0.89157617    
365.000000 365.000000 45.000000 1.072000 0.603570  1.0853362    
365.000000 365.000000 35.000000 0.911100 0.407210  1.4219842    
365.000000 365.000000 25.000000 0.914800 0.224640  1.6856025    
444.999969 365.000000 234.999985 0.221000 -0.565510  1.5510203    
444.999969 365.000000 225.000000 0.229200 -0.468350  1.1377305    
444.999969 365.000000 215.000015 0.286600 -0.363830  1.0453749    
444.999969 365.000000 205.000000 0.400300 -0.242240 0.98372877    
444.999969 365.000000 195.000000 0.469000 -0.111060 0.94556677    
444.999969 365.000000 185.000000 0.556700 0.022080 0.89811492    
444.999969 365.000000 165.000000 0.861800 0.271880 0.84374368    
444.999969 365.000000 155.000000 0.906900 0.381850 0.82891542    
444.999969 365.000000 135.000000 1.159900 0.545110 0.83492261    
444.999969 365.000000 125.000000 1.153600 0.588100 0.84474409    
444.999969 365.000000 104.999992 1.025300 0.574850 0.86206239    
444.999969 365.000000 95.000000 0.960300 0.515380 0.86444747    
444.999969 365.000000 75.000000 0.731400 0.285480 0.87262487    
444.999969 365.000000 65.000000 0.560900 0.123420 0.89239645    
444.999969 365.000000 55.000000 0.428900 -0.068370 0.95467573    
444.999969 365.000000 45.000000 0.382800 -0.281340  1.0584754    
444.999969 365.000000 35.000000 0.250400 -0.489310  1.2338127    
444.999969 365.000000 25.000000 0.216000 -0.684670  1.4680835    
444.999969 365.000000 15.000001 0.191600 -0.873450  1.7713189    
45.000000 444.999969 245.000000 0.000000 -1.070350  2.2225747    
45.000000 444.999969 234.999985 0.000000 -1.405450  1.5927771    
45.000000 444.999969 225.000000 0.000000 -1.127110  1.1794876    
45.000000 444.999969 215.000015 0.000000 -1.020200  1.0827907    
45.000000 444.999969 205.000000 0.000000 -1.492740  1.0261539    
45.000000 444.999969 195.000000 0.000000 -1.116130 0.93225574    
45.000000 444.999969 185.000000 0.000000 -0.986500 0.87689573    
45.000000 444.999969 175.000000 0.000000 -0.974240 0.84130710    
45.000000 444.999969 155.000000 0.000000 -0.967180 0.79978722    
45.000000 444.999969 145.000000 0.000000 -0.966470 0.79043579    
45.000000 444.999969 135.000000 0.000000 -0.965390 0.79043579    
45.000000 444.999969 125.000000 0.000000 -0.963980 0.79043579    
45.000000 444.999969 115.000000 0.000000 -0.961940 0.78305560    
45.000000 444.999969 104.999992 0.000000 -0.959840 0.78211313    
45.000000 444.999969 95.000000 0.000000 -0.959780 0.78314286    
45.000000 444.999969 85.000000 0.000000 -0.963790 0.80135351    
45.000000 444.999969 75.000000 0.000000 -0.973340 0.85671353    
45.000000 444.999969 65.000000 0.000000 -1.371480 0.93975359    
45.000000 444.999969 45.000000 0.000000 -2.382400  1.1888733    
45.000000 444.999969 35.000000 0.000000 -1.002480  1.3852510    
45.000000 444.999969 25.000000 0.000000 -1.009130  1.7312509    
45.000000 444.999969 15.000001 0.000000 -2.277840  2.3610485    
125.000000 444.999969 234.999985 0.228900 -0.592110  1.5661831    
125.000000 444.999969 225.000000 0.292000 -0.420270  1.1528939    
125.000000 444.999969 215.000015 0.302000 -0.237080  1.0561974    
125.000000 444.999969 205.000000 0.403500 -0.046280 0.99956053    
125.000000 444.999969 195.000000 0.487200 0.131420 0.95261145    
125.000000 444.999969 165.000000 0.903700 0.539900 0.78871727    
125.000000 444.999969 155.000000 1.005000 0.627180 0.72580844    
125.000000 444.999969 145.000000 1.083900 0.683450 0.68208784    
125.000000 444.999969 135.000000 1.153900 0.703760 0.65259922    
125.000000 444.999969 125.000000 1.208700 0.692910 0.63846231    
125.000000 444.999969 115.000000 1.150100 0.649400 0.63108212    
125.000000 444.999969 104.999992 1.086800 0.575090 0.63013965    
125.000000 444.999969 95.000000 0.982700 0.482990 0.63116944    
125.000000 444.999969 85.000000 0.829500 0.374870 0.63887954    
125.000000 444.999969 75.000000 0.802000 0.250720 0.65448856    
125.000000 444.999969 65.000000 0.641300 0.119260 0.68216860    
125.000000 444.999969 55.000000 0.556800 -0.023000 0.77275747    
125.000000 444.999969 45.000000 0.430300 -0.174360 0.90486562    
125.000000 444.999969 35.000000 0.356200 -0.325520  1.1088943    
125.000000 444.999969 25.000000 0.277000 -0.467140  1.4627584    
125.000000 444.999969 15.000001 0.264300 -0.606120  2.0989175    
205.000000 444.999969 234.999985 0.583200 -0.340620  2.5013244    
205.000000 444.999969 225.000000 0.593600 -0.172000  1.1762156    
205.000000 444.999969 215.000015 0.639400 0.003150 0.98481190    
205.000000 444.999969 205.000000 0.720900 0.178920 0.83685219    
205.000000 444.999969 195.000000 0.797500 0.355100 0.78990322    
205.000000 444.999969 185.000000 0.923900 0.532820 0.75056863    
205.000000 444.999969 175.000000 1.105200 0.709570 0.71659762    
205.000000 444.999969 165.000000 1.193500 0.892400 0.69682628    
205.000000 444.999969 155.000000 1.338600 1.071630 0.68446892    
205.000000 444.999969 145.000000 1.439200 1.235990 0.67778933    
205.000000 444.999969 135.000000 1.504800 1.371590 0.67778933    
205.000000 444.999969 115.000000 1.460600 1.454960 0.67076570    
205.000000 444.999969 104.999992 1.374800 1.374680 0.66689122    
205.000000 444.999969 95.000000 1.320000 1.238140 0.67492521    
205.000000 444.999969 85.000000 1.221800 1.067790 0.68263507    
205.000000 444.999969 75.000000 1.060600 0.879990 0.69824404    
205.000000 444.999969 65.000000 0.946900 0.684160 0.72592402    
205.000000 444.999969 55.000000 0.810300 0.483300 0.77864808    
205.000000 444.999969 45.000000 0.748100 0.278340 0.85773361    
205.000000 444.999969 35.000000 0.650200 0.064960 0.98598093    
205.000000 444.999969 25.000000 0.578900 -0.154840  1.3319808    
205.000000 444.999969 15.000001 0.599100 -0.370270  1.9617783    
285.000000 444.999969 245.000000 0.538300 -0.405200  1.8438720    
285.000000 444.999969 234.999985 0.552300 -0.203390  1.5351480    
285.000000 444.999969 225.000000 0.601600 0.002270  1.2536706    
285.000000 444.999969 215.000015 0.666500 0.195120  1.0517501    
285.000000 444.999969 195.000000 0.814400 0.543710 0.82777631    
285.000000 444.999969 185.000000 0.892000 0.707100 0.73718715    
285.000000 444.999969 175.000000 1.065500 0.868360 0.67427814    
285.000000 444.999969 165.000000 1.174800 1.019120 0.65450662    
285.000000 444.999969 155.000000 1.263000 1.156900 0.64214927    
285.000000 444.999969 145.000000 1.397300 1.275870 0.63546968    
285.000000 444.999969 135.000000 1.523900 1.353320 0.62390536    
285.000000 444.999969 125.000000 1.493200 1.376640 0.61454970    
285.000000 444.999969 115.000000 1.506800 1.335400 0.60155857    
285.000000 444.999969 104.999992 1.420500 1.237620 0.62127727    
285.000000 444.999969 95.000000 1.328500 1.099830 0.65217000    
285.000000 444.999969 85.000000 1.165100 0.934400 0.69019204    
285.000000 444.999969 75.000000 1.103700 0.754670 0.75310123    
285.000000 444.999969 65.000000 0.946100 0.565320 0.84369040    
285.000000 444.999969 55.000000 0.783100 0.375640 0.89641446    
285.000000 444.999969 45.000000 0.744200 0.172770 0.97550094    
285.000000 444.999969 35.000000 0.619300 -0.041300  1.1037474    
285.000000 444.999969 25.000000 0.600800 -0.264400  1.4969289    
365.000000 444.999969 245.000000 0.127900 -0.768170  1.9174079    
365.000000 444.999969 234.999985 0.185000 -0.654160  1.6086839    
365.000000 444.999969 225.000000 0.190400 -0.537120  1.3272067    
365.000000 444.999969 205.000000 0.350500 -0.260870  1.1732054    
365.000000 444.999969 175.000000 0.714900 0.175250 0.89514995    
365.000000 444.999969 165.000000 0.877400 0.299880 0.81211025    
365.000000 444.999969 155.000000 0.967300 0.406120 0.75675058    
365.000000 444.999969 135.000000 1.082700 0.560340 0.70911640    
365.000000 444.999969 125.000000 1.158500 0.595650 0.69976079    
365.000000 444.999969 115.000000 1.126900 0.597900 0.68676955    
365.000000 444.999969 104.999992 1.046300 0.563110 0.68342328    
365.000000 444.999969 95.000000 0.960600 0.496420 0.68580836    
365.000000 444.999969 85.000000 0.878600 0.391480 0.69398582    
365.000000 444.999969 75.000000 0.661500 0.258340 0.74011928    
365.000000 444.999969 65.000000 0.599700 0.097430 0.82315946    
365.000000 444.999969 55.000000 0.435900 -0.090100 0.94771969    
365.000000 444.999969 45.000000 0.336700 -0.299160  1.1414794    
365.000000 444.999969 35.000000 0.252100 -0.499460  1.4781274    
365.000000 444.999969 25.000000 0.205600 -0.688630  1.8713090    
444.999969 444.999969 245.000000 0.000000 -1.683200  2.4599586    
444.999969 444.999969 234.999985 0.000000 -1.270190  1.8379370    
444.999969 444.999969 225.000000 0.000000 -1.174870  1.2653582    
444.999969 444.999969 215.000015 0.000000 -2.620350  1.1730025    
444.999969 444.999969 205.000000 0.000000 -1.038320  1.1113565    
444.999969 444.999969 195.000000 0.000000 -0.998380  1.0731944    
444.999969 444.999969 175.000000 0.000000 -1.041150 0.97170091    
444.999969 444.999969 155.000000 0.000000 -1.333940 0.89297563    
444.999969 444.999969 145.000000 0.000000 -0.981680 0.86428440    
444.999969 444.999969 135.000000 0.000000 -0.953380 0.85467356    
444.999969 444.999969 125.000000 0.000000 -0.923660 0.84689796    
444.999969 444.999969 115.000000 0.000000 -0.896110 0.83053857    
444.999969 444.999969 104.999992 0.000000 -0.869880 0.82719243    
444.999969 444.999969 95.000000 0.000000 -0.854230 0.82957751    
444.999969 444.999969 85.000000 0.000000 -0.848700 0.83775496    
444.999969 444.999969 75.000000 0.000000 -0.857590 0.88388824    
444.999969 444.999969 65.000000 0.000000 -0.883360 0.96692824    
444.999969 444.999969 55.000000 0.000000 -0.928460  1.0914875    
444.999969 444.999969 45.000000 0.000000 -1.464270  1.2927960    
444.999969 444.999969 25.000000 0.000000 -1.776030  1.9830965    
444.999969 444.999969 15.000001 0.000000 -1.014150  2.6128931    
