Average Gridded Variograms
8
Variogram Index
Lag Distance
Number of Pairs
Variogram Value
Variogram Number
Calculation Azimuth
Calculation Dip
Variogram Type
   1        10.00000       61250         0.02121     1     90.0000      0.0000   1
   1        20.00000       60000         0.03854     1     90.0000      0.0000   1
   1        30.00000       58750         0.05742     1     90.0000      0.0000   1
   1        40.00000       57500         0.07767     1     90.0000      0.0000   1
   1        50.00000       56250         0.09970     1     90.0000      0.0000   1
   1        60.00000       55000         0.12761     1     90.0000      0.0000   1
   1        70.00000       53750         0.15735     1     90.0000      0.0000   1
   1        80.00000       52500         0.18881     1     90.0000      0.0000   1
   1        90.00000       51250         0.22179     1     90.0000      0.0000   1
   1       100.00000       50000         0.25518     1     90.0000      0.0000   1
   1       110.00000       48750         0.28064     1     90.0000      0.0000   1
   1       120.00000       47500         0.30909     1     90.0000      0.0000   1
   1       130.00000       46250         0.33766     1     90.0000      0.0000   1
   1       140.00000       45000         0.36701     1     90.0000      0.0000   1
   1       150.00000       43750         0.39654     1     90.0000      0.0000   1
   1       160.00000       42500         0.42409     1     90.0000      0.0000   1
   1       170.00000       41250         0.45221     1     90.0000      0.0000   1
   1       180.00000       40000         0.48119     1     90.0000      0.0000   1
   1       190.00000       38750         0.51146     1     90.0000      0.0000   1
   1       200.00000       37500         0.54379     1     90.0000      0.0000   1
   1       210.00000       36250         0.56626     1     90.0000      0.0000   1
   1       220.00000       35000         0.59295     1     90.0000      0.0000   1
   1       230.00000       33750         0.62041     1     90.0000      0.0000   1
   1       240.00000       32500         0.64947     1     90.0000      0.0000   1
   1       250.00000       31250         0.67979     1     90.0000      0.0000   1
   1       260.00000       30000         0.70828     1     90.0000      0.0000   1
   1       270.00000       28750         0.73699     1     90.0000      0.0000   1
   1       280.00000       27500         0.76677     1     90.0000      0.0000   1
   1       290.00000       26250         0.79746     1     90.0000      0.0000   1
   1       300.00000       25000         0.83376     1     90.0000      0.0000   1
   1       310.00000       23750         0.83037     1     90.0000      0.0000   1
   1       320.00000       22500         0.82864     1     90.0000      0.0000   1
   1       330.00000       21250         0.82438     1     90.0000      0.0000   1
   1       340.00000       20000         0.81725     1     90.0000      0.0000   1
   1       350.00000       18750         0.80713     1     90.0000      0.0000   1
   1       360.00000       17500         0.79546     1     90.0000      0.0000   1
   1       370.00000       16250         0.78266     1     90.0000      0.0000   1
   1       380.00000       15000         0.76903     1     90.0000      0.0000   1
   1       390.00000       13750         0.75308     1     90.0000      0.0000   1
   1       400.00000       12500         0.73301     1     90.0000      0.0000   1
   1       410.00000       11250         0.73072     1     90.0000      0.0000   1
   1       420.00000       10000         0.72588     1     90.0000      0.0000   1
   1       430.00000        8750         0.72033     1     90.0000      0.0000   1
   1       440.00000        7500         0.71387     1     90.0000      0.0000   1
   1       450.00000        6250         0.70740     1     90.0000      0.0000   1
   1       460.00000        5000         0.70062     1     90.0000      0.0000   1
   1       470.00000        3750         0.69519     1     90.0000      0.0000   1
   1       480.00000        2500         0.68968     1     90.0000      0.0000   1
   1       490.00000        1250         0.68355     1     90.0000      0.0000   1
   1       500.00000           0         0.00000     1     90.0000      0.0000   1
   1       510.00000           0         0.00000     1     90.0000      0.0000   1
   1       520.00000           0         0.00000     1     90.0000      0.0000   1
   1       530.00000           0         0.00000     1     90.0000      0.0000   1
   1       540.00000           0         0.00000     1     90.0000      0.0000   1
   1       550.00000           0         0.00000     1     90.0000      0.0000   1
   1       560.00000           0         0.00000     1     90.0000      0.0000   1
   1       570.00000           0         0.00000     1     90.0000      0.0000   1
   1       580.00000           0         0.00000     1     90.0000      0.0000   1
   1       590.00000           0         0.00000     1     90.0000      0.0000   1
   1       600.00000           0         0.00000     1     90.0000      0.0000   1
   1       610.00000           0         0.00000     1     90.0000      0.0000   1
   1       620.00000           0         0.00000     1     90.0000      0.0000   1
   1       630.00000           0         0.00000     1     90.0000      0.0000   1
   1       640.00000           0         0.00000     1     90.0000      0.0000   1
   1       650.00000           0         0.00000     1     90.0000      0.0000   1
   1       660.00000           0         0.00000     1     90.0000      0.0000   1
   1       670.00000           0         0.00000     1     90.0000      0.0000   1
   1       680.00000           0         0.00000     1     90.0000      0.0000   1
   1       690.00000           0         0.00000     1     90.0000      0.0000   1
   1       700.00000           0         0.00000     1     90.0000      0.0000   1
   1       710.00000           0         0.00000     1     90.0000      0.0000   1
   1       720.00000           0         0.00000     1     90.0000      0.0000   1
   1       730.00000           0         0.00000     1     90.0000      0.0000   1
   1       740.00000           0         0.00000     1     90.0000      0.0000   1
   1       750.00000           0         0.00000     1     90.0000      0.0000   1
   1       760.00000           0         0.00000     1     90.0000      0.0000   1
   1       770.00000           0         0.00000     1     90.0000      0.0000   1
   1       780.00000           0         0.00000     1     90.0000      0.0000   1
   1       790.00000           0         0.00000     1     90.0000      0.0000   1
   1       800.00000           0         0.00000     1     90.0000      0.0000   1
   1       810.00000           0         0.00000     1     90.0000      0.0000   1
   1       820.00000           0         0.00000     1     90.0000      0.0000   1
   1       830.00000           0         0.00000     1     90.0000      0.0000   1
   1       840.00000           0         0.00000     1     90.0000      0.0000   1
   1       850.00000           0         0.00000     1     90.0000      0.0000   1
   1       860.00000           0         0.00000     1     90.0000      0.0000   1
   1       870.00000           0         0.00000     1     90.0000      0.0000   1
   1       880.00000           0         0.00000     1     90.0000      0.0000   1
   1       890.00000           0         0.00000     1     90.0000      0.0000   1
   1       900.00000           0         0.00000     1     90.0000      0.0000   1
   1       910.00000           0         0.00000     1     90.0000      0.0000   1
   1       920.00000           0         0.00000     1     90.0000      0.0000   1
   1       930.00000           0         0.00000     1     90.0000      0.0000   1
   1       940.00000           0         0.00000     1     90.0000      0.0000   1
   1       950.00000           0         0.00000     1     90.0000      0.0000   1
   1       960.00000           0         0.00000     1     90.0000      0.0000   1
   1       970.00000           0         0.00000     1     90.0000      0.0000   1
   1       980.00000           0         0.00000     1     90.0000      0.0000   1
   1       990.00000           0         0.00000     1     90.0000      0.0000   1
   1      1000.00000           0         0.00000     1     90.0000      0.0000   1
   2        10.00000       61250         0.02227     2      0.0000      0.0000   1
   2        20.00000       60000         0.04124     2      0.0000      0.0000   1
   2        30.00000       58750         0.06199     2      0.0000      0.0000   1
   2        40.00000       57500         0.08449     2      0.0000      0.0000   1
   2        50.00000       56250         0.10904     2      0.0000      0.0000   1
   2        60.00000       55000         0.14040     2      0.0000      0.0000   1
   2        70.00000       53750         0.17405     2      0.0000      0.0000   1
   2        80.00000       52500         0.20947     2      0.0000      0.0000   1
   2        90.00000       51250         0.24614     2      0.0000      0.0000   1
   2       100.00000       50000         0.28339     2      0.0000      0.0000   1
   2       110.00000       48750         0.31469     2      0.0000      0.0000   1
   2       120.00000       47500         0.34873     2      0.0000      0.0000   1
   2       130.00000       46250         0.38285     2      0.0000      0.0000   1
   2       140.00000       45000         0.41776     2      0.0000      0.0000   1
   2       150.00000       43750         0.45276     2      0.0000      0.0000   1
   2       160.00000       42500         0.48542     2      0.0000      0.0000   1
   2       170.00000       41250         0.51850     2      0.0000      0.0000   1
   2       180.00000       40000         0.55226     2      0.0000      0.0000   1
   2       190.00000       38750         0.58701     2      0.0000      0.0000   1
   2       200.00000       37500         0.62374     2      0.0000      0.0000   1
   2       210.00000       36250         0.63715     2      0.0000      0.0000   1
   2       220.00000       35000         0.65400     2      0.0000      0.0000   1
   2       230.00000       33750         0.66997     2      0.0000      0.0000   1
   2       240.00000       32500         0.68543     2      0.0000      0.0000   1
   2       250.00000       31250         0.70014     2      0.0000      0.0000   1
   2       260.00000       30000         0.71036     2      0.0000      0.0000   1
   2       270.00000       28750         0.71967     2      0.0000      0.0000   1
   2       280.00000       27500         0.72889     2      0.0000      0.0000   1
   2       290.00000       26250         0.73757     2      0.0000      0.0000   1
   2       300.00000       25000         0.74933     2      0.0000      0.0000   1
   2       310.00000       23750         0.73111     2      0.0000      0.0000   1
   2       320.00000       22500         0.71362     2      0.0000      0.0000   1
   2       330.00000       21250         0.69194     2      0.0000      0.0000   1
   2       340.00000       20000         0.66632     2      0.0000      0.0000   1
   2       350.00000       18750         0.63647     2      0.0000      0.0000   1
   2       360.00000       17500         0.60384     2      0.0000      0.0000   1
   2       370.00000       16250         0.56719     2      0.0000      0.0000   1
   2       380.00000       15000         0.52612     2      0.0000      0.0000   1
   2       390.00000       13750         0.47996     2      0.0000      0.0000   1
   2       400.00000       12500         0.42485     2      0.0000      0.0000   1
   2       410.00000       11250         0.41734     2      0.0000      0.0000   1
   2       420.00000       10000         0.40582     2      0.0000      0.0000   1
   2       430.00000        8750         0.39592     2      0.0000      0.0000   1
   2       440.00000        7500         0.38604     2      0.0000      0.0000   1
   2       450.00000        6250         0.37690     2      0.0000      0.0000   1
   2       460.00000        5000         0.36946     2      0.0000      0.0000   1
   2       470.00000        3750         0.36345     2      0.0000      0.0000   1
   2       480.00000        2500         0.35908     2      0.0000      0.0000   1
   2       490.00000        1250         0.35489     2      0.0000      0.0000   1
   2       500.00000           0         0.00000     2      0.0000      0.0000   1
   2       510.00000           0         0.00000     2      0.0000      0.0000   1
   2       520.00000           0         0.00000     2      0.0000      0.0000   1
   2       530.00000           0         0.00000     2      0.0000      0.0000   1
   2       540.00000           0         0.00000     2      0.0000      0.0000   1
   2       550.00000           0         0.00000     2      0.0000      0.0000   1
   2       560.00000           0         0.00000     2      0.0000      0.0000   1
   2       570.00000           0         0.00000     2      0.0000      0.0000   1
   2       580.00000           0         0.00000     2      0.0000      0.0000   1
   2       590.00000           0         0.00000     2      0.0000      0.0000   1
   2       600.00000           0         0.00000     2      0.0000      0.0000   1
   2       610.00000           0         0.00000     2      0.0000      0.0000   1
   2       620.00000           0         0.00000     2      0.0000      0.0000   1
   2       630.00000           0         0.00000     2      0.0000      0.0000   1
   2       640.00000           0         0.00000     2      0.0000      0.0000   1
   2       650.00000           0         0.00000     2      0.0000      0.0000   1
   2       660.00000           0         0.00000     2      0.0000      0.0000   1
   2       670.00000           0         0.00000     2      0.0000      0.0000   1
   2       680.00000           0         0.00000     2      0.0000      0.0000   1
   2       690.00000           0         0.00000     2      0.0000      0.0000   1
   2       700.00000           0         0.00000     2      0.0000      0.0000   1
   2       710.00000           0         0.00000     2      0.0000      0.0000   1
   2       720.00000           0         0.00000     2      0.0000      0.0000   1
   2       730.00000           0         0.00000     2      0.0000      0.0000   1
   2       740.00000           0         0.00000     2      0.0000      0.0000   1
   2       750.00000           0         0.00000     2      0.0000      0.0000   1
   2       760.00000           0         0.00000     2      0.0000      0.0000   1
   2       770.00000           0         0.00000     2      0.0000      0.0000   1
   2       780.00000           0         0.00000     2      0.0000      0.0000   1
   2       790.00000           0         0.00000     2      0.0000      0.0000   1
   2       800.00000           0         0.00000     2      0.0000      0.0000   1
   2       810.00000           0         0.00000     2      0.0000      0.0000   1
   2       820.00000           0         0.00000     2      0.0000      0.0000   1
   2       830.00000           0         0.00000     2      0.0000      0.0000   1
   2       840.00000           0         0.00000     2      0.0000      0.0000   1
   2       850.00000           0         0.00000     2      0.0000      0.0000   1
   2       860.00000           0         0.00000     2      0.0000      0.0000   1
   2       870.00000           0         0.00000     2      0.0000      0.0000   1
   2       880.00000           0         0.00000     2      0.0000      0.0000   1
   2       890.00000           0         0.00000     2      0.0000      0.0000   1
   2       900.00000           0         0.00000     2      0.0000      0.0000   1
   2       910.00000           0         0.00000     2      0.0000      0.0000   1
   2       920.00000           0         0.00000     2      0.0000      0.0000   1
   2       930.00000           0         0.00000     2      0.0000      0.0000   1
   2       940.00000           0         0.00000     2      0.0000      0.0000   1
   2       950.00000           0         0.00000     2      0.0000      0.0000   1
   2       960.00000           0         0.00000     2      0.0000      0.0000   1
   2       970.00000           0         0.00000     2      0.0000      0.0000   1
   2       980.00000           0         0.00000     2      0.0000      0.0000   1
   2       990.00000           0         0.00000     2      0.0000      0.0000   1
   2      1000.00000           0         0.00000     2      0.0000      0.0000   1
   3        10.00000       60000         0.01101     3     90.0000     90.0000   1
   3        20.00000       57500         0.03243     3     90.0000     90.0000   1
   3        30.00000       55000         0.06599     3     90.0000     90.0000   1
   3        40.00000       52500         0.11048     3     90.0000     90.0000   1
   3        50.00000       50000         0.16386     3     90.0000     90.0000   1
   3        60.00000       47500         0.22216     3     90.0000     90.0000   1
   3        70.00000       45000         0.28146     3     90.0000     90.0000   1
   3        80.00000       42500         0.33768     3     90.0000     90.0000   1
   3        90.00000       40000         0.38546     3     90.0000     90.0000   1
   3       100.00000       37500         0.42162     3     90.0000     90.0000   1
   3       110.00000       35000         0.44337     3     90.0000     90.0000   1
   3       120.00000       32500         0.45270     3     90.0000     90.0000   1
   3       130.00000       30000         0.44878     3     90.0000     90.0000   1
   3       140.00000       27500         0.43778     3     90.0000     90.0000   1
   3       150.00000       25000         0.42160     3     90.0000     90.0000   1
   3       160.00000       22500         0.41004     3     90.0000     90.0000   1
   3       170.00000       20000         0.40113     3     90.0000     90.0000   1
   3       180.00000       17500         0.40122     3     90.0000     90.0000   1
   3       190.00000       15000         0.40743     3     90.0000     90.0000   1
   3       200.00000       12500         0.42189     3     90.0000     90.0000   1
   3       210.00000       10000         0.44027     3     90.0000     90.0000   1
   3       220.00000        7500         0.45115     3     90.0000     90.0000   1
   3       230.00000        5000         0.44255     3     90.0000     90.0000   1
   3       240.00000        2500         0.44092     3     90.0000     90.0000   1
   3       250.00000           0         0.00000     3     90.0000     90.0000   1
   3       260.00000           0         0.00000     3     90.0000     90.0000   1
   3       270.00000           0         0.00000     3     90.0000     90.0000   1
   3       280.00000           0         0.00000     3     90.0000     90.0000   1
   3       290.00000           0         0.00000     3     90.0000     90.0000   1
   3       300.00000           0         0.00000     3     90.0000     90.0000   1
   3       310.00000           0         0.00000     3     90.0000     90.0000   1
   3       320.00000           0         0.00000     3     90.0000     90.0000   1
   3       330.00000           0         0.00000     3     90.0000     90.0000   1
   3       340.00000           0         0.00000     3     90.0000     90.0000   1
   3       350.00000           0         0.00000     3     90.0000     90.0000   1
   3       360.00000           0         0.00000     3     90.0000     90.0000   1
   3       370.00000           0         0.00000     3     90.0000     90.0000   1
   3       380.00000           0         0.00000     3     90.0000     90.0000   1
   3       390.00000           0         0.00000     3     90.0000     90.0000   1
   3       400.00000           0         0.00000     3     90.0000     90.0000   1
   3       410.00000           0         0.00000     3     90.0000     90.0000   1
   3       420.00000           0         0.00000     3     90.0000     90.0000   1
   3       430.00000           0         0.00000     3     90.0000     90.0000   1
   3       440.00000           0         0.00000     3     90.0000     90.0000   1
   3       450.00000           0         0.00000     3     90.0000     90.0000   1
   3       460.00000           0         0.00000     3     90.0000     90.0000   1
   3       470.00000           0         0.00000     3     90.0000     90.0000   1
   3       480.00000           0         0.00000     3     90.0000     90.0000   1
   3       490.00000           0         0.00000     3     90.0000     90.0000   1
   3       500.00000           0         0.00000     3     90.0000     90.0000   1
   3       510.00000           0         0.00000     3     90.0000     90.0000   1
   3       520.00000           0         0.00000     3     90.0000     90.0000   1
   3       530.00000           0         0.00000     3     90.0000     90.0000   1
   3       540.00000           0         0.00000     3     90.0000     90.0000   1
   3       550.00000           0         0.00000     3     90.0000     90.0000   1
   3       560.00000           0         0.00000     3     90.0000     90.0000   1
   3       570.00000           0         0.00000     3     90.0000     90.0000   1
   3       580.00000           0         0.00000     3     90.0000     90.0000   1
   3       590.00000           0         0.00000     3     90.0000     90.0000   1
   3       600.00000           0         0.00000     3     90.0000     90.0000   1
   3       610.00000           0         0.00000     3     90.0000     90.0000   1
   3       620.00000           0         0.00000     3     90.0000     90.0000   1
   3       630.00000           0         0.00000     3     90.0000     90.0000   1
   3       640.00000           0         0.00000     3     90.0000     90.0000   1
   3       650.00000           0         0.00000     3     90.0000     90.0000   1
   3       660.00000           0         0.00000     3     90.0000     90.0000   1
   3       670.00000           0         0.00000     3     90.0000     90.0000   1
   3       680.00000           0         0.00000     3     90.0000     90.0000   1
   3       690.00000           0         0.00000     3     90.0000     90.0000   1
   3       700.00000           0         0.00000     3     90.0000     90.0000   1
   3       710.00000           0         0.00000     3     90.0000     90.0000   1
   3       720.00000           0         0.00000     3     90.0000     90.0000   1
   3       730.00000           0         0.00000     3     90.0000     90.0000   1
   3       740.00000           0         0.00000     3     90.0000     90.0000   1
   3       750.00000           0         0.00000     3     90.0000     90.0000   1
   3       760.00000           0         0.00000     3     90.0000     90.0000   1
   3       770.00000           0         0.00000     3     90.0000     90.0000   1
   3       780.00000           0         0.00000     3     90.0000     90.0000   1
   3       790.00000           0         0.00000     3     90.0000     90.0000   1
   3       800.00000           0         0.00000     3     90.0000     90.0000   1
   3       810.00000           0         0.00000     3     90.0000     90.0000   1
   3       820.00000           0         0.00000     3     90.0000     90.0000   1
   3       830.00000           0         0.00000     3     90.0000     90.0000   1
   3       840.00000           0         0.00000     3     90.0000     90.0000   1
   3       850.00000           0         0.00000     3     90.0000     90.0000   1
   3       860.00000           0         0.00000     3     90.0000     90.0000   1
   3       870.00000           0         0.00000     3     90.0000     90.0000   1
   3       880.00000           0         0.00000     3     90.0000     90.0000   1
   3       890.00000           0         0.00000     3     90.0000     90.0000   1
   3       900.00000           0         0.00000     3     90.0000     90.0000   1
   3       910.00000           0         0.00000     3     90.0000     90.0000   1
   3       920.00000           0         0.00000     3     90.0000     90.0000   1
   3       930.00000           0         0.00000     3     90.0000     90.0000   1
   3       940.00000           0         0.00000     3     90.0000     90.0000   1
   3       950.00000           0         0.00000     3     90.0000     90.0000   1
   3       960.00000           0         0.00000     3     90.0000     90.0000   1
   3       970.00000           0         0.00000     3     90.0000     90.0000   1
   3       980.00000           0         0.00000     3     90.0000     90.0000   1
   3       990.00000           0         0.00000     3     90.0000     90.0000   1
   3      1000.00000           0         0.00000     3     90.0000     90.0000   1
