Grid Sample
7         
Drill ID
X
Y
Z
MD
Block ID
value                   
      1         45.00          45.00         245.00      0.00     60205      0.0000
      1         45.00          45.00         235.00     10.00     57705      0.0000
      1         45.00          45.00         225.00     20.00     55205      0.0000
      1         45.00          45.00         215.00     30.00     52705      0.0000
      1         45.00          45.00         205.00     40.00     50205      0.0000
      1         45.00          45.00         195.00     50.00     47705      0.0000
      1         45.00          45.00         185.00     60.00     45205      0.0000
      1         45.00          45.00         175.00     70.00     42705      0.0000
      1         45.00          45.00         165.00     80.00     40205      0.0000
      1         45.00          45.00         155.00     90.00     37705      0.0000
      1         45.00          45.00         145.00    100.00     35205      0.0000
      1         45.00          45.00         135.00    110.00     32705      0.0000
      1         45.00          45.00         125.00    120.00     30205      0.0000
      1         45.00          45.00         115.00    130.00     27705      0.0000
      1         45.00          45.00         105.00    140.00     25205      0.0000
      1         45.00          45.00          95.00    150.00     22705      0.0000
      1         45.00          45.00          85.00    160.00     20205      0.0000
      1         45.00          45.00          75.00    170.00     17705      0.0000
      1         45.00          45.00          65.00    180.00     15205      0.0000
      1         45.00          45.00          55.00    190.00     12705      0.0000
      1         45.00          45.00          45.00    200.00     10205      0.0000
      1         45.00          45.00          35.00    210.00      7705      0.0000
      1         45.00          45.00          25.00    220.00      5205      0.0000
      1         45.00          45.00          15.00    230.00      2705      0.0000
      2        125.00          45.00         245.00      0.00     60213      0.1860
      2        125.00          45.00         235.00     10.00     57713      0.2687
      2        125.00          45.00         225.00     20.00     55213      0.2872
      2        125.00          45.00         215.00     30.00     52713      0.2872
      2        125.00          45.00         205.00     40.00     50213      0.4113
      2        125.00          45.00         195.00     50.00     47713      0.4696
      2        125.00          45.00         185.00     60.00     45213      0.6554
      2        125.00          45.00         175.00     70.00     42713      0.7352
      2        125.00          45.00         165.00     80.00     40213      0.8742
      2        125.00          45.00         155.00     90.00     37713      0.9833
      2        125.00          45.00         145.00    100.00     35213      1.1564
      2        125.00          45.00         135.00    110.00     32713      1.1421
      2        125.00          45.00         125.00    120.00     30213      1.1794
      2        125.00          45.00         115.00    130.00     27713      1.1163
      2        125.00          45.00         105.00    140.00     25213      1.0401
      2        125.00          45.00          95.00    150.00     22713      1.0467
      2        125.00          45.00          85.00    160.00     20213      0.8265
      2        125.00          45.00          75.00    170.00     17713      0.6944
      2        125.00          45.00          65.00    180.00     15213      0.5909
      2        125.00          45.00          55.00    190.00     12713      0.5120
      2        125.00          45.00          45.00    200.00     10213      0.3725
      2        125.00          45.00          35.00    210.00      7713      0.3021
      2        125.00          45.00          25.00    220.00      5213      0.3015
      2        125.00          45.00          15.00    230.00      2713      0.2481
      3        205.00          45.00         245.00      0.00     60221      0.5853
      3        205.00          45.00         235.00     10.00     57721      0.6325
      3        205.00          45.00         225.00     20.00     55221      0.5901
      3        205.00          45.00         215.00     30.00     52721      0.6891
      3        205.00          45.00         205.00     40.00     50221      0.7764
      3        205.00          45.00         195.00     50.00     47721      0.9363
      3        205.00          45.00         185.00     60.00     45221      1.0075
      3        205.00          45.00         175.00     70.00     42721      1.1230
      3        205.00          45.00         165.00     80.00     40221      1.2153
      3        205.00          45.00         155.00     90.00     37721      1.4018
      3        205.00          45.00         145.00    100.00     35221      1.4114
      3        205.00          45.00         135.00    110.00     32721      1.5099
      3        205.00          45.00         125.00    120.00     30221      1.5352
      3        205.00          45.00         115.00    130.00     27721      1.4795
      3        205.00          45.00         105.00    140.00     25221      1.4424
      3        205.00          45.00          95.00    150.00     22721      1.3616
      3        205.00          45.00          85.00    160.00     20221      1.2088
      3        205.00          45.00          75.00    170.00     17721      1.1311
      3        205.00          45.00          65.00    180.00     15221      1.0372
      3        205.00          45.00          55.00    190.00     12721      0.8726
      3        205.00          45.00          45.00    200.00     10221      0.7408
      3        205.00          45.00          35.00    210.00      7721      0.6507
      3        205.00          45.00          25.00    220.00      5221      0.6592
      3        205.00          45.00          15.00    230.00      2721      0.6584
      4        285.00          45.00         245.00      0.00     60229      0.5634
      4        285.00          45.00         235.00     10.00     57729      0.6754
      4        285.00          45.00         225.00     20.00     55229      0.6541
      4        285.00          45.00         215.00     30.00     52729      0.7678
      4        285.00          45.00         205.00     40.00     50229      0.7534
      4        285.00          45.00         195.00     50.00     47729      0.9068
      4        285.00          45.00         185.00     60.00     45229      0.9591
      4        285.00          45.00         175.00     70.00     42729      1.0913
      4        285.00          45.00         165.00     80.00     40229      1.2278
      4        285.00          45.00         155.00     90.00     37729      1.3729
      4        285.00          45.00         145.00    100.00     35229      1.4676
      4        285.00          45.00         135.00    110.00     32729      1.5812
      4        285.00          45.00         125.00    120.00     30229      1.5592
      4        285.00          45.00         115.00    130.00     27729      1.5783
      4        285.00          45.00         105.00    140.00     25229      1.4073
      4        285.00          45.00          95.00    150.00     22729      1.3106
      4        285.00          45.00          85.00    160.00     20229      1.1811
      4        285.00          45.00          75.00    170.00     17729      1.1353
      4        285.00          45.00          65.00    180.00     15229      1.0000
      4        285.00          45.00          55.00    190.00     12729      0.8783
      4        285.00          45.00          45.00    200.00     10229      0.7506
      4        285.00          45.00          35.00    210.00      7729      0.6868
      4        285.00          45.00          25.00    220.00      5229      0.6586
      4        285.00          45.00          15.00    230.00      2729      0.6110
      5        365.00          45.00         245.00      0.00     60237      0.2089
      5        365.00          45.00         235.00     10.00     57737      0.2957
      5        365.00          45.00         225.00     20.00     55237      0.2362
      5        365.00          45.00         215.00     30.00     52737      0.3720
      5        365.00          45.00         205.00     40.00     50237      0.4691
      5        365.00          45.00         195.00     50.00     47737      0.5263
      5        365.00          45.00         185.00     60.00     45237      0.6171
      5        365.00          45.00         175.00     70.00     42737      0.7084
      5        365.00          45.00         165.00     80.00     40237      0.8303
      5        365.00          45.00         155.00     90.00     37737      1.0256
      5        365.00          45.00         145.00    100.00     35237      1.1004
      5        365.00          45.00         135.00    110.00     32737      1.1813
      5        365.00          45.00         125.00    120.00     30237      1.1787
      5        365.00          45.00         115.00    130.00     27737      1.1708
      5        365.00          45.00         105.00    140.00     25237      1.1114
      5        365.00          45.00          95.00    150.00     22737      0.9975
      5        365.00          45.00          85.00    160.00     20237      0.8979
      5        365.00          45.00          75.00    170.00     17737      0.6974
      5        365.00          45.00          65.00    180.00     15237      0.6255
      5        365.00          45.00          55.00    190.00     12737      0.5524
      5        365.00          45.00          45.00    200.00     10237      0.4012
      5        365.00          45.00          35.00    210.00      7737      0.3146
      5        365.00          45.00          25.00    220.00      5237      0.2613
      5        365.00          45.00          15.00    230.00      2737      0.2481
      6        445.00          45.00         245.00      0.00     60245      0.0000
      6        445.00          45.00         235.00     10.00     57745      0.0000
      6        445.00          45.00         225.00     20.00     55245      0.0000
      6        445.00          45.00         215.00     30.00     52745      0.0000
      6        445.00          45.00         205.00     40.00     50245      0.0000
      6        445.00          45.00         195.00     50.00     47745      0.0000
      6        445.00          45.00         185.00     60.00     45245      0.0000
      6        445.00          45.00         175.00     70.00     42745      0.0000
      6        445.00          45.00         165.00     80.00     40245      0.0000
      6        445.00          45.00         155.00     90.00     37745      0.0000
      6        445.00          45.00         145.00    100.00     35245      0.0000
      6        445.00          45.00         135.00    110.00     32745      0.0000
      6        445.00          45.00         125.00    120.00     30245      0.0000
      6        445.00          45.00         115.00    130.00     27745      0.0000
      6        445.00          45.00         105.00    140.00     25245      0.0000
      6        445.00          45.00          95.00    150.00     22745      0.0000
      6        445.00          45.00          85.00    160.00     20245      0.0000
      6        445.00          45.00          75.00    170.00     17745      0.0000
      6        445.00          45.00          65.00    180.00     15245      0.0000
      6        445.00          45.00          55.00    190.00     12745      0.0000
      6        445.00          45.00          45.00    200.00     10245      0.0000
      6        445.00          45.00          35.00    210.00      7745      0.0000
      6        445.00          45.00          25.00    220.00      5245      0.0000
      6        445.00          45.00          15.00    230.00      2745      0.0000
      7         45.00         125.00         245.00      0.00     60605      0.2211
      7         45.00         125.00         235.00     10.00     58105      0.2124
      7         45.00         125.00         225.00     20.00     55605      0.2386
      7         45.00         125.00         215.00     30.00     53105      0.3325
      7         45.00         125.00         205.00     40.00     50605      0.3884
      7         45.00         125.00         195.00     50.00     48105      0.4996
      7         45.00         125.00         185.00     60.00     45605      0.6544
      7         45.00         125.00         175.00     70.00     43105      0.6924
      7         45.00         125.00         165.00     80.00     40605      0.8764
      7         45.00         125.00         155.00     90.00     38105      0.9499
      7         45.00         125.00         145.00    100.00     35605      1.1095
      7         45.00         125.00         135.00    110.00     33105      1.1513
      7         45.00         125.00         125.00    120.00     30605      1.1796
      7         45.00         125.00         115.00    130.00     28105      1.1753
      7         45.00         125.00         105.00    140.00     25605      1.0750
      7         45.00         125.00          95.00    150.00     23105      1.0001
      7         45.00         125.00          85.00    160.00     20605      0.8468
      7         45.00         125.00          75.00    170.00     18105      0.7378
      7         45.00         125.00          65.00    180.00     15605      0.6745
      7         45.00         125.00          55.00    190.00     13105      0.5109
      7         45.00         125.00          45.00    200.00     10605      0.3667
      7         45.00         125.00          35.00    210.00      8105      0.2842
      7         45.00         125.00          25.00    220.00      5605      0.2709
      7         45.00         125.00          15.00    230.00      3105      0.2733
      8        125.00         125.00         245.00      0.00     60613      0.8143
      8        125.00         125.00         235.00     10.00     58113      0.8553
      8        125.00         125.00         225.00     20.00     55613      0.8785
      8        125.00         125.00         215.00     30.00     53113      0.9665
      8        125.00         125.00         205.00     40.00     50613      1.0647
      8        125.00         125.00         195.00     50.00     48113      1.0809
      8        125.00         125.00         185.00     60.00     45613      1.1977
      8        125.00         125.00         175.00     70.00     43113      1.3392
      8        125.00         125.00         165.00     80.00     40613      1.5147
      8        125.00         125.00         155.00     90.00     38113      1.6032
      8        125.00         125.00         145.00    100.00     35613      1.6416
      8        125.00         125.00         135.00    110.00     33113      1.7321
      8        125.00         125.00         125.00    120.00     30613      1.7910
      8        125.00         125.00         115.00    130.00     28113      1.7057
      8        125.00         125.00         105.00    140.00     25613      1.7038
      8        125.00         125.00          95.00    150.00     23113      1.6123
      8        125.00         125.00          85.00    160.00     20613      1.5122
      8        125.00         125.00          75.00    170.00     18113      1.4068
      8        125.00         125.00          65.00    180.00     15613      1.2757
      8        125.00         125.00          55.00    190.00     13113      1.1140
      8        125.00         125.00          45.00    200.00     10613      1.0274
      8        125.00         125.00          35.00    210.00      8113      0.9810
      8        125.00         125.00          25.00    220.00      5613      0.8459
      8        125.00         125.00          15.00    230.00      3113      0.8795
      9        205.00         125.00         245.00      0.00     60621      0.4644
      9        205.00         125.00         235.00     10.00     58121      0.4517
      9        205.00         125.00         225.00     20.00     55621      0.5579
      9        205.00         125.00         215.00     30.00     53121      0.5667
      9        205.00         125.00         205.00     40.00     50621      0.6424
      9        205.00         125.00         195.00     50.00     48121      0.7654
      9        205.00         125.00         185.00     60.00     45621      0.8443
      9        205.00         125.00         175.00     70.00     43121      0.9962
      9        205.00         125.00         165.00     80.00     40621      1.1224
      9        205.00         125.00         155.00     90.00     38121      1.2614
      9        205.00         125.00         145.00    100.00     35621      1.3644
      9        205.00         125.00         135.00    110.00     33121      1.4526
      9        205.00         125.00         125.00    120.00     30621      1.3690
      9        205.00         125.00         115.00    130.00     28121      1.4064
      9        205.00         125.00         105.00    140.00     25621      1.3492
      9        205.00         125.00          95.00    150.00     23121      1.2901
      9        205.00         125.00          85.00    160.00     20621      1.1069
      9        205.00         125.00          75.00    170.00     18121      0.9390
      9        205.00         125.00          65.00    180.00     15621      0.8403
      9        205.00         125.00          55.00    190.00     13121      0.7450
      9        205.00         125.00          45.00    200.00     10621      0.6539
      9        205.00         125.00          35.00    210.00      8121      0.5922
      9        205.00         125.00          25.00    220.00      5621      0.5237
      9        205.00         125.00          15.00    230.00      3121      0.5273
     10        285.00         125.00         245.00      0.00     60629      0.4626
     10        285.00         125.00         235.00     10.00     58129      0.4501
     10        285.00         125.00         225.00     20.00     55629      0.5162
     10        285.00         125.00         215.00     30.00     53129      0.6008
     10        285.00         125.00         205.00     40.00     50629      0.6471
     10        285.00         125.00         195.00     50.00     48129      0.7756
     10        285.00         125.00         185.00     60.00     45629      0.9131
     10        285.00         125.00         175.00     70.00     43129      0.9585
     10        285.00         125.00         165.00     80.00     40629      1.1500
     10        285.00         125.00         155.00     90.00     38129      1.2371
     10        285.00         125.00         145.00    100.00     35629      1.3657
     10        285.00         125.00         135.00    110.00     33129      1.4516
     10        285.00         125.00         125.00    120.00     30629      1.4090
     10        285.00         125.00         115.00    130.00     28129      1.3691
     10        285.00         125.00         105.00    140.00     25629      1.3338
     10        285.00         125.00          95.00    150.00     23129      1.2425
     10        285.00         125.00          85.00    160.00     20629      1.1020
     10        285.00         125.00          75.00    170.00     18129      0.9793
     10        285.00         125.00          65.00    180.00     15629      0.8824
     10        285.00         125.00          55.00    190.00     13129      0.6905
     10        285.00         125.00          45.00    200.00     10629      0.6365
     10        285.00         125.00          35.00    210.00      8129      0.5439
     10        285.00         125.00          25.00    220.00      5629      0.5055
     10        285.00         125.00          15.00    230.00      3129      0.4913
     11        365.00         125.00         245.00      0.00     60637      0.8754
     11        365.00         125.00         235.00     10.00     58137      0.8469
     11        365.00         125.00         225.00     20.00     55637      0.9205
     11        365.00         125.00         215.00     30.00     53137      0.9231
     11        365.00         125.00         205.00     40.00     50637      0.9710
     11        365.00         125.00         195.00     50.00     48137      1.1636
     11        365.00         125.00         185.00     60.00     45637      1.2716
     11        365.00         125.00         175.00     70.00     43137      1.3435
     11        365.00         125.00         165.00     80.00     40637      1.5268
     11        365.00         125.00         155.00     90.00     38137      1.6598
     11        365.00         125.00         145.00    100.00     35637      1.7161
     11        365.00         125.00         135.00    110.00     33137      1.8071
     11        365.00         125.00         125.00    120.00     30637      1.7763
     11        365.00         125.00         115.00    130.00     28137      1.8182
     11        365.00         125.00         105.00    140.00     25637      1.7216
     11        365.00         125.00          95.00    150.00     23137      1.6004
     11        365.00         125.00          85.00    160.00     20637      1.4740
     11        365.00         125.00          75.00    170.00     18137      1.3558
     11        365.00         125.00          65.00    180.00     15637      1.1847
     11        365.00         125.00          55.00    190.00     13137      1.1344
     11        365.00         125.00          45.00    200.00     10637      0.9982
     11        365.00         125.00          35.00    210.00      8137      0.9394
     11        365.00         125.00          25.00    220.00      5637      0.8262
     11        365.00         125.00          15.00    230.00      3137      0.8650
     12        445.00         125.00         245.00      0.00     60645      0.1608
     12        445.00         125.00         235.00     10.00     58145      0.2289
     12        445.00         125.00         225.00     20.00     55645      0.3075
     12        445.00         125.00         215.00     30.00     53145      0.3721
     12        445.00         125.00         205.00     40.00     50645      0.4012
     12        445.00         125.00         195.00     50.00     48145      0.4796
     12        445.00         125.00         185.00     60.00     45645      0.5776
     12        445.00         125.00         175.00     70.00     43145      0.7746
     12        445.00         125.00         165.00     80.00     40645      0.9021
     12        445.00         125.00         155.00     90.00     38145      1.0043
     12        445.00         125.00         145.00    100.00     35645      1.1207
     12        445.00         125.00         135.00    110.00     33145      1.1269
     12        445.00         125.00         125.00    120.00     30645      1.1142
     12        445.00         125.00         115.00    130.00     28145      1.1343
     12        445.00         125.00         105.00    140.00     25645      1.1264
     12        445.00         125.00          95.00    150.00     23145      0.9642
     12        445.00         125.00          85.00    160.00     20645      0.9353
     12        445.00         125.00          75.00    170.00     18145      0.7447
     12        445.00         125.00          65.00    180.00     15645      0.5968
     12        445.00         125.00          55.00    190.00     13145      0.4747
     12        445.00         125.00          45.00    200.00     10645      0.3932
     12        445.00         125.00          35.00    210.00      8145      0.3359
     12        445.00         125.00          25.00    220.00      5645      0.2441
     12        445.00         125.00          15.00    230.00      3145      0.2388
     13         45.00         205.00         245.00      0.00     61005      0.6083
     13         45.00         205.00         235.00     10.00     58505      0.6166
     13         45.00         205.00         225.00     20.00     56005      0.6348
     13         45.00         205.00         215.00     30.00     53505      0.7010
     13         45.00         205.00         205.00     40.00     51005      0.7693
     13         45.00         205.00         195.00     50.00     48505      0.9369
     13         45.00         205.00         185.00     60.00     46005      1.0190
     13         45.00         205.00         175.00     70.00     43505      1.1517
     13         45.00         205.00         165.00     80.00     41005      1.2536
     13         45.00         205.00         155.00     90.00     38505      1.3425
     13         45.00         205.00         145.00    100.00     36005      1.4434
     13         45.00         205.00         135.00    110.00     33505      1.5354
     13         45.00         205.00         125.00    120.00     31005      1.5946
     13         45.00         205.00         115.00    130.00     28505      1.5292
     13         45.00         205.00         105.00    140.00     26005      1.5021
     13         45.00         205.00          95.00    150.00     23505      1.3352
     13         45.00         205.00          85.00    160.00     21005      1.2870
     13         45.00         205.00          75.00    170.00     18505      1.1204
     13         45.00         205.00          65.00    180.00     16005      0.9948
     13         45.00         205.00          55.00    190.00     13505      0.8496
     13         45.00         205.00          45.00    200.00     11005      0.8042
     13         45.00         205.00          35.00    210.00      8505      0.6833
     13         45.00         205.00          25.00    220.00      6005      0.7063
     13         45.00         205.00          15.00    230.00      3505      0.6221
     14        125.00         205.00         245.00      0.00     61013      0.4647
     14        125.00         205.00         235.00     10.00     58513      0.5149
     14        125.00         205.00         225.00     20.00     56013      0.4808
     14        125.00         205.00         215.00     30.00     53513      0.5598
     14        125.00         205.00         205.00     40.00     51013      0.6297
     14        125.00         205.00         195.00     50.00     48513      0.7119
     14        125.00         205.00         185.00     60.00     46013      0.8323
     14        125.00         205.00         175.00     70.00     43513      0.9486
     14        125.00         205.00         165.00     80.00     41013      1.1036
     14        125.00         205.00         155.00     90.00     38513      1.2011
     14        125.00         205.00         145.00    100.00     36013      1.3511
     14        125.00         205.00         135.00    110.00     33513      1.4312
     14        125.00         205.00         125.00    120.00     31013      1.4374
     14        125.00         205.00         115.00    130.00     28513      1.3889
     14        125.00         205.00         105.00    140.00     26013      1.3146
     14        125.00         205.00          95.00    150.00     23513      1.2668
     14        125.00         205.00          85.00    160.00     21013      1.1014
     14        125.00         205.00          75.00    170.00     18513      0.9916
     14        125.00         205.00          65.00    180.00     16013      0.9091
     14        125.00         205.00          55.00    190.00     13513      0.7659
     14        125.00         205.00          45.00    200.00     11013      0.6893
     14        125.00         205.00          35.00    210.00      8513      0.6400
     14        125.00         205.00          25.00    220.00      6013      0.4858
     14        125.00         205.00          15.00    230.00      3513      0.4962
     15        205.00         205.00         245.00      0.00     61021      0.0000
     15        205.00         205.00         235.00     10.00     58521      0.0000
     15        205.00         205.00         225.00     20.00     56021      0.0000
     15        205.00         205.00         215.00     30.00     53521      0.0000
     15        205.00         205.00         205.00     40.00     51021      0.0000
     15        205.00         205.00         195.00     50.00     48521      0.0000
     15        205.00         205.00         185.00     60.00     46021      0.0000
     15        205.00         205.00         175.00     70.00     43521      0.0000
     15        205.00         205.00         165.00     80.00     41021      0.0000
     15        205.00         205.00         155.00     90.00     38521      0.0000
     15        205.00         205.00         145.00    100.00     36021      0.0000
     15        205.00         205.00         135.00    110.00     33521      0.0000
     15        205.00         205.00         125.00    120.00     31021      0.0000
     15        205.00         205.00         115.00    130.00     28521      0.0000
     15        205.00         205.00         105.00    140.00     26021      0.0000
     15        205.00         205.00          95.00    150.00     23521      0.0000
     15        205.00         205.00          85.00    160.00     21021      0.0000
     15        205.00         205.00          75.00    170.00     18521      0.0000
     15        205.00         205.00          65.00    180.00     16021      0.0000
     15        205.00         205.00          55.00    190.00     13521      0.0000
     15        205.00         205.00          45.00    200.00     11021      0.0000
     15        205.00         205.00          35.00    210.00      8521      0.0000
     15        205.00         205.00          25.00    220.00      6021      0.0000
     15        205.00         205.00          15.00    230.00      3521      0.0000
     16        285.00         205.00         245.00      0.00     61029      0.0000
     16        285.00         205.00         235.00     10.00     58529      0.0000
     16        285.00         205.00         225.00     20.00     56029      0.0000
     16        285.00         205.00         215.00     30.00     53529      0.0000
     16        285.00         205.00         205.00     40.00     51029      0.0000
     16        285.00         205.00         195.00     50.00     48529      0.0000
     16        285.00         205.00         185.00     60.00     46029      0.0000
     16        285.00         205.00         175.00     70.00     43529      0.0000
     16        285.00         205.00         165.00     80.00     41029      0.0000
     16        285.00         205.00         155.00     90.00     38529      0.0000
     16        285.00         205.00         145.00    100.00     36029      0.0000
     16        285.00         205.00         135.00    110.00     33529      0.0000
     16        285.00         205.00         125.00    120.00     31029      0.0000
     16        285.00         205.00         115.00    130.00     28529      0.0000
     16        285.00         205.00         105.00    140.00     26029      0.0000
     16        285.00         205.00          95.00    150.00     23529      0.0000
     16        285.00         205.00          85.00    160.00     21029      0.0000
     16        285.00         205.00          75.00    170.00     18529      0.0000
     16        285.00         205.00          65.00    180.00     16029      0.0000
     16        285.00         205.00          55.00    190.00     13529      0.0000
     16        285.00         205.00          45.00    200.00     11029      0.0000
     16        285.00         205.00          35.00    210.00      8529      0.0000
     16        285.00         205.00          25.00    220.00      6029      0.0000
     16        285.00         205.00          15.00    230.00      3529      0.0000
     17        365.00         205.00         245.00      0.00     61037      0.5046
     17        365.00         205.00         235.00     10.00     58537      0.5416
     17        365.00         205.00         225.00     20.00     56037      0.6004
     17        365.00         205.00         215.00     30.00     53537      0.6292
     17        365.00         205.00         205.00     40.00     51037      0.7529
     17        365.00         205.00         195.00     50.00     48537      0.8390
     17        365.00         205.00         185.00     60.00     46037      0.9263
     17        365.00         205.00         175.00     70.00     43537      1.0540
     17        365.00         205.00         165.00     80.00     41037      1.1632
     17        365.00         205.00         155.00     90.00     38537      1.3441
     17        365.00         205.00         145.00    100.00     36037      1.3505
     17        365.00         205.00         135.00    110.00     33537      1.4725
     17        365.00         205.00         125.00    120.00     31037      1.4854
     17        365.00         205.00         115.00    130.00     28537      1.4487
     17        365.00         205.00         105.00    140.00     26037      1.3947
     17        365.00         205.00          95.00    150.00     23537      1.3258
     17        365.00         205.00          85.00    160.00     21037      1.1922
     17        365.00         205.00          75.00    170.00     18537      1.0350
     17        365.00         205.00          65.00    180.00     16037      0.9207
     17        365.00         205.00          55.00    190.00     13537      0.8107
     17        365.00         205.00          45.00    200.00     11037      0.7582
     17        365.00         205.00          35.00    210.00      8537      0.6443
     17        365.00         205.00          25.00    220.00      6037      0.6316
     17        365.00         205.00          15.00    230.00      3537      0.5616
     18        445.00         205.00         245.00      0.00     61045      0.5312
     18        445.00         205.00         235.00     10.00     58545      0.5430
     18        445.00         205.00         225.00     20.00     56045      0.5783
     18        445.00         205.00         215.00     30.00     53545      0.6407
     18        445.00         205.00         205.00     40.00     51045      0.7234
     18        445.00         205.00         195.00     50.00     48545      0.8410
     18        445.00         205.00         185.00     60.00     46045      0.9144
     18        445.00         205.00         175.00     70.00     43545      1.0796
     18        445.00         205.00         165.00     80.00     41045      1.1946
     18        445.00         205.00         155.00     90.00     38545      1.3079
     18        445.00         205.00         145.00    100.00     36045      1.3651
     18        445.00         205.00         135.00    110.00     33545      1.4124
     18        445.00         205.00         125.00    120.00     31045      1.4782
     18        445.00         205.00         115.00    130.00     28545      1.4582
     18        445.00         205.00         105.00    140.00     26045      1.3956
     18        445.00         205.00          95.00    150.00     23545      1.3032
     18        445.00         205.00          85.00    160.00     21045      1.2080
     18        445.00         205.00          75.00    170.00     18545      1.0168
     18        445.00         205.00          65.00    180.00     16045      0.9677
     18        445.00         205.00          55.00    190.00     13545      0.7928
     18        445.00         205.00          45.00    200.00     11045      0.6767
     18        445.00         205.00          35.00    210.00      8545      0.6558
     18        445.00         205.00          25.00    220.00      6045      0.5473
     18        445.00         205.00          15.00    230.00      3545      0.5404
     19         45.00         285.00         245.00      0.00     61405      0.5875
     19         45.00         285.00         235.00     10.00     58905      0.6522
     19         45.00         285.00         225.00     20.00     56405      0.6568
     19         45.00         285.00         215.00     30.00     53905      0.7169
     19         45.00         285.00         205.00     40.00     51405      0.8226
     19         45.00         285.00         195.00     50.00     48905      0.8556
     19         45.00         285.00         185.00     60.00     46405      1.0405
     19         45.00         285.00         175.00     70.00     43905      1.0607
     19         45.00         285.00         165.00     80.00     41405      1.2851
     19         45.00         285.00         155.00     90.00     38905      1.3662
     19         45.00         285.00         145.00    100.00     36405      1.4950
     19         45.00         285.00         135.00    110.00     33905      1.5348
     19         45.00         285.00         125.00    120.00     31405      1.5902
     19         45.00         285.00         115.00    130.00     28905      1.5336
     19         45.00         285.00         105.00    140.00     26405      1.4746
     19         45.00         285.00          95.00    150.00     23905      1.3468
     19         45.00         285.00          85.00    160.00     21405      1.2083
     19         45.00         285.00          75.00    170.00     18905      1.1210
     19         45.00         285.00          65.00    180.00     16405      1.0177
     19         45.00         285.00          55.00    190.00     13905      0.8392
     19         45.00         285.00          45.00    200.00     11405      0.7514
     19         45.00         285.00          35.00    210.00      8905      0.7449
     19         45.00         285.00          25.00    220.00      6405      0.6604
     19         45.00         285.00          15.00    230.00      3905      0.5719
     20        125.00         285.00         245.00      0.00     61413      0.4536
     20        125.00         285.00         235.00     10.00     58913      0.4878
     20        125.00         285.00         225.00     20.00     56413      0.5111
     20        125.00         285.00         215.00     30.00     53913      0.5410
     20        125.00         285.00         205.00     40.00     51413      0.6764
     20        125.00         285.00         195.00     50.00     48913      0.8189
     20        125.00         285.00         185.00     60.00     46413      0.8785
     20        125.00         285.00         175.00     70.00     43913      1.0117
     20        125.00         285.00         165.00     80.00     41413      1.1240
     20        125.00         285.00         155.00     90.00     38913      1.2905
     20        125.00         285.00         145.00    100.00     36413      1.3715
     20        125.00         285.00         135.00    110.00     33913      1.3778
     20        125.00         285.00         125.00    120.00     31413      1.4440
     20        125.00         285.00         115.00    130.00     28913      1.4303
     20        125.00         285.00         105.00    140.00     26413      1.3236
     20        125.00         285.00          95.00    150.00     23913      1.1794
     20        125.00         285.00          85.00    160.00     21413      1.1083
     20        125.00         285.00          75.00    170.00     18913      0.9895
     20        125.00         285.00          65.00    180.00     16413      0.8552
     20        125.00         285.00          55.00    190.00     13913      0.7852
     20        125.00         285.00          45.00    200.00     11413      0.6596
     20        125.00         285.00          35.00    210.00      8913      0.5852
     20        125.00         285.00          25.00    220.00      6413      0.5653
     20        125.00         285.00          15.00    230.00      3913      0.4759
     21        205.00         285.00         245.00      0.00     61421      0.0000
     21        205.00         285.00         235.00     10.00     58921      0.0000
     21        205.00         285.00         225.00     20.00     56421      0.0000
     21        205.00         285.00         215.00     30.00     53921      0.0000
     21        205.00         285.00         205.00     40.00     51421      0.0000
     21        205.00         285.00         195.00     50.00     48921      0.0000
     21        205.00         285.00         185.00     60.00     46421      0.0000
     21        205.00         285.00         175.00     70.00     43921      0.0000
     21        205.00         285.00         165.00     80.00     41421      0.0000
     21        205.00         285.00         155.00     90.00     38921      0.0000
     21        205.00         285.00         145.00    100.00     36421      0.0000
     21        205.00         285.00         135.00    110.00     33921      0.0000
     21        205.00         285.00         125.00    120.00     31421      0.0000
     21        205.00         285.00         115.00    130.00     28921      0.0000
     21        205.00         285.00         105.00    140.00     26421      0.0000
     21        205.00         285.00          95.00    150.00     23921      0.0000
     21        205.00         285.00          85.00    160.00     21421      0.0000
     21        205.00         285.00          75.00    170.00     18921      0.0000
     21        205.00         285.00          65.00    180.00     16421      0.0000
     21        205.00         285.00          55.00    190.00     13921      0.0000
     21        205.00         285.00          45.00    200.00     11421      0.0000
     21        205.00         285.00          35.00    210.00      8921      0.0000
     21        205.00         285.00          25.00    220.00      6421      0.0000
     21        205.00         285.00          15.00    230.00      3921      0.0000
     22        285.00         285.00         245.00      0.00     61429      0.0000
     22        285.00         285.00         235.00     10.00     58929      0.0000
     22        285.00         285.00         225.00     20.00     56429      0.0000
     22        285.00         285.00         215.00     30.00     53929      0.0000
     22        285.00         285.00         205.00     40.00     51429      0.0000
     22        285.00         285.00         195.00     50.00     48929      0.0000
     22        285.00         285.00         185.00     60.00     46429      0.0000
     22        285.00         285.00         175.00     70.00     43929      0.0000
     22        285.00         285.00         165.00     80.00     41429      0.0000
     22        285.00         285.00         155.00     90.00     38929      0.0000
     22        285.00         285.00         145.00    100.00     36429      0.0000
     22        285.00         285.00         135.00    110.00     33929      0.0000
     22        285.00         285.00         125.00    120.00     31429      0.0000
     22        285.00         285.00         115.00    130.00     28929      0.0000
     22        285.00         285.00         105.00    140.00     26429      0.0000
     22        285.00         285.00          95.00    150.00     23929      0.0000
     22        285.00         285.00          85.00    160.00     21429      0.0000
     22        285.00         285.00          75.00    170.00     18929      0.0000
     22        285.00         285.00          65.00    180.00     16429      0.0000
     22        285.00         285.00          55.00    190.00     13929      0.0000
     22        285.00         285.00          45.00    200.00     11429      0.0000
     22        285.00         285.00          35.00    210.00      8929      0.0000
     22        285.00         285.00          25.00    220.00      6429      0.0000
     22        285.00         285.00          15.00    230.00      3929      0.0000
     23        365.00         285.00         245.00      0.00     61437      0.5468
     23        365.00         285.00         235.00     10.00     58937      0.5417
     23        365.00         285.00         225.00     20.00     56437      0.5762
     23        365.00         285.00         215.00     30.00     53937      0.6282
     23        365.00         285.00         205.00     40.00     51437      0.7653
     23        365.00         285.00         195.00     50.00     48937      0.8020
     23        365.00         285.00         185.00     60.00     46437      0.9134
     23        365.00         285.00         175.00     70.00     43937      1.0393
     23        365.00         285.00         165.00     80.00     41437      1.2178
     23        365.00         285.00         155.00     90.00     38937      1.3343
     23        365.00         285.00         145.00    100.00     36437      1.3843
     23        365.00         285.00         135.00    110.00     33937      1.4928
     23        365.00         285.00         125.00    120.00     31437      1.4524
     23        365.00         285.00         115.00    130.00     28937      1.4699
     23        365.00         285.00         105.00    140.00     26437      1.3845
     23        365.00         285.00          95.00    150.00     23937      1.2967
     23        365.00         285.00          85.00    160.00     21437      1.1891
     23        365.00         285.00          75.00    170.00     18937      1.0622
     23        365.00         285.00          65.00    180.00     16437      0.9437
     23        365.00         285.00          55.00    190.00     13937      0.8299
     23        365.00         285.00          45.00    200.00     11437      0.6828
     23        365.00         285.00          35.00    210.00      8937      0.6591
     23        365.00         285.00          25.00    220.00      6437      0.5916
     23        365.00         285.00          15.00    230.00      3937      0.5727
     24        445.00         285.00         245.00      0.00     61445      0.4784
     24        445.00         285.00         235.00     10.00     58945      0.5504
     24        445.00         285.00         225.00     20.00     56445      0.6140
     24        445.00         285.00         215.00     30.00     53945      0.6449
     24        445.00         285.00         205.00     40.00     51445      0.7182
     24        445.00         285.00         195.00     50.00     48945      0.7905
     24        445.00         285.00         185.00     60.00     46445      0.9372
     24        445.00         285.00         175.00     70.00     43945      1.1102
     24        445.00         285.00         165.00     80.00     41445      1.1570
     24        445.00         285.00         155.00     90.00     38945      1.2937
     24        445.00         285.00         145.00    100.00     36445      1.4591
     24        445.00         285.00         135.00    110.00     33945      1.4966
     24        445.00         285.00         125.00    120.00     31445      1.5432
     24        445.00         285.00         115.00    130.00     28945      1.4180
     24        445.00         285.00         105.00    140.00     26445      1.3774
     24        445.00         285.00          95.00    150.00     23945      1.3695
     24        445.00         285.00          85.00    160.00     21445      1.1838
     24        445.00         285.00          75.00    170.00     18945      1.0538
     24        445.00         285.00          65.00    180.00     16445      0.8735
     24        445.00         285.00          55.00    190.00     13945      0.8230
     24        445.00         285.00          45.00    200.00     11445      0.7145
     24        445.00         285.00          35.00    210.00      8945      0.6302
     24        445.00         285.00          25.00    220.00      6445      0.6444
     24        445.00         285.00          15.00    230.00      3945      0.5497
     25         45.00         365.00         245.00      0.00     61805      0.2026
     25         45.00         365.00         235.00     10.00     59305      0.2341
     25         45.00         365.00         225.00     20.00     56805      0.2610
     25         45.00         365.00         215.00     30.00     54305      0.3071
     25         45.00         365.00         205.00     40.00     51805      0.4337
     25         45.00         365.00         195.00     50.00     49305      0.5060
     25         45.00         365.00         185.00     60.00     46805      0.6571
     25         45.00         365.00         175.00     70.00     44305      0.7445
     25         45.00         365.00         165.00     80.00     41805      0.8480
     25         45.00         365.00         155.00     90.00     39305      0.9292
     25         45.00         365.00         145.00    100.00     36805      1.0825
     25         45.00         365.00         135.00    110.00     34305      1.1079
     25         45.00         365.00         125.00    120.00     31805      1.1494
     25         45.00         365.00         115.00    130.00     29305      1.1265
     25         45.00         365.00         105.00    140.00     26805      1.1099
     25         45.00         365.00          95.00    150.00     24305      1.0003
     25         45.00         365.00          85.00    160.00     21805      0.9186
     25         45.00         365.00          75.00    170.00     19305      0.7306
     25         45.00         365.00          65.00    180.00     16805      0.6749
     25         45.00         365.00          55.00    190.00     14305      0.4544
     25         45.00         365.00          45.00    200.00     11805      0.4377
     25         45.00         365.00          35.00    210.00      9305      0.3100
     25         45.00         365.00          25.00    220.00      6805      0.2902
     25         45.00         365.00          15.00    230.00      4305      0.2071
     26        125.00         365.00         245.00      0.00     61813      0.7983
     26        125.00         365.00         235.00     10.00     59313      0.8946
     26        125.00         365.00         225.00     20.00     56813      0.9022
     26        125.00         365.00         215.00     30.00     54313      0.9075
     26        125.00         365.00         205.00     40.00     51813      1.0264
     26        125.00         365.00         195.00     50.00     49313      1.1295
     26        125.00         365.00         185.00     60.00     46813      1.2004
     26        125.00         365.00         175.00     70.00     44313      1.3392
     26        125.00         365.00         165.00     80.00     41813      1.4284
     26        125.00         365.00         155.00     90.00     39313      1.6200
     26        125.00         365.00         145.00    100.00     36813      1.6965
     26        125.00         365.00         135.00    110.00     34313      1.7274
     26        125.00         365.00         125.00    120.00     31813      1.7654
     26        125.00         365.00         115.00    130.00     29313      1.7777
     26        125.00         365.00         105.00    140.00     26813      1.7147
     26        125.00         365.00          95.00    150.00     24313      1.6017
     26        125.00         365.00          85.00    160.00     21813      1.4918
     26        125.00         365.00          75.00    170.00     19313      1.3430
     26        125.00         365.00          65.00    180.00     16813      1.2065
     26        125.00         365.00          55.00    190.00     14313      1.1244
     26        125.00         365.00          45.00    200.00     11813      1.0421
     26        125.00         365.00          35.00    210.00      9313      0.9330
     26        125.00         365.00          25.00    220.00      6813      0.9460
     26        125.00         365.00          15.00    230.00      4313      0.8550
     27        205.00         365.00         245.00      0.00     61821      0.5358
     27        205.00         365.00         235.00     10.00     59321      0.5297
     27        205.00         365.00         225.00     20.00     56821      0.5528
     27        205.00         365.00         215.00     30.00     54321      0.6868
     27        205.00         365.00         205.00     40.00     51821      0.7091
     27        205.00         365.00         195.00     50.00     49321      0.8273
     27        205.00         365.00         185.00     60.00     46821      0.9868
     27        205.00         365.00         175.00     70.00     44321      1.0175
     27        205.00         365.00         165.00     80.00     41821      1.1677
     27        205.00         365.00         155.00     90.00     39321      1.2667
     27        205.00         365.00         145.00    100.00     36821      1.3610
     27        205.00         365.00         135.00    110.00     34321      1.4518
     27        205.00         365.00         125.00    120.00     31821      1.4823
     27        205.00         365.00         115.00    130.00     29321      1.4739
     27        205.00         365.00         105.00    140.00     26821      1.4030
     27        205.00         365.00          95.00    150.00     24321      1.2918
     27        205.00         365.00          85.00    160.00     21821      1.1393
     27        205.00         365.00          75.00    170.00     19321      1.0429
     27        205.00         365.00          65.00    180.00     16821      0.9881
     27        205.00         365.00          55.00    190.00     14321      0.8293
     27        205.00         365.00          45.00    200.00     11821      0.7182
     27        205.00         365.00          35.00    210.00      9321      0.6814
     27        205.00         365.00          25.00    220.00      6821      0.6045
     27        205.00         365.00          15.00    230.00      4321      0.5847
     28        285.00         365.00         245.00      0.00     61829      0.5458
     28        285.00         365.00         235.00     10.00     59329      0.5715
     28        285.00         365.00         225.00     20.00     56829      0.5848
     28        285.00         365.00         215.00     30.00     54329      0.6377
     28        285.00         365.00         205.00     40.00     51829      0.7202
     28        285.00         365.00         195.00     50.00     49329      0.8263
     28        285.00         365.00         185.00     60.00     46829      0.9376
     28        285.00         365.00         175.00     70.00     44329      1.0527
     28        285.00         365.00         165.00     80.00     41829      1.1834
     28        285.00         365.00         155.00     90.00     39329      1.3412
     28        285.00         365.00         145.00    100.00     36829      1.3758
     28        285.00         365.00         135.00    110.00     34329      1.4158
     28        285.00         365.00         125.00    120.00     31829      1.4988
     28        285.00         365.00         115.00    130.00     29329      1.4810
     28        285.00         365.00         105.00    140.00     26829      1.3729
     28        285.00         365.00          95.00    150.00     24329      1.2925
     28        285.00         365.00          85.00    160.00     21829      1.1971
     28        285.00         365.00          75.00    170.00     19329      1.0343
     28        285.00         365.00          65.00    180.00     16829      0.8703
     28        285.00         365.00          55.00    190.00     14329      0.8396
     28        285.00         365.00          45.00    200.00     11829      0.7128
     28        285.00         365.00          35.00    210.00      9329      0.6448
     28        285.00         365.00          25.00    220.00      6829      0.5643
     28        285.00         365.00          15.00    230.00      4329      0.5442
     29        365.00         365.00         245.00      0.00     61837      0.8182
     29        365.00         365.00         235.00     10.00     59337      0.8459
     29        365.00         365.00         225.00     20.00     56837      0.8479
     29        365.00         365.00         215.00     30.00     54337      0.9456
     29        365.00         365.00         205.00     40.00     51837      1.0355
     29        365.00         365.00         195.00     50.00     49337      1.1223
     29        365.00         365.00         185.00     60.00     46837      1.1987
     29        365.00         365.00         175.00     70.00     44337      1.3763
     29        365.00         365.00         165.00     80.00     41837      1.5256
     29        365.00         365.00         155.00     90.00     39337      1.6352
     29        365.00         365.00         145.00    100.00     36837      1.7181
     29        365.00         365.00         135.00    110.00     34337      1.7418
     29        365.00         365.00         125.00    120.00     31837      1.7882
     29        365.00         365.00         115.00    130.00     29337      1.8113
     29        365.00         365.00         105.00    140.00     26837      1.6984
     29        365.00         365.00          95.00    150.00     24337      1.5884
     29        365.00         365.00          85.00    160.00     21837      1.4789
     29        365.00         365.00          75.00    170.00     19337      1.3514
     29        365.00         365.00          65.00    180.00     16837      1.2662
     29        365.00         365.00          55.00    190.00     14337      1.1571
     29        365.00         365.00          45.00    200.00     11837      1.0720
     29        365.00         365.00          35.00    210.00      9337      0.9111
     29        365.00         365.00          25.00    220.00      6837      0.9148
     29        365.00         365.00          15.00    230.00      4337      0.8065
     30        445.00         365.00         245.00      0.00     61845      0.1974
     30        445.00         365.00         235.00     10.00     59345      0.2210
     30        445.00         365.00         225.00     20.00     56845      0.2292
     30        445.00         365.00         215.00     30.00     54345      0.2866
     30        445.00         365.00         205.00     40.00     51845      0.4003
     30        445.00         365.00         195.00     50.00     49345      0.4690
     30        445.00         365.00         185.00     60.00     46845      0.5567
     30        445.00         365.00         175.00     70.00     44345      0.7383
     30        445.00         365.00         165.00     80.00     41845      0.8618
     30        445.00         365.00         155.00     90.00     39345      0.9069
     30        445.00         365.00         145.00    100.00     36845      1.0421
     30        445.00         365.00         135.00    110.00     34345      1.1599
     30        445.00         365.00         125.00    120.00     31845      1.1536
     30        445.00         365.00         115.00    130.00     29345      1.0921
     30        445.00         365.00         105.00    140.00     26845      1.0253
     30        445.00         365.00          95.00    150.00     24345      0.9603
     30        445.00         365.00          85.00    160.00     21845      0.8054
     30        445.00         365.00          75.00    170.00     19345      0.7314
     30        445.00         365.00          65.00    180.00     16845      0.5609
     30        445.00         365.00          55.00    190.00     14345      0.4289
     30        445.00         365.00          45.00    200.00     11845      0.3828
     30        445.00         365.00          35.00    210.00      9345      0.2504
     30        445.00         365.00          25.00    220.00      6845      0.2160
     30        445.00         365.00          15.00    230.00      4345      0.1916
     31         45.00         445.00         245.00      0.00     62205      0.0000
     31         45.00         445.00         235.00     10.00     59705      0.0000
     31         45.00         445.00         225.00     20.00     57205      0.0000
     31         45.00         445.00         215.00     30.00     54705      0.0000
     31         45.00         445.00         205.00     40.00     52205      0.0000
     31         45.00         445.00         195.00     50.00     49705      0.0000
     31         45.00         445.00         185.00     60.00     47205      0.0000
     31         45.00         445.00         175.00     70.00     44705      0.0000
     31         45.00         445.00         165.00     80.00     42205      0.0000
     31         45.00         445.00         155.00     90.00     39705      0.0000
     31         45.00         445.00         145.00    100.00     37205      0.0000
     31         45.00         445.00         135.00    110.00     34705      0.0000
     31         45.00         445.00         125.00    120.00     32205      0.0000
     31         45.00         445.00         115.00    130.00     29705      0.0000
     31         45.00         445.00         105.00    140.00     27205      0.0000
     31         45.00         445.00          95.00    150.00     24705      0.0000
     31         45.00         445.00          85.00    160.00     22205      0.0000
     31         45.00         445.00          75.00    170.00     19705      0.0000
     31         45.00         445.00          65.00    180.00     17205      0.0000
     31         45.00         445.00          55.00    190.00     14705      0.0000
     31         45.00         445.00          45.00    200.00     12205      0.0000
     31         45.00         445.00          35.00    210.00      9705      0.0000
     31         45.00         445.00          25.00    220.00      7205      0.0000
     31         45.00         445.00          15.00    230.00      4705      0.0000
     32        125.00         445.00         245.00      0.00     62213      0.1762
     32        125.00         445.00         235.00     10.00     59713      0.2289
     32        125.00         445.00         225.00     20.00     57213      0.2920
     32        125.00         445.00         215.00     30.00     54713      0.3020
     32        125.00         445.00         205.00     40.00     52213      0.4035
     32        125.00         445.00         195.00     50.00     49713      0.4872
     32        125.00         445.00         185.00     60.00     47213      0.6099
     32        125.00         445.00         175.00     70.00     44713      0.7389
     32        125.00         445.00         165.00     80.00     42213      0.9037
     32        125.00         445.00         155.00     90.00     39713      1.0050
     32        125.00         445.00         145.00    100.00     37213      1.0839
     32        125.00         445.00         135.00    110.00     34713      1.1539
     32        125.00         445.00         125.00    120.00     32213      1.2087
     32        125.00         445.00         115.00    130.00     29713      1.1501
     32        125.00         445.00         105.00    140.00     27213      1.0868
     32        125.00         445.00          95.00    150.00     24713      0.9827
     32        125.00         445.00          85.00    160.00     22213      0.8295
     32        125.00         445.00          75.00    170.00     19713      0.8020
     32        125.00         445.00          65.00    180.00     17213      0.6413
     32        125.00         445.00          55.00    190.00     14713      0.5568
     32        125.00         445.00          45.00    200.00     12213      0.4303
     32        125.00         445.00          35.00    210.00      9713      0.3562
     32        125.00         445.00          25.00    220.00      7213      0.2770
     32        125.00         445.00          15.00    230.00      4713      0.2643
     33        205.00         445.00         245.00      0.00     62221      0.5503
     33        205.00         445.00         235.00     10.00     59721      0.5832
     33        205.00         445.00         225.00     20.00     57221      0.5936
     33        205.00         445.00         215.00     30.00     54721      0.6394
     33        205.00         445.00         205.00     40.00     52221      0.7209
     33        205.00         445.00         195.00     50.00     49721      0.7975
     33        205.00         445.00         185.00     60.00     47221      0.9239
     33        205.00         445.00         175.00     70.00     44721      1.1052
     33        205.00         445.00         165.00     80.00     42221      1.1935
     33        205.00         445.00         155.00     90.00     39721      1.3386
     33        205.00         445.00         145.00    100.00     37221      1.4392
     33        205.00         445.00         135.00    110.00     34721      1.5048
     33        205.00         445.00         125.00    120.00     32221      1.4826
     33        205.00         445.00         115.00    130.00     29721      1.4606
     33        205.00         445.00         105.00    140.00     27221      1.3748
     33        205.00         445.00          95.00    150.00     24721      1.3200
     33        205.00         445.00          85.00    160.00     22221      1.2218
     33        205.00         445.00          75.00    170.00     19721      1.0606
     33        205.00         445.00          65.00    180.00     17221      0.9469
     33        205.00         445.00          55.00    190.00     14721      0.8103
     33        205.00         445.00          45.00    200.00     12221      0.7481
     33        205.00         445.00          35.00    210.00      9721      0.6502
     33        205.00         445.00          25.00    220.00      7221      0.5789
     33        205.00         445.00          15.00    230.00      4721      0.5991
     34        285.00         445.00         245.00      0.00     62229      0.5383
     34        285.00         445.00         235.00     10.00     59729      0.5523
     34        285.00         445.00         225.00     20.00     57229      0.6016
     34        285.00         445.00         215.00     30.00     54729      0.6665
     34        285.00         445.00         205.00     40.00     52229      0.7182
     34        285.00         445.00         195.00     50.00     49729      0.8144
     34        285.00         445.00         185.00     60.00     47229      0.8920
     34        285.00         445.00         175.00     70.00     44729      1.0655
     34        285.00         445.00         165.00     80.00     42229      1.1748
     34        285.00         445.00         155.00     90.00     39729      1.2630
     34        285.00         445.00         145.00    100.00     37229      1.3973
     34        285.00         445.00         135.00    110.00     34729      1.5239
     34        285.00         445.00         125.00    120.00     32229      1.4932
     34        285.00         445.00         115.00    130.00     29729      1.5068
     34        285.00         445.00         105.00    140.00     27229      1.4205
     34        285.00         445.00          95.00    150.00     24729      1.3285
     34        285.00         445.00          85.00    160.00     22229      1.1651
     34        285.00         445.00          75.00    170.00     19729      1.1037
     34        285.00         445.00          65.00    180.00     17229      0.9461
     34        285.00         445.00          55.00    190.00     14729      0.7831
     34        285.00         445.00          45.00    200.00     12229      0.7442
     34        285.00         445.00          35.00    210.00      9729      0.6193
     34        285.00         445.00          25.00    220.00      7229      0.6008
     34        285.00         445.00          15.00    230.00      4729      0.5717
     35        365.00         445.00         245.00      0.00     62237      0.1279
     35        365.00         445.00         235.00     10.00     59737      0.1850
     35        365.00         445.00         225.00     20.00     57237      0.1904
     35        365.00         445.00         215.00     30.00     54737      0.2782
     35        365.00         445.00         205.00     40.00     52237      0.3505
     35        365.00         445.00         195.00     50.00     49737      0.4285
     35        365.00         445.00         185.00     60.00     47237      0.6139
     35        365.00         445.00         175.00     70.00     44737      0.7149
     35        365.00         445.00         165.00     80.00     42237      0.8774
     35        365.00         445.00         155.00     90.00     39737      0.9673
     35        365.00         445.00         145.00    100.00     37237      1.0478
     35        365.00         445.00         135.00    110.00     34737      1.0827
     35        365.00         445.00         125.00    120.00     32237      1.1585
     35        365.00         445.00         115.00    130.00     29737      1.1269
     35        365.00         445.00         105.00    140.00     27237      1.0463
     35        365.00         445.00          95.00    150.00     24737      0.9606
     35        365.00         445.00          85.00    160.00     22237      0.8786
     35        365.00         445.00          75.00    170.00     19737      0.6615
     35        365.00         445.00          65.00    180.00     17237      0.5997
     35        365.00         445.00          55.00    190.00     14737      0.4359
     35        365.00         445.00          45.00    200.00     12237      0.3367
     35        365.00         445.00          35.00    210.00      9737      0.2521
     35        365.00         445.00          25.00    220.00      7237      0.2056
     35        365.00         445.00          15.00    230.00      4737      0.2087
     36        445.00         445.00         245.00      0.00     62245      0.0000
     36        445.00         445.00         235.00     10.00     59745      0.0000
     36        445.00         445.00         225.00     20.00     57245      0.0000
     36        445.00         445.00         215.00     30.00     54745      0.0000
     36        445.00         445.00         205.00     40.00     52245      0.0000
     36        445.00         445.00         195.00     50.00     49745      0.0000
     36        445.00         445.00         185.00     60.00     47245      0.0000
     36        445.00         445.00         175.00     70.00     44745      0.0000
     36        445.00         445.00         165.00     80.00     42245      0.0000
     36        445.00         445.00         155.00     90.00     39745      0.0000
     36        445.00         445.00         145.00    100.00     37245      0.0000
     36        445.00         445.00         135.00    110.00     34745      0.0000
     36        445.00         445.00         125.00    120.00     32245      0.0000
     36        445.00         445.00         115.00    130.00     29745      0.0000
     36        445.00         445.00         105.00    140.00     27245      0.0000
     36        445.00         445.00          95.00    150.00     24745      0.0000
     36        445.00         445.00          85.00    160.00     22245      0.0000
     36        445.00         445.00          75.00    170.00     19745      0.0000
     36        445.00         445.00          65.00    180.00     17245      0.0000
     36        445.00         445.00          55.00    190.00     14745      0.0000
     36        445.00         445.00          45.00    200.00     12245      0.0000
     36        445.00         445.00          35.00    210.00      9745      0.0000
     36        445.00         445.00          25.00    220.00      7245      0.0000
     36        445.00         445.00          15.00    230.00      4745      0.0000
