Experimental Variograms (VarCalc Version 1.400)
10
Variogram Index
Lag Distance
Number of Pairs
Variogram Value
Variogram Number
Calculation Azimuth
Calculation Dip
Variogram Type
Variogram Tail Index
Variogram Head Index
     1      0.000000         0   -999.000000     1    135.000000      0.000000     1     1     1
     1    144.655499      2339      0.571382     1    135.000000      0.000000     1     1     1
     1    224.792040      5350      0.869554     1    135.000000      0.000000     1     1     1
     1    289.277873      2467      0.830096     1    135.000000      0.000000     1     1     1
     1    394.462671      6143      1.008557     1    135.000000      0.000000     1     1     1
     1    485.148750      3007      0.701099     1    135.000000      0.000000     1     1     1
     1    573.414379       413      0.305292     1    135.000000      0.000000     1     1     1
     1    700.000000         0   -999.000000     1    135.000000      0.000000     1     1     1
     1    800.000000         0   -999.000000     1    135.000000      0.000000     1     1     1
     1    900.000000         0   -999.000000     1    135.000000      0.000000     1     1     1
     1   1000.000000         0   -999.000000     1    135.000000      0.000000     1     1     1
     1   1100.000000         0   -999.000000     1    135.000000      0.000000     1     1     1
     1   1200.000000         0   -999.000000     1    135.000000      0.000000     1     1     1
     1   1300.000000         0   -999.000000     1    135.000000      0.000000     1     1     1
     1   1400.000000         0   -999.000000     1    135.000000      0.000000     1     1     1
     1   1500.000000         0   -999.000000     1    135.000000      0.000000     1     1     1
     1   1600.000000         0   -999.000000     1    135.000000      0.000000     1     1     1
     1   1700.000000         0   -999.000000     1    135.000000      0.000000     1     1     1
     1   1800.000000         0   -999.000000     1    135.000000      0.000000     1     1     1
     1   1900.000000         0   -999.000000     1    135.000000      0.000000     1     1     1
     1   2000.000000         0   -999.000000     1    135.000000      0.000000     1     1     1
     2      0.000000         0   -999.000000     1     45.000000      0.000000     1     1     1
     2    144.615351      2308      0.996786     1     45.000000      0.000000     1     1     1
     2    223.765509      5398      1.338576     1     45.000000      0.000000     1     1     1
     2    289.273641      2367      1.580420     1     45.000000      0.000000     1     1     1
     2    394.310965      5788      1.772941     1     45.000000      0.000000     1     1     1
     2    485.174303      2841      1.350354     1     45.000000      0.000000     1     1     1
     2    573.456686       411      1.093751     1     45.000000      0.000000     1     1     1
     2    700.000000         0   -999.000000     1     45.000000      0.000000     1     1     1
     2    800.000000         0   -999.000000     1     45.000000      0.000000     1     1     1
     2    900.000000         0   -999.000000     1     45.000000      0.000000     1     1     1
     2   1000.000000         0   -999.000000     1     45.000000      0.000000     1     1     1
     2   1100.000000         0   -999.000000     1     45.000000      0.000000     1     1     1
     2   1200.000000         0   -999.000000     1     45.000000      0.000000     1     1     1
     2   1300.000000         0   -999.000000     1     45.000000      0.000000     1     1     1
     2   1400.000000         0   -999.000000     1     45.000000      0.000000     1     1     1
     2   1500.000000         0   -999.000000     1     45.000000      0.000000     1     1     1
     2   1600.000000         0   -999.000000     1     45.000000      0.000000     1     1     1
     2   1700.000000         0   -999.000000     1     45.000000      0.000000     1     1     1
     2   1800.000000         0   -999.000000     1     45.000000      0.000000     1     1     1
     2   1900.000000         0   -999.000000     1     45.000000      0.000000     1     1     1
     2   2000.000000         0   -999.000000     1     45.000000      0.000000     1     1     1
     3      0.000000         0   -999.000000     1      0.000000     90.000000     1     1     1
     3      5.000000         0   -999.000000     1      0.000000     90.000000     1     1     1
     3     10.000000       364      0.035906     1      0.000000     90.000000     1     1     1
     3     15.000000         0   -999.000000     1      0.000000     90.000000     1     1     1
     3     20.000000       349      0.085482     1      0.000000     90.000000     1     1     1
     3     25.000000         0   -999.000000     1      0.000000     90.000000     1     1     1
     3     30.000000       334      0.165711     1      0.000000     90.000000     1     1     1
     3     35.000000         0   -999.000000     1      0.000000     90.000000     1     1     1
     3     40.000000       322      0.263143     1      0.000000     90.000000     1     1     1
     3     45.000000         0   -999.000000     1      0.000000     90.000000     1     1     1
     3     50.000000       304      0.377753     1      0.000000     90.000000     1     1     1
     3     55.000000         0   -999.000000     1      0.000000     90.000000     1     1     1
     3     60.000000       292      0.489288     1      0.000000     90.000000     1     1     1
     3     65.000000         0   -999.000000     1      0.000000     90.000000     1     1     1
     3     70.000000       277      0.606527     1      0.000000     90.000000     1     1     1
     3     75.000000         0   -999.000000     1      0.000000     90.000000     1     1     1
     3     80.000000       255      0.706175     1      0.000000     90.000000     1     1     1
     3     85.000000         0   -999.000000     1      0.000000     90.000000     1     1     1
     3     90.000000       242      0.812114     1      0.000000     90.000000     1     1     1
     3     95.000000         0   -999.000000     1      0.000000     90.000000     1     1     1
     3    100.000000       220      0.831270     1      0.000000     90.000000     1     1     1
