Experimental Variograms (VarCalc Version 1.400)
10
Variogram Index
Lag Distance
Number of Pairs
Variogram Value
Variogram Number
Calculation Azimuth
Calculation Dip
Variogram Type
Variogram Tail Index
Variogram Head Index
     1      0.000000         0   -999.000000     1    135.000000      0.000000     1     1     1
     1    144.676964      2477      0.556778     1    135.000000      0.000000     1     1     1
     1    224.708372      5598      0.849481     1    135.000000      0.000000     1     1     1
     1    289.262137      2509      0.823300     1    135.000000      0.000000     1     1     1
     1    393.233071      6069      0.994689     1    135.000000      0.000000     1     1     1
     1    484.448377      2619      0.702294     1    135.000000      0.000000     1     1     1
     1    572.698930       293      0.334757     1    135.000000      0.000000     1     1     1
     1    700.000000         0   -999.000000     1    135.000000      0.000000     1     1     1
     1    800.000000         0   -999.000000     1    135.000000      0.000000     1     1     1
     1    900.000000         0   -999.000000     1    135.000000      0.000000     1     1     1
     1   1000.000000         0   -999.000000     1    135.000000      0.000000     1     1     1
     1   1100.000000         0   -999.000000     1    135.000000      0.000000     1     1     1
     1   1200.000000         0   -999.000000     1    135.000000      0.000000     1     1     1
     1   1300.000000         0   -999.000000     1    135.000000      0.000000     1     1     1
     1   1400.000000         0   -999.000000     1    135.000000      0.000000     1     1     1
     1   1500.000000         0   -999.000000     1    135.000000      0.000000     1     1     1
     1   1600.000000         0   -999.000000     1    135.000000      0.000000     1     1     1
     1   1700.000000         0   -999.000000     1    135.000000      0.000000     1     1     1
     1   1800.000000         0   -999.000000     1    135.000000      0.000000     1     1     1
     1   1900.000000         0   -999.000000     1    135.000000      0.000000     1     1     1
     1   2000.000000         0   -999.000000     1    135.000000      0.000000     1     1     1
     2      0.000000         0   -999.000000     1     45.000000      0.000000     1     1     1
     2    144.592486      2497      0.966745     1     45.000000      0.000000     1     1     1
     2    223.842506      5676      1.359714     1     45.000000      0.000000     1     1     1
     2    289.301989      2429      1.702996     1     45.000000      0.000000     1     1     1
     2    393.496948      5795      1.865173     1     45.000000      0.000000     1     1     1
     2    485.172289      2676      1.384041     1     45.000000      0.000000     1     1     1
     2    573.274887       392      1.222194     1     45.000000      0.000000     1     1     1
     2    700.000000         0   -999.000000     1     45.000000      0.000000     1     1     1
     2    800.000000         0   -999.000000     1     45.000000      0.000000     1     1     1
     2    900.000000         0   -999.000000     1     45.000000      0.000000     1     1     1
     2   1000.000000         0   -999.000000     1     45.000000      0.000000     1     1     1
     2   1100.000000         0   -999.000000     1     45.000000      0.000000     1     1     1
     2   1200.000000         0   -999.000000     1     45.000000      0.000000     1     1     1
     2   1300.000000         0   -999.000000     1     45.000000      0.000000     1     1     1
     2   1400.000000         0   -999.000000     1     45.000000      0.000000     1     1     1
     2   1500.000000         0   -999.000000     1     45.000000      0.000000     1     1     1
     2   1600.000000         0   -999.000000     1     45.000000      0.000000     1     1     1
     2   1700.000000         0   -999.000000     1     45.000000      0.000000     1     1     1
     2   1800.000000         0   -999.000000     1     45.000000      0.000000     1     1     1
     2   1900.000000         0   -999.000000     1     45.000000      0.000000     1     1     1
     2   2000.000000         0   -999.000000     1     45.000000      0.000000     1     1     1
     3      0.000000         0   -999.000000     1      0.000000     90.000000     1     1     1
     3      5.000000         0   -999.000000     1      0.000000     90.000000     1     1     1
     3     10.000000       369      0.033349     1      0.000000     90.000000     1     1     1
     3     15.000000         0   -999.000000     1      0.000000     90.000000     1     1     1
     3     20.000000       356      0.080232     1      0.000000     90.000000     1     1     1
     3     25.000000         0   -999.000000     1      0.000000     90.000000     1     1     1
     3     30.000000       349      0.160376     1      0.000000     90.000000     1     1     1
     3     35.000000         0   -999.000000     1      0.000000     90.000000     1     1     1
     3     40.000000       327      0.260922     1      0.000000     90.000000     1     1     1
     3     45.000000         0   -999.000000     1      0.000000     90.000000     1     1     1
     3     50.000000       305      0.364376     1      0.000000     90.000000     1     1     1
     3     55.000000         0   -999.000000     1      0.000000     90.000000     1     1     1
     3     60.000000       288      0.495901     1      0.000000     90.000000     1     1     1
     3     65.000000         0   -999.000000     1      0.000000     90.000000     1     1     1
     3     70.000000       277      0.645719     1      0.000000     90.000000     1     1     1
     3     75.000000         0   -999.000000     1      0.000000     90.000000     1     1     1
     3     80.000000       262      0.732837     1      0.000000     90.000000     1     1     1
     3     85.000000         0   -999.000000     1      0.000000     90.000000     1     1     1
     3     90.000000       245      0.799171     1      0.000000     90.000000     1     1     1
     3     95.000000         0   -999.000000     1      0.000000     90.000000     1     1     1
     3    100.000000       228      0.869873     1      0.000000     90.000000     1     1     1
