Experimental Variograms (VarCalc Version 1.400)
10
Variogram Index
Lag Distance
Number of Pairs
Variogram Value
Variogram Number
Calculation Azimuth
Calculation Dip
Variogram Type
Variogram Tail Index
Variogram Head Index
     1      0.000000         0   -999.000000     1    135.000000      0.000000     1     1     1
     1    144.649128      2389      0.572856     1    135.000000      0.000000     1     1     1
     1    224.893165      5354      0.818955     1    135.000000      0.000000     1     1     1
     1    289.212271      2411      0.863578     1    135.000000      0.000000     1     1     1
     1    394.272992      6237      1.048727     1    135.000000      0.000000     1     1     1
     1    485.563266      3052      0.777862     1    135.000000      0.000000     1     1     1
     1    573.957547       409      0.400495     1    135.000000      0.000000     1     1     1
     1    700.000000         0   -999.000000     1    135.000000      0.000000     1     1     1
     1    800.000000         0   -999.000000     1    135.000000      0.000000     1     1     1
     1    900.000000         0   -999.000000     1    135.000000      0.000000     1     1     1
     1   1000.000000         0   -999.000000     1    135.000000      0.000000     1     1     1
     1   1100.000000         0   -999.000000     1    135.000000      0.000000     1     1     1
     1   1200.000000         0   -999.000000     1    135.000000      0.000000     1     1     1
     1   1300.000000         0   -999.000000     1    135.000000      0.000000     1     1     1
     1   1400.000000         0   -999.000000     1    135.000000      0.000000     1     1     1
     1   1500.000000         0   -999.000000     1    135.000000      0.000000     1     1     1
     1   1600.000000         0   -999.000000     1    135.000000      0.000000     1     1     1
     1   1700.000000         0   -999.000000     1    135.000000      0.000000     1     1     1
     1   1800.000000         0   -999.000000     1    135.000000      0.000000     1     1     1
     1   1900.000000         0   -999.000000     1    135.000000      0.000000     1     1     1
     1   2000.000000         0   -999.000000     1    135.000000      0.000000     1     1     1
     2      0.000000         0   -999.000000     1     45.000000      0.000000     1     1     1
     2    144.584493      2308      1.034239     1     45.000000      0.000000     1     1     1
     2    223.725344      5309      1.348802     1     45.000000      0.000000     1     1     1
     2    289.273026      2313      1.689286     1     45.000000      0.000000     1     1     1
     2    393.969200      5733      1.798001     1     45.000000      0.000000     1     1     1
     2    484.832483      2715      1.368329     1     45.000000      0.000000     1     1     1
     2    573.491464       319      1.108574     1     45.000000      0.000000     1     1     1
     2    700.000000         0   -999.000000     1     45.000000      0.000000     1     1     1
     2    800.000000         0   -999.000000     1     45.000000      0.000000     1     1     1
     2    900.000000         0   -999.000000     1     45.000000      0.000000     1     1     1
     2   1000.000000         0   -999.000000     1     45.000000      0.000000     1     1     1
     2   1100.000000         0   -999.000000     1     45.000000      0.000000     1     1     1
     2   1200.000000         0   -999.000000     1     45.000000      0.000000     1     1     1
     2   1300.000000         0   -999.000000     1     45.000000      0.000000     1     1     1
     2   1400.000000         0   -999.000000     1     45.000000      0.000000     1     1     1
     2   1500.000000         0   -999.000000     1     45.000000      0.000000     1     1     1
     2   1600.000000         0   -999.000000     1     45.000000      0.000000     1     1     1
     2   1700.000000         0   -999.000000     1     45.000000      0.000000     1     1     1
     2   1800.000000         0   -999.000000     1     45.000000      0.000000     1     1     1
     2   1900.000000         0   -999.000000     1     45.000000      0.000000     1     1     1
     2   2000.000000         0   -999.000000     1     45.000000      0.000000     1     1     1
     3      0.000000         0   -999.000000     1      0.000000     90.000000     1     1     1
     3      5.000000         0   -999.000000     1      0.000000     90.000000     1     1     1
     3     10.000000       371      0.038800     1      0.000000     90.000000     1     1     1
     3     15.000000         0   -999.000000     1      0.000000     90.000000     1     1     1
     3     20.000000       350      0.094883     1      0.000000     90.000000     1     1     1
     3     25.000000         0   -999.000000     1      0.000000     90.000000     1     1     1
     3     30.000000       329      0.171998     1      0.000000     90.000000     1     1     1
     3     35.000000         0   -999.000000     1      0.000000     90.000000     1     1     1
     3     40.000000       315      0.265975     1      0.000000     90.000000     1     1     1
     3     45.000000         0   -999.000000     1      0.000000     90.000000     1     1     1
     3     50.000000       301      0.367742     1      0.000000     90.000000     1     1     1
     3     55.000000         0   -999.000000     1      0.000000     90.000000     1     1     1
     3     60.000000       290      0.482707     1      0.000000     90.000000     1     1     1
     3     65.000000         0   -999.000000     1      0.000000     90.000000     1     1     1
     3     70.000000       264      0.573472     1      0.000000     90.000000     1     1     1
     3     75.000000         0   -999.000000     1      0.000000     90.000000     1     1     1
     3     80.000000       254      0.702945     1      0.000000     90.000000     1     1     1
     3     85.000000         0   -999.000000     1      0.000000     90.000000     1     1     1
     3     90.000000       244      0.767129     1      0.000000     90.000000     1     1     1
     3     95.000000         0   -999.000000     1      0.000000     90.000000     1     1     1
     3    100.000000       222      0.799474     1      0.000000     90.000000     1     1     1
