Gridded Variograms
8
Variogram Index
Lag Distance
Number of Pairs
Variogram Value
Variogram Number
Calculation Azimuth
Calculation Dip
Variogram Type
    1        10.00000       61250         0.02627     1     90.0000      0.0000   1
    1        20.00000       60000         0.04459     1     90.0000      0.0000   1
    1        30.00000       58750         0.06325     1     90.0000      0.0000   1
    1        40.00000       57500         0.08235     1     90.0000      0.0000   1
    1        50.00000       56250         0.10183     1     90.0000      0.0000   1
    1        60.00000       55000         0.12280     1     90.0000      0.0000   1
    1        70.00000       53750         0.14416     1     90.0000      0.0000   1
    1        80.00000       52500         0.16636     1     90.0000      0.0000   1
    1        90.00000       51250         0.18940     1     90.0000      0.0000   1
    1       100.00000       50000         0.21130     1     90.0000      0.0000   1
    1       110.00000       48750         0.22662     1     90.0000      0.0000   1
    1       120.00000       47500         0.24463     1     90.0000      0.0000   1
    1       130.00000       46250         0.26292     1     90.0000      0.0000   1
    1       140.00000       45000         0.28277     1     90.0000      0.0000   1
    1       150.00000       43750         0.30439     1     90.0000      0.0000   1
    1       160.00000       42500         0.32672     1     90.0000      0.0000   1
    1       170.00000       41250         0.35071     1     90.0000      0.0000   1
    1       180.00000       40000         0.37645     1     90.0000      0.0000   1
    1       190.00000       38750         0.40419     1     90.0000      0.0000   1
    1       200.00000       37500         0.43474     1     90.0000      0.0000   1
    1       210.00000       36250         0.44756     1     90.0000      0.0000   1
    1       220.00000       35000         0.46560     1     90.0000      0.0000   1
    1       230.00000       33750         0.48420     1     90.0000      0.0000   1
    1       240.00000       32500         0.50445     1     90.0000      0.0000   1
    1       250.00000       31250         0.52676     1     90.0000      0.0000   1
    1       260.00000       30000         0.55167     1     90.0000      0.0000   1
    1       270.00000       28750         0.57861     1     90.0000      0.0000   1
    1       280.00000       27500         0.60798     1     90.0000      0.0000   1
    1       290.00000       26250         0.63961     1     90.0000      0.0000   1
    1       300.00000       25000         0.67909     1     90.0000      0.0000   1
    1       310.00000       23750         0.67569     1     90.0000      0.0000   1
    1       320.00000       22500         0.67783     1     90.0000      0.0000   1
    1       330.00000       21250         0.67929     1     90.0000      0.0000   1
    1       340.00000       20000         0.67952     1     90.0000      0.0000   1
    1       350.00000       18750         0.67853     1     90.0000      0.0000   1
    1       360.00000       17500         0.67881     1     90.0000      0.0000   1
    1       370.00000       16250         0.67922     1     90.0000      0.0000   1
    1       380.00000       15000         0.67964     1     90.0000      0.0000   1
    1       390.00000       13750         0.67941     1     90.0000      0.0000   1
    1       400.00000       12500         0.67504     1     90.0000      0.0000   1
    1       410.00000       11250         0.67931     1     90.0000      0.0000   1
    1       420.00000       10000         0.68387     1     90.0000      0.0000   1
    1       430.00000        8750         0.68924     1     90.0000      0.0000   1
    1       440.00000        7500         0.69515     1     90.0000      0.0000   1
    1       450.00000        6250         0.70059     1     90.0000      0.0000   1
    1       460.00000        5000         0.70243     1     90.0000      0.0000   1
    1       470.00000        3750         0.70585     1     90.0000      0.0000   1
    1       480.00000        2500         0.70937     1     90.0000      0.0000   1
    1       490.00000        1250         0.71163     1     90.0000      0.0000   1
    1       500.00000           0         0.00000     1     90.0000      0.0000   1
    1       510.00000           0         0.00000     1     90.0000      0.0000   1
    1       520.00000           0         0.00000     1     90.0000      0.0000   1
    1       530.00000           0         0.00000     1     90.0000      0.0000   1
    1       540.00000           0         0.00000     1     90.0000      0.0000   1
    1       550.00000           0         0.00000     1     90.0000      0.0000   1
    1       560.00000           0         0.00000     1     90.0000      0.0000   1
    1       570.00000           0         0.00000     1     90.0000      0.0000   1
    1       580.00000           0         0.00000     1     90.0000      0.0000   1
    1       590.00000           0         0.00000     1     90.0000      0.0000   1
    1       600.00000           0         0.00000     1     90.0000      0.0000   1
    1       610.00000           0         0.00000     1     90.0000      0.0000   1
    1       620.00000           0         0.00000     1     90.0000      0.0000   1
    1       630.00000           0         0.00000     1     90.0000      0.0000   1
    1       640.00000           0         0.00000     1     90.0000      0.0000   1
    1       650.00000           0         0.00000     1     90.0000      0.0000   1
    1       660.00000           0         0.00000     1     90.0000      0.0000   1
    1       670.00000           0         0.00000     1     90.0000      0.0000   1
    1       680.00000           0         0.00000     1     90.0000      0.0000   1
    1       690.00000           0         0.00000     1     90.0000      0.0000   1
    1       700.00000           0         0.00000     1     90.0000      0.0000   1
    1       710.00000           0         0.00000     1     90.0000      0.0000   1
    1       720.00000           0         0.00000     1     90.0000      0.0000   1
    1       730.00000           0         0.00000     1     90.0000      0.0000   1
    1       740.00000           0         0.00000     1     90.0000      0.0000   1
    1       750.00000           0         0.00000     1     90.0000      0.0000   1
    1       760.00000           0         0.00000     1     90.0000      0.0000   1
    1       770.00000           0         0.00000     1     90.0000      0.0000   1
    1       780.00000           0         0.00000     1     90.0000      0.0000   1
    1       790.00000           0         0.00000     1     90.0000      0.0000   1
    1       800.00000           0         0.00000     1     90.0000      0.0000   1
    1       810.00000           0         0.00000     1     90.0000      0.0000   1
    1       820.00000           0         0.00000     1     90.0000      0.0000   1
    1       830.00000           0         0.00000     1     90.0000      0.0000   1
    1       840.00000           0         0.00000     1     90.0000      0.0000   1
    1       850.00000           0         0.00000     1     90.0000      0.0000   1
    1       860.00000           0         0.00000     1     90.0000      0.0000   1
    1       870.00000           0         0.00000     1     90.0000      0.0000   1
    1       880.00000           0         0.00000     1     90.0000      0.0000   1
    1       890.00000           0         0.00000     1     90.0000      0.0000   1
    1       900.00000           0         0.00000     1     90.0000      0.0000   1
    1       910.00000           0         0.00000     1     90.0000      0.0000   1
    1       920.00000           0         0.00000     1     90.0000      0.0000   1
    1       930.00000           0         0.00000     1     90.0000      0.0000   1
    1       940.00000           0         0.00000     1     90.0000      0.0000   1
    1       950.00000           0         0.00000     1     90.0000      0.0000   1
    1       960.00000           0         0.00000     1     90.0000      0.0000   1
    1       970.00000           0         0.00000     1     90.0000      0.0000   1
    1       980.00000           0         0.00000     1     90.0000      0.0000   1
    1       990.00000           0         0.00000     1     90.0000      0.0000   1
    1      1000.00000           0         0.00000     1     90.0000      0.0000   1
    2        10.00000       61250         0.02718     2      0.0000      0.0000   1
    2        20.00000       60000         0.04606     2      0.0000      0.0000   1
    2        30.00000       58750         0.06485     2      0.0000      0.0000   1
    2        40.00000       57500         0.08403     2      0.0000      0.0000   1
    2        50.00000       56250         0.10322     2      0.0000      0.0000   1
    2        60.00000       55000         0.12347     2      0.0000      0.0000   1
    2        70.00000       53750         0.14397     2      0.0000      0.0000   1
    2        80.00000       52500         0.16493     2      0.0000      0.0000   1
    2        90.00000       51250         0.18650     2      0.0000      0.0000   1
    2       100.00000       50000         0.20674     2      0.0000      0.0000   1
    2       110.00000       48750         0.22242     2      0.0000      0.0000   1
    2       120.00000       47500         0.24063     2      0.0000      0.0000   1
    2       130.00000       46250         0.25899     2      0.0000      0.0000   1
    2       140.00000       45000         0.27860     2      0.0000      0.0000   1
    2       150.00000       43750         0.29925     2      0.0000      0.0000   1
    2       160.00000       42500         0.32115     2      0.0000      0.0000   1
    2       170.00000       41250         0.34495     2      0.0000      0.0000   1
    2       180.00000       40000         0.37015     2      0.0000      0.0000   1
    2       190.00000       38750         0.39712     2      0.0000      0.0000   1
    2       200.00000       37500         0.42757     2      0.0000      0.0000   1
    2       210.00000       36250         0.42921     2      0.0000      0.0000   1
    2       220.00000       35000         0.43733     2      0.0000      0.0000   1
    2       230.00000       33750         0.44508     2      0.0000      0.0000   1
    2       240.00000       32500         0.45342     2      0.0000      0.0000   1
    2       250.00000       31250         0.46272     2      0.0000      0.0000   1
    2       260.00000       30000         0.47340     2      0.0000      0.0000   1
    2       270.00000       28750         0.48563     2      0.0000      0.0000   1
    2       280.00000       27500         0.49920     2      0.0000      0.0000   1
    2       290.00000       26250         0.51363     2      0.0000      0.0000   1
    2       300.00000       25000         0.53244     2      0.0000      0.0000   1
    2       310.00000       23750         0.51765     2      0.0000      0.0000   1
    2       320.00000       22500         0.50738     2      0.0000      0.0000   1
    2       330.00000       21250         0.49543     2      0.0000      0.0000   1
    2       340.00000       20000         0.48162     2      0.0000      0.0000   1
    2       350.00000       18750         0.46572     2      0.0000      0.0000   1
    2       360.00000       17500         0.44808     2      0.0000      0.0000   1
    2       370.00000       16250         0.42738     2      0.0000      0.0000   1
    2       380.00000       15000         0.40411     2      0.0000      0.0000   1
    2       390.00000       13750         0.37617     2      0.0000      0.0000   1
    2       400.00000       12500         0.33914     2      0.0000      0.0000   1
    2       410.00000       11250         0.34147     2      0.0000      0.0000   1
    2       420.00000       10000         0.34032     2      0.0000      0.0000   1
    2       430.00000        8750         0.34083     2      0.0000      0.0000   1
    2       440.00000        7500         0.34171     2      0.0000      0.0000   1
    2       450.00000        6250         0.34259     2      0.0000      0.0000   1
    2       460.00000        5000         0.34156     2      0.0000      0.0000   1
    2       470.00000        3750         0.34059     2      0.0000      0.0000   1
    2       480.00000        2500         0.34109     2      0.0000      0.0000   1
    2       490.00000        1250         0.34114     2      0.0000      0.0000   1
    2       500.00000           0         0.00000     2      0.0000      0.0000   1
    2       510.00000           0         0.00000     2      0.0000      0.0000   1
    2       520.00000           0         0.00000     2      0.0000      0.0000   1
    2       530.00000           0         0.00000     2      0.0000      0.0000   1
    2       540.00000           0         0.00000     2      0.0000      0.0000   1
    2       550.00000           0         0.00000     2      0.0000      0.0000   1
    2       560.00000           0         0.00000     2      0.0000      0.0000   1
    2       570.00000           0         0.00000     2      0.0000      0.0000   1
    2       580.00000           0         0.00000     2      0.0000      0.0000   1
    2       590.00000           0         0.00000     2      0.0000      0.0000   1
    2       600.00000           0         0.00000     2      0.0000      0.0000   1
    2       610.00000           0         0.00000     2      0.0000      0.0000   1
    2       620.00000           0         0.00000     2      0.0000      0.0000   1
    2       630.00000           0         0.00000     2      0.0000      0.0000   1
    2       640.00000           0         0.00000     2      0.0000      0.0000   1
    2       650.00000           0         0.00000     2      0.0000      0.0000   1
    2       660.00000           0         0.00000     2      0.0000      0.0000   1
    2       670.00000           0         0.00000     2      0.0000      0.0000   1
    2       680.00000           0         0.00000     2      0.0000      0.0000   1
    2       690.00000           0         0.00000     2      0.0000      0.0000   1
    2       700.00000           0         0.00000     2      0.0000      0.0000   1
    2       710.00000           0         0.00000     2      0.0000      0.0000   1
    2       720.00000           0         0.00000     2      0.0000      0.0000   1
    2       730.00000           0         0.00000     2      0.0000      0.0000   1
    2       740.00000           0         0.00000     2      0.0000      0.0000   1
    2       750.00000           0         0.00000     2      0.0000      0.0000   1
    2       760.00000           0         0.00000     2      0.0000      0.0000   1
    2       770.00000           0         0.00000     2      0.0000      0.0000   1
    2       780.00000           0         0.00000     2      0.0000      0.0000   1
    2       790.00000           0         0.00000     2      0.0000      0.0000   1
    2       800.00000           0         0.00000     2      0.0000      0.0000   1
    2       810.00000           0         0.00000     2      0.0000      0.0000   1
    2       820.00000           0         0.00000     2      0.0000      0.0000   1
    2       830.00000           0         0.00000     2      0.0000      0.0000   1
    2       840.00000           0         0.00000     2      0.0000      0.0000   1
    2       850.00000           0         0.00000     2      0.0000      0.0000   1
    2       860.00000           0         0.00000     2      0.0000      0.0000   1
    2       870.00000           0         0.00000     2      0.0000      0.0000   1
    2       880.00000           0         0.00000     2      0.0000      0.0000   1
    2       890.00000           0         0.00000     2      0.0000      0.0000   1
    2       900.00000           0         0.00000     2      0.0000      0.0000   1
    2       910.00000           0         0.00000     2      0.0000      0.0000   1
    2       920.00000           0         0.00000     2      0.0000      0.0000   1
    2       930.00000           0         0.00000     2      0.0000      0.0000   1
    2       940.00000           0         0.00000     2      0.0000      0.0000   1
    2       950.00000           0         0.00000     2      0.0000      0.0000   1
    2       960.00000           0         0.00000     2      0.0000      0.0000   1
    2       970.00000           0         0.00000     2      0.0000      0.0000   1
    2       980.00000           0         0.00000     2      0.0000      0.0000   1
    2       990.00000           0         0.00000     2      0.0000      0.0000   1
    2      1000.00000           0         0.00000     2      0.0000      0.0000   1
    3        10.00000       60000         0.01233     3     90.0000     90.0000   1
    3        20.00000       57500         0.03480     3     90.0000     90.0000   1
    3        30.00000       55000         0.06960     3     90.0000     90.0000   1
    3        40.00000       52500         0.11489     3     90.0000     90.0000   1
    3        50.00000       50000         0.16757     3     90.0000     90.0000   1
    3        60.00000       47500         0.22287     3     90.0000     90.0000   1
    3        70.00000       45000         0.27764     3     90.0000     90.0000   1
    3        80.00000       42500         0.32740     3     90.0000     90.0000   1
    3        90.00000       40000         0.36753     3     90.0000     90.0000   1
    3       100.00000       37500         0.39450     3     90.0000     90.0000   1
    3       110.00000       35000         0.40714     3     90.0000     90.0000   1
    3       120.00000       32500         0.40831     3     90.0000     90.0000   1
    3       130.00000       30000         0.39674     3     90.0000     90.0000   1
    3       140.00000       27500         0.37929     3     90.0000     90.0000   1
    3       150.00000       25000         0.35727     3     90.0000     90.0000   1
    3       160.00000       22500         0.34185     3     90.0000     90.0000   1
    3       170.00000       20000         0.33101     3     90.0000     90.0000   1
    3       180.00000       17500         0.33069     3     90.0000     90.0000   1
    3       190.00000       15000         0.33813     3     90.0000     90.0000   1
    3       200.00000       12500         0.35289     3     90.0000     90.0000   1
    3       210.00000       10000         0.37504     3     90.0000     90.0000   1
    3       220.00000        7500         0.39256     3     90.0000     90.0000   1
    3       230.00000        5000         0.37977     3     90.0000     90.0000   1
    3       240.00000        2500         0.37067     3     90.0000     90.0000   1
    3       250.00000           0         0.00000     3     90.0000     90.0000   1
    3       260.00000           0         0.00000     3     90.0000     90.0000   1
    3       270.00000           0         0.00000     3     90.0000     90.0000   1
    3       280.00000           0         0.00000     3     90.0000     90.0000   1
    3       290.00000           0         0.00000     3     90.0000     90.0000   1
    3       300.00000           0         0.00000     3     90.0000     90.0000   1
    3       310.00000           0         0.00000     3     90.0000     90.0000   1
    3       320.00000           0         0.00000     3     90.0000     90.0000   1
    3       330.00000           0         0.00000     3     90.0000     90.0000   1
    3       340.00000           0         0.00000     3     90.0000     90.0000   1
    3       350.00000           0         0.00000     3     90.0000     90.0000   1
    3       360.00000           0         0.00000     3     90.0000     90.0000   1
    3       370.00000           0         0.00000     3     90.0000     90.0000   1
    3       380.00000           0         0.00000     3     90.0000     90.0000   1
    3       390.00000           0         0.00000     3     90.0000     90.0000   1
    3       400.00000           0         0.00000     3     90.0000     90.0000   1
    3       410.00000           0         0.00000     3     90.0000     90.0000   1
    3       420.00000           0         0.00000     3     90.0000     90.0000   1
    3       430.00000           0         0.00000     3     90.0000     90.0000   1
    3       440.00000           0         0.00000     3     90.0000     90.0000   1
    3       450.00000           0         0.00000     3     90.0000     90.0000   1
    3       460.00000           0         0.00000     3     90.0000     90.0000   1
    3       470.00000           0         0.00000     3     90.0000     90.0000   1
    3       480.00000           0         0.00000     3     90.0000     90.0000   1
    3       490.00000           0         0.00000     3     90.0000     90.0000   1
    3       500.00000           0         0.00000     3     90.0000     90.0000   1
    3       510.00000           0         0.00000     3     90.0000     90.0000   1
    3       520.00000           0         0.00000     3     90.0000     90.0000   1
    3       530.00000           0         0.00000     3     90.0000     90.0000   1
    3       540.00000           0         0.00000     3     90.0000     90.0000   1
    3       550.00000           0         0.00000     3     90.0000     90.0000   1
    3       560.00000           0         0.00000     3     90.0000     90.0000   1
    3       570.00000           0         0.00000     3     90.0000     90.0000   1
    3       580.00000           0         0.00000     3     90.0000     90.0000   1
    3       590.00000           0         0.00000     3     90.0000     90.0000   1
    3       600.00000           0         0.00000     3     90.0000     90.0000   1
    3       610.00000           0         0.00000     3     90.0000     90.0000   1
    3       620.00000           0         0.00000     3     90.0000     90.0000   1
    3       630.00000           0         0.00000     3     90.0000     90.0000   1
    3       640.00000           0         0.00000     3     90.0000     90.0000   1
    3       650.00000           0         0.00000     3     90.0000     90.0000   1
    3       660.00000           0         0.00000     3     90.0000     90.0000   1
    3       670.00000           0         0.00000     3     90.0000     90.0000   1
    3       680.00000           0         0.00000     3     90.0000     90.0000   1
    3       690.00000           0         0.00000     3     90.0000     90.0000   1
    3       700.00000           0         0.00000     3     90.0000     90.0000   1
    3       710.00000           0         0.00000     3     90.0000     90.0000   1
    3       720.00000           0         0.00000     3     90.0000     90.0000   1
    3       730.00000           0         0.00000     3     90.0000     90.0000   1
    3       740.00000           0         0.00000     3     90.0000     90.0000   1
    3       750.00000           0         0.00000     3     90.0000     90.0000   1
    3       760.00000           0         0.00000     3     90.0000     90.0000   1
    3       770.00000           0         0.00000     3     90.0000     90.0000   1
    3       780.00000           0         0.00000     3     90.0000     90.0000   1
    3       790.00000           0         0.00000     3     90.0000     90.0000   1
    3       800.00000           0         0.00000     3     90.0000     90.0000   1
    3       810.00000           0         0.00000     3     90.0000     90.0000   1
    3       820.00000           0         0.00000     3     90.0000     90.0000   1
    3       830.00000           0         0.00000     3     90.0000     90.0000   1
    3       840.00000           0         0.00000     3     90.0000     90.0000   1
    3       850.00000           0         0.00000     3     90.0000     90.0000   1
    3       860.00000           0         0.00000     3     90.0000     90.0000   1
    3       870.00000           0         0.00000     3     90.0000     90.0000   1
    3       880.00000           0         0.00000     3     90.0000     90.0000   1
    3       890.00000           0         0.00000     3     90.0000     90.0000   1
    3       900.00000           0         0.00000     3     90.0000     90.0000   1
    3       910.00000           0         0.00000     3     90.0000     90.0000   1
    3       920.00000           0         0.00000     3     90.0000     90.0000   1
    3       930.00000           0         0.00000     3     90.0000     90.0000   1
    3       940.00000           0         0.00000     3     90.0000     90.0000   1
    3       950.00000           0         0.00000     3     90.0000     90.0000   1
    3       960.00000           0         0.00000     3     90.0000     90.0000   1
    3       970.00000           0         0.00000     3     90.0000     90.0000   1
    3       980.00000           0         0.00000     3     90.0000     90.0000   1
    3       990.00000           0         0.00000     3     90.0000     90.0000   1
    3      1000.00000           0         0.00000     3     90.0000     90.0000   1
