Gridded Variograms
8
Variogram Index
Lag Distance
Number of Pairs
Variogram Value
Variogram Number
Calculation Azimuth
Calculation Dip
Variogram Type
    1        10.00000       61250         0.00003     1     90.0000      0.0000   1
    1        20.00000       60000         0.00014     1     90.0000      0.0000   1
    1        30.00000       58750         0.00031     1     90.0000      0.0000   1
    1        40.00000       57500         0.00055     1     90.0000      0.0000   1
    1        50.00000       56250         0.00086     1     90.0000      0.0000   1
    1        60.00000       55000         0.00124     1     90.0000      0.0000   1
    1        70.00000       53750         0.00169     1     90.0000      0.0000   1
    1        80.00000       52500         0.00221     1     90.0000      0.0000   1
    1        90.00000       51250         0.00280     1     90.0000      0.0000   1
    1       100.00000       50000         0.00346     1     90.0000      0.0000   1
    1       110.00000       48750         0.00418     1     90.0000      0.0000   1
    1       120.00000       47500         0.00498     1     90.0000      0.0000   1
    1       130.00000       46250         0.00584     1     90.0000      0.0000   1
    1       140.00000       45000         0.00677     1     90.0000      0.0000   1
    1       150.00000       43750         0.00777     1     90.0000      0.0000   1
    1       160.00000       42500         0.00885     1     90.0000      0.0000   1
    1       170.00000       41250         0.00999     1     90.0000      0.0000   1
    1       180.00000       40000         0.01120     1     90.0000      0.0000   1
    1       190.00000       38750         0.01247     1     90.0000      0.0000   1
    1       200.00000       37500         0.01382     1     90.0000      0.0000   1
    1       210.00000       36250         0.01524     1     90.0000      0.0000   1
    1       220.00000       35000         0.01672     1     90.0000      0.0000   1
    1       230.00000       33750         0.01828     1     90.0000      0.0000   1
    1       240.00000       32500         0.01990     1     90.0000      0.0000   1
    1       250.00000       31250         0.02160     1     90.0000      0.0000   1
    1       260.00000       30000         0.02336     1     90.0000      0.0000   1
    1       270.00000       28750         0.02519     1     90.0000      0.0000   1
    1       280.00000       27500         0.02709     1     90.0000      0.0000   1
    1       290.00000       26250         0.02906     1     90.0000      0.0000   1
    1       300.00000       25000         0.03110     1     90.0000      0.0000   1
    1       310.00000       23750         0.03321     1     90.0000      0.0000   1
    1       320.00000       22500         0.03538     1     90.0000      0.0000   1
    1       330.00000       21250         0.03763     1     90.0000      0.0000   1
    1       340.00000       20000         0.03995     1     90.0000      0.0000   1
    1       350.00000       18750         0.04233     1     90.0000      0.0000   1
    1       360.00000       17500         0.04478     1     90.0000      0.0000   1
    1       370.00000       16250         0.04731     1     90.0000      0.0000   1
    1       380.00000       15000         0.04990     1     90.0000      0.0000   1
    1       390.00000       13750         0.05256     1     90.0000      0.0000   1
    1       400.00000       12500         0.05529     1     90.0000      0.0000   1
    1       410.00000       11250         0.05809     1     90.0000      0.0000   1
    1       420.00000       10000         0.06096     1     90.0000      0.0000   1
    1       430.00000        8750         0.06389     1     90.0000      0.0000   1
    1       440.00000        7500         0.06690     1     90.0000      0.0000   1
    1       450.00000        6250         0.06997     1     90.0000      0.0000   1
    1       460.00000        5000         0.07312     1     90.0000      0.0000   1
    1       470.00000        3750         0.07633     1     90.0000      0.0000   1
    1       480.00000        2500         0.07961     1     90.0000      0.0000   1
    1       490.00000        1250         0.08297     1     90.0000      0.0000   1
    1       500.00000           0         0.00000     1     90.0000      0.0000   1
    1       510.00000           0         0.00000     1     90.0000      0.0000   1
    1       520.00000           0         0.00000     1     90.0000      0.0000   1
    1       530.00000           0         0.00000     1     90.0000      0.0000   1
    1       540.00000           0         0.00000     1     90.0000      0.0000   1
    1       550.00000           0         0.00000     1     90.0000      0.0000   1
    1       560.00000           0         0.00000     1     90.0000      0.0000   1
    1       570.00000           0         0.00000     1     90.0000      0.0000   1
    1       580.00000           0         0.00000     1     90.0000      0.0000   1
    1       590.00000           0         0.00000     1     90.0000      0.0000   1
    1       600.00000           0         0.00000     1     90.0000      0.0000   1
    1       610.00000           0         0.00000     1     90.0000      0.0000   1
    1       620.00000           0         0.00000     1     90.0000      0.0000   1
    1       630.00000           0         0.00000     1     90.0000      0.0000   1
    1       640.00000           0         0.00000     1     90.0000      0.0000   1
    1       650.00000           0         0.00000     1     90.0000      0.0000   1
    1       660.00000           0         0.00000     1     90.0000      0.0000   1
    1       670.00000           0         0.00000     1     90.0000      0.0000   1
    1       680.00000           0         0.00000     1     90.0000      0.0000   1
    1       690.00000           0         0.00000     1     90.0000      0.0000   1
    1       700.00000           0         0.00000     1     90.0000      0.0000   1
    1       710.00000           0         0.00000     1     90.0000      0.0000   1
    1       720.00000           0         0.00000     1     90.0000      0.0000   1
    1       730.00000           0         0.00000     1     90.0000      0.0000   1
    1       740.00000           0         0.00000     1     90.0000      0.0000   1
    1       750.00000           0         0.00000     1     90.0000      0.0000   1
    1       760.00000           0         0.00000     1     90.0000      0.0000   1
    1       770.00000           0         0.00000     1     90.0000      0.0000   1
    1       780.00000           0         0.00000     1     90.0000      0.0000   1
    1       790.00000           0         0.00000     1     90.0000      0.0000   1
    1       800.00000           0         0.00000     1     90.0000      0.0000   1
    1       810.00000           0         0.00000     1     90.0000      0.0000   1
    1       820.00000           0         0.00000     1     90.0000      0.0000   1
    1       830.00000           0         0.00000     1     90.0000      0.0000   1
    1       840.00000           0         0.00000     1     90.0000      0.0000   1
    1       850.00000           0         0.00000     1     90.0000      0.0000   1
    1       860.00000           0         0.00000     1     90.0000      0.0000   1
    1       870.00000           0         0.00000     1     90.0000      0.0000   1
    1       880.00000           0         0.00000     1     90.0000      0.0000   1
    1       890.00000           0         0.00000     1     90.0000      0.0000   1
    1       900.00000           0         0.00000     1     90.0000      0.0000   1
    1       910.00000           0         0.00000     1     90.0000      0.0000   1
    1       920.00000           0         0.00000     1     90.0000      0.0000   1
    1       930.00000           0         0.00000     1     90.0000      0.0000   1
    1       940.00000           0         0.00000     1     90.0000      0.0000   1
    1       950.00000           0         0.00000     1     90.0000      0.0000   1
    1       960.00000           0         0.00000     1     90.0000      0.0000   1
    1       970.00000           0         0.00000     1     90.0000      0.0000   1
    1       980.00000           0         0.00000     1     90.0000      0.0000   1
    1       990.00000           0         0.00000     1     90.0000      0.0000   1
    1      1000.00000           0         0.00000     1     90.0000      0.0000   1
    2        10.00000       61250         0.00006     2      0.0000      0.0000   1
    2        20.00000       60000         0.00022     2      0.0000      0.0000   1
    2        30.00000       58750         0.00050     2      0.0000      0.0000   1
    2        40.00000       57500         0.00089     2      0.0000      0.0000   1
    2        50.00000       56250         0.00140     2      0.0000      0.0000   1
    2        60.00000       55000         0.00201     2      0.0000      0.0000   1
    2        70.00000       53750         0.00274     2      0.0000      0.0000   1
    2        80.00000       52500         0.00357     2      0.0000      0.0000   1
    2        90.00000       51250         0.00452     2      0.0000      0.0000   1
    2       100.00000       50000         0.00558     2      0.0000      0.0000   1
    2       110.00000       48750         0.00676     2      0.0000      0.0000   1
    2       120.00000       47500         0.00804     2      0.0000      0.0000   1
    2       130.00000       46250         0.00944     2      0.0000      0.0000   1
    2       140.00000       45000         0.01094     2      0.0000      0.0000   1
    2       150.00000       43750         0.01256     2      0.0000      0.0000   1
    2       160.00000       42500         0.01429     2      0.0000      0.0000   1
    2       170.00000       41250         0.01614     2      0.0000      0.0000   1
    2       180.00000       40000         0.01809     2      0.0000      0.0000   1
    2       190.00000       38750         0.02016     2      0.0000      0.0000   1
    2       200.00000       37500         0.02233     2      0.0000      0.0000   1
    2       210.00000       36250         0.02462     2      0.0000      0.0000   1
    2       220.00000       35000         0.02702     2      0.0000      0.0000   1
    2       230.00000       33750         0.02954     2      0.0000      0.0000   1
    2       240.00000       32500         0.03216     2      0.0000      0.0000   1
    2       250.00000       31250         0.03490     2      0.0000      0.0000   1
    2       260.00000       30000         0.03774     2      0.0000      0.0000   1
    2       270.00000       28750         0.04070     2      0.0000      0.0000   1
    2       280.00000       27500         0.04377     2      0.0000      0.0000   1
    2       290.00000       26250         0.04696     2      0.0000      0.0000   1
    2       300.00000       25000         0.05025     2      0.0000      0.0000   1
    2       310.00000       23750         0.05366     2      0.0000      0.0000   1
    2       320.00000       22500         0.05718     2      0.0000      0.0000   1
    2       330.00000       21250         0.06080     2      0.0000      0.0000   1
    2       340.00000       20000         0.06455     2      0.0000      0.0000   1
    2       350.00000       18750         0.06840     2      0.0000      0.0000   1
    2       360.00000       17500         0.07236     2      0.0000      0.0000   1
    2       370.00000       16250         0.07644     2      0.0000      0.0000   1
    2       380.00000       15000         0.08063     2      0.0000      0.0000   1
    2       390.00000       13750         0.08493     2      0.0000      0.0000   1
    2       400.00000       12500         0.08934     2      0.0000      0.0000   1
    2       410.00000       11250         0.09386     2      0.0000      0.0000   1
    2       420.00000       10000         0.09849     2      0.0000      0.0000   1
    2       430.00000        8750         0.10324     2      0.0000      0.0000   1
    2       440.00000        7500         0.10810     2      0.0000      0.0000   1
    2       450.00000        6250         0.11307     2      0.0000      0.0000   1
    2       460.00000        5000         0.11815     2      0.0000      0.0000   1
    2       470.00000        3750         0.12334     2      0.0000      0.0000   1
    2       480.00000        2500         0.12864     2      0.0000      0.0000   1
    2       490.00000        1250         0.13406     2      0.0000      0.0000   1
    2       500.00000           0         0.00000     2      0.0000      0.0000   1
    2       510.00000           0         0.00000     2      0.0000      0.0000   1
    2       520.00000           0         0.00000     2      0.0000      0.0000   1
    2       530.00000           0         0.00000     2      0.0000      0.0000   1
    2       540.00000           0         0.00000     2      0.0000      0.0000   1
    2       550.00000           0         0.00000     2      0.0000      0.0000   1
    2       560.00000           0         0.00000     2      0.0000      0.0000   1
    2       570.00000           0         0.00000     2      0.0000      0.0000   1
    2       580.00000           0         0.00000     2      0.0000      0.0000   1
    2       590.00000           0         0.00000     2      0.0000      0.0000   1
    2       600.00000           0         0.00000     2      0.0000      0.0000   1
    2       610.00000           0         0.00000     2      0.0000      0.0000   1
    2       620.00000           0         0.00000     2      0.0000      0.0000   1
    2       630.00000           0         0.00000     2      0.0000      0.0000   1
    2       640.00000           0         0.00000     2      0.0000      0.0000   1
    2       650.00000           0         0.00000     2      0.0000      0.0000   1
    2       660.00000           0         0.00000     2      0.0000      0.0000   1
    2       670.00000           0         0.00000     2      0.0000      0.0000   1
    2       680.00000           0         0.00000     2      0.0000      0.0000   1
    2       690.00000           0         0.00000     2      0.0000      0.0000   1
    2       700.00000           0         0.00000     2      0.0000      0.0000   1
    2       710.00000           0         0.00000     2      0.0000      0.0000   1
    2       720.00000           0         0.00000     2      0.0000      0.0000   1
    2       730.00000           0         0.00000     2      0.0000      0.0000   1
    2       740.00000           0         0.00000     2      0.0000      0.0000   1
    2       750.00000           0         0.00000     2      0.0000      0.0000   1
    2       760.00000           0         0.00000     2      0.0000      0.0000   1
    2       770.00000           0         0.00000     2      0.0000      0.0000   1
    2       780.00000           0         0.00000     2      0.0000      0.0000   1
    2       790.00000           0         0.00000     2      0.0000      0.0000   1
    2       800.00000           0         0.00000     2      0.0000      0.0000   1
    2       810.00000           0         0.00000     2      0.0000      0.0000   1
    2       820.00000           0         0.00000     2      0.0000      0.0000   1
    2       830.00000           0         0.00000     2      0.0000      0.0000   1
    2       840.00000           0         0.00000     2      0.0000      0.0000   1
    2       850.00000           0         0.00000     2      0.0000      0.0000   1
    2       860.00000           0         0.00000     2      0.0000      0.0000   1
    2       870.00000           0         0.00000     2      0.0000      0.0000   1
    2       880.00000           0         0.00000     2      0.0000      0.0000   1
    2       890.00000           0         0.00000     2      0.0000      0.0000   1
    2       900.00000           0         0.00000     2      0.0000      0.0000   1
    2       910.00000           0         0.00000     2      0.0000      0.0000   1
    2       920.00000           0         0.00000     2      0.0000      0.0000   1
    2       930.00000           0         0.00000     2      0.0000      0.0000   1
    2       940.00000           0         0.00000     2      0.0000      0.0000   1
    2       950.00000           0         0.00000     2      0.0000      0.0000   1
    2       960.00000           0         0.00000     2      0.0000      0.0000   1
    2       970.00000           0         0.00000     2      0.0000      0.0000   1
    2       980.00000           0         0.00000     2      0.0000      0.0000   1
    2       990.00000           0         0.00000     2      0.0000      0.0000   1
    2      1000.00000           0         0.00000     2      0.0000      0.0000   1
    3        10.00000       60000         0.00001     3     90.0000     90.0000   1
    3        20.00000       57500         0.00006     3     90.0000     90.0000   1
    3        30.00000       55000         0.00013     3     90.0000     90.0000   1
    3        40.00000       52500         0.00023     3     90.0000     90.0000   1
    3        50.00000       50000         0.00036     3     90.0000     90.0000   1
    3        60.00000       47500         0.00052     3     90.0000     90.0000   1
    3        70.00000       45000         0.00071     3     90.0000     90.0000   1
    3        80.00000       42500         0.00093     3     90.0000     90.0000   1
    3        90.00000       40000         0.00118     3     90.0000     90.0000   1
    3       100.00000       37500         0.00145     3     90.0000     90.0000   1
    3       110.00000       35000         0.00176     3     90.0000     90.0000   1
    3       120.00000       32500         0.00209     3     90.0000     90.0000   1
    3       130.00000       30000         0.00245     3     90.0000     90.0000   1
    3       140.00000       27500         0.00285     3     90.0000     90.0000   1
    3       150.00000       25000         0.00327     3     90.0000     90.0000   1
    3       160.00000       22500         0.00372     3     90.0000     90.0000   1
    3       170.00000       20000         0.00420     3     90.0000     90.0000   1
    3       180.00000       17500         0.00470     3     90.0000     90.0000   1
    3       190.00000       15000         0.00524     3     90.0000     90.0000   1
    3       200.00000       12500         0.00581     3     90.0000     90.0000   1
    3       210.00000       10000         0.00640     3     90.0000     90.0000   1
    3       220.00000        7500         0.00703     3     90.0000     90.0000   1
    3       230.00000        5000         0.00768     3     90.0000     90.0000   1
    3       240.00000        2500         0.00836     3     90.0000     90.0000   1
    3       250.00000           0         0.00000     3     90.0000     90.0000   1
    3       260.00000           0         0.00000     3     90.0000     90.0000   1
    3       270.00000           0         0.00000     3     90.0000     90.0000   1
    3       280.00000           0         0.00000     3     90.0000     90.0000   1
    3       290.00000           0         0.00000     3     90.0000     90.0000   1
    3       300.00000           0         0.00000     3     90.0000     90.0000   1
    3       310.00000           0         0.00000     3     90.0000     90.0000   1
    3       320.00000           0         0.00000     3     90.0000     90.0000   1
    3       330.00000           0         0.00000     3     90.0000     90.0000   1
    3       340.00000           0         0.00000     3     90.0000     90.0000   1
    3       350.00000           0         0.00000     3     90.0000     90.0000   1
    3       360.00000           0         0.00000     3     90.0000     90.0000   1
    3       370.00000           0         0.00000     3     90.0000     90.0000   1
    3       380.00000           0         0.00000     3     90.0000     90.0000   1
    3       390.00000           0         0.00000     3     90.0000     90.0000   1
    3       400.00000           0         0.00000     3     90.0000     90.0000   1
    3       410.00000           0         0.00000     3     90.0000     90.0000   1
    3       420.00000           0         0.00000     3     90.0000     90.0000   1
    3       430.00000           0         0.00000     3     90.0000     90.0000   1
    3       440.00000           0         0.00000     3     90.0000     90.0000   1
    3       450.00000           0         0.00000     3     90.0000     90.0000   1
    3       460.00000           0         0.00000     3     90.0000     90.0000   1
    3       470.00000           0         0.00000     3     90.0000     90.0000   1
    3       480.00000           0         0.00000     3     90.0000     90.0000   1
    3       490.00000           0         0.00000     3     90.0000     90.0000   1
    3       500.00000           0         0.00000     3     90.0000     90.0000   1
    3       510.00000           0         0.00000     3     90.0000     90.0000   1
    3       520.00000           0         0.00000     3     90.0000     90.0000   1
    3       530.00000           0         0.00000     3     90.0000     90.0000   1
    3       540.00000           0         0.00000     3     90.0000     90.0000   1
    3       550.00000           0         0.00000     3     90.0000     90.0000   1
    3       560.00000           0         0.00000     3     90.0000     90.0000   1
    3       570.00000           0         0.00000     3     90.0000     90.0000   1
    3       580.00000           0         0.00000     3     90.0000     90.0000   1
    3       590.00000           0         0.00000     3     90.0000     90.0000   1
    3       600.00000           0         0.00000     3     90.0000     90.0000   1
    3       610.00000           0         0.00000     3     90.0000     90.0000   1
    3       620.00000           0         0.00000     3     90.0000     90.0000   1
    3       630.00000           0         0.00000     3     90.0000     90.0000   1
    3       640.00000           0         0.00000     3     90.0000     90.0000   1
    3       650.00000           0         0.00000     3     90.0000     90.0000   1
    3       660.00000           0         0.00000     3     90.0000     90.0000   1
    3       670.00000           0         0.00000     3     90.0000     90.0000   1
    3       680.00000           0         0.00000     3     90.0000     90.0000   1
    3       690.00000           0         0.00000     3     90.0000     90.0000   1
    3       700.00000           0         0.00000     3     90.0000     90.0000   1
    3       710.00000           0         0.00000     3     90.0000     90.0000   1
    3       720.00000           0         0.00000     3     90.0000     90.0000   1
    3       730.00000           0         0.00000     3     90.0000     90.0000   1
    3       740.00000           0         0.00000     3     90.0000     90.0000   1
    3       750.00000           0         0.00000     3     90.0000     90.0000   1
    3       760.00000           0         0.00000     3     90.0000     90.0000   1
    3       770.00000           0         0.00000     3     90.0000     90.0000   1
    3       780.00000           0         0.00000     3     90.0000     90.0000   1
    3       790.00000           0         0.00000     3     90.0000     90.0000   1
    3       800.00000           0         0.00000     3     90.0000     90.0000   1
    3       810.00000           0         0.00000     3     90.0000     90.0000   1
    3       820.00000           0         0.00000     3     90.0000     90.0000   1
    3       830.00000           0         0.00000     3     90.0000     90.0000   1
    3       840.00000           0         0.00000     3     90.0000     90.0000   1
    3       850.00000           0         0.00000     3     90.0000     90.0000   1
    3       860.00000           0         0.00000     3     90.0000     90.0000   1
    3       870.00000           0         0.00000     3     90.0000     90.0000   1
    3       880.00000           0         0.00000     3     90.0000     90.0000   1
    3       890.00000           0         0.00000     3     90.0000     90.0000   1
    3       900.00000           0         0.00000     3     90.0000     90.0000   1
    3       910.00000           0         0.00000     3     90.0000     90.0000   1
    3       920.00000           0         0.00000     3     90.0000     90.0000   1
    3       930.00000           0         0.00000     3     90.0000     90.0000   1
    3       940.00000           0         0.00000     3     90.0000     90.0000   1
    3       950.00000           0         0.00000     3     90.0000     90.0000   1
    3       960.00000           0         0.00000     3     90.0000     90.0000   1
    3       970.00000           0         0.00000     3     90.0000     90.0000   1
    3       980.00000           0         0.00000     3     90.0000     90.0000   1
    3       990.00000           0         0.00000     3     90.0000     90.0000   1
    3      1000.00000           0         0.00000     3     90.0000     90.0000   1
